OPEN "o",#1,"SPRIT1PL.DAT"
COLOR 15
FOR j%=0 TO 8*6   !8*6 DOWNTO 1
  CLS
  RESTORE
  IF j%>0
    FOR i%=1 TO j%
      READ x%,y%
      x%=x%*2
      y%=y%*2
      PBOX x%,y%,x%+1,y%+1
    NEXT i%
  ENDIF
  FOR lig%=0 TO 11
    PRINT #1,MKI$(DPEEK(XBIOS(3)+lig%*160));
  NEXT lig%
NEXT j%
CLOSE
'
'
DATA 0,0,1,0,2,0,3,0,4,0,5,0,6,0,7,0
DATA 7,1,7,2,7,3,7,4,7,5
DATA 6,5,5,5,4,5,3,5,2,5,1,5,0,5
DATA 0,4,0,3,0,2,0,1
'
DATA 1,1,2,1,3,1,4,1,5,1,6,1
DATA 6,2,6,3,6,4,5,4,4,4,3,4,2,4,1,4,1,3,1,2
'
DATA 2,2,3,2,4,2,5,2,5,3,4,3,3,3,2,3
