'
' ***********************************************
' *   D  E  F  M  O  U  S  E   -  D  E  M  O    *
' ***********************************************
'
Dim Masken_zeile$(15),F_ormzeile$(15)
Restore Mausdatas.maske
For I%=0 To 15
  Read D.atm%
  Masken_zeile$(I%)=Mki$(D.atm%)
  Mausmaske$=Mausmaske$+Masken_zeile$(I%)
Next I%
Restore Mausdatas.form
For I%=0 To 15
  Read D.atf%
  F_ormzeile$(I%)=Mki$(D.atf%)
  Mausform$=Mausform$+F_ormzeile$(I%)
Next I%
M_ausdaten.1$=Mki$(1)+Mki$(65535)+Mki$(1)+Mki$(0)+Mki$(1)+Mausmaske$+Mausform$
Defmouse M_ausdaten.1$
Deffill 1,2,8
Pbox 100,100,200,200
Repeat
  Mouse X,Y,K
  If Point(X,Y)=0
    Color 1
  Else
    Color 0
  Endif
  Plot X,Y
Until K=1
Mausdatas:
Mausdatas.maske:
Data 112,248,508,1022,2047,4095,8191,8190,16380
Data 16376,32752,32736,65472,65280,64512,61440
Mausdatas.form:
Data 32,80,168,332,658,1317,2634,3220,5416
Data 4688,8608,8384,21248,19456,61440,49152
Edit
