'
' *****************************************************
' *  F E L D - D E S C R I P T O R  -  A N A L Y S E  *
' *****************************************************
'
Dim Feld$(2,3,1)
Feld$(0,0,0)="AAAAAAAA"
Feld$(1,0,0)="BBBBBBBB"
Feld$(2,0,0)="CCCCCCCC"
Print "Feldadresse  : ";Lpeek(Arrptr(Feld$()))
Print "Anz.d.Dimens.: ";Dpeek(Arrptr(Feld$())+4)
D_imdescript.%=Lpeek(Arrptr(Feld$()))
D_imanzahl%=Dpeek(Arrptr(Feld$())+4)
For I%=1 To D_imanzahl%
  D_imdeep%=D_imdescript.%+(4*D_imanzahl%)-(4*I%)
  Print "Tiefe der ";I%;". Dimension : ";Lpeek(D_imdeep%)
Next I%
D_imdeep.0%=Lpeek(D_imdescript.%+(4*D_imanzahl%)-4)
S_tringptr%=D_imdescript.%+(4*D_imanzahl%)
For I%=0 To D_imdeep.0%-1
  Print "String-Adresse ";I%;"/0/0 : ";
  Print Lpeek(S_tringptr%+(I%*6))
  Print "String-LÑnge   ";I%;"/0/0 : ";
  Print Dpeek(S_tringptr%+4+(I%*6))
  Print "Descr.Adresse in Backtrailer ";I%;"/0/0 : ";
  Print Lpeek(Lpeek(S_tringptr%+(I%*6))+Len(Feld$(I%,0,0)))
  Print "String-Adresse Åber VARPTR :";
  Print Varptr(Feld$(I%,0,0))
Next I%
U=Inp(2)
Edit
