'
' ************************************
' *     F I L E S   -   D E M O      *
' ************************************
'
@Get_size
Print Datsize%
U=Inp(2)
Edit
Procedure Get_size
  Fileselect "\*.*","",Selected$
  If Exist(Selected$)<>0
    Files Selected$ To "buffdat"
    Buffer$=Space$(45)
    Bload "buffdat",Varptr(Buffer$)
    Datsize%=Val(Mid$(Buffer$,16,7))
  Endif
Return
'
' ALTERNATIVE:
'
' Die Dateigrîûe kann auch Åber die Funktion "LOF" ermittelt werden.
'
Repeat
  Fileselect "\*.*","",Selected$
  If Exist(Selected$)<>0
    Open "I",#1,Selected$
    Print Lof(#1)
    Close
  Endif
Until Selected$=""
