'
' **********************************
' *    I N P U T $   -   D E M O   *
' **********************************
'
'
Fileselect "\*.*","",Selected$
If Exist(Selected$)<>0
  Open "I",#1,Selected$
  If Lof(#1)<32767
    A$=Input$(Lof(#1),#1)
    Close #1
    Print A$
  Endif
Endif
U=Inp(2)
Edit
'
'
' ALTERNATIV:
'
' Dieses kleine Programm liest jedes Zeichen der gew„hlten Datei einzeln
' und gibt dieses in der "VID:"-Datei (Bildschirm) aus. Dabei werden
' Steuerzeichen nicht ausgefhrt, sondern auf dem Bildschirm ausgegeben.
'
'
Fileselect "\*.*","",Selected$
If Exist(Selected$)<>0
  Open "",#2,"VID:"
  Open "I",#1,Selected$
  While Eof(#1)=0
    Print #2,Input$(1,#1);
  Wend
  Close
Endif
U=Inp(2)
Edit
