'
' *****************************************************
' *     W R I T E # / I N P U T #    -    D E M O     *
' *****************************************************
'
Open "O",#1,"Friends"
Restore N_amen
For I%=1 To 4
  Read N.ame$,B.eruf$,T.elefon$
  Print "schreiben: ";N.ame$,B.eruf$,T.elefon$
  Write #1,N.ame$,B.eruf$,T.elefon$
Next I%
Close #1
Clear
Cls
N_amen:
Data "ELizabeth","K”nigin     ","London/112233"
Data "Kashogghi","Milliard„r  ","Riad/1.000.000.000"
Data "Boris    ","The Winner  ","Leimen/666666"
Data "Yeti     ","Schneemensch","Himalaya/XY-ungel”st"
Open "U",#1,"Friends"
Print "lesen: "
Print "Meine besten Freunde:"
Print
For I%=1 To 4
  Input #1,N.ame$,B.eruf$,T.elefon$
  Write N.ame$,B.eruf$,T.elefon$
Next I%
Close #1
U=Inp(2)
Edit
'
