R$=Chr$(27)+"p"
O$=Chr$(27)+"q"
Print At(28,1);R$;"Steprateneinstellung";O$
Print At(28,2);R$;"    by Claus Brod   ";O$
Print At(28,3);"Aus SCHEIBENKLEISTER, dem"
Print At(28,4);"etwas anderen Floppybuch"
Print
Fehler%=Gemdos(32,L:0)
' Ab in den Supervisormodus (nicht mehr abbrechen, bitte!)
Dpoke &H440,0        ! 0=6ms, 1=12ms, 2=2ms, 3=3ms
' In Systemvariable schreiben
P%=Lpeek(&H46A)
Call P%
' hdv_init aufrufen
'
Fehler%=Gemdos(32,L:Fehler%)
' zurÅck in den Usermodus
'
Void Bios(7,0)
' Nachlaufen beenden
