.11100 
' ROMREAD.GFA 
' Auslesen von TOS aus dem ROM 
' (c) Martin Fricke 12/1991 
' 
lang%=262144         ! TOS-Länge in Bytes 
   !(hier TOS 2.05 für 1.00 bis 1.04 = 196608) 
ALERT 1,"Bitte Zieldiskette ohne Schreibschutz in A: 
einlegen!",1,"OK | Abbruch",bac| 
If bac|=2 
   EDIT 
ENDIF 
IF DFREE(1)<lang%    ! ist genug Platz auf der Disk? 
   ALERT 1,"Nicht genug Speicher auf Disk!",1,"ENDE",bac| 
ENDIF 
RESERVE lang%        ! Puffer vorbereiten 
puf%=MALLOC(lang%) 
adrx%=LPEEK(&H4F2)   ! Zeiger auf Adresse des TOS im ROM 
FOR i=0 TO lang% 
   a&=PEEK(adrx%+i%) ! ROM byteweise auslesen 
   POKE puf%+i%,a&   ! und in Puffer schreiben 
NEXT i% 
BSAVE "a:\tos.img",puf%,lang% 
! das Ganze auf Disk schreiben 
~MFREE(puf%)         ! Puffer freigeben 
RESERVE 
PRINT "fertig!" 
PAUSE 50 
EDIT 

