'
'       DADU's Geographic Adress Book
'
'       1Šre version: 5/5/91
'
'       La carte de France utilis‚e a ‚t‚e ripp‚e au dictaticiel "ATLAS"
'       Edit‚ chez une boite Fran‡aise (laquelle?).
'
'       cette version est compilable
$C+
'
version_date$="11/11/91"
path$="F"
DIM dep_d&(99)
'
PRINT CHR$(27);"v"
'
rez&=XBIOS(4)
IF rez&<>0 AND rez&<>2
  ALERT 3," - REGEAD - |You must set |LOW or HIGH |resolution !.",1," QUIT ",dummy&
  EDIT
ENDIF
'
RESERVE 100000
'
CLS
IF rez&=0
  coef&=1
ELSE
  coef&=2
ENDIF
INLINE depack_rout_pc1%,208
'
' Encod‚:          " REALISE PAR DUCASSOU DAVID "
little_protection$="XSFBMJTFXQBSXEVDBTTPVXEBWJEX"
IF rez&=0
  INLINE pc1_2%,10287
  ~C:depack_rout_pc1%(L:pc1_2%)
  PRINT AT(1,22);"REGEAD est en ShareWare. Toute vente r‚alis‚e sans l'accord de l'auteur est INTERDITE."+CHR$(0)
  t
ELSE
  PRINT "REGEAD est en ShareWare. Toute vente r‚alis‚e sans l'accord de l'auteur est INTERDITE."+CHR$(0)
  t
ENDIF
'
GOSUB coords_dep
'
premiere_fois!=TRUE
opt_disk!=FALSE
line_color&=0
'
adr_menu:
CLS
aff_titre
PRINT
PRINT "  R‚pertoire g‚ographique d'adresses"
PRINT
PRINT "  Par DAvid DUcassou (DADU-SoftWare)"
PRINT
PRINT "       ce soft est en ShareWare"
PRINT
PRINT
PRINT
PRINT "1 >  Afficher un d‚partement"
PRINT "2 >  Ligne entre 2 d‚partements"
PRINT "3 >  Lignes entre 1 d‚p. et d'autres"
IF rez&<>2
  PRINT "4 >  Couleur des lignes ( ";line_color&;" )"
ELSE
  PRINT
ENDIF
PRINT "5 >  Options disque : ";
IF opt_disk!=FALSE
  PRINT "inactives"
ELSE
  PRINT "ACTIVES"
ENDIF
PRINT "8 >  Informations: utilit‚ de ce prg"
PRINT
PRINT "9 >  Description in ENGLISH language"
PRINT
PRINT
PRINT
PRINT
PRINT "CTRL Q  ou  ALT Q    >   pour quitter"
'
attends_t:
t
' PRINT t%
' GOTO attends_t
'
IF t%=17 OR t%=158
  CLS
  check_ram
  IF rez&=0
    DEFTEXT 15,0,0,36
    TEXT 80,100,"A BIENTOT !"
  ENDIF
  RESERVE -1
  EDIT
ENDIF
IF t$="1" OR t$=" "
  GOSUB 1_dep
  GOTO adr_menu
ENDIF
IF t$="2"
  GOSUB ligne
  GOTO adr_menu
ENDIF
IF t$="3"
  GOSUB lignes
  GOTO adr_menu
ENDIF
IF rez&<>2
  IF t$="4"
    CLS
    PRINT "Couleur actuelle = ";line_color&
    PRINT
    PRINT "Couleurs (vives) recommand‚es:"
    PRINT "1, 5, 7, 8, 9, 10, 14."
    PRINT
    PRINT
    PRINT
    INPUT "Nouvelle (de 0 … 15)  =>",line_color&
    GOTO adr_menu
  ENDIF
ENDIF
IF t$="5"
  IF opt_disk!=FALSE
    opt_disk!=TRUE
  ELSE
    opt_disk!=FALSE
  ENDIF
  GOTO adr_menu
ENDIF
IF t$="8"
  PRINT "R‚alis‚ en GfA BASIC v3.5f"
  CLS
  aff_titre
  PRINT
  PRINT "REGEAD vous permet de voir o— se situe un d‚partement en entrant son num‚ro (classique)."+CHR$(0)
  PRINT "Mais surtout, il trace des lignes entre les d‚partements."
  PRINT "Cela permet d'imaginer le trajet que font vos lettres (moi ‡a m'‚patte toujours de voir ‡a)."+CHR$(0)
  PRINT "Ca vous permet aussi, si vous ˆtes un 'swapper' de voir o— vous spreadez."
  PRINT
  PRINT "Pour profiter de toutes les fonctions de REGEAD (opt disques) vous devez ˆtre en basse r‚solution."+CHR$(0)
  PRINT AT(1,23);"Pressez une touche..."
  t
  '
  CLS
  aff_titre
  PRINT
  PRINT "Ce soft est shareware, si vous le trouvez bien, envoyez moi 30 FFr. Vous ferez de moi un auteur heureux ! (motivant, non?!)."
  PRINT "Ainsi, je vous ‚crirais pour vous signaler lorsque une nouvelle version sortira, pour en b‚n‚ficier."+CHR$(0)
  PRINT
  PRINT "Si vous ˆtes un auteur shareware, contactez-moi (j'ai r‚alis‚ de nbreux autres softs). Le shareware ne marchant pas dutout en France, il vaut mieux s'entraider !."+CHR$(0)
  PRINT
  PRINT
  PRINT "L'auteur:"
  PRINT "       DAvid DUcassou  (DADU SoftWare)"
  PRINT "       ROUTE DE MONSEGUR"
  PRINT "       40700 HAGETMAU"
  PRINT "        FRANCE"
  PRINT AT(1,23);"Pressez une touche..."
  t
  '
  GOTO adr_menu
ENDIF
IF t$="9"
  CLS
  aff_titre
  PRINT
  PRINT "This program permit to see where is a french geographic departement by ";
  PRINT "entering his number."+CHR$(0)
  PRINT "Take the 'code postal' of a french adress. For ex:  40700"
  PRINT "The number you will have to enter is 40 (the 2 first digits)."
  PRINT
  PRINT "Then, REGEAD will drawn a cross on the France map (key 1 in the menu)."
  PRINT
  PRINT "REGEAD has got others functions, but I think they are only usefull for the frenchs. ";
  PRINT "(It allow to draw lines enter departements)."+CHR$(0)
  PRINT
  PRINT "So, if you have Frenchs correspondents, sent them this program."
  PRINT
  PRINT
  PRINT AT(1,23);"Press any key..."
  t
  GOTO adr_menu
ENDIF
'
GOTO attends_t
'
> PROCEDURE 1_dep
  DO
    CLS
    aff_titre
    PRINT
    PRINT "      Afficher un d‚partement"
    PRINT
    PRINT
    PRINT "(Tapez 0 pour terminer)"
    PRINT
    PRINT
  inp_d_depa1:
    INPUT "Num‚ro du d‚partement    =  ",d1%
    EXIT IF d1%=0
    IF d1%<1 OR d1%>95
      PRINT CHR$(7);
      GOTO inp_d_depa1
    ENDIF
    '
    aff_carte
    '
    COLOR 1
    IF rez&=0
      DEFLINE 1,1,0,1
    ELSE
      DEFLINE 1,3,0,1
    ENDIF
    '    LINE dep_c%(d1%)*coef&,dep_l%(d1%)*coef&,(dep_c%(d1%)+3)*coef&,(dep_l%(d1%)+3)*coef&
    IF rez&=0
      DEFTEXT 0,0,0,6
      TEXT dep_c%(d1%)-4,dep_l%(d1%)+4,"+"
      DEFTEXT 15,0,0,6
    ELSE
      DEFTEXT 1
      '  on voit mieux un X qu'un +
      TEXT (dep_c%(d1%)-4)*coef&,(dep_l%(d1%)+4)*coef&,"X"
      DEFTEXT 0
    ENDIF
    TEXT (30*8)*coef&,(1*8)*coef&,STR$(d1%)
    t
  LOOP
RETURN
> PROCEDURE ligne
  GOSUB aff_ligne_titre
  PRINT "(Tapez 0 pour terminer)"
  PRINT
  PRINT
inp_d_depa:
  INPUT "D‚partement de d‚part    =  ",d1%
  IF d1%<1 OR d1%>95
    PRINT CHR$(7);
    GOTO inp_d_depa
  ENDIF
  PRINT
  DO
  inp_d_dest:
    GOSUB aff_ligne_titre
    PRINT "(Tapez 0 pour terminer)"
    PRINT
    PRINT
    PRINT "D‚partement de d‚part    =  ";d1%
    PRINT
    INPUT "D‚partement destination  =  ",d2%
    EXIT IF d2%=0
    IF d2%<1 OR d2%>95
      PRINT CHR$(7);
      GOTO inp_d_dest
    ENDIF
    '
    aff_carte
    IF rez&=0
      COLOR line_color&
      '      COLOR 0
      DEFLINE 1,1,0,1
    ELSE
      COLOR 1
      DEFLINE 1,3,0,1
    ENDIF
    LINE dep_c%(d1%)*coef&,dep_l%(d1%)*coef&,dep_c%(d2%)*coef&,dep_l%(d2%)*coef&
    TEXT (30*8)*coef&,(1*8)*coef&,STR$(d1%)+" -> "+STR$(d2%)
    t
  LOOP
RETURN
> PROCEDURE aff_ligne_titre
  CLS
  aff_titre
  PRINT
  PRINT "     Visualisation d'un vecteur"
  PRINT "        entre 2 d‚partements"
  PRINT
  PRINT
  PRINT
RETURN
'
> PROCEDURE lignes
  '
  CLS
  aff_titre
  PRINT
  PRINT "     Lignes entre 1 d‚p. et d'autres"
  PRINT
  PRINT
  PRINT
  '
ask_question:
  LET load_pi1!=FALSE
  IF opt_disk!=TRUE
    rep&=FORM_ALERT(2,"[2][Voulez vous charger |une .PI1 ou .PC1 pour |superposer les |lignes ?][ CHARGER | NON ]")
    IF rep&=1
      FILESELECT "\*.P?1","",namepi1$
      IF namepi1$<>""
        IF EXIST(namepi1$)=TRUE
          LET load_pi1!=TRUE
        ELSE
          rep&=FORM_ALERT(1,"[3][Cette image |n'existe pas !.][ OUPS ]")
          GOTO ask_question
        ENDIF
      ENDIF
    ENDIF
  ENDIF
  '
inp_d_depas:
  INPUT "D‚partement de d‚part    = ",d1%
  IF d1%<1 OR d1%>95
    PRINT CHR$(7);
    GOTO inp_d_depas
  ENDIF
  PRINT
  PRINT "Vous allez maintenant entrer les d‚partements destinations."
  PRINT "Il vous suffira de taper 0 pour terminer la saisie."
  PRINT
  '
  dep_d&=0
  '
inp_d_dests:
  PRINT
  PRINT "Nbr de d‚p. entr‚s = ";dep_d&
  INPUT "D‚p. destination   = ",d2%
  IF d2%<0 OR d2%>95
    PRINT CHR$(7);
    GOTO inp_d_dests
  ENDIF
  '
  INC dep_d&
  dep_d&(dep_d&)=d2%
  '
  IF d2%<>0
    GOTO inp_d_dests
  ENDIF
  '
  aff_carte
  IF rez&=0
    COLOR line_color&
    '    COLOR 0
    DEFLINE 1,1,0,1
  ELSE
    COLOR 1
    DEFLINE 1,3,0,1
  ENDIF
  TEXT (30*8)*coef&,(1*8)*coef&,STR$(d1%)+" -> ..."
  FOR z&=1 TO dep_d&-1
    z%=dep_d&(z&)
    LINE dep_c%(d1%)*coef&,dep_l%(d1%)*coef&,dep_c%(z%)*coef&,dep_l%(z%)*coef&
  NEXT z&
  t
  IF opt_disk!=TRUE
    rep&=FORM_ALERT(2,"[2][Voulez vous sauver|cet ‚cran|dans une .PI1 ?][ SAUVER | NON ]")
    IF rep&=1
      FILESELECT "\*.PI1","",namepi1$
      IF namepi1$<>""
        @save_pi1(namepi1$)
      ENDIF
    ENDIF
  ENDIF
RETURN
> PROCEDURE degas_load(file$)
  LOCAL degas_unpak%,rez&,mem_pal$,picbuf$,screen$,palette$
  INLINE degas_unpak%,166
  '
  screen$=STRING$(32000,0)                      ! tampon ‚cran
  '
  OPEN "I",#99,file$
  rez&=INP&(#99)                                ! r‚solution image
  palette$=INPUT$(32,#99)                       ! palette image
  IF rez&<0                                     ! SI image compact‚e,
    rez&=rez& AND &H7FFF
    picbuf$=INPUT$(LOF(#99)-LOC(#99),#99)       ! lit le bloc image
    ~C:degas_unpak%(rez&,L:V:picbuf$,L:V:screen$)  ! et le d‚compacte
  ELSE                                          ! SINON,
    BGET #99,V:screen$,32000                    ! lecture directe image
  ENDIF
  CLOSE #99
  '
  ~XBIOS(6,L:V:palette$)                        ! met la palette
  SPUT screen$                                  ! affiche l'image
  screen$=""
  check_ram
  '
RETURN
> PROCEDURE save_pi1(name_of_pi1$)
  '     by DAD from IMPACT  01/91
  LOCAL n,a$
  FOR n=&HFF8240 TO &HFF825F
    a$=a$+CHR$(PEEK(n))
  NEXT n
  a$=CHR$(0)+CHR$(XBIOS(4))+a$+SPACE$(32032)
  BMOVE XBIOS(2),VARPTR(a$)+34,32000
  BSAVE name_of_pi1$,VARPTR(a$),32066
  a$=""
  check_ram
RETURN
'
> PROCEDURE aff_carte                   !    IMAGE  et  ROUTINE_PC1
  IF rez&=0
    '
    INLINE pc1_1%,11647
    '
    IF load_pi1!=FALSE
      ~C:depack_rout_pc1%(L:pc1_1%)
    ELSE
      @degas_load(namepi1$)
      LET namepi1$=""
    ENDIF
    '
    SETCOLOR 15,&H555
  ELSE
    IF load_pi1!=TRUE
      CLS
      PRINT "D‚sol‚, je ne peux pas charger"
      PRINT "une .P?1 en haute r‚solution."
      t
    ENDIF
    INLINE image_degas_pi3%,32066
    ~XBIOS(6,L:image_degas_pi3%+2)                  ! palette
    BMOVE image_degas_pi3%+34,XBIOS(2),32000
  ENDIF
  '
  GRAPHMODE 4
  IF rez&=0
    DEFTEXT 15,0,0,6
  ELSE
    DEFTEXT 0,0,0,16
  ENDIF
  TEXT 3,((24*8)+3)*coef&,titre$
  GRAPHMODE 2
RETURN
'
> PROCEDURE coords_dep
  '
  DIM dep_c%(96),dep_l%(96)
  '
  RESTORE d_coords_dep
  '
  REPEAT
    '
    READ c%,l%
    '
    INC zobi%
    '
    dep_c%(zobi%)=c%
    dep_l%(zobi%)=l%
    '
    '
  UNTIL c%=-1
  '
  '
d_coords_dep:
  '
  '     5 par ligne
  ' 1 … 20
  DATA 149,90,123,27,121,85,166,127,163,117
  DATA 180,133,137,116,138,24,90,149,131,51
  '
  DATA 103,144,107,123,152,138,67,34,105,110
  DATA 70,98,55,90,105,73,95,106,175,165
  '
  ' 21 … 40
  DATA 145,69,32,44,97,90,79,107,161,70
  DATA 145,113,86,36,91,48,13,54,136,132
  '
  DATA 89,137,75,135,59,113,126,136,47,52
  DATA 93,77,79,66,157,108,153,79,58,129
  '
  ' 41 … 60
  DATA 90,63,134,101,127,109,46,69,100,58
  DATA 90,119,76,123,122,120,63,65,55,35
  '
  DATA 134,38,145,52,60,53,161,44,146,41
  DATA 31,58,161,35,118,74,114,8,101,30
  '
  ' 61 … 80
  DATA 72,45,110,14,115,97,60,142,68,145
  DATA 110,154,182,43,178,52,140,96,160,61
  '
  DATA 140,85,74,56,160,99,163,93,106,40
  DATA 87,29,111,46,98,41,63,84,105,22
  '
  ' 81 … 95
  DATA 100,131,89,128,162,143,145,130,48,79
  DATA 76,81,87,95,164,52,122,60,171,61
  '
  DATA 104,46,106,40,106,40,106,40,104,36
  '
  '
  DATA -1,-1
RETURN
'
> PROCEDURE infos_format_adresses         !  non utilis‚
  '
  CLS
  '
  '
  PRINT "       FORMAT D'UN FICHIER D'ADRESSES"
  PRINT
  PRINT
  PRINT "NOM ou PSEUDONYME"
  PRINT "NUMERO DE DEPARTEMENT"
  PRINT "LIGNE DE COMENTAIRES DIVERS"
  PRINT "LIGNE VIDE ( mettre tout de mˆme 1 espace )"
  PRINT
  PRINT "Si des lignes vous sonts inutiles, il suffit d'y taper un moins puis Return. Ex:"
  PRINT "-"
  PRINT
  PRINT "DUPONT  MARCEL ( ST-SUPERGUY )"
  PRINT "48"
  PRINT "Sp‚cialiste du ST Basic, ST-LAMEKREW"
  PRINT " ----  "
  PRINT
  PRINT "Voulez-vous que je sauve un exemple ?"
  PRINT "( il tient dans moins d'1 Ko )"
  t
  '
  IF t$="O"
    '
    CLS
    PRINT "  - Choix du nom du fichier … ‚crire -"
    FILESELECT path$+":\*.ASC","",ex$
    '
    IF ex$<>""
      '
      IF RIGHT$(ex$,4)<>".ASC"
        ex$=ex$+".ASC"
      ENDIF
      '
      OPEN "O",#8,ex$
      PRINT #8,"NOM ou PSEUDONYME"
      PRINT #8,"NUMERO DE DEPARTEMENT"
      PRINT #8,"LIGNE DE COMENTAIRES DIVERS"
      PRINT #8," LIGNE VIDE ( mettre tout de mˆme 1 espace )"
      '
      CLOSE #8
      '
    ENDIF
    '
    '
  ENDIF
  '
  '
RETURN
'
> PROCEDURE t
  t%=INP(2)
  t$=UPPER$(CHR$(t%))
RETURN
> PROCEDURE aff_titre
  PRINT CHR$(27);"p";
  titre$=" - REGEAD -  v1.01,"+version_date$+", by DADU.  "
  PRINT titre$;
  PRINT CHR$(27);"q"
RETURN
> PROCEDURE check_ram
  '  PRINT "FRE() :   ";FRE();"    ";FRE(4)
  ~FRE(4)
  '  t
RETURN
