'
'    Affichage d'une Image .CMP (MEGAMIR)   ½ Thomas Crown
'   *******************************************************
'
HIDEM                                          ! Cache Souris
DIM rig%(15)                                   ! Registre
virtual$=SPACE$(32100)                         ! Ecran virtuel
bufimag$=SPACE$(32100)
INLINE unp%,216
BLOAD "image.cmp",V:bufimag$                   ! Charge Routine Asm & .CMP
'
FOR k|=0 TO 15
  SETCOLOR k|,0                                ! Mise … z‚ro des couleurs
NEXT k|
'
BMOVE ADD(V:bufimag$,32),V:virtual$,32000      ! Copie l'image sans la palette
rig%(0)=V:virtual$                             ! Adresse de d‚but de la .CMP
$C+                                            ! Pour le Compilo.
RCALL unp%,rig%()                              ! Appel Routine Asm...
'
FOR k|=0 TO 15
  SETCOLOR k|,DPEEK(ADD(V:bufimag$,MUL(k|,2))) ! Mise en place des couleurs
NEXT k|
~INP(2)                                        ! Attendre touche...
SHOWM                                          ! Montre Souris
CLR virtual$,bufimag$                          ! Efface Ecrans
SETCOLOR 0,0,0,0                               ! Fond noir
SETCOLOR 15,7,7,7                              ! Couleur blanche
