' *****************************
' *  MEMORISATION DES PORTES  *
' *****************************
DIM porte_chateau%(100)
' 0 : Porte ouverte
' 1 : Porte Ferm‚e … cl‚
' 2 : Porte Ferm‚ magiquement
'
' ***********************************
' *  FERMETURE MAGIQUE D'UNE PORTE  *
' ***********************************
PROCEDURE sort_fermer_porte(num_porte%)
  porte_chateau%(num_porte%)=2
RETURN
'
' ****************************************
' *  OUVERTURE D'UNE PORTE AVEC UNE CLE  *
' ****************************************
PROCEDURE ouvrir_porte(num_porte%,num_cle%)
  SELECT porte_chateau%(num_porte%)
  ' ***************************
  ' *  TEST SI PORTE OUVERTE  *
  ' ***************************
  CASE 0
    PRINT "La porte est d‚j… ouverte"
  ' ********************************
  ' *  TEST SI PORTE FERMEE A CLE  *
  ' ********************************
  CASE 1
    IF num_porte%=num_cle%
      PRINT "La porte s'ouvre"
      porte_chateau%(num_porte%)=0
    ENDIF
  ' **************************************
  ' *  TEST SI PORTE FERMEE MAGIQUEMENT  *
  ' **************************************
  CASE 2
    IF num_porte%=num_cle%
      PRINT "C'est la bonne cl‚, "
      PRINT "mais la porte ne s'ouvre pas""
    ENDIF
  ENDSELECT
RETURN
'
' ********************************
' *  SORT OUVERTURE D'UNE PORTE  *
' ********************************
PROCEDURE sort_ouverture_porte(num_porte%)
  SELECT porte_chateau%(num_porte%)
  CASE 0    ! ** TEST SI PORTE OUVERTE **
    PRINT "La porte est d‚j… ouverte"
  CASE 1,2  ! ** TEST SI PORTE FERMEE **
    PRINT "La porte s'ouvre silencieusement"
    porte_chateau%(num_porte%)=0
  ENDSELECT
RETURN

