'
'     Routine de decompactage ICE PACKER 2.4 pour le GFA
' code ASM par AXE / SUPERIOR    adaptation pour le GFA par THYREX / NLC
'
'  Cette version n'ecrase pas la version compactee du fichier, c'est pourquoi le
'  buffer destination doit etre de la taille du fichier decompacte
'
INLINE b%,398
'
fre%=FRE(0)
RESERVE fre%-32066     !reserve la taille decompact‚ ici 32034 pour une *.PI1
a%=MALLOC(32066)       !buffer pour l'image
xb%=XBIOS(2)
'
FILESELECT "d:\*.ice","",n$
BLOAD n$,a%       ! le nom de l'image compactee
'
d%=b%+28
'
VOID C:d%(L:a%,L:xb%-34)        ! a%=source    xb%=destination
'
VOID XBIOS(6,L:xb%-32)
DO
LOOP UNTIL PEEK(&HFFFC02)=57
~MFREE(a%)
RESERVE fre%
