' ******************************************
' **                                      **
' **           DEMO-PROGRAM               **
' **                                      **
' ******************************************
'
@Text_install
A$="ST-COMPUTER"+Chr$(0)
Xs%=100
Ys%=100
Hidem
'
Do
  X_new%=Mousex
  Y_new%=Mousey
  If X_new%<>X% Or Y_new%<>Y% Or Xs_old%<>Xs% Or Ys_old%<>Ys% Or Alpha<>Alpha_old
    '
    ' CLEAR TEXT AT OLD POSITION 
    '
    @Text_color(0,-1,0)
    @Text_exec(A$,X%,Y%)
    '
    ' TEXT AN DIE NEUE POSITION SCHREIBEN
    '
    @Text_parameter(Alpha,0,Xs%,Ys%)
    @Text_color(1,-1,0)
    @Text_exec(A$,X_new%,Y_new%)
    '
    X%=X_new%
    Y%=Y_new%
    Xs_old%=Xs%
    Ys_old%=Ys%
    Alpha_old=Alpha
  Endif
  '
  If Mousek=1
    Add Xs%,7
    Add Ys%,7
    Xs%=Min(600,Xs%)
    Ys%=Min(600,Ys%)
  Else
    If Mousek=2
      Sub Xs%,7
      Sub Ys%,7
      Xs%=Max(0,Xs%)
      Ys%=Max(0,Ys%)
    Endif
  Endif
  '
  B$=Inkey$
  If B$="+"
    Add Alpha,15/180*Pi
  Else
    If B$="-"
      Sub Alpha,15/180*Pi
    Endif
  Endif
  '
Loop
