' **  Creation de les yb,mulx,muly pour la bubble!  **
DIM yb%(160),mulx%(160),muly%(160)
rb%=70
ymin%=90
ampl1%=25
ampl2%=60
a$=SPACE$(1024)
adr%=VARPTR(a$)
'
FOR comp%=0 TO 19
  yb%(comp%)=(ampl1%*SIN(comp%*PI/20))+ymin%-rb%
  muly%(comp%)=16384*(ymin%-yb%(comp%))/rb%
  mulx%(comp%)=-(muly%(comp%)-16384)*1.3+16384
  PSET comp%,yb%(comp%)+50,1
  PSET comp%,(rb%*(mulx%(comp%))/16384)+50,2
  PSET comp%,(rb%*(muly%(comp%))/16384)+50,3
  DPOKE adr%,yb%(comp%)
  adr%=adr%+2
  DPOKE adr%,mulx%(comp%)
  adr%=adr%+2
  DPOKE adr%,muly%(comp%)
  adr%=adr%+2
NEXT comp%
FOR comp%=20 TO 79
  yb%(comp%)=-(ampl2%*SIN((comp%-20)*PI/60))+ymin%-rb%
  muly%(comp%)=16384-(muly%(10)*2-16384)*((80-comp%)/80)^2*SIN((comp%-20)*PI/6)
  mulx%(comp%)=-(muly%(comp%)-16384)*1.3+16384
  PSET comp%,yb%(comp%)+50,1
  PSET comp%,(rb%*(mulx%(comp%))/16384)+50,2
  PSET comp%,(rb%*(muly%(comp%))/16384)+50,3
  DPOKE adr%,yb%(comp%)
  adr%=adr%+2
  DPOKE adr%,mulx%(comp%)
  adr%=adr%+2
  DPOKE adr%,muly%(comp%)
  adr%=adr%+2
NEXT comp%
'
adr%=VARPTR(a$)
BSAVE "d:\bubble\bubble.xxx",adr%,480
