'
'       samples shower    1.5   pas Domaine Public !
'
CLEAR
RESERVE 70000
WAVE 0,0                                        ! Initialise les canaux sonores
FOR i%=1 TO 841
  READ a$
  routine$=routine$+CHR$(VAL("&"+a$))
NEXT i%
DATA 60,1A,0,0,3,28,0,0,0,0,0,0,0,0,0,0,0,0,0,0
DATA 0,0,0,0,0,0,0,0,0,2,0,0,0,7,70,0,0,0,0,3
DATA 48,E7,E0,E0,20,3A,FF,F6,C,80,0,0,0,3,6D,34,C,80,0,0
DATA 0,10,6E,2C,57,80,E3,80,41,FA,0,40,20,BA,FF,D2,41,FA,0,D6
DATA 48,7A,0,20,3F,30,0,0,3F,3C,0,1,3F,3C,0,0,3F,3C,0,1F
DATA 4E,4E,DF,FC,0,0,0,C,4C,DF,7,7,4E,75,0,7C,7,0,48,E7
DATA E0,E0,42,40,22,7A,FF,A2,45,FA,0,4,10,39,12,34,56,78,52,92
DATA 41,FB,0,B6,32,3C,9,0,34,3C,A,0,82,28,1,0,84,28,2,0
DATA 91,C8,3,88,88,0,5,88,88,0,B3,D2,67,E,4C,DF,7,7,8,B9
DATA 0,5,0,FF,FA,F,4E,73,2F,39,0,0,4,A2,4,B9,0,0,0,2E
DATA 0,0,4,A2,3F,3C,0,D,3F,3C,0,1A,4E,4E,58,8F,23,DF,0,0
DATA 4,A2,13,FC,0,0,FF,FF,FA,7,13,FC,0,8,FF,FF,88,0,13,FC
DATA 0,0,FF,FF,88,2,13,FC,0,9,FF,FF,88,0,13,FC,0,0,FF,FF
DATA 88,2,13,FC,0,A,FF,FF,88,0,13,FC,0,0,FF,FF,88,2,4C,DF
DATA 7,7,8,B9,0,5,0,FF,FA,F,4E,73,0,CD,0,9A,0,7B,0,66
DATA 0,58,0,4D,0,44,0,3D,0,38,0,33,0,2F,0,2C,0,29,0,26
DATA 0,0,0,0,0,0,0,0,0,0,0,0,0,0,0,0,0,0,0,0
DATA 0,0,0,0,0,0,0,0,0,0,0,0,0,0,0,0,A,A,A,A
DATA A,A,A,A,A,A,A,C,A,C,A,A,A,C,A,C,C,C,C,C
DATA A,C,C,C,C,C,C,C,C,D,C,D,D,C,D,D,D,D,C,C
DATA D,D,D,D,D,C,D,D,D,D,D,D,D,D,C,C,D,C,D,D
DATA D,D,D,D,E,E,D,E,C,E,E,D,E,E,E,E,D,E,E,E
DATA D,D,E,E,D,D,E,E,E,E,E,E,D,D,D,D,E,E,E,E
DATA E,E,D,E,E,E,E,E,E,E,E,E,F,F,E,F,F,F,F,F
DATA F,F,F,E,E,E,F,F,E,E,E,E,E,E,F,F,F,F,F,F
DATA F,F,E,F,F,F,F,F,F,F,F,F,F,F,F,F,F,F,F,F
DATA F,F,F,F,F,F,F,F,F,F,F,F,F,F,F,F,F,F,F,F
DATA F,F,F,F,F,F,F,F,F,F,F,F,F,F,F,F,F,F,F,F
DATA F,F,F,F,F,F,F,F,F,F,F,F,F,F,F,F,F,F,F,F
DATA 0,0,0,0,0,0,0,0,0,0,0,0,0,0,0,0,0,0,0,0
DATA 0,0,0,0,0,0,0,0,0,0,0,0,7,8,7,8,8,9,9,8
DATA 9,A,9,0,A,4,9,B,B,7,A,7,7,7,7,8,A,8,8,9
DATA A,9,A,A,9,6,A,7,7,A,7,9,8,9,A,B,A,9,A,A
DATA A,C,B,B,A,B,B,B,A,A,C,C,B,C,C,C,C,C,B,C
DATA 8,8,C,9,C,9,A,C,9,A,A,A,D,B,B,B,C,C,B,B
DATA D,D,B,C,C,C,C,C,D,D,D,D,C,C,C,C,C,D,D,C
DATA D,D,D,D,D,D,D,D,0,9,D,A,A,A,B,B,B,B,B,D
DATA D,D,C,C,E,E,E,E,E,E,C,C,D,D,D,D,D,D,E,D
DATA D,D,D,D,D,D,D,D,D,D,D,D,D,D,D,D,E,E,E,E
DATA E,E,E,E,E,E,E,E,E,E,E,E,E,E,E,E,E,E,E,E
DATA E,E,E,E,F,F,F,F,F,F,F,F,F,F,F,F,F,F,F,F
DATA F,F,F,F,F,F,F,F,F,F,F,F,F,F,F,F,0,0,3,28
DATA 0
'
'
'
'
vit%=10         !  vitesse de replay pour la routine
p$="A:\*.SPL"   !  path name
spl%=FALSE      !  un sample est charg‚?
n$="AUCUN"      !  nom du spl
ext%=0          !  extension (= *.*)
libre%=0        !  Ko libres sur le disk
pp$="A:\"
'
DO
  CLS
  '
  IF ext%=0                                     ! red‚finit l'extension
    p$=pp$+"*.*"
  ENDIF
  IF ext%=1
    p$=pp$+"*.SPL"
  ENDIF
  '
  PRINT "          SAMPLES SHOWER v1.5"
  PRINT "            par D. Ducassou"
  PRINT "              24/03/1990"
  PRINT
  PRINT
  PRINT " VITESSE:   ";vit%
  PRINT " EXTENSION: ";p$
  PRINT " SAMPLE:    ";n$
  PRINT " TAILLE:    ";taille%
  PRINT AT(21,9);"LIBRE: ";libre%
  PRINT
  PRINT "N       Charge sample"
  PRINT "ESPACE  Joue sample"
  PRINT "ENTER . Ecran ON/OFF"
  PRINT "S       Extension .SPL"
  PRINT "T       Extension .*"
  PRINT "+ -     Change vitesse"
  PRINT "P       Choisir dossier"
  PRINT "L       Lit Ko libres"
  PRINT "E       Efface fichier"
  PRINT "0       50/60 hertz"
  PRINT "I       Infos"
  PRINT "ESC     Quitter"
  '
  '
  t                                              ! attends 1 touche
  IF t$="E" OR t$="e"
    CLS
    PRINT "EFFACER UN FICHIER"
    FILESELECT p$,"",nf$
    IF nf$<>""
      PRINT AT(1,10);" J'EFFACE ";nf$
      KILL nf$
    ENDIF
  ENDIF
  IF t$="L" OR t$="l"
    libre%=DFREE(0)
  ENDIF
  IF t$="p" OR t$="P"
    CLS
    PRINT " NOUVEAU PATH NAME:"
    PRINT "Rentrez dans le dossier et confirmez."
    PRINT "( sans rien taper au clavier ! )"
    FILESELECT p$,"",n$
    pp$=n$
  ENDIF
  IF t$="I" OR t$="i"
    CLS
    ' PRINT " Ce programme appartient au"
    ' PRINT "domaine public."
    ' PRINT
    ' PRINT " Pour en recevoir la version am‚lior‚e,"
    ' PRINT "envoyez-moi :"
    ' PRINT "20 frs +"
    ' PRINT "1 disque format‚ +"
    ' PRINT "1 enveloppe timbr‚e avec votre adresse."
    PRINT
    PRINT " Si vous voudriez des am‚liorations"
    PRINT "dans ce programme, ‚crivez-moi."
    PRINT
    PRINT
    PRINT " Auteur:"
    PRINT
    PRINT "     DUCASSOU D."
    PRINT "     ROUTE DE MONSEGUR"
    PRINT "     40700 HAGETMAU"
    PRINT "     FRANCE"
    PRINT
    PRINT "Rappel: le son est de - bonne qualit‚"
    PRINT "qu'en r‚alit‚ car il est sous interrups."
    PRINT
    PRINT
    PRINT " La copie de ce programme est interdite."
    VOID INP(2)
  ENDIF
  IF t$=" " AND spl%=TRUE
    CALL routine#
  ENDIF
  IF t$=CHR$(27)
    EDIT
  ENDIF
  IF t$="S" OR t$="s"
    ext%=1
  ENDIF
  IF t$="T" OR t$="t"
    ext%=0
  ENDIF
  IF t$="+" AND spl%=TRUE AND vit%<16
    INC vit%
    LPOKE vitesse%,vit%                           ! Vitesse du replay
  ENDIF
  IF t$="-" AND spl%=TRUE AND vit%>3
    DEC vit%
    LPOKE vitesse%,vit%                           ! Vitesse du replay
  ENDIF
  IF t$="0"
    SPOKE &HFF820A,PEEK(&HFF820A) XOR 2
  ENDIF
  IF t$="."
    SETCOLOR 0,&H0
  ENDIF
  IF t$=CHR$(13)
    SETCOLOR 0,&H444
  ENDIF
  IF t$="N" OR t$="n"
    joue
  ENDIF
LOOP
'
PROCEDURE joue
  FILESELECT p$,"",n$
  IF n$=""
    GOTO rien
  ENDIF
  '
  spl%=TRUE
  OPEN "i",#1,n$
  taille%=LOF(#1)                                 ! Prends la taille du fichier
  son%=GEMDOS(72,L:taille%)                       ! R‚serve des KO pour le spl
  CLOSE #1
  IF son%<>0                                      ! (cas d'1 fichier inexistant)
    BLOAD n$,son%                                 ! Charge le spl … l'endroit r‚serv‚
    debut%=VARPTR(routine$)+28
    fin%=VARPTR(routine$)+32
    vitesse%=VARPTR(routine$)+36
    LPOKE debut%,son%                             ! Poke l'adresse de d‚but du spl
    LPOKE fin%,son%+taille%                       ! Poke    -      de fin du spl
    LPOKE vitesse%,vit%                           ! Vitesse du replay
    routine#=VARPTR(routine$)+40
    CALL routine#                                 ! Joue le sample
  ENDIF
  VOID GEMDOS(73,L:son%)                          ! LibŠre la RAM contenant le spl
  rien:
RETURN
'
'  Eviter de recommencer un son avant que le pr‚c‚dant soit fini sous
'  risque de plantage.
PROCEDURE t
  t#=INP(2)
  t$=CHR$(t#)
RETURN
