DEFFILL ,2,4
PBOX 2,2,218,118
DEFFILL ,2,2
CLIP 10,10,100,100
PCIRCLE 60,60,60
CLIP 110,10 TO 210,110 OFFSET 100,10
PCIRCLE 60,50,60
CLIP OFF
CLIP  OFFSET 0,0
BOX 10,10,210,110
PROCEDURE clip(clxl%,clyo%,clxr%,clyu%)
LOCAL cl.buff$,handle%
handle%=DPEEK(VDIBASE+40)
cl.buff$=MKL$(2)+MKL$(1)+MKL$(0)+MKI$(handle%)
BMOVE VARPTR(cl.buff$),CONTRL,14
cl.buff$=MKI$(clxl%)+MKI$(clyo%)+MKI$(clxr%)+MKI$(clyu%)
BMOVE VARPTR(cl.buff$),PTSIN,8
DPOKE INTIN,1
VDISYS 129
RETURN
PROCEDURE clip_off
LOCAL xt%,yt%,cxr%,cyu%
xt%=2-SGN(XBIOS(4))
yt%=MIN(2,3-XBIOS(4))
cxr%=639/xt%
cyu%=399/yt%
clip(0,0,cxr%,cyu%)
RETURN
PROCEDURE clipw(windownummer%)
LOCAL cxl%,cyo%,cxr%,cyu%
cxl%=DPEEK(WINDTAB+4+12*(windownummer%-1))
cyo%=DPEEK(WINDTAB+6+12*(windownummer%-1))
cxr%=cxl%+DPEEK(WINDTAB+8+12*(windownummer%-1))
cyu%=cyo%+DPEEK(WINDTAB+10+12*(windownummer%-1))
clip(cxl%,cyo%,cxr%,cyu%)
RETURN
