xt%=2-SGN(XBIOS(4))
yt%=MIN(2,3-XBIOS(4))
DEFFILL ,2,4
PBOX 0,0,640/xt%,400/yt%
DEFFILL ,0,0
PBOX 10/xt%,3/yt%,275/xt%,36/yt%
DEFTEXT ,1,,26/yt%
TEXT 10/xt%,30/yt%,264/xt%," DISTORT - Demo "
@distort(9/xt%,3/yt%,265/xt%,34/yt%,300/xt%,120/yt%,6/yt%,2,22,0,0,1,1,12)
@distort(28/xt%,7/yt%,145/xt%,30/yt%,310/xt%,220/yt%,-15/yt%,2,22,0,0,0,2,3)
@distort(9/xt%,3/yt%,265/xt%,34/yt%,430/xt%,190/yt%,35/yt%,2,1,0,1,0,0.7,13)
@distort(9/xt%,3/yt%,265/xt%,34/yt%,50/xt%,230/yt%,250,2,2,1,0,0,4,11)
DIM b$(20)
PRINT AT(2,24);"Bitte Geduld"
GET 20/xt%,56/yt%,270/xt%,170/yt%,a$
FOR i%=5 TO 100 STEP 5
@distort(28/xt%,7/yt%,145/xt%,30/yt%,(20+i%)/xt%,110/yt%,-30+i%/2,1,1,0,1,0,2-(i%/50),7)
GET 20/xt%,56/yt%,270/xt%,170/yt%,b$((i%-5)/5)
PUT 20/xt%,56/yt%,a$
NEXT i%
DO
FOR i%=0 TO 20
PUT 20/xt%,56/yt%+i%*2,b$(i%)
NEXT i%
FOR i%=20 DOWNTO 0
PUT 20/xt%,56/yt%+i%*2,b$(i%)
NEXT i%
LOOP
PROCEDURE distort(dxsl%,dyso%,dxsr%,dysu%,dxd%,dyd%,dwh%,dps,dsp,dvh%,dmd%,dsf%,dss,drm%)
LOCAL dbl%,dbr%,ds%,dl%,dvh,di,dlx%
dbl%=dxsr%-dxsl%
dbr%=dysu%-dyso%
xyd%=dyd%
IF dvh%
xyd%=dxd%
SWAP dbl%,dbr%
ENDIF
DIM darr$(dbl%)
FOR di=1 TO dbl%
IF dvh%
GET dxsl%,dyso%+di,dxsr%,dyso%+di,darr$(di)
ELSE
GET dxsl%+di,dyso%,dxsl%+di,dysu%,darr$(di)
ENDIF
NEXT di
FOR di=-PI TO PI STEP (PI/((dbl%)/(dps+1.0E-10)))
dl%=dwh%*ABS(SIN(di))^dsp+xyd%
INC ds%
dlx%=ds%
IF dsf%
dlx%=(dbl%-ds%)+1
ENDIF
IF dmd%=0
dvh=dbr%/(dwh%+1.0E-10)
dl%=xyd%-(ds%/dvh)
ENDIF
IF dvh%
PUT dl%,dyd%+ds%*dss,darr$(dlx%),drm%
PUT dl%,dyd%+ds%*dss+1,darr$(dlx%),drm%
ELSE
PUT dxd%+ds%*dss,dl%,darr$(dlx%),drm%
PUT dxd%+ds%*dss+1,dl%,darr$(dlx%),drm%
ENDIF
EXIT IF ds%=dbl%
NEXT di
ERASE darr$()
RETURN
