'  Anleitung zum Programm     Datei Verschlsseler/Entschlsseler
'  ==============================================================
'  (c) 1989 by Siegfried Hbner, Obere Vorstadt 21, 8812 Windsbach
'  Datum 06.07.1989
'
'                            Anleitung
'                            =========
'
' Dieses Programm ist frei kopierbar (Public Domain). Alle die dieses
' Programm bentzen, sollten mir aber fairerweise ein kleines Anerkennungs-
' honorar zukommen lassen.
'
' Dieses Programm l„uft auf einen sw Monitor als auch auf einen Farbmonitor
' in der mittleren Aufl”sung.
'
' Dieses Programm wurde in GFA Basic Version 2.0 geschrieben.
'
' Dieses Programm dient zum Ver und Entschlsseln von Texten,Dateien
' Daten oder Programmen. Zum schtzen Ihrer Daten vor unbefugtem Zugriff.
'
'               Erkl„rungen der einzelnen Menpunkte
'               ====================================
'
'  1 = Datei verschlsseln
'
'  2 = Datei entschlsseln
'
'  3 = Prgrammende
'
'  Bitte geben Sie hier eine Zahl von 1-3 ein.
'
'
'  ------------------ Datei verschlsseln -------------------------
'
' Geben Sie bitte hier den Namen der Datei ein, die verschlsselt werden soll.
' Auf der linken oberen Ecke wird dann angezeigt, bei Schreibe die Anzahl der
' zur Zeit geschriebenen Zeichen.
'
' šbrigens Ihre alte Datei wird nicht gel”scht und ist noch auf Disk vorhanden.
' Die Neue Verschlsselte Datei hat den gleichen Namen wie das alte Programm
' nur die Extension .VER
'
' Beispiel:
'
' Sie wollen die Datei LESMICH.LST verschlsseln.
'
' Geben Sie den Namen der Datei LESMICH.LST ein.
' Dann beginnt das Disklaufwerk zu surren.
' Wenn die Datei fertig verschlsselt ist, befindet sich
' die verschlsselte Datei LESMICH.VER auf der Diskette.
'
' ------------------- Datei entschlsseln -------------------------
'
' Wollen Sie die Datei LESMICH.VER wieder entschlsseln, dann
' geben Sie bitte den Namen der zu entschlsselnden Datei ein.
'
' Bei unserem Beispiel:
'
' LESMICH.VER dann folgt kurz darauf noch einmal eine Fileselector-
' box. Geben Sie bitte hier ein, wie das Orginalprogramm geheisen hat.
'
' Bei unserem Beispiel:
'
' LESMICH.LST
'
' Sogleich beginnt das Disklaufwerk wieder zu surren, und entschlsselt
' die Datei LESMICH.VER in die Datei LESMICH.LST      (Orginal.Datei.)
' Und schon haben Sie wieder Ihr Orginalprogramm auf Disk.
'
' Toll nicht war.
'
' ----------------- Programmende ---------------------------------
' Kehrt zum Desktop zurck und verl„t das Programm .
'
' ----------------------------------------------------------------
' Natrlich gibt es noch viele andere Verschlsselungsarten.
' Sollte groes Interesse bestehen. ????
' So werde ich vielleicht noch eine erweitertes Verschlsselungsprogramm
' auf den Markt werfen. Bei dem eine Geheimzahl eingegeben werden mu
' ohne die eingegebene Geheimzahl ist dann das verschlsselte Programm
' nicht mehr zu entschlsseln.
' -----------------------------------------------------------------
'
' Sollten Sie noch Fragen oder Verbesserungsvorschl„ge zu meinen
' Programmen haben, so k”nnen Sie mir ja mal schrieben.
'
' Viele Atari ST Gre an alle Public Domain Programm Anwender, und
' denkt auch mal an die armen Public Domain Programmierer.
'
' PS: Bei einem Kauf eines Public Domain Programmes bei einem H„ndler,
'     machen nur die H„ndler ein Gesch„ft, aber die PD-Programmierer
'     bekommen davon keinen Pfennig ab.
'
' Denkt einmal darber nach.
'
' Bis Bald
'
'                                 Siegfried Hbner
