DEFWRD "a-z"
'
ckbd%=0
'
cookiejar%=LPEEK(&H5A0)!                 ! Cookie Jar Basis Adresse
IF cookiejar%<>0 THEN
  r%=cookiejar%
  WHILE {r%} AND MKL$({r%})<>"CKBD"
    ADD r%,8
  WEND
  IF {r%}<>then%
    ckbd%={r%+4}
    PRINT HEX$(ckbd%)
  ELSE
    PRINT "No CKBD-Cookie -> no COMPOSE!!!"
  ENDIF
ELSE
  PRINT "No Cookie Jar -> no COMPOSE!!!"
ENDIF
'
IF ckbd%=0 THEN
  END           !PRG ABBRUCH
ENDIF
'
' ---------- DISPATCHER-ADRESSE IST BEKANNT. ----------------
'
'
PRINT "ExtKey mode: ";C:ckbd%(1,-1)
PRINT "Compose mode: ";C:ckbd%(2,-1)
PRINT "ALT-NNN mode: ";C:ckbd%(3,-1)
VOID C:ckbd%(5,3)                       ! schalte andere Belegung ein !
PRINT "TabName: <";CHAR{{(C:ckbd%(4,L:-1,L:-1;L:-1;L:-1;L:-1))+16}};">"
'
