zero	equ	79
one	equ	62
two	equ	63
three	equ	65
four	equ	67
five	equ	69
six	equ	71
seven	equ	73
eight	equ	75
nine	equ	77
pt	equ	54
komma	equ	55
dp	equ	56
;sp	equ	57
ka	equ	60
kz	equ	61
fz	equ	58
az	equ	57
quote	equ	93
mi	equ	94
a	equ	1
b	equ	3
c	equ	5
d	equ	7
e	equ	9
f	equ	11
g	equ	13
h	equ	15
i	equ	17
j	equ	18
k	equ	21
l	equ	23
m	equ	25
n	equ	27
o	equ	29
p	equ	31
q	equ	33
r	equ	35
s	equ	37
t	equ	39
u	equ	41
v	equ	43
w	equ	45
x	equ	48
y	equ	50
z	equ	52
space	equ	20
ulm	equ	81
oxar	equ	84
extra1	equ	87
extra2	equ	89
extra3	equ	91
