PROCEDURE gfa_l_cpon__(paladr__%,speed__%)
  LOCAL bufadr__%,i1__%,i2__%,col1__%,col2__%,redv__%,greenv__%,bluev__%
  INLINE bufadr__%,32
  FOR i1__%=0 TO 31 STEP 2
    WORD{bufadr__%+i1__%}=0
  NEXT i1__%
  FOR i1__%=7 DOWNTO 1
    FOR i2__%=0 TO 31 STEP 2
      col1__%=WORD{bufadr__%+i2__%}
      col2__%=DPEEK(paladr__%+i2__%)
      redv__%=(col1__% AND &H700)
      greenv__%=(col1__% AND &H70)
      bluev__%=(col1__% AND &H7)
      IF i1__%*256<=(col2__% AND &H700)
        ADD redv__%,256
      ENDIF
      IF i1__%*16<=(col2__% AND &H70)
        ADD greenv__%,16
      ENDIF
      IF i1__%<=(col2__% AND &H7)
        INC bluev__%
      ENDIF
      WORD{bufadr__%+i2__%}=redv__%+greenv__%+bluev__%
    NEXT i2__%
    ~XBIOS(6,L:bufadr__%)
    PAUSE speed__%
  NEXT i1__%
RETURN
