cxxsetup\aesutils.h
app\dispic\dispic.h
app\matdigi.f\digiblit.h
app\matdigi.f\digitise.h
app\matdigi.f\film.h
app\matdigi.f\mdf_lca.h
app\matdigi.f\screyeif.h
app\matdigi.f\scryiacc.h
app\matdigi.f\yc.h
app\matdigi\tiff.h
app\matdigif\digiblit.h
app\matdigif\digitise.h
app\matdigif\film.h
app\matdigif\i2c_hdg.h
app\matdigif\initdmsd.h
app\matdigif\mdf_if.h
app\matdigif\mdf_lca.h
app\screen.eye\palette.h
matlib\backbuff.h
matlib\cookie.h
cxxsetup\cxxfast.h
cxxsetup\cxxsetup.h
cxxsetup\aesutils.h
cxxsetup\dialog.h
cxxsetup\main.h
cxxsetup\dialog.h
app\matdigi.f\digiblit.h
app\matdigi.f\digiblix.h
app\matdigi.f\digitise.h
app\matdigi.f\digitisx.h
app\screen.eye\digiwind.h
matlib\errdef.h
matlib\error.h
matlib\fast.h
matlib\file.h
app\matdigi.f\film.h
app\matdigi.f\filmx.h
matlib\gemdos.i
matlib\global.h
cxxsetup\main.h
md_picfa.h
md_picfi.h
app\screen.eye\mdf_if.h
app\matdigi.f\mdf_lca.h
app\matdigi.f\mdf_lcax.h
app\screen.eye\mdf_vers.h
app\screen.eye\menus.h
app\screen.eye\palette.h
matlib\picfiles.h
app\screen.eye\picture.h
matlib\popup.h
include\portab.h
matlib\readcook.h
include\scancode.h
app\matdigi.f\screyeif.h
app\screen.eye\scrn_eye.h
app\screen.eye\scrneye.h
app\matdigi.f\scryiacc.h
app\screen.eye\sndbind.h
app\screen.eye\sound.h
app\screen.eye\stretch.h
matlib\sys_vars.h
app\screen.eye\tiff.h
app\screen.eye\tool_bar.h
matlib\traps.h
app\matdigi.f\yc.h
