BLOAD "PARA/PARA.PI1", XBIOS(2)-34
VOID XBIOS(6, L:XBIOS(2)-32)
GET 0,0,319,199,BBB$
'
'
'
OPEN "o",#1,"PARA\DATA"
'
COLOR 15
'
x0=-1
y0=-1

'
DO
  kk$=INKEY$
  IF kk$<>""
   WRITE #1,kk$
  ELSE IF MOUSEK=1
    IF x0<0 AND y0<0
      x0=MOUSEX
      y0=MOUSEY
    ENDIF
    BOX x0,y0,MOUSEX,MOUSEY
    PUT 0,0,BBB$
  ELSE IF MOUSEK=0
    x1=MOUSEX
    y1=MOUSEY
    IF x0>0 AND y0>0
      WRITE #1,x0,y0,x1,y1
      x0=-1
      y0=-1
    ENDIF
  ENDIF
 EXIT IF MOUSEK=2
LOOP
'
CLOSE #1

