'
'              '''''''''''''''''''''''''''''''''''''''''''''''''''
'              ''                                               ''
'              ''           S T E R N F O R M E N   I           ''
'              ''                                               ''
'              ''   ein Grafik-Freiprogramm in Gfa-Basic  von   ''
'              ''                                               ''
'              ''         VIKTOR SCHARNOWELL, DORTMUND          ''
'              ''                                               ''
'              ''    SiebenbÅrgenstr.5     Tel. 0231/807412     ''
'              ''    4600  Dortmund-16          (18-19 Uhr)     ''
'              ''                                               ''
'              '''''''''''''''''''''''''''''''''''''''''''''''''''
'
Hidem
Setcolor 0,0
Pause 50
Deftext 1,0,0,26
Text 110,140," S T E R N F O R M E N  I"
Pause 90
Deftext 1,0,0,10
Text 50,200,"ein Grafik-Freiprogramm in GfA-Basic von"
Pause 80
Text 133,250,"VIKTOR SCHARNOWELL, DORTMUND"
Pause 110
Graphmode 3
Deftext 1,0,0,26
Text 110,140," S T E R N F O R M E N  I"
Deftext 1,0,0,10
Text 50,200,"ein Grafik-Freiprogramm in GfA-Basic von"
Text 133,250,"VIKTOR SCHARNOWELL, DORTMUND"
Pause 70
'
' -----------------------------------------------------------------------------
'
Print At(30,20)
Input "      DIE GRAFIK :  Weiss auf Schwarz [0] oder Schwarz auf Weiss [1] ? ",F
Pause 20
Cls
Setcolor 0,F
Pause 50
' -----------------------------------------------------------------------------
Repeat
Until Inkey$<>""
Showm
Edit
