' GFA-Basic program to calculate the colours for the
' flat-shaded torus
'
'
'
rings=20                       ! Number of rings
points=18                       ! No of points in a ring
OPEN "o",#1,"f:\data\tdf\torcol.s"
' -------------------------------------------------------
totalpoints=rings*points
GOSUB write_colours
CLOSE #1
'
END
'
PROCEDURE write_colours
  FOR x=0 TO totalpoints-1
    point=INT(x/rings)           !which ring 0-(rings)
    ring=(x MOD rings)           !which point in ring
    IF ring<10
      blue=point/points
      red=0
    ELSE
      red=point/points
      blue=0
    ENDIF
    green=(ABS(9-ring))/9
    '    PRINT green
    col=&H1000000*INT(red*127)
    col=col+&H10000*INT(green*127)
    col=col+INT(blue*127)
    PRINT #1,CHR$(9);"dc.l $";HEX$(col)
  NEXT x
RETURN
