PROCEDURE gfa_pload__(txt__$,destadr__%,options__%)
  LOCAL bufadr__%
  INLINE bufadr__%,32
  IF EXIST(txt__$)=TRUE
    IF options__%=0
      OPEN "I",#65,txt__$
      SEEK #65,2
      BGET #65,bufadr__%,32
      VOID XBIOS(6,L:bufadr__%)
      BGET #65,destadr__%,32000
      CLOSE #65
    ENDIF
    IF options__%=1
      OPEN "I",#65,txt__$
      SEEK #65,4
      BGET #65,bufadr__%,32
      VOID XBIOS(6,L:bufadr__%)
      SEEK #65,128
      BGET #65,destadr__%,32000
      CLOSE #65
    ENDIF
    IF options__%=2
      OPEN "I",#65,txt__$
      BGET #65,destadr__%,32000
      CLOSE #65
    ENDIF
    lib_rv__%=0
  ELSE
    lib_rv__%=1
  ENDIF
RETURN
