PROCEDURE gfa_police__(x__%,y__%,width__%,height__%,value__%,txt__$,options__%)
  LOCAL rows__|,cnt__|,i__%,b__|
  IF policein__!=FALSE
    IF options__%=1
      policect__%=65
    ELSE
      policect__%=39
    ENDIF
    DIM policebuf__$(policect__%)
    IF XBIOS(4)=0
      rows__|=320/width__%
    ELSE
      rows__|=640/width__%
    ENDIF
    FOR i__%=0 TO policect__%
      GET x__%,y__%,x__%+width__%-1,y__%+height__%-1,policebuf__$(i__%)
      IF cnt__|=rows__|-1
        ADD y__%,height__%
        x__%=0
        cnt__|=0
      ELSE
        INC cnt__|
        ADD x__%,width__%
      ENDIF
    NEXT i__%
    policein__!=TRUE
  ELSE
    FOR i__%=1 TO LEN(txt__$)
      b__|=ASC(MID$(txt__$,i__%,1))
      IF policect__%=39 AND b__|>96 AND b__|<133
        PUT x__%,y__%,policebuf__$(b__|-97),value__%
      ENDIF
      SELECT b__|
      CASE 65 TO 90
        PUT x__%,y__%,policebuf__$(b__|-65),value__%
      CASE 48 TO 57
        PUT x__%,y__%,policebuf__$(b__|-22),value__%
      CASE 33
        PUT x__%,y__%,policebuf__$(36),value__%
      CASE 46
        PUT x__%,y__%,policebuf__$(37),value__%
      CASE 58
        PUT x__%,y__%,policebuf__$(38),value__%
      CASE 32
        PUT x__%,y__%,policebuf__$(39),value__%
      ENDSELECT
      IF policect__%=65 AND b__|>96 AND b__|<133
        PUT x__%,y__%,policebuf__$(b__|-57),value__%
      ENDIF
      ADD x__%,width__%
    NEXT i__%
  ENDIF
RETURN
