PROCEDURE gfa_speech__(memadr__%,txt__$,speed__%)
  LOCAL length__%,char1__$,char2__$,char2__$,voyel__$
  voyel__$="AEIOUY"
  length__%=0
  txt__$=UPPER$(txt__$)
  WHILE length__%<LEN(txt__$)
    char1__$=CHR$(PEEK(V:txt__$+length__%))
    INC length__%
    IF length__%<LEN(txt__$)
      char2__$=CHR$(PEEK(V:txt__$+length__%))
    ELSE
      char2__$=" "
    ENDIF
    IF length__%<LEN(txt__$)-1
      char3__$=CHR$(PEEK(V:txt__$+length__%+1))
    ELSE
      char3__$=" "
    ENDIF
    SELECT char1__$
    CASE "A"
      IF char2__$="N" AND INSTR(voyel__$,char3__$)=0
        GOSUB gfa_smplay__(memadr__%+29800,memadr__%+31299,0,speed__%,1)
        INC length__%
      ELSE IF char2__$="I"
        GOSUB gfa_smplay__(memadr__%+33100,memadr__%+34099,0,speed__%,1)
        INC length__%
      ELSE IF char2__$="U"
        GOSUB gfa_smplay__(memadr__%+15200,memadr__%+16299,0,speed__%,1)
        INC length__%
      ELSE
        GOSUB gfa_smplay__(memadr__%,memadr__%+1399,0,speed__%,1)
      ENDIF
    CASE "B"
      GOSUB gfa_smplay__(memadr__%+1400,memadr__%+2399,0,speed__%,1)
    CASE "C"
      IF char2__$="H"
        GOSUB gfa_smplay__(memadr__%+25600,memadr__%+26799,0,speed__%,1)
        INC length__%
      ELSE
        GOSUB gfa_smplay__(memadr__%+11100,memadr__%+11899,0,speed__%,1)
      ENDIF
    CASE "D"
      GOSUB gfa_smplay__(memadr__%+2400,memadr__%+3599,0,speed__%,1)
    CASE "E"
      IF char2__$="N" AND INSTR(voyel__$,char3__$)=0
        GOSUB gfa_smplay__(memadr__%+29800,memadr__%+31299,0,speed__%,1)
        INC length__%
      ELSE IF char2__$="U"
        GOSUB gfa_smplay__(memadr__%+34100,memadr__%+35099,0,speed__%,1)
        INC length__%
      ELSE
        GOSUB gfa_smplay__(memadr__%+3600,memadr__%+5099,0,speed__%,1)
      ENDIF
    CASE "F"
      GOSUB gfa_smplay__(memadr__%+5100,memadr__%+6699,0,speed__%,1)
    CASE "G"
      IF char2__$="N"
        GOSUB gfa_smplay__(memadr__%+26800,memadr__%+28299,0,speed__%,1)
        INC length__%
      ELSE
        GOSUB gfa_smplay__(memadr__%+6700,memadr__%+7399,0,speed__%,1)
      ENDIF
    CASE "H"
      GOSUB gfa_smplay__(memadr__%+7400,memadr__%+8299,0,speed__%,1)
    CASE "I"
      IF INSTR("NM",char2__$)<>0 AND INSTR(voyel__$,char3__$)=0
        GOSUB gfa_smplay__(memadr__%+31300,memadr__%+33099,0,speed__%,1)
        INC length__%
      ELSE
        GOSUB gfa_smplay__(memadr__%+8300,memadr__%+9299,0,speed__%,1)
      ENDIF
    CASE "J"
      GOSUB gfa_smplay__(memadr__%+9300,memadr__%+11099,0,speed__%,1)
    CASE "K"
      GOSUB gfa_smplay__(memadr__%+11100,memadr__%+11899,0,speed__%,1)
    CASE "L"
      GOSUB gfa_smplay__(memadr__%+11900,memadr__%+12799,0,speed__%,1)
    CASE "M"
      GOSUB gfa_smplay__(memadr__%+12800,memadr__%+13799,0,speed__%,1)
    CASE "N"
      GOSUB gfa_smplay__(memadr__%+13800,memadr__%+15199,0,speed__%,1)
    CASE "O"
      IF char2__$="U"
        GOSUB gfa_smplay__(memadr__%+24600,memadr__%+25599,0,speed__%,1)
        INC length__%
      ELSE IF INSTR("NM",char2__$)<>0 AND INSTR(voyel__$,char3__$)=0
        GOSUB gfa_smplay__(memadr__%+28300,memadr__%+29799,0,speed__%,1)
        INC length__%
      ELSE IF char2__$="I"
        GOSUB gfa_smplay__(memadr__%+35100,memadr__%+35999,0,speed__%,1)
        INC length__%
      ELSE
        GOSUB gfa_smplay__(memadr__%+15200,memadr__%+16299,0,speed__%,1)
      ENDIF
    CASE "P"
      IF char2__$="H"
        GOSUB gfa_smplay__(memadr__%+5100,memadr__%+6699,0,speed__%,1)
        INC length__%
      ELSE
        GOSUB gfa_smplay__(memadr__%+16300,memadr__%+16899,0,speed__%,1)
      ENDIF
    CASE "Q"
      IF char2__$="U"
        GOSUB gfa_smplay__(memadr__%+11100,memadr__%+11899,0,speed__%,1)
        INC length__%
      ELSE
        GOSUB gfa_smplay__(memadr__%+11100,memadr__%+11899,0,speed__%,1)
      ENDIF
    CASE "R"
      GOSUB gfa_smplay__(memadr__%+16900,memadr__%+17799,0,speed__%,1)
    CASE "S"
      GOSUB gfa_smplay__(memadr__%+17800,memadr__%+18999,0,speed__%,1)
    CASE "T"
      GOSUB gfa_smplay__(memadr__%+19000,memadr__%+19999,0,speed__%,1)
    CASE "U"
      IF INSTR("NM",char2__$)<>0 AND INSTR(voyel__$,char3__$)=0
        GOSUB gfa_smplay__(memadr__%+31300,memadr__%+33099,0,speed__%,1)
        INC length__%
      ELSE
        GOSUB gfa_smplay__(memadr__%+20000,memadr__%+20999,0,speed__%,1)
      ENDIF
    CASE "W","V"
      GOSUB gfa_smplay__(memadr__%+21000,memadr__%+22199,0,speed__%,1)
    CASE "X"
      GOSUB gfa_smplay__(memadr__%+22200,memadr__%+23599,0,speed__%,1)
    CASE "Y"
      IF INSTR("NM",char2__$)<>0 AND INSTR(voyel__$,char3__$)=0
        GOSUB gfa_smplay__(memadr__%+31300,memadr__%+33099,0,speed__%,1)
        INC length__%
      ELSE
        GOSUB gfa_smplay__(memadr__%+8300,memadr__%+9299,0,speed__%,1)
      ENDIF
    CASE "Z"
      GOSUB gfa_smplay__(memadr__%+23600,memadr__%+24599,0,speed__%,1)
    DEFAULT
      PAUSE 12
    ENDSELECT
    IF char2__$=char1__$
      INC length__%
    ENDIF
  WEND
RETURN
