/*
    memory.h
    Atarium Februar 1994
    (c)1994 by MAXON-Computer
    Autor: Julian F. Reschke
    16. Dezember 1993
*/

#ifdef MEMDEBUG
void *memory_allocate (size_t, const char *,
                       long, int);
void memory_release (void **, const char *,
                     long);
void memory_exit (void);
#define allocate(a) \
    memory_allocate(a,__FILE__,__LINE__,0)
#define release(a) \
    memory_release((void **)a,__FILE__,__LINE__)
#define allocate_st(a) \
    memory_allocate(a,__FILE__,__LINE__,1)
#define MEMINIT     atexit(memory_exit)
#else
void *memory_allocate (size_t, int);
void memory_release (void **);
#define allocate(a)     memory_allocate(a,0)
#define allocate_st(a)  memory_allocate(a,1)
#define release(a)      memory_release((void **)a)
#define MEMINIT
#endif

#define realloc     ARG! /* nicht implementiert */

