' ARRPTR-Demo:
'
@sysfont(1)
DIM a$(4,3,7)
a$(0,0,0)="A"
a$(1,0,0)="BC"
a$(2,0,0)="DEF"
a$(3,0,0)="GHIJ"
a$(4,0,0)="KLMNO"
d_escripadr%=ARRPTR(a$())
a_rrayadr%=LPEEK(d_escripadr%)
PRINT STRING$(39,"-")
PRINT " Feld-Descriptor               : ";d_escripadr%
PRINT STRING$(39,"-")
PRINT " Feldadresse                   : ";LPEEK(d_escripadr%)
PRINT STRING$(39,"-")
PRINT " Anz. d. Dimensionen           : ";DPEEK(d_escripadr%+4)
PRINT STRING$(39,"-")
PRINT " Anz.d.Elem.in 1.Dimension     : ";LPEEK(a_rrayadr%+8)
PRINT " Anz.d.Elem.in 2.Dimension     : ";LPEEK(a_rrayadr%+4)
PRINT " Anz.d.Elem.in 3.Dimension     : ";LPEEK(a_rrayadr%)
PRINT STRING$(39,"-")
PRINT " 0/0/0 - Descriptoradresse     : ";a_rrayadr%+12
PRINT " 1/0/0 - Descriptoradresse     : ";a_rrayadr%+18
PRINT " 2/0/0 - Descriptoradresse     : ";a_rrayadr%+24
PRINT " 3/0/0 - Descriptoradresse     : ";a_rrayadr%+30
PRINT " 4/0/0 - Descriptoradresse     : ";a_rrayadr%+36
PRINT STRING$(39,"-")
PRINT " 0/0/0 - Adresse mit Varptr    : ";VARPTR(a$(0,0,0))
PRINT " 1/0/0 - Adresse mit Varptr    : ";VARPTR(a$(1,0,0))
PRINT " 2/0/0 - Adresse mit Varptr    : ";VARPTR(a$(2,0,0))
PRINT " 3/0/0 - Adresse mit Varptr    : ";VARPTR(a$(3,0,0))
PRINT " 4/0/0 - Adresse mit Varptr    : ";VARPTR(a$(4,0,0))
PRINT STRING$(39,"-")
PRINT " 0/0/0 Adr.im 0/0/0-Descriptor : ";LPEEK(a_rrayadr%+12)
PRINT " 1/0/0 Adr.im 1/0/0-Descriptor : ";LPEEK(a_rrayadr%+18)
PRINT " 2/0/0 Adr.im 2/0/0-Descriptor : ";LPEEK(a_rrayadr%+24)
PRINT " 3/0/0 Adr.im 3/0/0-Descriptor : ";LPEEK(a_rrayadr%+30)
PRINT " 4/0/0 Adr.im 4/0/0-Descriptor : ";LPEEK(a_rrayadr%+36)
PRINT STRING$(39,"-")
PRINT " Stringl„nge 0/0/0             : ";DPEEK(a_rrayadr%+16)
PRINT " Stringl„nge 1/0/0             : ";DPEEK(a_rrayadr%+22)
PRINT " Stringl„nge 2/0/0             : ";DPEEK(a_rrayadr%+28)
PRINT " Stringl„nge 3/0/0             : ";DPEEK(a_rrayadr%+34)
PRINT " Stringl„nge 4/0/0             : ";DPEEK(a_rrayadr%+40)
PRINT STRING$(39,"-")
s_tring.0$=CHR$(PEEK(LPEEK(a_rrayadr%+12)))
PRINT " String 0/0/0                  : ";s_tring.0$
FOR i%=0 TO 1
s_tring.1$=s_tring.1$+CHR$(PEEK(LPEEK(a_rrayadr%+18)+i%))
NEXT i%
PRINT " String 1/0/0                  : ";s_tring.1$
FOR i%=0 TO 2
s_tring.2$=s_tring.2$+CHR$(PEEK(LPEEK(a_rrayadr%+24)+i%))
NEXT i%
PRINT " String 2/0/0                  : ";s_tring.2$
FOR i%=0 TO 3
s_tring.3$=s_tring.3$+CHR$(PEEK(LPEEK(a_rrayadr%+30)+i%))
NEXT i%
PRINT " String 3/0/0                  : ";s_tring.3$
FOR i%=0 TO 4
s_tring.4$=s_tring.4$+CHR$(PEEK(LPEEK(a_rrayadr%+36)+i%))
NEXT i%
PRINT " String 4/0/0                  : ";s_tring.4$
PRINT STRING$(39,"-")
PRINT " 0/0/0 - Backtrailer zeigt auf : ";LPEEK(LPEEK(a_rrayadr%+12)+2)
PRINT " 1/0/0 - Backtrailer zeigt auf : ";LPEEK(LPEEK(a_rrayadr%+18)+2)
PRINT " 2/0/0 - Backtrailer zeigt auf : ";LPEEK(LPEEK(a_rrayadr%+24)+4)
PRINT " 3/0/0 - Backtrailer zeigt auf : ";LPEEK(LPEEK(a_rrayadr%+30)+4)
PRINT " 4/0/0 - Backtrailer zeigt auf : ";LPEEK(LPEEK(a_rrayadr%+36)+6)
PRINT STRING$(39,"-")
l_aenge.3_0%=LEN(a$(3,0,0))
IF l_aenge.3_0% MOD 2<>0
INC l_aenge.3_0%
ENDIF
bt.3_0%=VARPTR(a$(3,0,0))+l_aenge.3_0%
PRINT " 3/0/0- Backtrailer zeigt auf  : ";LPEEK(bt.3_0%)
PRINT " (mit Len und Varptr ermittelt)"
PRINT STRING$(39,"-");CHR$(27);"H"
u=INP(2)
@sysfont(2)
EDIT
PROCEDURE sysfont(font%)
LOCAL code$,adr%
code$=MKL$(&HA0002009)+MKI$(&H4E75)
adr%=VARPTR(code$)
DPOKE CONTRL+2,0
DPOKE CONTRL+6,2
DPOKE CONTRL+10,102
LPOKE INTIN,LPEEK(C:adr%()+font%*4)
VDISYS 5
RETURN
