atari(*atari%,*dsymbols%,*asymbols%,*msymbols%,*fcomm%)
FOR i%=0 TO 31
LPOKE XBIOS(2)+i%*80,LPEEK(atari%+i%*4)
LPOKE XBIOS(2)+2560+i%*80,LPEEK(dsymbols%+128+i%*4)
LPOKE XBIOS(2)+5120+i%*80,LPEEK(asymbols%+i%*4)
DPOKE XBIOS(2)+7920+i%*80,DPEEK(msymbols%+10+i%*2)
NEXT i%
PRINT AT(1,7);
FOR i%=0 TO 13
PRINT CHR$(PEEK(fcomm%+i%));
NEXT i%
c$=SPACE$(74)
BMOVE msymbols%,VARPTR(c$),74
a$=MKI$(1)+MKI$(1)+MKL$(1)+MKI$(0)
BMOVE VARPTR(a$),msymbols%,10
FOR i%=0 TO 31
READ a%
DPOKE msymbols%+10+i%*2,a%
NEXT i%
DATA 65520,65520,65520,65504,65472,65504,65520,65528
DATA 65532,65534,63487,58367,511,255,127,62
DATA 0,32736,27328,21888,27392,21888,27328,23904
DATA 30384,25432,16812,214,106,54,28,0
FOR i%=0 TO 31
READ a%
LPOKE asymbols%+i%*4,a%
NEXT i%
DATA 16777152,64312672,113245872,91226968,111393192,98438872
DATA 109052008,94322264,523314046,828848611,1305162991
DATA 2077105401,1774980301,1221332165,1220807109,1219758917
DATA 1218186821,1820592205,646187851,814619078,478884044
DATA 126476920,8929856,8930880,11013184,11303232,6783360
DATA 3160832,1369600,919040,461824,129024
ALERT 1,"Neues ALERT-Symbol|u. neuer Zeiger !",1,"OH|SCHOEN",back%
a$=" * KOMMENTAR *"
BMOVE VARPTR(a$),fcomm%,14
FILESELECT "\*.*","",b$
FOR i%=0 TO 63
READ a%
LPOKE dsymbols%+i%*4,a%
NEXT i%
DATA 2147483646,-1,-1,-1,-1,-1,-1,-1,-1,-1,-1,-1,-1,-1,-1,-1
DATA -1,-1,-1,-1,-1,-1,-1,-1,-1,-1,-1,-1,-1,-1,-1,2147483646
DATA 0,1073741820,1572264822,2032439902,1380525206,1955744062
DATA 1495568982,1917396126,1418873142,2109135742,1610612726
DATA 1789569710,1431655766,1611311790,1343575382,1611311790
DATA 1343575382,1611399166,1343619126,1611661294,1431655766
DATA 2147483646,1073741830,1074265862,1341654006,1341129718
DATA 1075837958,2147483646,1073741838,1073741822,536870908,0
BMOVE dsymbols%+128,asymbols%+128,128
a$="Wenn Sie zum Desktop|zurÅckkehren, wird das|"
a$=a$+"Disketten-Symbol verÑndert|sein!"
ALERT 2,a$,1,"OKAY",b%
BMOVE VARPTR(c$),msymbols%,74
PROCEDURE atari(aptr1%,aptr2%,aptr3%,aptr4%,aptr5%)
LOCAL atari$,blen%,ipos%,ipos2%,buff$,acnt%
atari$=MKL$(&H9F90F8C)
atari$=atari$+MKL$(&H1DFB8FCC)+MKL$(&H1C638CEC)
atari$=atari$+MKL$(&H3666CCEC)+MKL$(&H3666CDCC)
atari$=atari$+MKL$(&H7F6FED8C)+MKL$(&H7F6FEDCC)
atari$=atari$+MKL$(&H636C6CEC)+MKL$(&H636C6C6C)
blen%=MIN(FRE(0)-1000,32000)
buff$=SPACE$(blen%)
FOR acnt%=0 TO INT(200000/blen%)+1
BMOVE 10000+acnt%*(blen%-40),VARPTR(buff$),blen%
ipos%=INSTR(buff$,atari$)
IF ipos%
*aptr1%=10000+acnt%*(blen%-40)+ipos%-1-88
*aptr2%=10000+acnt%*(blen%-40)+ipos%-1+3486
*aptr3%=10000+acnt%*(blen%-40)+ipos%-1-7086
*aptr4%=10000+acnt%*(blen%-40)+ipos%-1-6702
*aptr5%=10000+acnt%*(blen%-40)+ipos%-1-9304
ENDIF
EXIT IF ipos%
NEXT acnt%
RETURN
