' VDISYS 38                     -CURRENT GRAPHIC TEXT ATTRIBUTS-
'
v_h%=DPEEK(VDIBASE+40) ! fÅr V2.xx
' V_h%=V~H             ! fÅr V3.0
@gettext(v_h%,*tcol%,*tang%,*twid%,*thei%,*tbwid%,*tbhei%,*gmod%)
PRINT "     Textfarbe       : ";tcol%
PRINT "     Textwinkel      : ";tang%
PRINT "     Zeichenbreite   : ";twid%
PRINT "     Zeichenhîhe     : ";thei%
PRINT "     Zeichenboxbreite: ";tbwid%
PRINT "     Zeichenboxhîhe  : ";tbhei%
PRINT "     GRAPHMODE ";gmod%
PROCEDURE gettext(handle%,t1%,t2%,t3%,t4%,t5%,t6%,t7%)
  LOCAL buff$
  buff$=MKL$(0)+MKL$(0)+MKL$(0)+MKI$(handle%)
  BMOVE VARPTR(buff$),CONTRL,14
  VDISYS 38
  *t1%=DPEEK(INTOUT+2)
  *t2%=DPEEK(INTOUT+4)
  *t7%=DPEEK(INTOUT+10)+1
  *t3%=DPEEK(PTSOUT)
  *t4%=DPEEK(PTSOUT+2)
  *t5%=DPEEK(PTSOUT+4)
  *t6%=DPEEK(PTSOUT+6)
RETURN
