@psc
PBOX 0,0,639,399
DEFFILL ,3,10
PBOX 15,120,624,165
TEXT 32,150,STRING$(31,"*")+"scroll-demo"+STRING$(30,"*")
@scroll(16,120,624,165,-1)
PROCEDURE scroll(sc_xl%,sc_yo%,sc_xr%,sc_yu%,sc_ab%)
' ****** Nur fr HIRES ******
LOCAL sc_ln%
sc_ln%=C:sc_ad1%(sc_xl%,sc_yo%,sc_xr%,sc_yu%)
IF sc_ab%>0
HIDEM
CALL sc_ad2%(sc_ln%,sc_ab%,0)
SHOWM
ENDIF
RETURN
PROCEDURE psc
LOCAL sc_i%,sc_a$
RESTORE sc_roll.datas
VOID FRE(0)
FOR sc_i%=1 TO 74
READ sc_a$
sc_rt$=sc_rt$+MKI$(VAL("&H"+sc_a$))
NEXT sc_i%
sc_ad1%=VARPTR(sc_rt$)
sc_ad2%=sc_ad1%+86
sc_roll.datas:
DATA 3f3c,3,4e4e,548f,2040,43fa,4a,302f,8,e848,322f,4,e849
DATA 9041,e349,44c1,d1c1,3200,640,6fff,3340,20,e349,3341,26
DATA 302f,6,c0fc,50,d1c0,2348,14,302f,a,906f,6,5340,3340,1a
DATA 3001,e748,44c0,4e75,226f,6,2429,4,5382,2629,8,51cb,fffe
DATA 207c,7,8000,323c,a,3010,e350,7027,d1fc,0,50,e5e0,51c8
DATA fffc,d1fc,0,50,51c9,ffe6,51ca,ffd0,4e75
RETURN
