boot$=SPACE$(512)
VOID BIOS(4,2,L:VARPTR(boot$),1,0,0)
@showboot(boot$)
ALERT 1,"Freier Speicher :| |    "+STR$(DFREE(0))+"| ",1,"Return",a%
PROCEDURE showboot(bootsek$)
  LOCAL a$,a%,j%,i%,byte%
  a$=MKI$(&HA000)+MKI$(&H2009)+MKI$(&H4E75)
  VOID FRE(0)
  a%=VARPTR(a$)
  LPOKE INTIN,LPEEK(C:a%()+4)
  DPOKE CONTRL+2,0
  DPOKE CONTRL+6,2
  DPOKE CONTRL+10,102
  VDISYS 5
  GRAPHMODE 1
  DEFFILL ,0,0
  PBOX 3,301,225,395
  BOX 3,301,226,396
  PBOX 3,4,162,298
  BOX 3,4,163,299
  PRINT AT(2,2);"Bootsektor ";STR$(fl%)
  PRINT AT(2,3);"-------------------"
  PRINT AT(2,4);"1234567890123456"
  PRINT AT(2,5);"-------------------"
  FOR j%=0 TO 31
    PRINT AT(2,CRSLIN);
    FOR i%=0 TO 15
      byte%=PEEK(VARPTR(bootsek$)+i%+j%*16)
      IF byte%=0
        OUT 5,ASC(".")
      ELSE
        OUT 5,byte%
      ENDIF
    NEXT i%
    PRINT "|";j%+1
  NEXT j%
  PRINT AT(2,39);"Bytes pro Sektor    : ";
  PRINT CVI(MID$(bootsek$,13,1)+MID$(bootsek$,12,1))
  PRINT AT(2,40);"Sektoren pro Cluster: ";
  PRINT ASC(MID$(bootsek$,14,1))
  PRINT AT(2,41);"Reservierte Sektoren: ";
  PRINT CVI(MID$(bootsek$,16,1)+MID$(bootsek$,15,1))
  PRINT AT(2,42);"Anzahl der FATs     : ";
  PRINT ASC(MID$(bootsek$,17,1))
  PRINT AT(2,43);"max. Eintr„ge in Dir: ";
  PRINT CVI(MID$(bootsek$,19,1)+MID$(bootsek$,18,1))
  PRINT AT(2,44);"Anzahl der Sektoren : ";
  PRINT CVI(MID$(bootsek$,21,1)+MID$(bootsek$,20,1))
  PRINT AT(2,45);"Media Descriptor    : ";
  PRINT ASC(MID$(bootsek$,22,1))
  PRINT AT(2,46);"Sektoren pro FAT    : ";
  PRINT CVI(MID$(bootsek$,24,1)+MID$(bootsek$,23,1))
  PRINT AT(2,47);"Sektoren pro Track  : ";
  PRINT CVI(MID$(bootsek$,26,1)+MID$(bootsek$,25,1))
  PRINT AT(2,48);"Seiten pro Disk     : ";
  PRINT CVI(MID$(bootsek$,28,1)+MID$(bootsek$,27,1))
  PRINT AT(2,49);"versteckte Sektoren : ";
  PRINT CVI(MID$(bootsek$,30,1)+MID$(bootsek$,29,1))
  VOID FRE(0)
  a%=VARPTR(a$)
  LPOKE INTIN,LPEEK(C:a%()+8)
  VDISYS 5
RETURN
