klocka
PROCEDURE klocka
  HIDEM
  x=50
  y=50
  GET x-52,y-52,x+52,y+52,klocka$
  DEFTEXT 1,,,4
  FOR time=1 TO 12
    tt=(time)*30*(PI/180)-(PI/2)
    TEXT 45*COS(tt)+x-4,45*SIN(tt)+y,STR$(time)
  NEXT time
  REPEAT
    s=VAL(RIGHT$(TIME$,2))-15
    IF s<>sek
      tid
    ENDIF
  UNTIL MOUSEK
  PUT x-52,y-52,klocka$
  SHOWM
  DEFTEXT 1,,,13
RETURN
> PROCEDURE timmar
  COLOR 0
  LINE x+1,y,25*COS(tt)+x+1,25*SIN(tt)+y
  LINE x,y+1,25*COS(tt)+x,25*SIN(tt)+y+1
  LINE x+1,y+1,25*COS(tt)+x+1,25*SIN(tt)+y+1
  COLOR 1
  tt=(tim)*30*(PI/180)-(PI/2)
  LINE x+1,y,25*COS(tt)+x+1,25*SIN(tt)+y
  LINE x,y+1,25*COS(tt)+x,25*SIN(tt)+y+1
  LINE x+1,y+1,25*COS(tt)+x+1,25*SIN(tt)+y+1
RETURN
> PROCEDURE minuter
  COLOR 0
  LINE x+1,y,35*COS(mm)+x+1,35*SIN(mm)+y
  LINE x,y+1,35*COS(mm)+x,35*SIN(mm)+y+1
  LINE x+1,y+1,35*COS(mm)+x+1,35*SIN(mm)+y+1
  mm=min*(PI/30)
  COLOR 1
  LINE x+1,y,35*COS(mm)+x+1,35*SIN(mm)+y
  LINE x,y+1,35*COS(mm)+x,35*SIN(mm)+y+1
  LINE x+1,y+1,35*COS(mm)+x+1,35*SIN(mm)+y+1
RETURN
> PROCEDURE tid
  sek=VAL(RIGHT$(TIME$,2))-15
  m=(sek+15)/60
  min=VAL(MID$(TIME$,4,2))-15+m
  t=(min+15-m)/60
  tim=VAL(LEFT$(TIME$,2))+t
  COLOR 0
  b=(sek-2)*PI/30
  LINE x,y,35*COS(b)+x,35*SIN(b)+y
  COLOR 1
  a=sek*PI/30
  LINE x,y,35*COS(a)+x,35*SIN(a)+y
  minuter
  timmar
RETURN
