DIM color%(16)
FOR i%=0 TO 15
  READ color%(i%)
NEXT i%
DATA 0,2,3,6,4,7,5,8,9,10,11,14,12,15,13,1
FOR i%=0 TO 15
  READ c%
  SETCOLOR i%,c%
NEXT i%
DATA $000,$200,$210,$311,$321,$422,$432,$533
DATA $543,$644,$654,$755,$765,$765,$777,$777
'
'
DIM a$(32)
FOR bar%=0 TO 31
  CLS
  FOR col%=0 TO bar%
    READ c%
    COLOR color%(c%)
    LINE col%,0,col%,1  ! COL%+(32-BAR%)/2
  NEXT col%
  GET 0,0,31,0,a$(bar%)
NEXT bar%
CLS
FOR i%=0 TO 31
  PUT 0,i%,a$(i%)
NEXT i%
~INP(2)
DATA 1
DATA 1,1
DATA 1,2,1
DATA 1,2,2,1
DATA 1,2,3,2,1
DATA 1,2,3,3,2,1
DATA 1,2,3,4,3,2,1
DATA 1,2,3,4,4,3,2,1
DATA 1,2,3,4,5,4,3,2,1
DATA 1,2,3,4,5,5,4,3,2,1
DATA 1,2,3,4,5,6,5,4,3,2,1
DATA 1,2,3,4,5,6,6,5,4,3,2,1
DATA 1,2,3,4,5,6,7,6,5,4,3,2,1
DATA 1,2,3,4,5,6,7,7,6,5,4,3,2,1
DATA 1,2,3,4,5,6,7,8,7,6,5,4,3,2,1
DATA 1,2,3,4,5,6,7,8,8,7,6,5,4,3,2,1
DATA 1,2,3,4,5,6,7,8,9,8,7,6,5,4,3,2,1
DATA 1,2,3,4,5,6,7,8,9,9,8,7,6,5,4,3,2,1
DATA 1,2,3,4,5,6,7,8,9,10,9,8,7,6,5,4,3,2,1
DATA 1,2,3,4,5,6,7,8,9,10,10,9,8,7,6,5,4,3,2,1
DATA 1,2,3,4,5,6,7,8,9,10,11,10,9,8,7,6,5,4,3,2,1
DATA 1,2,3,4,5,6,7,8,9,10,11,11,10,9,8,7,6,5,4,3,2,1
DATA 1,2,3,4,5,6,7,8,9,10,11,12,11,10,9,8,7,6,5,4,3,2,1
DATA 1,2,3,4,5,6,7,8,9,10,11,12,12,11,10,9,8,7,6,5,4,3,2,1
DATA 1,2,3,4,5,6,7,8,9,10,11,12,13,12,11,10,9,8,7,6,5,4,3,2,1
DATA 1,2,3,4,5,6,7,8,9,10,11,12,13,13,12,11,10,9,8,7,6,5,4,3,2,1
DATA 1,2,3,4,5,6,7,8,9,10,11,12,13,14,13,12,11,10,9,8,7,6,5,4,3,2,1
DATA 1,2,3,4,5,6,7,8,9,10,11,12,13,14,14,13,12,11,10,9,8,7,6,5,4,3,2,1
DATA 1,2,3,4,5,6,7,8,9,10,11,12,13,14,15,14,13,12,11,10,9,8,7,6,5,4,3,2,1
DATA 1,2,3,4,5,6,7,8,9,10,11,12,13,14,15,15,14,13,12,11,10,9,8,7,6,5,4,3,2,1
DATA 1,2,3,4,5,6,7,8,9,10,11,12,13,14,15,15,15,14,13,12,11,10,9,8,7,6,5,4,3,2,1
DATA 1,2,3,4,5,6,7,8,9,10,11,12,13,14,15,15,15,15,14,13,12,11,10,9,8,7,6,5,4,3,2,1
