HiSoft GenST 680x0 Macro Assembler v2.08D  05/12/98  15:22:20  Sage 1



    1 T  00000000                      ; Patch fÅr Boot von ATAPI-Laufwerken
    2 T  00000000                      ; Installiert XBIOS-Anpassung von DMAREAD() und DMAWRITE()
    3 T  00000000                      
    4 T  7FE60000                                     org $7fe60000
    5 T  7FE60000                      
    6 T  7FE60000 43F9FFF00000         atapi:         lea.l      $fff00000,a1
    7 T  7FE60006                      
    8 T  7FE60006 102F000F                            move.b     $f(sp),d0    ; device
    9 T  7FE6000A 41F900000AA2                        lea.l      $aa2,a0      ; buffer
   10 T  7FE60010 02000007                            andi.b     #7,d0
   11 T  7FE60014 E908                                lsl.b      #4,d0
   12 T  7FE60016 000000A0                            ori.b      #$a0,d0      ; for compatibility to old IDE-Drives
   13 T  7FE6001A 13400019                            move.b     d0,$19(a1)   ; set drive
   14 T  7FE6001E                      
   15 T  7FE6001E 610000EA                            bsr        atbusy
   16 T  7FE60022 4A40                                tst.w      d0
   17 T  7FE60024 6B000110                            bmi        aterror
   18 T  7FE60028                      
   19 T  7FE60028 137C00010009                        move.b     #1,9(a1)
   20 T  7FE6002E 137C0001000D                        move.b     #1,$d(a1)
   21 T  7FE60034 137C00000011                        move.b     #0,$11(a1)
   22 T  7FE6003A 137C00000015                        move.b     #0,$15(a1)
   23 T  7FE60040 137C00000039                        move.b     #0,$39(a1)
   24 T  7FE60046 137C00EC001D                        move.b     #$ec,$1d(a1)  ; identify device
   25 T  7FE6004C 610000BC                            bsr        atbusy        ; ready for new command ?
   26 T  7FE60050 4A40                                tst.w      d0
   27 T  7FE60052 6B0000E2                            bmi        aterror
   28 T  7FE60056                             
   29 T  7FE60056 0C2900010009                        cmpi.b     #1,9(a1)      ; signature-test
   30 T  7FE6005C 660002D6                            bne        idefound      ; no atapi
   31 T  7FE60060 0C290001000D                        cmpi.b     #1,$d(a1)
   32 T  7FE60066 660002CC                            bne        idefound      ; no atapi
   33 T  7FE6006A                      
   34 T  7FE6006A 0C2900140011                        cmpi.b     #$14,$11(a1)
   35 T  7FE60070 660002C2                            bne        idefound      ; no atapi
   36 T  7FE60074 0C2900EB0015                        cmpi.b     #$eb,$15(a1)
   37 T  7FE6007A 660002B8                            bne        idefound      ; no atapi
   38 T  7FE6007E                      
   39 T  7FE6007E 610000E0                            bsr        atfehler
   40 T  7FE60082 4A00                                tst.b      d0
   41 T  7FE60084 660002DE                            bne        mediaerr
   42 T  7FE60088 7404                                moveq.l    #4,d2         ; trialcounter
   43 T  7FE6008A 08290003001D                        btst       #3,$1d(a1)
   44 T  7FE60090 6704                                beq.s      nextatread
   45 T  7FE60092 610001F8                            bsr        readout
   46 T  7FE60096                      nextatread:   
   47 T  7FE60096 3F02                                move.w     d2,-(sp)
   48 T  7FE60098 3F2F0010                            move.w     $10(sp),-(sp)      ; devno
   49 T  7FE6009C 2F2F000E                            move.l     $e(sp),-(sp)       ; buffer
   50 T  7FE600A0 3F2F0010                            move.w     $10(sp),-(sp)      ; count
   51 T  7FE600A4 2F2F000E                            move.l     $e(sp),-(sp)       ; startsector
   52 T  7FE600A8 4A3900000AA0                        tst.b      $aa0
   53 T  7FE600AE 6606                                bne.s      atgotowr      ; to write_atapi
   54 T  7FE600B0 6100014E                            bsr        atapiread
   55 T  7FE600B4 6004                                bra.s      atgoend
   56 T  7FE600B6 610000BE             atgotowr:      bsr        atapiwrite
   57 T  7FE600BA DEFC000C             atgoend:       adda.w     #$c,sp
HiSoft GenST 680x0 Macro Assembler v2.08D  05/12/98  15:22:20  Sage 2



   58 T  7FE600BE 341F                                move.w     (sp)+,d2
   59 T  7FE600C0 4A00                                tst.b      d0
   60 T  7FE600C2 6B72                                bmi.s      aterror
   61 T  7FE600C4 67000290                            beq        atokex
   62 T  7FE600C8 0C000006                            cmpi.b     #6,d0
   63 T  7FE600CC 66000026                            bne        aterrex
   64 T  7FE600D0 61000038                            bsr        atbusy
   65 T  7FE600D4 4A40                                tst.w      d0
   66 T  7FE600D6 6B5E                                bmi.s      aterror
   67 T  7FE600D8 610001C0                            bsr        req_sense
   68 T  7FE600DC 6100002C                            bsr        atbusy
   69 T  7FE600E0 4A40                                tst.w      d0
   70 T  7FE600E2 6B52                                bmi.s      aterror
   71 T  7FE600E4 610001D2                            bsr        inquiry
   72 T  7FE600E8 61000020                            bsr        atbusy
   73 T  7FE600EC 4A40                                tst.w      d0
   74 T  7FE600EE 6B46                                bmi.s      aterror
   75 T  7FE600F0 51CAFFA4                            dbra       d2,nextatread
   76 T  7FE600F4 6000026E             aterrex:       bra        mediaerr
   77 T  7FE600F8                      
   78 T  7FE600F8 7004                 atwait:        moveq.l    #4,d0
   79 T  7FE600FA D0B9000004BA                        add.l      $4ba,d0
   80 T  7FE60100 B0B9000004BA         atwloop:       cmp.l      $4ba,d0
   81 T  7FE60106 62F8                                bhi.s      atwloop
   82 T  7FE60108 4E75                                rts        
   83 T  7FE6010A                      
   84 T  7FE6010A 6100FFEC             atbusy:        bsr        atwait
   85 T  7FE6010E 1039FFFFFA01                        move.b     $fffffa01,d0
   86 T  7FE60114 10290039                            move.b     $39(a1),d0
   87 T  7FE60118 203C000007D0                        move.l     #$7d0,d0
   88 T  7FE6011E D0B9000004BA                        add.l      $4ba,d0
   89 T  7FE60124 1229001D             atbusyloop:    move.b     $1d(a1),d1
   90 T  7FE60128 08010007                            btst       #7,d1
   91 T  7FE6012C 670C                                beq.s      atreadyex
   92 T  7FE6012E B0B9000004BA                        cmp.l      $4ba,d0
   93 T  7FE60134 62EE                                bhi.s      atbusyloop
   94 T  7FE60136 70FF                 aterror:       moveq.l    #-1,d0
   95 T  7FE60138 4E75                                rts        
   96 T  7FE6013A 7000                 atreadyex:     moveq.l    #0,d0
   97 T  7FE6013C 4E75                                rts        
   98 T  7FE6013E                                     
   99 T  7FE6013E 203C000007D0         readywait:     move.l  #$7d0,d0
  100 T  7FE60144 D0B9000004BA                        add.l   $4ba,d0
  101 T  7FE6014A 1229001D             rdyloop:       move.b  $1d(a1),d1
  102 T  7FE6014E 02010088                            and.b   #$88,d1
  103 T  7FE60152 4A01                                tst.b   d1
  104 T  7FE60154 6708                                beq.s   exrdy
  105 T  7FE60156 B0B9000004BA                        cmp.l   $4ba,d0
  106 T  7FE6015C 62EC                                bhi.s   rdyloop
  107 T  7FE6015E 4E75                 exrdy:         rts
  108 T  7FE60160                                     
  109 T  7FE60160 6100FF96             atfehler:      bsr        atwait
  110 T  7FE60164 1029001D                            move.b     $1d(a1),d0
  111 T  7FE60168 08000000                            btst       #0,d0
  112 T  7FE6016C 67CC                                beq.s      atreadyex
  113 T  7FE6016E 10290005                            move.b     5(a1),d0
  114 T  7FE60172 E808                                lsr.b      #4,d0
HiSoft GenST 680x0 Macro Assembler v2.08D  05/12/98  15:22:20  Sage 3



  115 T  7FE60174 4E75                 atfehex:       rts        
  116 T  7FE60176                      
  117 T  7FE60176 43F9FFF00000         atapiwrite:    lea.l      $fff00000,a1
  118 T  7FE6017C 302F000E                            move.w     $e(sp),d0     ;devno
  119 T  7FE60180 02000007                            andi.b     #7,d0
  120 T  7FE60184 E908                                lsl.b      #4,d0
  121 T  7FE60186 000000A0                            ori.b      #$a0,d0      ; for compatibility to old IDE-Drives
  122 T  7FE6018A 13400019                            move.b     d0,$19(a1)
  123 T  7FE6018E 137C00000039                        move.b     #0,$39(a1)
  124 T  7FE60194 61000140                            bsr        atcmd_strt
  125 T  7FE60198 4A40                                tst.w      d0
  126 T  7FE6019A 6B9A                                bmi.s      aterror
  127 T  7FE6019C 206F000A                            move.l     $a(sp),a0     ; buffer
  128 T  7FE601A0 32BC002A                            move.w     #$2a,(a1)     ; atapi-write
  129 T  7FE601A4 222F0004                            move.l     4(sp),d1      ; logical sector
  130 T  7FE601A8 4841                                swap.w     d1
  131 T  7FE601AA E159                                rol.w      #8,d1
  132 T  7FE601AC 3281                                move.w     d1,(a1)       ; adress msb
  133 T  7FE601AE 4841                                swap.w     d1
  134 T  7FE601B0 E159                                rol.w      #8,d1
  135 T  7FE601B2 3281                                move.w     d1,(a1)       ; adress lsb
  136 T  7FE601B4 322F0008                            move.w     8(sp),d1      ; count
  137 T  7FE601B8 3001                                move.w     d1,d0
  138 T  7FE601BA 0240FF00                            andi.w     #$ff00,d0
  139 T  7FE601BE 3280                                move.w     d0,(a1)       ; count msb
  140 T  7FE601C0 024100FF                            andi.w     #$ff,d1
  141 T  7FE601C4 3281                                move.w     d1,(a1)       ; count lsb
  142 T  7FE601C6 32BC0000                            move.w     #0,(a1)
  143 T  7FE601CA 342F0008                            move.w     8(sp),d2
  144 T  7FE601CE 5342                                subq.w     #1,d2
  145 T  7FE601D0 6100FF26                            bsr        atwait
  146 T  7FE601D4 6100FF8A             wcntloop:      bsr        atfehler
  147 T  7FE601D8 4A00                                tst.b      d0
  148 T  7FE601DA 6622                                bne.s      atwrexit
  149 T  7FE601DC 6100FF2C                            bsr        atbusy
  150 T  7FE601E0 4A40                                tst.w      d0
  151 T  7FE601E2 6B00FF52                            bmi        aterror
  152 T  7FE601E6 303C00FF                            move.w     #$ff,d0
  153 T  7FE601EA 3218                 atwdata:       move.w     (a0)+,d1
  154 T  7FE601EC E159                                rol.w      #8,d1
  155 T  7FE601EE 3281                                move.w     d1,(a1)
  156 T  7FE601F0 51C8FFF8                            dbra       d0,atwdata
  157 T  7FE601F4 51CAFFDE                            dbra       d2,wcntloop
  158 T  7FE601F8 6100FF44                            bsr        readywait
  159 T  7FE601FC 7000                                moveq.l    #0,d0
  160 T  7FE601FE 4E75                 atwrexit:      rts        
  161 T  7FE60200                      
  162 T  7FE60200 43F9FFF00000         atapiread:     lea.l      $fff00000,a1
  163 T  7FE60206 302F000E                            move.w     $e(sp),d0     ; devno
  164 T  7FE6020A 02000007                            andi.b     #7,d0
  165 T  7FE6020E E908                                lsl.b      #4,d0
  166 T  7FE60210 000000A0                            ori.b      #$a0,d0       ; for compatibility to old IDE-Drives
  167 T  7FE60214 13400019                            move.b     d0,$19(a1)
  168 T  7FE60218 137C00000039                        move.b     #0,$39(a1)
  169 T  7FE6021E 610000B6                            bsr        atcmd_strt
  170 T  7FE60222 4A40                                tst.w      d0
  171 T  7FE60224 6B00FF10                            bmi        aterror
HiSoft GenST 680x0 Macro Assembler v2.08D  05/12/98  15:22:20  Sage 4



  172 T  7FE60228 206F000A                            move.l     $a(sp),a0     ; buffer
  173 T  7FE6022C 32BC0028                            move.w     #$28,(a1)     ; atapi-read
  174 T  7FE60230 222F0004                            move.l     4(sp),d1      ; logical sector
  175 T  7FE60234 4841                                swap.w     d1
  176 T  7FE60236 E159                                rol.w      #8,d1
  177 T  7FE60238 3281                                move.w     d1,(a1)       ; adress msb
  178 T  7FE6023A 4841                                swap.w     d1
  179 T  7FE6023C E159                                rol.w      #8,d1
  180 T  7FE6023E 3281                                move.w     d1,(a1)       ; adress lsb
  181 T  7FE60240 322F0008                            move.w     8(sp),d1      ; count
  182 T  7FE60244 3001                                move.w     d1,d0
  183 T  7FE60246 0240FF00                            andi.w     #$ff00,d0
  184 T  7FE6024A 3280                                move.w     d0,(a1)       ; count msb
  185 T  7FE6024C 024100FF                            andi.w     #$ff,d1
  186 T  7FE60250 3281                                move.w     d1,(a1)       ; count lsb
  187 T  7FE60252 32BC0000                            move.w     #0,(a1)
  188 T  7FE60256 342F0008                            move.w     8(sp),d2
  189 T  7FE6025A 5342                                subq.w     #1,d2
  190 T  7FE6025C 6100FE9A                            bsr        atwait
  191 T  7FE60260 6100FEFE             rcntloop:      bsr        atfehler
  192 T  7FE60264 4A00                                tst.b      d0
  193 T  7FE60266 6622                                bne.s      atrdexit
  194 T  7FE60268 6100FEA0                            bsr        atbusy
  195 T  7FE6026C 4A40                                tst.w      d0
  196 T  7FE6026E 6B00FEC6                            bmi        aterror
  197 T  7FE60272 303C00FF                            move.w     #$ff,d0
  198 T  7FE60276 3211                 atrdata:       move.w     (a1),d1
  199 T  7FE60278 E159                                rol.w      #8,d1
  200 T  7FE6027A 30C1                                move.w     d1,(a0)+
  201 T  7FE6027C 51C8FFF8                            dbra       d0,atrdata
  202 T  7FE60280 51CAFFDE                            dbra       d2,rcntloop
  203 T  7FE60284 6100FEB8                            bsr        readywait
  204 T  7FE60288 7000                                moveq.l    #0,d0
  205 T  7FE6028A 4E75                 atrdexit:      rts        
  206 T  7FE6028C                      
  207 T  7FE6028C 2F08                 readout:       move.l     a0,-(sp)
  208 T  7FE6028E 707F                                moveq.l    #$7f,d0
  209 T  7FE60290 20D1                 rdodata:       move.l     (a1),(a0)+
  210 T  7FE60292 51C8FFFC                            dbra       d0,rdodata
  211 T  7FE60296 205F                                movea.l    (sp)+,a0
  212 T  7FE60298 4E75                                rts        
  213 T  7FE6029A                      
  214 T  7FE6029A 6100003A             req_sense:     bsr        atcmd_strt
  215 T  7FE6029E 4A40                                tst.w      d0
  216 T  7FE602A0 6B00FE94                            bmi        aterror
  217 T  7FE602A4 32BC0003                            move.w     #$3,(a1)
  218 T  7FE602A8 32BC0000                            move.w     #0,(a1)
  219 T  7FE602AC 3F3C0012                            move.w     #$12,-(sp)
  220 T  7FE602B0 6100004E                            bsr        atcmd_main
  221 T  7FE602B4 544F                                addq.w     #2,sp
  222 T  7FE602B6 4E75                                rts        
  223 T  7FE602B8                      
  224 T  7FE602B8 6100001C             inquiry:       bsr        atcmd_strt
  225 T  7FE602BC 4A40                                tst.w      d0
  226 T  7FE602BE 6B00FE76                            bmi        aterror
  227 T  7FE602C2 32BC0012                            move.w     #$12,(a1)
  228 T  7FE602C6 32BC0000                            move.w     #0,(a1)
HiSoft GenST 680x0 Macro Assembler v2.08D  05/12/98  15:22:20  Sage 5



  229 T  7FE602CA 3F3C0024                            move.w     #36,-(sp)
  230 T  7FE602CE 61000030                            bsr        atcmd_main
  231 T  7FE602D2 544F                                addq.w     #2,sp
  232 T  7FE602D4 4E75                                rts        
  233 T  7FE602D6                      
  234 T  7FE602D6 137C00000005         atcmd_strt:    move.b     #0,5(a1)
  235 T  7FE602DC 137C00000009                        move.b     #0,9(a1)
  236 T  7FE602E2 137C00000011                        move.b     #0,$11(a1)
  237 T  7FE602E8 137C00020015                        move.b     #2,$15(a1)    ; sector-nummer
  238 T  7FE602EE 137C00A0001D                        move.b     #$a0,$1d(a1)  ; packed-command
  239 T  7FE602F4 6100FE14                            bsr        atbusy
  240 T  7FE602F8 4A40                                tst.w      d0
  241 T  7FE602FA 6B00FE3A                            bmi        aterror
  242 T  7FE602FE 4E75                                rts        
  243 T  7FE60300                      
  244 T  7FE60300 32AF0004             atcmd_main:    move.w     4(sp),(a1)
  245 T  7FE60304 32BC0000                            move.w     #0,(a1)
  246 T  7FE60308 32BC0000                            move.w     #0,(a1)
  247 T  7FE6030C 32BC0000                            move.w     #0,(a1)
  248 T  7FE60310 6100FE4E                            bsr        atfehler
  249 T  7FE60314 4A00                                tst.b      d0
  250 T  7FE60316 661A                                bne.s      atcmdex
  251 T  7FE60318 6100FDF0                            bsr        atbusy
  252 T  7FE6031C 4A40                                tst.w      d0
  253 T  7FE6031E 6B00FE16                            bmi        aterror
  254 T  7FE60322 302F0004                            move.w     4(sp),d0
  255 T  7FE60326 E248                                lsr.w      #1,d0
  256 T  7FE60328 5340                                subq.w     #1,d0
  257 T  7FE6032A 3211                 atgetdat:      move.w     (a1),d1
  258 T  7FE6032C 51C8FFFC                            dbra       d0,atgetdat
  259 T  7FE60330 7000                                moveq.l    #0,d0
  260 T  7FE60332 4E75                 atcmdex:       rts        
  261 T  7FE60334                      
  262 T  7FE60334 6100003A             idefound:      bsr        devready  ; device ready ?
  263 T  7FE60338 4A00                                tst.b      d0
  264 T  7FE6033A 672E                                beq.s      timeout
  265 T  7FE6033C 6100FE22                            bsr        atfehler
  266 T  7FE60340 4A00                                tst.b      d0
  267 T  7FE60342 6620                                bne.s      mediaerr
  268 T  7FE60344 1029001D                            move.b     $1d(a1),d0
  269 T  7FE60348 08000003                            btst       #3,d0
  270 T  7FE6034C 6704                                beq.s      idefound2
  271 T  7FE6034E 6100FF3C                            bsr        readout
  272 T  7FE60352 7000                 idefound2:     moveq.l    #0,d0
  273 T  7FE60354 6008                                bra.s      init_dev_par
  274 T  7FE60356 7000                 atokex:        moveq.l    #0,d0
  275 T  7FE60358 4EF97FE01990                        jmp        $7fe01990  ; jump to flush cache,errortest
  276 T  7FE6035E 4EF97FE01932         init_dev_par:  jmp        $7fe01932  ; jump to wait,init device param
  277 T  7FE60364 4EF97FE019A8         mediaerr:      jmp        $7fe019a8  ; jump to errorcode "read/write fault"
  278 T  7FE6036A 4EF97FE019B6         timeout:       jmp        $7fe019b6  ; jump to errorcode "unknown device"
  279 T  7FE60370 4EB97FE01ECE         devready:      jsr        $7fe01ece  ; test device ready without sel.dev
  280 T  7FE60376 4E75                                rts

