HiSoft GenST 680x0 Macro Assembler v2.08D  03/12/98  12:11:30  Sage 1



    1 T  00000000                      ; Dieser Patch verÑndert folgende Bereiche der Bootroutine:
    2 T  00000000                      
    3 T  00000000                      ; Bildschirmausgabe des Bootlaufwerks 
    4 T  00000000                      
    5 T  00000000                      ; Patch des Rootprogramms von HDDRIVER fÅr Atapi-Laufwerke
    6 T  00000000                      ; Normalerweise werden IDE-Laufwerke vom Rootprogramm direkt angesprochen.
    7 T  00000000                      ; Das ist aber nicht nîtig,da TOS3.06 bereits die Funktion DMAREAD() mit
    8 T  00000000                      ; IDE-UnterstÅtzung bietet.Auûerdem lassen sich Atapi-Laufwerke mit den
    9 T  00000000                      ; IDE-Routinen des Rootprogramms nicht korrekt ansprechen. Daher wird die
   10 T  00000000                      ; Abfrage auf IDE aus dem Rootprogramm entfernt,damit die Funktion DMAREAD()
   11 T  00000000                      ; benutzt wird.Die Funktion DMAREAD() muû zusÑtzlich fÅr ATAPI-Laufwerke
   12 T  00000000                      ; modifiziert werden.DafÅr ist der Patch ATAPI.S anzuwenden. 
   13 T  00000000                      
   14 T  7FE60400                                org   $7fe60400
   15 T  7FE60400                      
   16 T  7FE60400 48E7FFFE                       movem.l       d0-a6,-(sp)
   17 T  7FE60404 3F04                           move.w        d4,-(sp)
   18 T  7FE60406 487A00AC                       pea           lfwtxt(pc)
   19 T  7FE6040A 3F3C0009                       move.w        #9,-(sp)
   20 T  7FE6040E 4E41                           trap          #1
   21 T  7FE60410 5C4F                           addq.w        #6,sp
   22 T  7FE60412 3F3CFFFF                       move.w        #-1,-(sp) 
   23 T  7FE60416 3F3C000B                       move.w        #11,-(sp)    ; KBSHIFT 
   24 T  7FE6041A 4E4D                           trap          #13 
   25 T  7FE6041C 588F                           addq.l        #4,a7 
   26 T  7FE6041E 08000003                       btst          #3,d0        ; ALT-Taste gedrÅckt ?
   27 T  7FE60422 6708                           beq.s         nfloppy      ; dann dorthin...
   28 T  7FE60424 548F                           addq.l        #2,sp
   29 T  7FE60426 487A00AA                       pea           floppytxt(pc)    ; boot von floppy melden
   30 T  7FE6042A 604A                           bra.s         txtout2
   31 T  7FE6042C 3817                 nfloppy:  move.w        (sp),d4
   32 T  7FE6042E B83C0008                       cmp.b         #8,d4
   33 T  7FE60432 6C0A                           bge.s         noacsi
   34 T  7FE60434 3F3C0030                       move.w        #48,-(sp)
   35 T  7FE60438 487A0088                       pea           acsitxt(pc)      ; boot von ACSI melden 
   36 T  7FE6043C 6018                           bra.s         txtout1
   37 T  7FE6043E B83C0010             noacsi:   cmp.b         #$10,d4
   38 T  7FE60442 6C0A                           bge.s         noscsi
   39 T  7FE60444 3F3C0028                       move.w        #40,-(sp)
   40 T  7FE60448 487A007E                       pea           scsitxt(pc)      ; boot von SCSI melden
   41 T  7FE6044C 6008                           bra.s         txtout1
   42 T  7FE6044E 3F3C0020             noscsi:   move.w        #32,-(sp)
   43 T  7FE60452 487A007A                       pea           idetxt(pc)       ; boot von IDE melden
   44 T  7FE60456 3F3C0009             txtout1:  move.w        #9,-(sp)
   45 T  7FE6045A 4E41                           trap          #1
   46 T  7FE6045C 5C4F                           addq.w        #6,sp
   47 T  7FE6045E 301F                           move.w        (sp)+,d0
   48 T  7FE60460 381F                           move.w        (sp)+,d4
   49 T  7FE60462 D004                           add.b         d4,d0
   50 T  7FE60464 3F00                           move.w        d0,-(sp)
   51 T  7FE60466 3F3C0002                       move.w        #2,-(sp)
   52 T  7FE6046A 3F3C0003                       move.w        #3,-(sp)
   53 T  7FE6046E 4E4D                           trap          #13
   54 T  7FE60470 5C4F                           addq.w        #6,sp
   55 T  7FE60472 487A006C                       pea           extext(pc)
   56 T  7FE60476 3F3C0009             txtout2:  move.w        #9,-(sp)
   57 T  7FE6047A 4E41                           trap          #1
HiSoft GenST 680x0 Macro Assembler v2.08D  03/12/98  12:11:30  Sage 2



   58 T  7FE6047C 5C4F                           addq.w        #6,sp
   59 T  7FE6047E 4CDF7FFF                       movem.l       (sp)+,d0-a6
   60 T  7FE60482 2079000004C6                   movea.l       $4c6,a0
   61 T  7FE60488 0C68080400BE                   cmp.w         #$0804,$be(a0)      ; Rootprogramm von HDDRIVER ? 
   62 T  7FE6048E 6618                           bne.s         ndmaptch            ; wenn nein,kein patch
   63 T  7FE60490 0CA80004661400C0               cmp.l         #$00046614,$c0(a0)  ; Rootprogramm von HDDRIVER ? 
   64 T  7FE60498 660E                           bne.s         ndmaptch            ; wenn nein,kein patch
   65 T  7FE6049A 317C4E7100BE                   move.w        #$4e71,$be(a0)      ; nop einsetzen fÅr Zugriff via DMAREAD 
   66 T  7FE604A0 217C4E714E7100C0               move.l        #$4e714e71,$c0(a0)  ; nop einsetzen fÅr Zugriff via DMAREAD
   67 T  7FE604A8 263C444D4172         ndmaptch: move.l        #$444d4172,d3
   68 T  7FE604AE 4EF97FE00B9E                   jmp           $7fe00b9e
   69 T  7FE604B4                      
   70 T  7FE604B4 0D0A                 lfwtxt:         dc.b 13,10
   71 T  7FE604B6 626F6F74                             dc.b "boot"
   72 T  7FE604BA 2066726F6D20                         dc.b " from "
   73 T  7FE604C0 0000                                 dc.b 0,0
   74 T  7FE604C2 414353490000         acsitxt:        dc.b "ACSI",0,0
   75 T  7FE604C8 534353490000         scsitxt:        dc.b "SCSI",0,0
   76 T  7FE604CE 49444500             idetxt:         dc.b "IDE",0
   77 T  7FE604D2 464C4F505059         floppytxt:      dc.b "FLOPPY"
   78 T  7FE604D8 202E2E2E                             dc.b " ..."
   79 T  7FE604DC 0D0A0000                             dc.b 13,10,0,0
   80 T  7FE604E0 202E2E2E0D0A0000     extext:         dc.b " ...",13,10,0,0
   81 T  7FE604E8                      
   82 T  7FE604E8                      

