DEFFN protobt(buf%,serialno%,disktype%,execflag)=XBIOS(18,L:buf%,L:serialno%,disktype%,execflag%)
' baut einen Bootsektor im Speicher auf
'     buf%
' zeigt auf einen 512Bytes langen Bereich, in dem der neue Bootsektor
' stehen wird
'     serialno%
' -1        selbe Nummer wie letztes Mal
' >$FFFFFF  zufällige Nummer berechnen
' sonst     neue Seriennummer
'     disktype%
' -1        nicht verändern
'  0        40 Tracks, 1 Seite,  180K
'  1        40 Tracks, 2 Seiten, 360K, MS-DOS Standard
'  2        80 Tracks, 1 Seite,  360K
'  3        80 Tracks, 2 Seiten, 720K
'     execflag%
' -1        nicht ändern
'  0        Bootsektor nicht ausführbar
'  1        Bootsektor ausführbar
'
