rem ---GLEE defs for Dave Bonk Demo---

formsize=19880
form$=string$(formsize," ")
formloc=VARPTR(form$)
dim smfd%(6),dmfd%(6),param%(9),pal%(16)
smfd%(0)=formloc
smfd%(1)=448 ! Pixel width
smfd%(2)=355 ! Pixel Height
smfd%(3)=28 ! Word width
smfd%(4)=0 ! 0=ST, 1=VDI
smfd%(5)=1 ! Planes
total=20 ! Total # of defs
rem ---Pallet---
data &777,&000,&000,&000,&000,&000,&000,&000,&000,&000,&000,&000,&000,&000,&000,&000

rem ---GLEE block definitions--- 

rem x,y,w,h,xo,yo
rem ---Definition Indexes---
DAVE01=0
DAVE02=1
DAVE03=2
DAVE04=3
DAVE05=4
DAVE06=5
DAVE07=6
DAVE08=7
DAVE09=8
DAVE10=9
DAVE11=10
DAVE12=11
DAVE13=12
DAVE14=13
DAVE15=14
DAVE16=15
OWLLC=16
OWLRC=17
OWULC=18
OWURC=19

rem ---Definition DATA---

data 186,257,69,98,0,0
data 101,177,78,94,-6,2
data 263,0,84,85,-10,4
data 0,145,94,76,-12,6
data 0,69,97,69,-14,14
data 354,206,94,78,-11,9
data 102,0,85,83,-13,7
data 101,83,75,94,-5,2
data 194,94,69,97,0,1
data 270,85,77,95,-2,4
data 266,194,84,85,-3,5
data 256,279,94,76,-12,12
data 0,221,98,68,-14,17
data 353,68,95,78,-13,10
data 101,271,85,84,-4,8
data 187,0,76,94,0,3
data 0,0,102,69,-112,94
data 0,289,101,66,83,87
data 350,284,98,71,-115,-60
data 347,0,101,68,91,-35
