'   **                                                          **
'   ** Use Of FOR ... NEXT Loop To Point PLOT Ellipse Or Circle **
'   **                (Should Be Run In Low Res)                **
'   **                                                          **
'   **         Same as ELLIPSE x_or%,y_or%,x_rad%,r_rad%        **
'   **               but good demo of use of loop               **
'   **                                                          **
'
' *** Set Parameters Or 'Control Values' ***
speed=0.03                                  ! Higher>>Faster & Lower>>Smoother
x_or%=159                                   ! Origin Or Position
y_or%=99
x_rad%=30                                   ! Radius Or Size
y_rad%=50
'
' *** Plot Circle ***
FOR theta=2*PI TO 0 STEP -speed             ! Note Step Is --ve For Clockwise
  PLOT x_or%+SIN(theta)*x_rad%,y_or%+COS(theta)*y_rad%
NEXT theta
'
PRINT CHR$(7);
VOID INP(2)
EDIT
