LET AUTHOR&=1 !RSC_TREE
LET EXIT2&=7 !Obj in #1
LET COMPARE&=2 !RSC_TREE
LET GOCOMP&=1 !Obj in #2
LET COMPQUIT&=2 !Obj in #2
LET BOOT1&=5 !Obj in #2
LET BOOT2&=8 !Obj in #2
LET FILE1&=6 !Obj in #2
LET FILE2&=9 !Obj in #2
LET DISPLAY&=3 !RSC_TREE
LET WHICH&=4 !RSC_TREE
LET NORMPVK&=3 !Obj in #4
LET BOOTSEC&=5 !Obj in #3
LET GODISP&=11 !Obj in #3
LET EXITDISP&=12 !Obj in #3
LET FILE&=6 !Obj in #3
LET ASCII&=8 !Obj in #3
LET HEXADEC&=9 !Obj in #3
LET PVKINFO&=9 !Obj in #1
LET INSTRUX&=10 !Obj in #1
LET READ&=5 !RSC_TREE
LET RDRVA&=3 !Obj in #5
LET RDRVB&=4 !Obj in #5
LET CANCREAD&=5 !Obj in #5
LET WRITE&=6 !RSC_TREE
LET WDRVA&=3 !Obj in #6
LET CANCWRIT&=5 !Obj in #6
LET WDRVB&=4 !Obj in #6
LET MASK&=7 !RSC_TREE
LET STARMASK&=2 !Obj in #7
LET BBMASK&=1 !Obj in #7
LET HELPPAGE&=8 !RSC_TREE
LET EXITHELP&=12 !Obj in #8
LET CAZ&=9 !RSC_TREE
LET EXITLOVE&=7 !Obj in #9
LET DATETIME&=10 !RSC_TREE
LET EXITDATE&=2 !Obj in #10
LET NEWDATE&=5 !Obj in #10
LET NEWTIME&=6 !Obj in #10
LET VERSION&=11 !RSC_TREE
LET RELEASE&=4 !Obj in #11
LET TITLE&=12 !RSC_TREE
LET RESULTS&=13 !RSC_TREE
LET REMOVE&=14 !RSC_TREE
LET REMOVEOK&=3 !Obj in #14
LET NOREMOVE&=4 !Obj in #14
LET DEL&=2 !Obj in #14
LET DRIVES&=0 !RSC_TREE
LET GOWRITE&=8 !Obj in #4
LET NOTHING&=9 !Obj in #4
LET FSTANTI&=4 !Obj in #4
LET DRVSINST&=6 !Obj in #4
LET WHICHTOS&=7 !Obj in #4
LET PVKVFREE&=5 !Obj in #4
