.***************************************
.* Generation de la liste de variables *
.*destin‚e … la distorsion horizontale.*
.***************************************
.
INPUT "Hauteur du motif : ",hauteur%
INPUT "Largeur du bo dessin : ",stephanie%
.
.-> Largeur en octets ( blancs compris )
stephanie%=AND(ADD(stephanie%,15),65520)
largeur%=ADD(SHR(stephanie%,1),24)
FILESELECT "a:\*.LST","",nfichier$
IF nfichier$=""
  EDIT
ENDIF
OPEN "O",#1,nfichier$
FOR delphine%=0 TO PRED(hauteur%)
  PRINT #1,"precalc";delphine%;"%";
  PRINT #1,"=precalc%+";delphine%*largeur%
NEXT delphine%
CLOSE #1
