FOR j%=10 TO 300 STEP 8
FOR i%=10 TO 170 STEP 8
PSET j%,i%,1
NEXT i%
NEXT j%
SETMOUSE 150,100,0
'      Die folgenden kleine Routine simuliert fÅr
'      die V2.xx-Versionen den SETMOUSE-Befehl.
'      @Setmouse(150,100,0)
'      Procedure Setmouse(Xpos%,Ypos%,Mbut%)
'        Xt%=2-Sgn(Xbios(4))
'        Yt%=Min(2,3-Xbios(4))
'        Xpos%=Max(0,Min(639/Xt%,Xpos%))
'        Ypos%=Max(0,Min(399/Yt%,Ypos%))
'        Mbut%=Max(0,Min(3,Mbut%))
'        Dpoke 9952,Xpos%
'        Dpoke 9954,Ypos%
'        Dpoke 9958,Mbut%
'      Return
TEXT 30,185,"Gesamtes Feld ist wÑhlbar"
@raster(3,10,10,8,8,1,1,36,20,36,20,*index%,*dummy%)
IF index%=0
TEXT 30,195,"Raster ohne Klick verlassen     "
ELSE
TEXT 30,195,"gewÑhlt: Feld "+STR$(index%)+"/"+STR$(dummy%)
ENDIF
TEXT 10,185,"Nur Reihe 3 ist wÑhlbar  "
@raster(0,10,10,8,8,3,1,3,20,36,20,*index%,*dummy%)
TEXT 10,195,"gewÑhlt: Feld "+STR$(index%)+"  "
PAUSE 20
TEXT 10,185,"Nur Zeile 14 ist wÑhlbar  "
@raster(0,10,10,8,8,1,14,36,14,36,20,*index%,*dummy%)
TEXT 10,195,"gewÑhlt: Feld "+STR$(index%)+"  "
PAUSE 20
TEXT 10,185,"Nur Teilfeld 3/3 - 16/16 ist wÑhlbar"
@raster(0,10,10,8,8,3,3,16,16,36,20,*index%,*dummy%)
TEXT 10,195,"gewÑhlt: Feld "+STR$(index%)+"   "
PAUSE 20
TEXT 10,185,"Nur Einzelpunkt 36/20 ist wÑhlbar     "
@raster(0,10,10,8,8,36,20,36,20,36,20,*index%,*dummy%)
TEXT 10,195,"gewÑhlt: Ende        "
PROCEDURE raster(rflg%,rxl%,ryl%,rxb%,ryb%,xmin%,ymin%,xmax%,ymax%,xfld%,yfld%,r.inx%,r.iny%)
LOCAL msx%,msy%,k%,ayp%,axp%,axp2%,ayp2%,msxx%,msyy%,r.back$
xmin%=MAX(1,xmin%)
ymin%=MAX(1,ymin%)
xmax%=MIN(xfld%,xmax%)
ymax%=MIN(yfld%,ymax%)
rflg%=MAX(0,MIN(3,rflg%))
COLOR 1
GRAPHMODE 1
HIDEM
REPEAT
MOUSE msx%,msy%,k%
axp%=MAX(xmin%-1,MIN(xmax%-1,INT((msx%-rxl%)/rxb%)))
ayp%=MAX(ymin%-1,MIN(ymax%-1,INT((msy%-ryl%)/ryb%)))
msx%=rxl%+axp%*rxb%
msy%=ryl%+ayp%*ryb%
GET msx%-1,msy%-1,msx%+rxb%+1,msy%+ryb%+1,r.back$
BOX msx%-1,msy%-1,msx%+rxb%+1,msy%+ryb%+1
BOX msx%,msy%,msx%+rxb%,msy%+ryb%
REPEAT
MOUSE msxx%,msyy%,k%
IF rflg%=0 OR rflg%=2
axp2%=MAX(xmin%-1,MIN(xmax%-1,INT((msxx%-rxl%)/rxb%)))
ayp2%=MAX(ymin%-1,MIN(ymax%-1,INT((msyy%-ryl%)/ryb%)))
ELSE
axp2%=INT((msxx%-rxl%)/rxb%)
ayp2%=INT((msyy%-ryl%)/ryb%)
ENDIF
@doing
UNTIL axp%<>axp2% OR ayp%<>ayp2% OR k%
PUT msx%-1,msy%-1,r.back$
UNTIL k% OR ((rflg%=1 OR rflg%=3) AND (axp2%<0 OR axp2%>xmax%-1 OR ayp2%<0 OR ayp2%>ymax%-1))
SHOWM
IF rflg%=0 OR rflg%=1
IF k%
*r.inx%=(ayp2%*(xfld%)+axp2%+1)*SGN(2-k%)
ELSE
*r.inx%=0
ENDIF
ELSE
IF k%
*r.inx%=axp2%+1
*r.iny%=ayp2%+1
ELSE
*r.inx%=0
*r.iny%=0
ENDIF
ENDIF
RETURN
PROCEDURE doing
ON MENU
pt%=(ayp2%*(xfld%)+axp2%+1)*SGN(2-k%)
TEXT 230,195,"Punkt: "+STR$(pt%)+"  "
RETURN
