' Aufruf-Beispiele siehe unter RC_COPY
'
PROCEDURE rc_copy(q_ad%,x1%,y1%,br%,ho%,z_ad%,x2%,y2%,md%)
LOCAL xt%,yt%
DIM a%(5),b%(5),c%(8)
xt%=2-SGN(XBIOS(4))
yt%=MIN(2,3-XBIOS(4))
a%(0)=q_ad%
a%(1)=640/xt%
a%(2)=400/yt%
a%(3)=a%(1)/16
a%(4)=0
a%(5)=2^(2-XBIOS(4))
b%(0)=z_ad%
b%(1)=640/xt%
b%(2)=400/yt%
b%(3)=b%(1)/16
b%(4)=0
b%(5)=2^(2-XBIOS(4))
c%(0)=x1%
c%(1)=y1%
c%(2)=x1%+br%
c%(3)=y1%+ho%
c%(4)=x2%
c%(5)=y2%
c%(6)=x2%+br%
c%(7)=y2%+ho%
c%(8)=md%
BITBLT a%(),b%(),c%()
ERASE a%()
ERASE b%()
ERASE c%()
RETURN
