PROCEDURE helpread
  LOCAL i%,in$,file$,screen_help$,x%,y%,lines%,seite%,key$
  lines%=24     ! Anzahl Zeilen pro Seite
  seite%=1
  key$=" "
  x%=20
  y%=4
  '
  GET 0,0,639,399,screen_help$  ! Bild retten
  CLS
  scr_invers
  file$="help.dat"              ! Datei, nur relativer Pfad n”tig.
  IF UPPER$(key$)<>"Q"
    IF EXIST(file$)
      OPEN "I",#1,file$
      WHILE NOT EOF(#1)
        in$=INPUT$(1,#1)  ! Liest ein Zeichen nach dem andern und zeigt es
        PRINT in$;        ! auf dem Bildschirm an.
        IF ASC(in$)=13    ! Wenn die Datei ein <Return> sendet, wird dies
          INC i%          ! als Zeile gezaehlt.
        ENDIF
        IF i%=lines%
          revrs_curs
          PRINT AT(1,25);"N„chste Seite:  Space-Taste  |  Quit: Q-Taste";
          PRINT AT(55,25);"Seite ";seite%;
          INC seite%
          REPEAT
            taste
          UNTIL UPPER$(key$)="Q" OR key$=" "
          norm_curs
          IF key$=" "
            PRINT AT(1,25);"                                    ";
            PRINT AT(1,1);
            CLS
          ENDIF
          EXIT IF UPPER$(key$)="Q"      ! Mit 'Q' Programm verlassen.
          IF key$=" "                   ! Seitenweise vorwaertschalten.
            i%=0
          ENDIF
        ENDIF
      WEND
      CLOSE
    ELSE
      OUT 2,7   ! Bell
      ALERT 1,"|Sorry, ich kann die Datei |'"+UPPER$(file$)+"' nicht finden. ",1," Aha! ",dummy%
    ENDIF
  ENDIF
  scr_normal
  CLS
  PUT 0,0,screen_help$                 ! Gerettetes Bild zurueck.
RETURN
