attaque=@get_combat_perso
defense=@get_defense_creature(ennemi)
reussite=attaque-defense
'
' ---------------------------------------------
'
attaque=@get_combat_perso
num_arme=@get_arme_perso
IF @tst_magie_arme(num_arme)
  ADD attaque,@bonus_attaque(num_arme)
ENDIF
defense=@get_defense_creature(ennemi)
reussite=attaque-defense
'
' ---------------------------------------
'
FUNCTION bonus_attaque(num_arme)
  LOCAL bonus
  '
  bonus=0
  ' TEST TYPE DE MAGIE
  SELECT @get_magie_arme(num_arme)
    CASE 4
      bonus=10
    CASE 5
      bonus=20
    CASE 6
      bonus=30
    CASE 7
      bonus=40
  ENDSELECT
 RETURN bonus
ENDFUNC

