PROCEDURE attaque_perso(ennemi)
  LOCAL attaque,defense,reussite
  LOCAL type_protect,degat,dommage
  '
  attaque=@get_combat_perso
  defense=@get_defense_creature(ennemi)
  ' CALCUL CHANCE DE TOUCHER ADVERSAIRE
  reussite=attaque-defense 
  ' TEST SI ATTAQUE REUSSITE
  IF RANDOM(100)<=reussite
    ' CALCUL DEGAT ARME
    degat=@degat_arme(@get_arme_perso)
    ' LECTURE TYPE DE PROTECTION
    type_protect=@get_protection_creature(ennemi)
    ' LECTURE PROTECTION DE LA VICTIME
    protect=@get_valeur_protection(type_protect)
    ' TEST SI LES DEGATS PASSENT LA PROTECTION
    IF degat>protect
      ' CALCUL DES DOMMAGES ENCAISSES PAR LA VICTIME 
      dommage=degat-protect
      ' MISE A JOUR DE L'ETAT DE LA VICTIME
      @dec_vie_creature(ennemi,dommage)
    ENDIF
  ENDIF
RETURN

