'
' Programme de d‚monstration de evnt_button (gestion des ‚vŠnements)
' GFA-BASIC                           BOUTON.GFA
'
VOID APPL_INIT()   ! Active l'AES
'
PRINT "Quitter: Shift et clic..."
'
GRAPHMODE 2      ! Mode transparent
'
DO
  klicks%=EVNT_BUTTON(2,1,1,x%,y%,k%,switch%)
  '
  ' Parameter: 2 -> Maximum: double-clic (pas de "triple clic")
  '            1 -> L'‚tat du bouton gauche de la souris est examin‚
  '            1 -> vŠnement: la touche doit ˆtre enfonc‚e
  '            x%, y%  -> Coordonn‚es de la souris aprŠs le clic
  '            k%      -> tat de la touche de la souris aprŠs le clic
  '            switch% -> tat des touches sp‚ciales pendant le clic
  '
  EXIT IF switch%>0   ! Quitter programme si Shift ou touche semblable actionn‚e
  '
  IF klicks%=1     ! Simple clic
    TEXT x%,y%,"x"
  ELSE
    TEXT x%,y%,"X"
  ENDIF
LOOP
'
VOID APPL_EXIT()
'
END
