'
' Demander un nom de fichier par la boŒte de s‚lection des fichiers
' GFA-BASIC                             FSEL.GFA
'
IF FN filename("*.*","",nomfich$)
  PRINT nomfich$
ELSE
  PRINT "S‚lection invalide!"
ENDIF
END
'
'
FUNCTION filename(masque$,default$,VAR affichge$)
  LOCAL lect_court%,path$
  lect_court%=GEMDOS(&H19) ! Fonction GEMDOS d‚finissant lecteur courant
  path$=CHR$(ASC("A")+lect_court%)+":"+DIR$(0)+"\"+masque$
  '
  FILESELECT path$,default$,affichge$
  '
  IF affichge$="" OR RIGHT$(affichge$,1)="\"
    RETURN 0   ! S‚lection invalide ou cliqu‚ sur Quitter
  ELSE
    RETURN 1   ! OK, Nomfich cliqu‚
  ENDIF
ENDFUNC
'
