'
' Son en GFA-BASIC - L'instruction Sound
' GFA-BASIC        SOUND1.GFA
'
blanche=80            !
noire=blanche/2
crochet=blanche/4
'
do=1    ! Notes
re=3
mi=5
fa=6
sol=8
la=10
si=12
'
' Nous jouons:
'
SOUND 1,15,mi,4,crochet
SOUND 1,15,do,4,crochet
SOUND 1,15,re,4,crochet
SOUND 1,15,sol,3,noire+crochet    ! 3 = une octave plus bas que 4
SOUND 1,0,0,0,2                   ! Courte pause
SOUND 1,15,sol,3,crochet
SOUND 1,15,re,4,crochet
SOUND 1,15,mi,4,crochet
SOUND 1,15,do,4,noire+crochet
SOUND 1,0,0,0                     ! Couper le son
'
