'
' Ouvrir et refermer une fenˆtre
' GFA-BASIC     WIND1.GFA
'
VOID APPL_INIT()
'
handle%=WIND_CREATE(4095,20,20,280,150)
' (4095 signifie que tous les organes de commande sont actifs
'
IF handle%<0   ! L'identificateur ne devrait pas ˆtre n‚gatif
  form_alert(1,"[3][D‚sol‚!|Plus d'identificateur de fenˆtre libre!][OK]")
ELSE
  VOID WIND_OPEN(handle%,20,20,280,150)
  '
  ' Calcul de la zone de travail:
  '
  VOID WIND_CALC(1,4095,20,20,280,150,x%,y%,w%,h%)
  '
  ' Effacer la zone de travail
  '
  DEFFILL 0        ! Remplir avec la couleur du fond
  PBOX x%,y%,x%+w%-1,y%+h%-1
  '
  VOID GEMDOS(7)   ! Attendre touche
  '
  VOID WIND_CLOSE(handle%)
  VOID WIND_DELETE(handle%)
  '
ENDIF
'
VOID APPL_EXIT()
END
