INPUT zzr%
fre%=FRE(0)
RESERVE 100000
nocopper%=MALLOC(1600)
super%=GEMDOS(32,L:0)
xb%=LONG{&H44E}
'
FOR i%=0 TO 399
  '
  CARD{nocopper%+i%*2}=&H1
  CARD{nocopper%+(i%+400)*2}=&H1
  '
NEXT i%
'
FOR i%=0 TO 99
  '
  CARD{nocopper%+(i%+100)*2}=&H0
  '
NEXT i%
'
'
FOR i%=xb% TO xb%+31996 STEP 4
  LONG{i%}=0
NEXT i%
'
POKE &HFFFA09,0
'
j%=40
p%=0
pt%=0
i=0
DO
  VSYNC
  CARD{&HFFFF8240}=CARD{pointeur%+p%}
  key%=PEEK(&HFFFC02)
  pointeur%=nocopper%+pt%
  IF pt%<zzr%
    ADD pt%,16
  ENDIF
  '
  REPEAT
  UNTIL BYTE{&HFFFF8209}
  ~SHL(1,-BYTE{&HFFFF8209})
  ~SHL(1,j%)
  ~SHL(1,j%)
  ~2
  '
  REPEAT
    CARD{&HFFFF8240}=CARD{pointeur%+p%}
    CARD{&HFFFF8240}=CARD{pointeur%+p%}
    CARD{&HFFFF8240}=CARD{pointeur%+p%}
    CARD{&HFFFF8240}=CARD{pointeur%+p%}
    CARD{&HFFFF8240}=CARD{pointeur%+p%}
    CARD{&HFFFF8240}=CARD{pointeur%+p%}
    CARD{&HFFFF825E}=0
    CARD{&HFFFF825E}=0
    ~2
    ADD p%,2
  UNTIL p%>=460
  '
  p%=0
  '
LOOP UNTIL key%=57
'
CARD{&HFFFF8240}=&H777
'
POKE &HFFFA09,100
~GEMDOS(32,L:super%)
~MFREE(nocopper%)
RESERVE fre%
'
EDIT
