Print
Deftext 1,1,0,24
Text 100,100,"   A Small Harmony Lesson  "
Text 100,150,"   ------------------------"
For J=1 To 8
  Read A
  Sound 1,15,A,4,10
Next J
Restore
Data 1,3,5,6,8,6,5,3
Sound 1,15,1,4,40
Wave 0,0
Cls
Rem Music Tutorial  7 Mar, 87 v1.0 Wolfgang Klemme
Hidem
Dim A$(34)
Data FESES,CESES,GESES,DESES,ASES,ESES,BESES,FES,CES,GES,DES
Data AS,ES,B,F,C,G,D,A,E,B,FIS,CIS,GIS,DIS,AIS,EIS,BIS,FISIS
Data CISIS,GISIS,DISIS,AISIS,EISIS,BISIS
For T=0 To 34
  Read A$(T)
  Print A$
  Rem  Pause 30
Next T
Let Y=3
Hauptmenue:
Cls
Print At(23,4);"Menu List Harmony Lesson"
Print At(25,7);"(1) Major Scales "
Print At(25,10);"(2) Minor Scales "
Print At(25,13);"(3) Minor Harmony "
Print At(25,16);"(4) Major Harmony "
Print At(25,19);"(5) Interval Report "
Print At(25,22);"(6) Program Stop "
Print At(23,24);
Input "Please Input a Number: ",P$
If Asc(P$)=49
  Goto Karte1
Endif
If Asc(P$)=50
  Goto Karte2
Endif
If Asc(P$)=51
  Goto Karte3
Endif
If Asc(P$)=52
  Goto Karte4
Endif
If Asc(P$)=53
  Goto Karte5
Endif
If Asc(P$)=54
  ' Polyfill
  Cls
  Dim Y(128),X(128)
  For X=0 To 128
    X(X)=Random(600)
    Y(X)=Random(400)
  Next X
  Polyline 127,X(),Y()
  Polyfill 127,X(),Y()
  Pause 50
  Stop
Endif
Goto Hauptmenue
Procedure Stufe
  Print At(2,14);"Steps : I.      II.     III.    IV.     V.      VI.     VII.    VIII."
Return
Karte1:
Cls
Print At(10,4);"Please Input the fundemental Tone of the Major Scale:"
Print At(69,4);
Input "",T$
T$=Upper$(T$)
Gosub 7000
Let T=Hilfe+1
If Q=1
  Goto Hauptmenue
Endif
' Cls
Gosub Zuord
Print At(30,8);" The Notes are Called "
Print At(10,12);A$(T)
Gosub Frage
Sound 1,12,X,Y,0
Wave 1,1,1,11000,50
Print At(18,12);A$(T+2)
Gosub Frage
Sound 1,12,X+2,Y,0
Wave 1,1,1,11000,50
Print At(26,12);A$(T+4)
Gosub Frage
Sound 1,12,X+4,Y,0
Wave 1,1,1,11000,50
Print At(34,12);A$(T-1)
Gosub Frage
Sound 1,12,X+5,Y,0
Wave 1,1,1,11000,50
Print At(42,12);A$(T+1)
Gosub Frage
Sound 1,12,X+7,Y,0
Wave 1,1,1,11000,50
Print At(50,12);A$(T+3)
Gosub Frage
Sound 1,12,X+9,Y,0
Wave 1,1,1,11000,50
Print At(58,12);A$(T+5)
Gosub Frage
Sound 1,12,X+11,Y,0
Wave 1,1,1,11000,50
Print At(66,12);A$(T)
Gosub Frage
Sound 1,12,X+12,Y,0
Wave 1,1,1,11000,50
@Stufe
Print At(10,18);"The Half tone steps in the Major scales are between the third"
Print At(10,20);"        fourth, seventh and eighth steps of the scale !"
Print At(25,24);
Input "To continue Press Return ! ",Dummy$
Goto Hauptmenue
Karte2:
Cls
Print At(23,4);"Selections of the Minor Scales "
Print At(25,8);"(1) Aeolean Minor"
Print At(25,10);"(2) Harmonic Minor"
Print At(25,12);"(3) Melodic Minor"
Print At(25,14);"(4) Gypsy Minor"
Print At(25,16);"(5) Blues Scales"
Print At(25,19);"(6) Main Menu"
Print At(23,23);
Input "Please Input a Number: ",T$
If Asc(T$)=49
  Goto Aeomoll
Endif
If Asc(T$)=50
  Goto Harmoll
Endif
If Asc(T$)=51
  Goto Melmoll
Endif
If Asc(T$)=52
  Goto Zigmoll
Endif
If Asc(T$)=53
  Goto Blumoll
Endif
If Asc(T$)=54
  Goto Hauptmenue
Endif
Goto Karte2
Karte3:
Cls
Print At(10,2);"Please Input the Fundemental for the Minor Key Selected :"
Print At(71,2);
Input "",T$
T$=Upper$(T$)
@7000
Let T=Hilfe+1
If Q=1
  Goto Hauptmenue
Endif
' Cls
' -------------------------------------------------------------
@Zuord
Print At(20,5);"The Chords in the ";A$(T);" Minor are called:"
Print At(17,7);"Fundemental","Thirds","Fifths"
Print At(3,9);"  I. Step is                                             Tonic"
Print At(17,9);A$(T),A$(T+4),A$(T+1)
Print At(3,11);" II. Step is                                            Subdominant-Parallel"
Print At(17,11);A$(T+2),A$(T-1),A$(T+3)
Print At(3,13);"III. Step is                                            Dominant-Parallel"
Print At(17,13);A$(T+4),A$(T+1),A$(T+5)
Print At(3,15);" IV. Step is                                            Subdominant"
Print At(17,15);A$(T-1),A$(T+3),A$(T)
Print At(3,17);"  V. Step is                                            Dominant"
Print At(17,17);A$(T+1),A$(T+5),A$(T+2)
Print At(3,19);" VI. Step is                                            Tonic  Parallel"
Print At(17,19);A$(T+3),A$(T),A$(T+4)
Print At(3,21);"VII. Step is                                            Dominant Seventh"
Print At(17,21);A$(T+5),A$(T+2),A$(T-1)
Print At(21,24);
Input "To Continue Hit Return !",Dummy$
Goto Hauptmenue
' ----------------------------Page 4---------------------------------
Karte4:
Cls
Print At(10,2);"Please Input the Fundemental for the Selected Major Chord:"
Print At(72,2);
Input "",T$
T$=Upper$(T$)
@7000
Let T=Hilfe+1
If Q=1
  Goto Hauptmenue
Endif
' Cls
@Zuord
Print At(20,5);"The Chord in ";A$(T);"-Major key:"
Print At(17,7);"Fundemental","Third","Fifth"
Print At(3,9);"  I. Step is                                             Tonic"
Print At(17,9);A$(T),A$(T-3),A$(T+1)
Print At(3,11);" II. Step is                                            Subdominant-Parallel"
Print At(17,11);A$(T+2),A$(T-1),A$(T-4)
Print At(3,13);"III. Step is                                            Dominant-Parallel"
Print At(17,13);A$(T-3),A$(T+1),A$(T-2)
Print At(3,15);" IV. Step is                                            Subdominant"
Print At(17,15);A$(T-1),A$(T-4),A$(T)
Print At(3,17);"  V. Step is                                            Dominant"
Print At(17,17);A$(T+1),A$(T-2),A$(T+2)
Print At(3,19);" VI. Step is                                            Tonic  Parallel"
Print At(17,19);A$(T-4),A$(T),A$(T-3)
Print At(3,21);"VII. Step is                                            Major Seventh Chord"
Print At(17,21);A$(T-2),A$(T+2),A$(T-1)
Print At(21,24);
Input "To Continue Hit Return !",Dummy$
Goto Hauptmenue
' ---------------------------------------------------------------------------
Karte5:                            ! Page  5  Intervals
Cls
Print At(30,2);"The Interval"
@Linie
X=70
Y=110
Abstand=0
@C
Abstand=Abstand+30
@C
Abstand=Abstand+40
For I=1 To 7
  @C
  Y=Y-5
  Abstand=Abstand+30
  @Note
Next I
Print At(11,10);"1        2        3        4        5        6        7       8"
Print At(15,14);"1 - Perfect  Prime",,"5 - Perfect Fifth"
Print At(15,16);"2 - Major Second",,"6 - Major Sixth"
Print At(15,18);"3 - Major Third ",,"7 - Major Seventh"
Print At(15,20);"4 - Perfect Fourth",,"8 - Perfect Octave"
Print At(25,24);
Input "To Continue Hit Return !",Dumy$
Cls
Print At(10,4);"These Intervals are present in a Major Scale system !"
Print At(10,6);"Now the Intervals will be shown with a small double cross  "
A=560
B=80
Line A,B,A,B+20
Line A+5,B-5,A+5,B+15
Line A-3,B+10,A+8,B
Line A-3,B+15,A+8,B+5
Print At(10,8);"Sharped, or through a            Flated, so they are also change"
A=290
B=107
Line A,B,A,B+19
Circle A+2,B+15,6,400,1100
Line A,B+19,A+6,B+13
' Line A,B+20,A+5,B+13
Print At(10,10);"the symbol for the interval to sharp or flat."
Print At(10,12);"A perfect interval with one increment becomes a major"
Print At(10,14);"Interval, through double increments (eg. with two sharps) becomes"
Print At(10,16);"an Augmented Interval."
Print At(25,20);
Input "Continue with the Return key !",Dummy$
Cls
Print At(10,4);"The following sequence shows the development of the intervals."
Print At(30,6);"An Interval is:"
Print At(15,10);"diminished     minor     perfect    major    augmented"
Print At(10,12);"Second, Third, Sixth und Seventh are called minor and major"
Print At(10,13);"Intervals; by reducing a minor interval by one step "
Print At(10,14);"you create a diminished, by increasing a major Interval you "
Print At(10,15);"get an augmented Interval; for example D to E is an augmented second."
Print At(10,17);"Prime, Fourth, Fifth and an Octave are only as perfect Intervals"
Print At(10,18);"Through the reduction or increase by a Half-Tone you realise "
Print At(10,19);"a diminished or an augmented Interval."
Print At(25,24);
Input "Continue with the return key!",Dummy$
Cls
Goto Hauptmenue
' ------------------------------- Support functions for page 5-----------------
Procedure Linie
  Line 20,60,620,60
  Line 20,70,620,70
  Line 20,80,620,80
  Line 20,90,620,90
  Line 20,100,620,100
Return
Procedure Note
  Circle X+Abstand,Y,5
  Abstand=Abstand+40
Return
Procedure Hilfslinie
  Line X-8,Y,X+8,Y
  Print "Test"
Return
Procedure C
  Circle X+Abstand,110,5
  Line X+Abstand-8,110,X+Abstand+8,110
Return
' ----------------------------------------Minor key Scales------------------
Aeomoll:
Cls
Gosub Satz
' Print T$
Gosub 7000
Let T=Hilfe+1
If Q=1
  Goto Hauptmenue
Endif
' Cls
Gosub Zuord
Print At(30,8);" The tones are called:"
Print At(10,12);A$(T)
@Frage
Sound 1,12,X,Y,0
Wave 1,1,1,11000,50
Print At(18,12);A$(T+2)
@Frage
Sound 1,12,X+2,Y,0
Wave 1,1,1,11000,50
Print At(26,12);A$(T-3)
@Frage
Sound 1,12,X+3,Y,0
Wave 1,1,1,11000,50
Print At(34,12);A$(T-1)
@Frage
Sound 1,12,X+5,Y,0
Wave 1,1,1,11000,50
Print At(42,12);A$(T+1)
@Frage
Sound 1,12,X+7,Y,0
Wave 1,1,1,11000,50
Print At(50,12);A$(T-4)
@Frage
Sound 1,12,X+8,Y,0
Wave 1,1,1,11000,50
Print At(58,12);A$(T-2)
@Frage
Sound 1,12,X+10,Y,0
Wave 1,1,1,11000,50
Print At(66,12);A$(T)
@Frage
Sound 1,12,X+12,Y,0
Wave 1,1,1,11000,50
@Stufe
Print At(10,18);"The half tone steps in the Aeolian Minor lie between the 2nd and 3rd"
Print At(10,20);"         as well as the 5th and 6th. Steps of the scale !"
Print At(25,24);
Input "Continue with the return key!",Dummy$
Goto Karte2
Harmoll:
Cls
Gosub Satz
Gosub 7000
Let T=Hilfe+1
If Q=1
  Goto Hauptmenue
Endif
Gosub Zuord
Print At(30,8);"The tones are called:"
Print At(10,12);A$(T)
@Frage
Sound 1,12,X,Y,0
Wave 1,1,1,11000,50
Print At(18,12);A$(T+2)
@Frage
Sound 1,12,X+2,Y,0
Wave 1,1,1,11000,50
Print At(26,12);A$(T-3)
@Frage
Sound 1,12,X+3,Y,0
Wave 1,1,1,11000,50
Print At(34,12);A$(T-1)
@Frage
Sound 1,12,X+5,Y,0
Wave 1,1,1,11000,50
Print At(42,12);A$(T+1)
@Frage
Sound 1,12,X+7,Y,0
Wave 1,1,1,11000,50
Print At(50,12);A$(T-4)
@Frage
Sound 1,12,X+8,Y,0
Wave 1,1,1,11000,50
Print At(58,12);A$(T+5)
@Frage
Sound 1,12,X+11,Y,0
Wave 1,1,1,11000,50
Print At(66,12);A$(T)
@Frage
Sound 1,12,X+12,Y,0
Wave 1,1,1,11000,50
@Stufe
Print At(10,16);"The halftone steps in the Harmonic Minor are between the 2nd and 3rd,"
Print At(10,18);"    the 5th and 6th as will as 7th and 8th steps of the scale !"
Print At(10,20);"Between the 6th and 7th steps the lies an Augmented Second!!"
Print At(25,24);
Input "Continue with the Return key!",Dummy$
Goto Karte2
Melmoll:
Cls
@Satz
' Print T$
@7000
Let T=Hilfe+1
If Q=1
  Goto Hauptmenue
Endif
' Cls
Gosub Zuord
Print At(30,8);"The tones are called:"
Print At(10,12);A$(T)
@Frage
Sound 1,12,X,Y,0
Wave 1,1,1,11000,50
Print At(18,12);A$(T+2)
@Frage
Sound 1,12,X+2,Y,0
Wave 1,1,1,11000,50
Print At(26,12);A$(T-3)
@Frage
Sound 1,12,X+3,Y,0
Wave 1,1,1,11000,50
Print At(34,12);A$(T-1)
@Frage
Sound 1,12,X+5,Y,0
Wave 1,1,1,11000,50
Print At(42,12);A$(T+1)
@Frage
Sound 1,12,X+7,Y,0
Wave 1,1,1,11000,50
Print At(50,12);A$(T+3)
@Frage
Sound 1,12,X+9,Y,0
Wave 1,1,1,11000,50
Print At(58,12);A$(T+5)
@Frage
Sound 1,12,X+11,Y,0
Wave 1,1,1,11000,50
Print At(66,12);A$(T)
@Frage
Sound 1,12,X+12,Y,0
Wave 1,1,1,11000,50
@Stufe
Print At(10,16);"The half tone steps in the Melodic Minor lie between the 2nd and 3rd"
Print At(10,18);"            and the 7th and 8th steps of the scale."
Print At(10,20);"When played downwards this sequence is the Aeolian Minor!"
Print At(25,24);
Input "Continue with the Return key !",Dummy$
Goto Karte2
Zigmoll:
Cls
Gosub Satz
' Print T$
Gosub 7000
Let T=Hilfe+1
If Q=1
  Goto Hauptmenue
Endif
' Cls
Gosub Zuord
Print At(30,8);"The tones are called:"
Print At(10,12);A$(T)
@Frage
Sound 1,12,X,Y,0
Wave 1,1,1,11000,50
Print At(18,12);A$(T+2)
@Frage
Sound 1,12,X+2,Y,0
Wave 1,1,1,11000,50
Print At(26,12);A$(T-3)
@Frage
Sound 1,12,X+3,Y,0
Wave 1,1,1,11000,50
Print At(34,12);A$(T+6)
@Frage
Sound 1,12,X+6,Y,0
Wave 1,1,1,11000,50
Print At(42,12);A$(T+1)
@Frage
Sound 1,12,X+7,Y,0
Wave 1,1,1,11000,50
Print At(50,12);A$(T-4)
@Frage
Sound 1,12,X+8,Y,0
Wave 1,1,1,11000,50
Print At(58,12);A$(T+5)
@Frage
Sound 1,12,X+11,Y,0
Wave 1,1,1,11000,50
Print At(66,12);A$(T)
@Frage
Sound 1,12,X+12,Y,0
Wave 1,1,1,11000,50
@Stufe
Print At(10,16);"The halftone steps in the Gypsy Minor lie between the 2nd and 3rd,"
Print At(10,18);"         4th, 5th, 7th and 8th Steps of the scale"
Print At(10,20);"Between the 3rd, 4th and respectively the 6th and 7th Steps lie"
Print At(10,22);"            each Augmented Seconds."
Print At(25,24);
Input "Continue with the Return key!",Dummy$
Goto Karte2
Blumoll:
Cls
Gosub Satz
' Print T$
Gosub 7000
Let T=Hilfe+1
If Q=1
  Goto Hauptmenue
Endif
' Cls
Gosub Zuord
Print At(30,8);"The notes are called:"
Print At(10,12);A$(T)
@Frage
Sound 1,12,X,Y,0
Wave 1,1,1,11000,50
Print At(18,12);A$(T-3)
@Frage
Sound 1,12,X+3,Y,0
Wave 1,1,1,11000,50
Print At(26,12);A$(T-1)
@Frage
Sound 1,12,X+5,Y,0
Wave 1,1,1,11000,50
Print At(34,12);A$(T+6)
@Frage
Sound 1,12,X+6,Y,0
Wave 1,1,1,11000,50
Print At(42,12);A$(T+1)
@Frage
Sound 1,12,X+7,Y,0
Wave 1,1,1,11000,50
Print At(50,12);A$(T-2)
@Frage
Sound 1,12,X+10,Y,0
Wave 1,1,1,11000,50
Print At(58,12);A$(T+5)
@Frage
Sound 1,12,X+11,Y,0
Wave 1,1,1,11000,50
Print At(66,12);A$(T)
@Frage
Sound 1,12,X+12,Y,0
Wave 1,1,1,11000,50
Print At(25,20);
Input "Continue with the Return key!",Dummy$
Goto Karte2
' ----------------------------Support Procedures-------------------
Procedure Frage
  If X>12
    Let Y=Y+1
    Let X=X-12
  Endif
Return
Procedure 7000
  Let Q=0
  Let T=7
  Let Hilfe=100
  While T$<>A$(T) And T<28
    Let Hilfe=T
    Let T=T+1
    Exit If T$=A$(T)
  Wend
  If Hilfe<7 Or Hilfe>26
    Print At(10,10);"This input is not valid."
    Let Q=1
    Pause 100
  Endif
Return
Procedure Satz
  Print At(10,4);" Please input the fundemental of the Minor scale:"
  Print At(70,4);
  Input "",T$
  T$=Upper$(T$)
Return
Procedure Zuord
  If T=7
    Let X=5
  Endif
  If T=8
    Let X=12
  Endif
  If T=9
    Let X=7
  Endif
  If T=10
    Let X=2
  Endif
  If T=11
    Let X=9
  Endif
  If T=12
    Let X=4
  Endif
  If T=13
    Let X=11
  Endif
  If T=14
    Let X=6
  Endif
  If T=15
    Let X=1
  Endif
  If T=16
    Let X=8
  Endif
  If T=17
    Let X=3
  Endif
  If T=18
    Let X=10
  Endif
  If T=19
    Let X=5
  Endif
  If T=20
    Let X=12
  Endif
  If T=21
    Let X=7
  Endif
  If T=22
    Let X=2
  Endif
  If T=23
    Let X=9
  Endif
  If T=24
    Let X=4
  Endif
  If T=25
    Let X=11
  Endif
  If T=26
    Let X=6
  Endif
  If T=27
    Let X=1
  Endif
Return
