' *** MACRO.LST ***                                   2nd GFA-Manual, page 8-12
> PROCEDURE macro_init
  '
  ' *** Install macro-strings (ó 31 characters) for the Function-keys
  ' *** In the editor you have to press both <Alternate> and a Function-key!
  ' *** Remember, the GFA-editor always executes KEYPAD &X101110
  ' *** You can't use the Alternate-method for special keys anymore
  ' *** Switch macro's off with KEYPAD 0
  '
  LOCAL i,macro$
  KEYPAD &X10000
  RESTORE init.macro
  FOR i=1 TO 20
    READ macro$
    KEYDEF i,macro$
  NEXT i
  '
  init.macro:
  ' *** Switch to Overwrite-mode before entering the macro-text
  ' *** Function-keys <F1> - <F10>
  DATA "F1                             "
  DATA "F2                             "
  DATA "F3                             "
  DATA "F4                             "
  DATA "F5                             "
  DATA "F6                             "
  DATA "F7                             "
  DATA "F8                             "
  DATA "F9                             "
  DATA "F10                            "
  ' *** Function-keys <Shift> <F1> - <Shift> <F10>
  DATA "S F1                           "
  DATA "S F2                           "
  DATA "S F3                           "
  DATA "S F4                           "
  DATA "S F5                           "
  DATA "S F6                           "
  DATA "S F7                           "
  DATA "S F8                           "
  DATA "S F9                           "
  DATA "S F10                          "
RETURN
' *********
'
