' Autre programme pour l'Çcran 'AS TCB'
' Mouvement des messages dans la boite qui rebondit
' Ska (C) 1991
' (16 lignes de caractäres.)
PRINT AT(1,1);"Calculating...."
a$=SPACE$(32000)
a=V:a$
z=1
y=0
FOR i=0 TO 150-1
  LPOKE a+i*4,88
  y=y+4
NEXT i
a=a+i*4
FOR j=1 TO 16
  FOR i=0 TO 150-1
    LPOKE a+i*4,88*z
    y=y+4
  NEXT i
  a=a+i*4
  FOR i=0 TO 14
    LPOKE a+i*4,(i+z+1)*88
    y=y+4
  NEXT i
  a=a+i*4
  z=z+15
NEXT j
FOR j=0 TO 600-1
  LPOKE a+j*4,16*88*15+88
  y=y+4
NEXT j
a=a+j*4
FOR bidon=0 TO 14
  LPOKE a+bidon*4,16*88*15+88*bidon+88
  y=y+4
NEXT bidon
PRINT AT(1,1);"Ok. Ready to save 'messabox.bin' file ? (";y;" octets)"
~INP(2)
PRINT AT(1,1);"Saving...                              "
BSAVE "messabox.bin",V:a$,y
