PRINT BIN$(&X11010001)''BIN$(@bchg(&X11010001,4))
DEFFN bchg(wert%,bit%)=wert% XOR 2^bit%
'
'
PRINT BIN$(&X11010001)''BIN$(@bclr(&X11010001,4))
DEFFN bclr(wert%,bit%)=wert% AND NOT 2^bit%
'
PRINT BIN$(&X11010001)''BIN$(@bset(&X11010001,3))
DEFFN bset(wert%,bit%)=wert% OR 2^bit%
'
'
PRINT @btst(&X11010001,4)
DEFFN btst(wert%,bit%)=(wert% AND 2^bit%)<>0
'
PRINT BIN$(@byte(&X100101111010001))
DEFFN byte(wert%)=wert% AND &HFF
'
'
PRINT BIN$(@card(&X101101000101111010001))
DEFFN card(wert%)=wert% AND &HFFFF
'
'
PRINT BIN$(@eqv(&X11010001,&X10011100))
DEFFN eqv(wert1%,wert2%)=wert1% EQV wert2%
'
'
PRINT BIN$(@or(&X11010001,&X10011100))
DEFFN or(wert1%,wert2%)=wert1% OR wert2%
'
'
PRINT BIN$(@swap(&X10011110100010011101011001))
DEFFN swap(wert%)=(wert% AND &HFFFF)*2^16+(wert%/2^16)
'
'
PRINT BIN$(@word(&X1111110111011001))
DEFFN word(wert%)=((wert% AND 2^15)/2^15)*2^16*(2^15-1)-2^31+wert%
'
'
PRINT @xor(&X11010001,&X10011100)
DEFFN xor(wert1%,wert2%)=wert1% XOR wert2%
