' IF-ENDIF-Beispiel
'
t%=TIMER
FOR i%=12 TO 98
  IF (i% MOD 11)>0 AND (i% MOD 10)>0
    i$=STR$(i%)
    i2$=STR$(i% MOD 10)
    i3$=STR$(i% DIV 10)
    FOR j%=1 TO 9
      j$=STR$(j%)
      IF INSTR(i$,j$)=0
        a%=i%*j%
        IF a%>11 AND a%<99
          IF (a% MOD 11>0) AND (a% MOD 10>0)
            CLR c%
            a$=STR$(a%)
            a2$=STR$(a% MOD 10)
            a3$=STR$(a% DIV 10)
            c%=INSTR(a$,i3$)
            c%=MAX(c%,INSTR(a$,i2$))
            c%=MAX(c%,INSTR(a$,j$))
            IF LEN(i$+j$+a$)=5 AND c%=0
              FOR k%=12 TO 98
                k$=STR$(k%)
                k2$=STR$(k% MOD 10)
                k3$=STR$(k% DIV 10)
                ergebnis$=i$+j$+a$+k$
                IF LEN(ergebnis$)=7
                  IF (k% MOD 11>0) AND (k% MOD 10>0)
                    c%=INSTR(a$,k3$)
                    c%=MAX(c%,INSTR(a$,k2$))
                    c%=MAX(c%,INSTR(i$,k3$))
                    c%=MAX(c%,INSTR(i$,k2$))
                    c%=MAX(c%,INSTR(k$,j$))
                    IF c%=0
                      b%=a%+k%
                      b$=STR$(b%)
                      IF b%>11 AND b%<99
                        IF (b% MOD 11>0) AND (b% MOD 10>0)
                          IF LEN(ergebnis$+b$)=9
                            c%=INSTR(b$,i3$)
                            c%=MAX(c%,INSTR(b$,i2$))
                            c%=MAX(c%,INSTR(b$,a3$))
                            c%=MAX(c%,INSTR(b$,a2$))
                            c%=MAX(c%,INSTR(b$,k3$))
                            c%=MAX(c%,INSTR(b$,k2$))
                            c%=MAX(c%,INSTR(b$,j$))
                            IF c%=0
                              PRINT "Sek. : ";(TIMER-t%)/200
                              PRINT
                              PRINT ''i%;" * ";j%
                              PRINT "  ---------"
                              PRINT "    ";a%
                              PRINT "  + ";k%
                              PRINT "  ---------"
                              PRINT "  = ";b%
                              END
                            ENDIF
                          ENDIF
                        ENDIF
                      ENDIF
                    ENDIF
                  ENDIF
                ENDIF
              NEXT k%
            ENDIF
          ENDIF
        ENDIF
      ENDIF
    NEXT j%
  ENDIF
NEXT i%
