' POLYLINE - Beispiel:
'
DIM x(10),y(10)
yt%=MIN(2,3-XBIOS(4))
GRAPHMODE 3
DO
  FOR i=0 TO 9
    x(i)=RANDOM(100)+56*i
    y(i)=RANDOM(280/yt%)+40/yt%
  NEXT i
  x(i)=x(0)
  y(i)=y(0)
  aa=INT(RND*5)+1
  bb=INT(RND*24)
  cc=RANDOM(5)+1
  DEFMARK ,aa,80
  DEFFILL 1,2,bb
  DEFLINE cc,1,2,2
  POLYMARK 9,x(),y()
  POLYFILL 9,x(),y()
  FOR j%=1 TO 2
    FOR i%=3 TO 99 STEP 6
      POLYLINE 11,x(),y() OFFSET i%,i%
    NEXT i%
  NEXT j%
  POLYMARK 9,x(),y()
  POLYFILL 9,x(),y()
LOOP
