ON ERROR GOSUB error_proc
@alerts_off
SAVE "a:\test"                ! um Fehler zu simulieren eine
' FILESELECT "B:\*.*","",x$   ! schreibgeschÅtze Diskette in A: einlegen
@alerts_on
'
PROCEDURE alerts_off
  INLINE noalert%,8
  {noalert%}=&H4CAF0001       ! eigentlicher Maschinencode : movem.w   $4(a7),d0
  {noalert%+4}=&H44E75        !                              rts
  IF {BASEPAGE+256}<>noalert% ! Um Alertbox nur einmal auszuschalten
    {BASEPAGE+256}=LPEEK(1028)! alten Wert von CEH merken
    SLPOKE 1028,noalert%      ! neue Routine installieren
  ENDIF
RETURN
'
PROCEDURE alerts_on
  IF BYTE{BASEPAGE+256}=0     ! Alertbox nur anschalten, wenn sie ausgeschlatet ist
    SLPOKE 1028,{BASEPAGE+256}! alte Adresse restaurieren
    {BASEPAGE+256}=-1         ! Einschaltung kennzeichnen
  ENDIF
RETURN
'
PROCEDURE error_proc
  ' eigene Fehlermeldung
  ALERT 3,"Eigene Fehlermeldung| ",1," Aha ",x%
  RESUME NEXT
RETURN
