' ZeST Alternative Interface
' Copyright 1991, David Becker
' Compuserve 73030,3562 / GEnie mail to D.Becker8
' ------------------------------------------------------
Gosub Init
Gosub Draw_screen
Gosub Ticket_number
Gosub Monitor_mouse
Procedure Init
  ' check screen resolution
  Rez=Xbios(4)
  If Rez<>2 Then
    Alert 3,"| Monochrome only! ",1,"OK",Ok%
  Endif
  ' fill entire screen with desktop pattern
  Cls
  Deftext 1,0,0,13
  Defmouse 0
  '  ==>   BOUNDARY 0
  Deffill 1,2,4
  Pbox 0,0,639,399
Return
Procedure Zest_button(Upper_x%,Upper_y%,Lower_x%,Lower_y%)
  Defline 1,1
  Deffill 0,2,8
  Pbox Upper_x%,Upper_y%,Lower_x%,Lower_y%
  Deffill 1,2,4
  Pbox Upper_x%+1,Upper_y%+1,Lower_x%,Lower_y%
  Line Upper_x%+1,Lower_y%,Lower_x%,Lower_y%
  Line Upper_x%,Lower_y%+1,Lower_x%,Lower_y%+1
  Line Lower_x%,Upper_y%+1,Lower_x%,Lower_y%
  Line Lower_x%+1,Upper_y%,Lower_x%+1,Lower_y%+1
Return
Procedure Zest_button_press(Upper_x%,Upper_y%,Lower_x%,Lower_y%)
  Defline 1,1
  Get Upper_x%-1,Upper_y%-1,Lower_x%+1,Lower_y%+1,Button$
  Get Upper_x%+1,Upper_y%+1,Lower_x%-2,Lower_y%-2,Shift_button$
  Put Upper_x%+2,Upper_y%+2,Shift_button$
  Line Upper_x%,Upper_y%,Lower_x%,Upper_y%
  Line Upper_x%,Upper_y%,Upper_x%,Lower_y%
  Color 0
  Line Upper_x%+1,Lower_y%,Lower_x%,Lower_y%
  Line Upper_x%,Lower_y%+1,Lower_x%,Lower_y%+1
  Line Lower_x%,Upper_y%+1,Lower_x%,Lower_y%
  Line Lower_x%+1,Upper_y%,Lower_x%+1,Lower_y%+1
  Color 1
  Showm
  Pause 5
  Put Upper_x%-1,Upper_y%-1,Button$
Return
Procedure Zest_info_box(Upper_x%,Upper_y%,Lower_x%,Lower_y%)
  Defline 1,1
  Deffill 1,2,4
  Pbox Upper_x%,Upper_y%,Lower_x%,Lower_y%
  Line Upper_x%,Upper_y%,Lower_x%,Upper_y%
  Line Upper_x%,Upper_y%+1,Lower_x%,Upper_y%+1
  Line Upper_x%,Upper_y%,Upper_x%,Lower_y%
  Line Upper_x%+1,Upper_y%,Upper_x%+1,Lower_y%
  Color 0
  Line Upper_x%+1,Lower_y%,Lower_x%,Lower_y%
  Line Upper_x%,Lower_y%+1,Lower_x%,Lower_y%+1
  Line Lower_x%,Upper_y%+1,Lower_x%,Lower_y%
  Line Lower_x%+1,Upper_y%,Lower_x%+1,Lower_y%+1
  Color 1
Return
Procedure Zest_text_box(Upper_x%,Upper_y%,Lower_x%,Lower_y%)
  Defline 1,1
  Deffill 1,2,4
  Pbox Upper_x%,Upper_y%,Lower_x%,Lower_y%
  Line Upper_x%,Upper_y%,Lower_x%,Upper_y%
  Line Upper_x%,Upper_y%+1,Lower_x%,Upper_y%+1
  Line Upper_x%,Upper_y%,Upper_x%,Lower_y%
  Line Upper_x%+1,Upper_y%,Upper_x%+1,Lower_y%
  Color 0
  Line Upper_x%+1,Lower_y%,Lower_x%,Lower_y%
  Line Upper_x%,Lower_y%+1,Lower_x%,Lower_y%+1
  Line Lower_x%,Upper_y%+1,Lower_x%,Lower_y%
  Line Lower_x%+1,Upper_y%,Lower_x%+1,Lower_y%+1
  Color 1
  Deffill 0,2,8
  Pbox Upper_x%+2,Upper_y%+2,Lower_x%-2,Lower_y%-2
Return
Procedure Zest_horiz_line(Upper_x%,Upper_y%,Lower_x%,Lower_y%)
  Defline 1,1
  Line Upper_x%,Upper_y%,Lower_x%,Lower_y%
  Color 0
  Line Upper_x%,Upper_y%+1,Lower_x%,Lower_y%+1
  Color 1
Return
Procedure Zest_vert_line(Upper_x%,Upper_y%,Lower_x%,Lower_y%)
  Defline 1,1
  Line Upper_x%,Upper_y%,Lower_x%,Lower_y%
  Color 0
  Line Upper_x%+1,Upper_y%,Lower_x%+1,Lower_y%
  Color 1
Return
Procedure Zest_line_box(Upper_x%,Upper_y%,Lower_x%,Lower_y%)
  Defline 1,1
  Color 0
  Box Upper_x%,Upper_y%,Lower_x%,Lower_y%
  Color 1
  Line Upper_x%-1,Upper_y%,Upper_x%-1,Lower_y%
  Line Upper_x%+2,Lower_y%-1,Lower_x%-2,Lower_y%-1
  Line Lower_x%-1,Upper_y%+2,Lower_x%-1,Lower_y%-2
  Line Upper_x%-1,Upper_y%-1,Lower_x%,Upper_y%-1
Return
Procedure Zest_window(Upper_x%,Upper_y%,Lower_x%,Lower_y%)
  ' title bar
  Gosub Zest_button(Upper_x%,Upper_y%,Lower_x%,Upper_y%+20)
  ' window area
  Gosub Zest_button(Upper_x%,Upper_y%+22,Lower_x%,Lower_y%)
  ' close button
  Gosub Zest_button(Upper_x%+5,Upper_y%+4,Upper_x%+18,Upper_y%+16)
Return
Procedure Draw_screen
  ' Create any ZeST box, button or window by passing the
  ' upper_x%, upper_y%, lower_x% and lower_y% coordinates
  ' to the correct procedure.
  ' -------------------------------------------------------------->
  Deffill 1,2,4
  Pbox 0,0,639,399
  Gosub Zest_button(85,40,540,73)
  Gosub Zest_info_box(91,45,534,69)
  Gosub Zest_text_box(95,48,528,66)
  Gosub Zest_text_box(50,120,67,141)
  Gosub Zest_text_box(69,120,86,141)
  Gosub Zest_text_box(88,120,105,141)
  Gosub Zest_text_box(107,120,124,141)
  Gosub Zest_text_box(126,120,143,141)
  Gosub Zest_text_box(145,120,162,141)
  Gosub Zest_text_box(164,120,181,141)
  Gosub Zest_text_box(183,120,200,141)
  Gosub Zest_text_box(202,120,219,141)
  Gosub Zest_text_box(50,143,67,164)
  Gosub Zest_text_box(69,143,86,164)
  Gosub Zest_text_box(88,143,105,164)
  Gosub Zest_text_box(107,143,124,164)
  Gosub Zest_text_box(126,143,143,164)
  Gosub Zest_text_box(145,143,162,164)
  Gosub Zest_text_box(164,143,181,164)
  Gosub Zest_text_box(183,143,200,164)
  Gosub Zest_text_box(202,143,219,164)
  Gosub Zest_text_box(50,166,67,187)
  Gosub Zest_text_box(69,166,86,187)
  Gosub Zest_text_box(88,166,105,187)
  Gosub Zest_text_box(107,166,124,187)
  Gosub Zest_text_box(126,166,143,187)
  Gosub Zest_text_box(145,166,162,187)
  Gosub Zest_text_box(164,166,181,187)
  Gosub Zest_text_box(183,166,200,187)
  Gosub Zest_text_box(202,166,219,187)
  Gosub Zest_line_box(45,115,225,193)
  Gosub Zest_line_box(40,109,230,197)
  Gosub Zest_line_box(35,104,234,201)
  Gosub Zest_text_box(261,103,448,126)
  Gosub Zest_text_box(261,128,448,151)
  Gosub Zest_text_box(261,153,448,176)
  Gosub Zest_text_box(261,178,448,201)
  Gosub Zest_button(455,103,495,127)
  Gosub Zest_text_box(497,103,537,127)
  Gosub Zest_button(539,103,579,127)
  Gosub Zest_text_box(539,129,579,153)
  Gosub Zest_button(497,129,537,153)
  Gosub Zest_text_box(455,129,495,153)
  Gosub Zest_text_box(455,155,495,179)
  Gosub Zest_button(497,155,537,179)
  Gosub Zest_text_box(539,155,579,179)
  Gosub Zest_text_box(539,181,579,205)
  Gosub Zest_button(497,181,537,205)
  Gosub Zest_text_box(455,181,495,205)
  Gosub Zest_text_box(463,106,489,124)
  Gosub Zest_text_box(545,106,571,124)
  Gosub Zest_button(34,212,580,386)
  Gosub Zest_info_box(39,217,575,380)
  Gosub Zest_text_box(46,224,568,373)
  Gosub Zest_line_box(503,135,532,148)
  Gosub Zest_line_box(503,160,531,174)
  Gosub Zest_line_box(503,187,531,200)
  Gosub Zest_button(590,212,616,387)
  Gosub Zest_text_box(595,217,612,382)
  ' -------------------------------------------------------------->
  ' Place text throughout the interface...
  Deftext 1,0,0,13
  Graphmode 2
  Text 155,63,"GOLDEN OTTER BINGO CARD NUMBER GENERATOR"
  Text 279,120,"Number of cards req."
  Text 278,145,"Start process"
  Text 277,170,"Generate Serial #"
  Text 277,194,"QUIT TO SYSTEM"
  Text 469,121,"<<"
  Text 553,122,">>"
  Text 461,147,">>>>"
  Text 544,147,"<<<<"
  Text 460,173,">>>>"
  Text 460,199,">>>>"
  Text 544,173,"<<<<"
  Text 544,198,"<<<<"
  Text 52,242,"To save more money at your fete or fundraising event I wrote"
  Text 52,257,"this small program to produce a set of bingo game cards......"
  Text 53,274,"Only four functions to worry about......."
  Text 53,293,"Number of cards......Depends how many you need really !!!"
  Text 52,309,"Start process........Does what it says......"
  Text 51,325,"Generate Serial #....Prints a serial number on each card.  This "
  Text 219,341,"could be useful if you use this regularly."
  Text 52,361,"Quit to System.......If you want to stop and play BINGO !!!"
  Text 600,234,"P"
  Text 600,249,"A"
  Text 600,264,"N"
  Text 600,279,"I"
  Text 600,294,"C"
  Text 600,375,"T"
  Text 600,361,"E"
  Text 600,346,"S"
  Text 600,332,"E"
  Text 601,317,"R"
  Graphmode 0
  ' -------------------------------------------------------------->
Return
Procedure Ticket_number
  Tk%=20
  Deftext 1,0,0,6
  Text 506,120,"0"
  Text 514,120,Tk%
Return
Procedure Monitor_mouse
  Do
    Showm
    Mx%=Mousex
    My%=Mousey
    If Mx%>455 And Mx%<495 And My%>103 And My%<127 And Mousek=1 Then
      Gosub Zest_button_press(455,103,495,127)
      ' Here is where your own code goes for button number 1
      Dec Tk%
      '      Text 514,120,Tk%
      If Tk%<=20
        Tk%=20
        Print Chr$(7)
        Text 514,120,Tk%
      Endif
      If Tk%<100
        Text 506,120,"0"
        Text 514,120,Tk%
      Endif
      If Tk%>100
        Text 506,120,Tk%
      Endif
    Endif
    If Mx%>539 And Mx%<579 And My%>103 And My%<127 And Mousek=1 Then
      Gosub Zest_button_press(539,103,579,127)
      ' Here is where your own code goes for button number 2
      Inc Tk%
      '      Text 514,120,Tk%
      If Tk%>=100
        Text 506,120,Tk%
      Endif
      If Tk%<100
        Text 506,120,"0"
        Text 514,120,Tk%
      Endif
    Endif
    If Mx%>497 And Mx%<537 And My%>129 And My%<153 And Mousek=1 Then
      Gosub Zest_button_press(497,129,537,153)
      ' Here is where your own code goes for button number 3
      Alert 0,"|ABOUT TO START PICKING  |   THE CARD NUMBERS",2,"HIT ME!|PASS",Ok%
      If Ok%<>2
        Print Chr$(7)
        Alert 0," |STARTING SELECTIONS NOW  ",0,"OKAY",Ok%
      Endif
    Endif
    If Mx%>497 And Mx%<537 And My%>155 And My%<179 And Mousek=1 Then
      Gosub Zest_button_press(497,155,537,179)
      ' Here is where your own code goes for button number 4
      Num=Trunc(Rnd(1)*10^11)
      M$="Serial No. = "+Str$(Num)+"  "+"|"+"  Looks impressive EH!"+"|"+"This will be printed on"+"|"+"each card for security."
      Alert 0,M$,2,"OKAY|CANCEL",Ok%
      If Ok%=1
        Num=Num
        Rf=1
      Else
        Rf=0
      Endif
    Endif
    If Mx%>497 And Mx%<537 And My%>181 And My%<205 And Mousek=1 Then
      Gosub Zest_button_press(497,181,537,205)
      ' Here is where your own code goes for button number 5
      Alert 1,"If this was not a mistake| |  YOU ARE ABOUT TO QUIT",2,"Go Ahead|Ooooops",Ok%
      If Ok%<>2
        Alert 3," | THIS IS YOUR LAST CHANCE",2,"QUIT|STAY",Ok%
        If Ok%<>2
          End
        Endif
      Endif
    Endif
    If Mx%>590 And Mx%<616 And My%>212 And My%<387 And Mousek=1 Then
      Gosub Zest_button_press(590,212,616,387)
      ' Here is where your own code goes for button number 6
      Alert 1," YES ! the PANIC BUTTON works |  Are you just testing it or  |did you make a genuine mistake? |      DO YOU WANT TO RESET",2,"YES|NO|Errrr!",Ok%
      If Ok%=1
        Alert 2,"|ARE YOU CERTAIN",2,"YES|NO",Ok%
        If Ok%<>2
          Cls
          Rf=0
          Gosub Draw_screen
          Gosub Ticket_number
        Endif
      Endif
      If Ok%=3
        Alert 2," If you're not sure what you |  want to do at this stage,| I suggest you just press the|button below and I'll continue",1,"PRESS ME",Ok%
      Endif
      If Ok%=2
      Endif
    Endif
  Loop
Return
