DIM chapters(66),books$(2,66),entry$(97),words$(26,1000),search%(26),text$(1000)
'
FOR book=1 TO 66
  READ books$(1,book),books$(2,book),chapters(book)
NEXT book
'
FOR entry%=0 TO 97
  READ entry$(entry%)
NEXT entry%
'
FOR loop%=1 TO 26
  file$="N:\SEARCH\"+CHR$(loop%+64)+".WDS"
  OPEN "I",#1,file$
  place%=0
  DO WHILE EOF(#1)=1
    LINE INPUT #1,temp$
    words$(loop%,place%)=temp$
    INC place%
  LOOP
  CLOSE #1
  search%(loop%)=search%
NEXT loop%
'
DEFMOUSE 0
MENU entry$()
ON MENU GOSUB dropdown
title$=books$(1,book%)+" Chapter "+STR$(chapter%)
size%=(80-LEN(title$))/2
OPENW #1,0,19,640,382,9
CLS
pos%=1
book%=1
screensize%=1760
chapter%=1
place%=1
search%=1
stype%=1
done%=0
offset%=22
drive$="N"
@open
@show
'
'    THE OLD TESTAMENTS
DATA GENESIS,GENESIS,50,EXODUS,EXODUS,40,LEVITICUS,LEVITICU,27
DATA NUMBERS,NUMBERS,36,DEUTERONOMY,DEUTERON,34,JOSHUA,JOSHUA,24
DATA JUDGES,JUDGES,21,RUTH,RUTH,4,1 SAMUEL,ISAMUEL,31,2 SAMUEL,IISAMUEL,24
DATA 1 KINGS,IKINGS,22,2 KINGS,IIKINGS,25,1 CHRONICLES,ICHRONIC,29
DATA 2 CHRONICLES,IICHRONI,36,EZRA,EZRA,10,NEHEMIAH,NEHEMIAH,13
DATA ESTHER,ESTHER,10,JOB,JOB,42,PSALMS,PSALMS,150,PROVERBS,PROVERBS,31
DATA ECCLESIASTES,ECCLESIA,12,SONG OF SOLOMON,SOLOMON,8
DATA ISAIAH,ISAIAH,66,JEREMIAH,JEREMIAH,52,LAMENTATIONS,LAMENTAT,5
DATA EZEKIEL,EZEKIEL,48,DANIEL,DANIEL,12,HOSEA,HOSEA,14,JOEL,JOEL,3
DATA AMOS,AMOS,9,OBADIAH,OBADIAH,1,JONAH,JONAH,4,MICAH,MICAH,7
DATA NAHUM,NAHUM,3,HABAKKUK,HABAKKUK,3,ZEPHANIAH,ZEPHANIA,3
DATA HAGGAI,HAGGAI,2,ZECHARIAH,ZECHARIA,14,MALACHI,MALACHI,4
'    THE NEW TESTAMENTS
DATA MATTHEW,MATTHEW,28,MARK,MARK,16,LUKE,LUKE,24,JOHN,STJOHN,21
DATA ACTS,ACTS,28,ROMANS,ROMANS,16,1 CORINTHIANS,ICORINTH,16
DATA 2 CORINTIANS,IICORINT,13,GALATIANS,GALATIAN,6,EPHESIANS,EPHESIAN,6
DATA PHILIPPIANS,PHILIPPI,4,COLOSSIANS,COLOSSIA,4
DATA 1 THESSALONIANS,ITHESSAL,5,2 THESSALONIANS,IITHESSA,3
DATA 1 TIMOTHY,ITIMOTHY,6,2 TIMOTHY,IITIMOTH,4,TITUS,TITUS,3
DATA PHILEMON,PHILEMON,1,HEBREWS,HEBREWS,13,JAMES,JAMES,5
DATA 1 PETER,IPETER,5,2 PETER,IIPETER,3,1 JOHN,IJOHN,5
DATA 2 JOHN,IIJOHN,1,3 JOHN,IIIJOHN,1,JUDE,JUDE,1
DATA REVELATION,REVELATI,22
'
DATA Desktop,  Bible Search,--------------------,1,2,3,4,5,6
DATA ""
DATA Utilities,  Search Chapter,  Search Bible,  Find Next,------------------
DATA   Choose Chapter,------------------
DATA   Print Page,  Print Chapter,------------------
DATA   Quit
DATA ""
DATA Old
DATA   GENESIS       50,  EXODUS        40,  LEVITICUS     27
DATA   NUMBERS       36,  DEUTERONOMY   34,  JOSHUA        24
DATA   JUDGES        21,  RUTH           4,  1 SAMUEL      31
DATA   2 SAMUEL      24,  1 KINGS       22,  2 KINGS       25
DATA   1 CHRONICLES  29,  2 CHRONICLES  36  ,  EZRA          10
DATA   NEHEMIAH      13,  ESTHER        10,  JOB           42
DATA   PSALMS       150,  PROVERBS      31
DATA ""
DATA Testament
DATA   ECCLESIASTES    12,  SONG OF SOLOMON  8  ,  ISAIAH          66
DATA   JEREMIAH        52,  LAMENTATIONS     5,  EZEKIEL         48
DATA   DANIEL          12,  HOSEA           14,  JOEL             3
DATA   AMOS             9,  OBADIAH          1,  JONAH            4
DATA   MICAH            7,  NAHUM            3,  HABAKKUK         3
DATA   ZEPHANIAH        3,  HAGGAI           2,  ZECHARIAH       14
DATA   MALACHI          4
DATA ""
DATA New
DATA   MATTHEW         28,  MARK            16,  LUKE            24
DATA   JOHN            21,  ACTS            28,  ROMANS          16
DATA   1 CORINTHIANS   16,  2 CORINTIANS    13,  GALATIANS        6
DATA   EPHESIANS        6,  PHILIPPIANS      4,  COLOSSIANS       4
DATA   1 THESSALONIANS  5  ,  2 THESSALONIANS  3
DATA ""
DATA Testament
DATA   1 TIMOTHY   6   ,  2 TIMOTHY   4,  TITUS       3,  PHILEMON    1
DATA   HEBREWS    13,  JAMES       5,  1 PETER     5,  2 PETER     3
DATA   1 JOHN      5,  2 JOHN      1,  3 JOHN      1,  JUDE        1
DATA   REVELATION 22
DATA ""
DATA "",""
'
REPEAT
  ON MENU
  IF MOUSEK=2 THEN
    @shownext
    DO WHILE MOUSEK=2
    LOOP
  ENDIF
UNTIL done%=1
'
MENU KILL
CLOSEW 1
'
PROCEDURE dropdown
  MENU OFF
  m%=MENU(0)
  SELECT m%
  CASE 1
    ALERT 0,"    Bible Search|   Copyright 1990|By Phillip W. O'Neal  ",1,"  OK  ",a%
  CASE 11
    ' Search Book
    CLS
    PRINT "Search ";books$(1,book%);" chapter ";chapter%;" for what TEXT ('RETURN' to Cancel) ?"
    INPUT search$
    IF search$<>""
      @search
      IF found%=0
        CLS
        @nobook
      ELSE
        @show
        @boxit
      ENDIF
    ELSE
      @show
    ENDIF
  CASE 12
    ' Search Bible
    CLS
    oldbook%=book%
    oldchapter%=chapter%
    PRINT "Search Bible for what TEXT ('RETURN' to Cancel) ?"
    INPUT search$
    ok%=1
    IF search$=""
      ok%=0
      fflag%=1
    ELSE
      @search
    ENDIF
    no%=1
    IF fflag%=0
      no%=0
    ELSE
      book%=1
      chapter%=1
      @open
    ENDIF
    DO WHILE book%<67 AND no%=1 AND ok%=1
      @search
      IF found%=0
        chapter%=chapter%+1
        IF chapter%>chapters(book%)
          book%=book%+1
          IF book%=67
            book%=oldbook%
            chapter%=oldchapter%
            no%=0
          ENDIF
          chapter%=1
        ENDIF
        IF no%=1
          @open
        ENDIF
      ELSE
        ok%=0
      ENDIF
    LOOP
    IF ok%=0
      @show
      @boxit
    ENDIF
    IF no%=0
      @nobible
    ENDIF
  CASE 13
    ' FIND NEXT
    IF stype%=1
      IF search$<>""
        pos%=pos%+LEN(search$)
        @search
        IF found%=0
          CLS
          @nobook
        ELSE
          page%=INT(found%/screensize%)+1
          @show
          @boxit
        ENDIF
      ENDIF
    ELSE
      oldbook%=book%
      oldchapter%=chapter%
      ok%=1
      IF search$=""
        ok%=0
      ENDIF
      no%=1
      DO WHILE book%<67 AND no%=1 AND ok%=1
        @search
        IF found%=0
          chapter%=chapter%+1
          IF chapter%>chapters(book%)
            book%=book%+1
            IF book%=67
              no%=0
              book%=oldbook%
              chapter%=oldchapter%
            ENDIF
            chapter%=1
          ENDIF
          IF no%=1
            @open
          ENDIF
        ELSE
          ok%=0
        ENDIF
      LOOP
      IF ok%=0
        page%=INT(found%/screensize%)+1
        @show
        @boxit
      ENDIF
      IF no%=0
        @nobible
      ENDIF
    ENDIF
  CASE 15
    @choosechapter
  CASE 17
    ' PRINT PAGE
    LPRINT books$(1,book%);" Chapter ";STR$(chapter%)
    FOR l%=0 TO 20
      LPRINT MID$(text$,(l%*78)+(page%*screensize%)-(screensize%-1),78);"  ";
    NEXT l%
  CASE 18
    ' PRINT CHAPTER
    LPRINT books$(1,book%);" Chapter ";STR$(chapter%)
    FOR l%=0 TO pages%*21-1
      LPRINT MID$(text$,(l%*78)+(page%*screensize%)-(screensize%-1),78);"  ";
    NEXT l%
  CASE 20
    ALERT 0,"Sure You Want to Quit ?  ",1,"I'M SURE| NO !",a%
    done%=a%
  CASE 23 TO 42
    book%=m%-offset%
    chapter%=1
    pos%=1
    @open
    @show
  CASE 45 TO 63
    book%=m%-(offset%+2)
    chapter%=1
    pos%=1
    @open
    @show
  CASE 66 TO 79
    book%=m%-(offset%+4)
    chapter%=1
    pos%=1
    @open
    @show
  CASE 82 TO 94
    book%=m%-(offset%+6)
    chapter%=1
    pos%=1
    @open
    @show
  DEFAULT
  ENDSELECT
RETURN
'
PROCEDURE nobook
  PRINT "'";search$;"' not found in ";books$(1,book%);" ."
  PRINT "PRESS MOUSE BUTTON TO CONTINUE..."
  DO UNTIL MOUSEK=0
  LOOP
  DO UNTIL MOUSEK>0
  LOOP
  @show
RETURN
'
PROCEDURE nobible
  CLS
  PRINT "'";search$;"' not found in Bible."
  PRINT "PRESS MOUSE BUTTON TO CONTINUE..."
  book%=66
  chapter%=23
  DO UNTIL MOUSEK=0
  LOOP
  DO UNTIL MOUSEK>0
  LOOP
  @show
RETURN
'
PROCEDURE show
  CLS
  length%=LEN(text$(pos%))
  temp%=1
  PRINT pos%;": "
  flag%=0
  DO WHILE flag%=0
    IF temp%+78<length%
      loop%=78
      DO WHILE loop%>0
        DEC loop%
        IF MID$(text$(pos%),temp%+loop%,1)=" " THEN
          PRINT MID$(text$(pos%),temp%,loop%+1)
          temp%=temp%+loop%+1
          loop%=0
        ENDIF
      LOOP
    ELSE
      flag%=1
    ENDIF
  LOOP
  PRINT MID$(text$(pos%),temp%)
RETURN
'
PROCEDURE shownext
  IF pos%<verses% THEN
    INC pos%
    length%=LEN(text$(pos%))
    temp%=1
    PRINT pos%;": "
    flag%=0
    DO WHILE flag%=0
      IF temp%+78<length%
        loop%=78
        DO WHILE loop%>0
          DEC loop%
          IF MID$(text$(pos%),temp%+loop%,1)=" " THEN
            PRINT MID$(text$(pos%),temp%,loop%+1)
            temp%=temp%+loop%+1
            loop%=0
          ENDIF
        LOOP
      ELSE
        flag%=1
      ENDIF
    LOOP
    PRINT MID$(text$(pos%),temp%)
  ENDIF
RETURN
'
PROCEDURE search
  ' SEARCH BOOK
  clen%=LEN(search$)
  usearch$=UPPER$(search$)
  temp$=UPPER$(text$)
  found%=INSTR(temp$,usearch$,pos%)
  pos%=found%+LEN(search$)
RETURN
'
PROCEDURE boxit
  page%=INT(found%/screensize%)+1
  temp%=found%-(((page%-1)*screensize%)+1)
  ypos%=INT(temp%/78)
  xpos%=temp%-(ypos%*78)
  BOX (xpos%*8)-1,(ypos%*16)+2,(xpos%*8)+(clen%*8),(ypos%*16)+17
RETURN
'
PROCEDURE open
  title$=books$(1,book%)+" Chapter "+STR$(chapter%)
  TITLEW #1,title$
  filename$=drive$+":\"+books$(2,book%)+"\CHPT."+STR$(chapter%)
  OPEN "I",#1,filename$
  LINE INPUT #1,text$
  verses%=VAL(text$)
  FOR loop%=1 TO verses%
    LINE INPUT #1,text$(loop%)
  NEXT loop%
  CLOSE #1
  pos%=1
RETURN
PROCEDURE choosechapter
  CLS
  PRINT " ";
  FOR num%=1 TO chapters(book%)
    PRINT USING "###",num%;
    PRINT "   ";
    IF num%=INT(num%/13)*13 THEN
      PRINT " ";
    ENDIF
  NEXT num%
  PRINT
  PRINT
  PRINT
  PRINT "                    Choose Chapter with LEFT MOUSE BUTTON."
  PRINT "                            RIGHT BUTTON to Cancel."
  z%=chapters(book%)
  temp%=INT(z%/13)
  IF z%=13 OR z%=26 OR z%=52
    temp%=0
  ENDIF
  FOR l%=0 TO 12
    FOR r%=0 TO temp%
      BOX l%*48,r%*16+1,l%*48+48,r%*16+17
    NEXT r%
  NEXT l%
  c%=0
  REPEAT
    MOUSE x%,y%,k%
    IF k%=1
      LOCATE 1,16
      x%=INT(x%/48)
      y%=INT(y%/16)
      c%=1+x%+y%*13
    ENDIF
  UNTIL MOUSEK=2 OR c%>0
  IF c%>0 AND c%<=chapters(book%)
    chapter%=c%
    @open
  ENDIF
  @show
  DO UNTIL MOUSEK=0
  LOOP
RETURN
