' QUICK-DRUCK V1.4,  11.6.89,  ein PD-Programm von R. Kietzmann, Berlin
' in GFA-Basic
' unter Zuhilfename des Basic-Construction-Set (BCS)
'
ON BREAK
CLS
OPTION BASE 1
fs$=CHR$(28)
esc$=CHR$(27)
drucker%=1  !  Drucker ein
DIM taste%(44,6)  ! (soll 1/0,x1-Koordinate,y1-Koordinate,x2,y2,ist 1/0) fÅr alle Tasten
@draw.scr     !  Bildschirm aufbauen
@init_array
@autoladen    !  Sucht nach Dateinamen in der Basepage
pfad$="C:\*.*"
IF LEN(filename$)=0
  @lade_datei
ENDIF
@schreibe_dateiname  ! Namen und LÑnge ins Fenster schreiben,Pfad$ Ñndern
@drucker_bereit  ! ÅberprÅft Druckerbereitschaft
@control.scr  !  Mausbedienung
END
' -----------------------------------------------------------------------------
'                            Prozeduren
'                            ==========
'
PROCEDURE draw.scr              ! Baut den Bildschirm auf
  GRAPHMODE 1
  @double.box(5,5,160,40,4,0)
  GRAPHMODE 255
  GRAPHMODE 1
  @shadow.box(5,45,80,75,4,0)
  @shadow.box(85,45,160,75,4,0)
  @shadow.box(5,130,80,160,4,0)
  @shadow.box(85,130,160,160,4,0)
  DEFTEXT ,0,,13
  TEXT 51,28,"Druckart"
  TEXT 35,61,"LQ"
  DEFTEXT ,0,,4
  TEXT 40,71,"~60CPS"
  @double.box(5,90,160,125,4,0)
  DEFTEXT ,0,,13
  TEXT 30,110,"Zeichenbreite"
  TEXT 105,61,"Draft"
  DEFTEXT ,0,,4
  TEXT 115,71,"~180CPS"
  @shadow.box(5,165,80,195,4,0)
  @shadow.box(85,165,160,195,4,0)
  @shadow.box(5,200,80,230,4,0)
  @shadow.box(5,235,80,265,4,0)
  @shadow.box(5,270,80,300,4,0)
  @shadow.box(85,200,160,230,4,0)
  @shadow.box(85,235,160,265,4,0)
  @shadow.box(85,270,160,300,4,0)
  DEFTEXT ,0,,13
  TEXT 25,150,"5 CPI"
  TEXT 15,185,"7.5 CPI"
  TEXT 20,220,"10 CPI"
  TEXT 20,255,"12 CPI"
  TEXT 10,290,"HS12 CPI"
  TEXT 100,150,"15 CPI"
  TEXT 100,185,"17 CPI"
  TEXT 100,220,"20 CPI"
  TEXT 92,255,"Proport."
  TEXT 90,290,"Prop.cnd"
  DEFTEXT ,0,,4
  TEXT 65,157,"40"
  TEXT 65,193,"60"
  TEXT 65,228,"80"
  TEXT 65,263,"96"
  TEXT 10,298,"216CPS   96"
  TEXT 140,157,"120"
  TEXT 140,193,"137"
  TEXT 140,228,"160"
  @double.box(5,315,160,345,4,0)
  @shadow.box(5,350,80,370,4,0)
  @shadow.box(85,350,160,370,4,0)
  @shadow.box(5,375,80,395,4,0)
  @shadow.box(85,375,160,395,4,0)
  DEFTEXT ,0,,13
  TEXT 25,336,"Zeilenabstand"
  TEXT 20,366,"4 LPI"
  TEXT 20,391,"6 LPI"
  TEXT 105,366,"8 LPI"
  TEXT 100,391,"10 LPI"
  @shadow.box(185,45,260,75,4,0)
  @shadow.box(265,45,340,75,4,0)
  @double.box(185,5,340,40,4,0)
  GRAPHMODE 3
  TEXT 240,21,"RÑnder"
  TEXT 200,36,"links"
  TEXT 278,36,"rechts"
  TEXT 200,66,"normal"
  TEXT 280,66,"normal"
  GRAPHMODE 1
  @shadow.box(265,80,340,110,4,0)
  GRAPHMODE 3
  TEXT 205,100,"+ 1"""
  TEXT 285,100,"- 1"""
  TEXT 200,135,"HÑlfte"
  TEXT 280,135,"HÑlfte"
  GRAPHMODE 1
  @shadow.box(265,115,340,145,4,0)
  @shadow.box(185,80,260,110,4,0)
  @shadow.box(185,115,260,145,4,0)
  @double.box(185,160,340,195,4,0)
  TEXT 205,183,"Papiertransport"
  @shadow.box(185,200,260,225,4,0)
  @shadow.box(265,200,340,225,4,0)
  @shadow.box(185,275,260,300,4,0)
  @shadow.box(265,275,340,300,4,0)
  @shadow.box(185,230,340,255,4,0)
  TEXT 215,219,"LF"
  TEXT 295,219,"RLF"
  TEXT 230,249,"FORMFEED"
  DEFTEXT ,0,,6
  TEXT 190,271,"1"" Perforationsspr."
  DEFTEXT ,0,,13
  TEXT 211,294,"EIN"
  TEXT 288,294,"AUS"
  @double.box(185,315,340,345,4,0)
  @shadow.box(185,350,260,370,4,0)
  @shadow.box(265,350,340,370,4,0)
  @shadow.box(185,375,260,395,4,0)
  @shadow.box(265,375,340,395,4,0)
  TEXT 205,336,"Textjustierung"
  TEXT 205,366,"links"
  TEXT 205,391,"Mitte"
  TEXT 278,366,"rechts"
  TEXT 280,391,"Block"
  BOX 185,259,341,273
  @frame.box(365,350,450,395,4,0)
  @frame.box(460,350,545,395,4,0)
  @frame.box(555,350,635,395,4,0)
  TEXT 388,378,"START"
  TEXT 486,378,"STOP"
  TEXT 568,378,"ABBRUCH"
  @double.box(360,5,635,145,4,0)
  @shadow.box(360,155,445,185,4,0)
  @shadow.box(455,155,540,185,4,0)
  @shadow.box(550,155,635,185,4,0)
  @double.box(360,200,450,230,4,0)
  @shadow.box(360,235,450,265,4,0)
  TEXT 370,220,"Texthîhe"
  @double.box(465,200,635,230,4,0)
  TEXT 505,220,"Zeichensatz"
  @shadow.box(360,270,450,300,4,0)
  @shadow.box(360,305,450,335,4,0)
  @shadow.box(465,235,550,265,4,0)
  @shadow.box(555,235,635,265,4,0)
  @shadow.box(465,270,550,300,4,0)
  @shadow.box(555,270,635,300,4,0)
  @shadow.box(465,305,635,335,2,1)
  TEXT 380,255,"DOPPELT"
  TEXT 380,290,"NORMAL"
  TEXT 390,326,"HALB"
  TEXT 495,255,"IBM"
  TEXT 570,255,"ITALIC"
  TEXT 480,290,"DEUTSCH"
  TEXT 585,290,"USA"
  TEXT 495,326,"DRUCKER RESET"
  DEFTEXT ,0,,6
  TEXT 380,168,"DATEI"
  TEXT 380,178,"LADEN"
  TEXT 460,168,"TEXTLéNGE"
  TEXT 465,178,"ANZEIGEN"
  TEXT 560,168,"TRENNUNG"
  TEXT 560,178,"WORTWEISE"
  GRAPHMODE 2
  DEFTEXT ,0,,13
  GRAPHMODE 1
  DEFTEXT ,8,,13
  TEXT 415,25,"Q U I C K - D R U C K"
  LINE 361,31,633,31
  LINE 361,33,633,33
  DEFTEXT ,0,,13
  TEXT 368,52,"Ausdruck von:"
  LINE 361,55,631,55
  TEXT 368,71,"DateilÑnge  :"
  LINE 361,75,631,75
  TEXT 368,90,"TextlÑnge   :"
  LINE 363,95,631,95
  LINE 363,122,633,122
  DEFTEXT ,0,,4
  TEXT 363,119,"Steuerzeicheneingabe:"
  DEFTEXT ,0,,13
  TEXT 376,112,"______________________________"
  TEXT 376,109,"                              "
  DEFTEXT ,0,,4
  TEXT 366,130,"Ausgabe-"
  TEXT 366,139,"status:"
  BOX 418,125,628,140
  TEXT 606,28,"Info"
RETURN
' .............................................................................
'
PROCEDURE control.scr            !  Mauskontrolle
  DO
    REPEAT
      MOUSE x,y,k
    UNTIL k>0
    IF x>5 AND x<80 AND y>45 AND y<75    ! >>>>> LQ
      IF taste%(2,6)=1
        @invertiere(2)  ! Draft lîschen
      ENDIF
      IF taste%(1,6)=0
        @invertiere(1)  ! LQ setzen
        IF taste%(31,6)=1
          @invertiere(31)  !  Trennung wortweise aus
        ENDIF
        LPRINT esc$+"x"+CHR$(1);
        IF taste%(7,6)=1  !  HS12 CPI geht in 12 CPI normal Åber
          LPRINT CHR$(18)+esc$+"W"+CHR$(0)+esc$+"M"; !  setze 12 CPI
          @invertiere(7)  !  HS12 CPI-Taste aus
          @invertiere(6)  !  12 CPI-Taste ein
        ENDIF
      ENDIF
    ENDIF
    IF x>85 AND x<161 AND y>45 AND y<75   ! >>>>> Draft
      IF taste%(1,6)=1
        @invertiere(1)  !  LQ lîschen
      ENDIF
      IF taste%(2,6)=0
        @invertiere(2)  !  Draft setzen
        IF taste%(31,6)=1
          @invertiere(31)  !  Trennung wortweise aus
        ENDIF
        LPRINT esc$+"x"+CHR$(0);
        IF taste%(11,6)=1 OR taste%(12,6)=1  !  Prop. geht in 10 CPI normal Åber
          LPRINT CHR$(18)+esc$+"W"+CHR$(0)+esc$+"p"+CHR$(0)+esc$+"P"; !  setze 10 CPI
          @teste_breite
          IF breite%<13
            @invertiere(breite%)  !  prop. abschalten
          ENDIF
          @invertiere(5)  !  10 CPI-Taste ein
        ENDIF
      ENDIF
    ENDIF
    IF x>5 AND x<80 AND y>130 AND y<160   ! >>>>> CPI 5
      @teste_breite
      IF breite%<>3   ! Tastennummer
        IF breite%<13 ! Åberhaupt schon eine Taste aktiviert?
          @invertiere(breite%)   ! alte Breite abschalten
        ENDIF
        @invertiere(3)  !  5 CPI einschalten
        IF taste%(31,6)=1
          @invertiere(31)  !  Trennung wortweise aus
        ENDIF
        @setze5cpi
      ENDIF
    ENDIF
    IF x>5 AND x<80 AND y>165 AND y<195   !  >>>>> CPI 7
      @teste_breite
      IF breite%<>4   ! Tastennummer
        IF breite%<13 ! Åberhaupt schon eine Taste aktiviert?
          @invertiere(breite%)   ! alte Breite abschalten
        ENDIF
        @invertiere(4)  !  7.5 CPI einschalten
        IF taste%(31,6)=1
          @invertiere(31)  !  Trennung wortweise aus
        ENDIF
        @setze7cpi
      ENDIF
    ENDIF
    IF x>5 AND x<80 AND y>200 AND y<230   ! >>>>> CPI 10
      @teste_breite
      IF breite%<>5   ! Tastennummer
        IF breite%<13 ! Åberhaupt schon eine Taste aktiviert?
          @invertiere(breite%)   ! alte Breite abschalten
        ENDIF
        @invertiere(5)  !  10 CPI einschalten
        IF taste%(31,6)=1
          @invertiere(31)  !  Trennung wortweise aus
        ENDIF
        @setze10cpi
      ENDIF
    ENDIF
    IF x>5 AND x<80 AND y>235 AND y<266   ! >>>>> CPI 12
      @teste_breite
      IF breite%<>6   ! Tastennummer
        IF breite%<13 ! Åberhaupt schon eine Taste aktiviert?
          @invertiere(breite%)   ! alte Breite abschalten
        ENDIF
        @invertiere(6)  !  12 CPI einschalten
        IF taste%(31,6)=1
          @invertiere(31)  !  Trennung wortweise aus
        ENDIF
        @setze12cpi
      ENDIF
    ENDIF
    IF x>5 AND x<80 AND y>270 AND y<299   ! >>>>> HS12 CPI
      @teste_breite
      IF breite%<>7  !  Tastennummer
        IF breite%<13  ! denn sonst ist noch keine Taste aktiviert
          @invertiere(breite%)  !  alte Breite abschalten
        ENDIF
        @invertiere(7)  !  HS12 CPI einschalten
        IF taste%(31,6)=1
          @invertiere(31)  !  Trennung wortweise aus
        ENDIF
        @setzehs12cpi
        IF taste%(1,6)=1
          @invertiere(1)  !  LQ aus
        ENDIF
        IF taste%(2,6)=0
          @invertiere(2)  !  Draft ein
        ENDIF
      ENDIF
    ENDIF
    IF x>85 AND x<160 AND y>130 AND y<160   ! >>>>> CPI 15
      @teste_breite
      IF breite%<>8   ! Tastennummer
        IF breite%<13 ! Åberhaupt schon eine Taste aktiviert?
          @invertiere(breite%)   ! alte Breite abschalten
        ENDIF
        @invertiere(8)  !  15 CPI einschalten
        IF taste%(31,6)=1
          @invertiere(31)  !  Trennung wortweise aus
        ENDIF
        @setze15cpi
      ENDIF
    ENDIF
    IF x>85 AND x<160 AND y>165 AND y<195   ! >>>>> CPI 17
      @teste_breite
      IF breite%<>9   ! Tastennummer
        IF breite%<13 ! Åberhaupt schon eine Taste aktiviert?
          @invertiere(breite%)   ! alte Breite abschalten
        ENDIF
        @invertiere(9)  !  17 CPI einschalten
        IF taste%(31,6)=1
          @invertiere(31)  !  Trennung wortweise aus
        ENDIF
        @setze17cpi
      ENDIF
    ENDIF
    IF x>85 AND x<160 AND y>200 AND y<229   ! >>>>> CPI 20
      @teste_breite
      IF breite%<>10   ! Tastennummer
        IF breite%<13 ! Åberhaupt schon eine Taste aktiviert?
          @invertiere(breite%)   ! alte Breite abschalten
        ENDIF
        @invertiere(10)  !  20 CPI einschalten
        IF taste%(31,6)=1
          @invertiere(31)  !  Trennung wortweise aus
        ENDIF
        @setze20cpi
      ENDIF
    ENDIF
    IF x>85 AND x<160 AND y>235 AND y<265   ! >>>>> Proportional
      @teste_breite
      IF breite%<>11   ! Tastennummer
        IF breite%<13 ! Åberhaupt schon eine Taste aktiviert?
          @invertiere(breite%)   ! alte Breite abschalten
        ENDIF
        IF taste%(2,6)=1  ! Draft gesetzt?
          @invertiere(2)  ! Draft abschalten
        ENDIF
        IF taste%(1,6)=0
          @invertiere(1) ! LQ setzen
          LPRINT esc$+"x"+CHR$(1);
        ENDIF
        IF taste%(31,6)=1
          @invertiere(31)  ! Wortweise Trennung abschalten
        ENDIF
        @invertiere(11)  !  Proportional einschalten
        @setzeprop
      ENDIF
    ENDIF
    IF x>85 AND x<160 AND y>270 AND y<300   ! >>>>> Proportional schmal
      @teste_breite
      IF breite%<>12   ! Tastennummer
        IF breite%<13 ! Åberhaupt schon eine Taste aktiviert?
          @invertiere(breite%)   ! alte Breite abschalten
        ENDIF
        IF taste%(2,6)=1  ! Draft gesetzt?
          @invertiere(2)  ! Draft abschalten
        ENDIF
        IF taste%(1,6)=0
          @invertiere(1) ! LQ setzen
          LPRINT esc$+"x"+CHR$(1);
        ENDIF
        IF taste%(31,6)=1
          @invertiere(31)  !  Wortweise Trennung abschalten
        ENDIF
        @invertiere(12)  !  15 CPI einschalten
        @setzepropcnd
      ENDIF
    ENDIF
    IF x>5 AND x<81 AND y>350 AND y<370   ! >>>>> 4 LPI
      IF taste%(13,6)=0
        IF taste%(14,6)=1
          @invertiere(14)  ! andere Einstellung aus
        ELSE
          IF taste%(15,6)=1
            @invertiere(15)
          ELSE
            IF taste%(16,6)=1
              @invertiere(16)
            ENDIF
          ENDIF
        ENDIF
        @invertiere(13)
        LPRINT esc$+"A"+CHR$(15);
        IF taste%(25,6)=1  !  Perforationssprung neu setzen
          LPRINT esc$+"N"+CHR$(4);
        ENDIF
      ENDIF
    ENDIF
    IF x>5 AND x<80 AND y>375 AND y<395   ! >>>>> 6 LPI
      IF taste%(14,6)=0
        IF taste%(13,6)=1
          @invertiere(13)  ! andere Einstellung aus
        ELSE
          IF taste%(15,6)=1
            @invertiere(15)
          ELSE
            IF taste%(16,6)=1
              @invertiere(16)
            ENDIF
          ENDIF
        ENDIF
        @invertiere(14)
        LPRINT esc$+"2";
        IF taste%(25,6)=1  !  Perforationssprung neu setzen
          LPRINT esc$+"N"+CHR$(6);
        ENDIF
      ENDIF
    ENDIF
    IF x>85 AND x<161 AND y>350 AND y<371   ! >>>>> 8 LPI
      IF taste%(15,6)=0
        IF taste%(13,6)=1
          @invertiere(13)  ! andere Einstellung aus
        ELSE
          IF taste%(14,6)=1
            @invertiere(14)
          ELSE
            IF taste%(16,6)=1
              @invertiere(16)
            ENDIF
          ENDIF
        ENDIF
        @invertiere(15)
        LPRINT esc$+"0";
        IF taste%(25,6)=1 THEN  !  Perforationssprung neu setzen
          LPRINT esc$+"N"+CHR$(8);
        ENDIF
      ENDIF
    ENDIF
    IF x>85 AND x<162 AND y>375 AND y<396   ! >>>>> 10 LPI
      IF taste%(16,6)=0
        IF taste%(13,6)=1
          @invertiere(13)  ! andere Einstellung aus
        ELSE
          IF taste%(14,6)=1
            @invertiere(14)
          ELSE
            IF taste%(15,6)=1
              @invertiere(15)
            ENDIF
          ENDIF
        ENDIF
        @invertiere(16)
        LPRINT esc$+"A"+CHR$(6);
        IF taste%(25,6)=1  !  Perforationssprung neu setzen
          LPRINT esc$+"N"+CHR$(10);
        ENDIF
      ENDIF
    ENDIF
    IF x>185 AND x<260 AND y>45 AND y<75   ! >>>>> linker Rand normal
      IF taste%(17,6)=0
        @setze_links_normal
        IF taste%(31,6)=1
          @invertiere(31)  !  Trennung wortweise aus
        ENDIF
      ENDIF
    ENDIF
    IF x>185 AND x<261 AND y>80 AND y<110   ! >>>>> linker Rand +1"
      IF taste%(18,6)=0
        IF taste%(17,6)=1
          @invertiere(17)
        ELSE
          IF taste%(19,6)=1
            @invertiere(19)
          ENDIF
        ENDIF
        @invertiere(18) ! setze links +1"
        IF taste%(31,6)=1
          @invertiere(31)  !  Trennung wortweise aus
        ENDIF
        @teste_breite ! Zeichenbreite sichern
        @setze10cpi
        LPRINT esc$+"l"+CHR$(10); ! setze Rand
        ON breite%-2 GOSUB setze5cpi,setze7cpi,setze10cpi,setze12cpi,setzehs12cpi,setze15cpi,setze17cpi,setze20cpi,setzeprop,setzepropcnd
      ENDIF
    ENDIF
    IF x>185 AND x<261 AND y>115 AND y<145   ! >>>>> linker Rand auf HÑlfte
      IF taste%(19,6)=0
        IF taste%(22,6)=1 ! rechten Rand Ñndern falls auf HÑlfte
          @setze_rechts_normal
        ENDIF
        IF taste%(17,6)=1
          @invertiere(17)
        ELSE
          IF taste%(18,6)=1
            @invertiere(18)
          ENDIF
        ENDIF
        @invertiere(19) ! setze links auf HÑlfte
        IF taste%(31,6)=1
          @invertiere(31)  !  Trennung wortweise aus
        ENDIF
        @teste_breite ! Zeichenbreite sichern
        @setze10cpi
        LPRINT esc$+"l"+CHR$(42); ! setze Rand
        ON breite%-2 GOSUB setze5cpi,setze7cpi,setze10cpi,setze12cpi,setzehs12cpi,setze15cpi,setze17cpi,setze20cpi,setzeprop,setzepropcnd
      ENDIF
    ENDIF
    IF x>264 AND x<340 AND y>46 AND y<76   ! >>>>> rechter Rand normal
      IF taste%(20,6)=0
        @setze_rechts_normal
        IF taste%(31,6)=1
          @invertiere(31)  !  Trennung wortweise aus
        ENDIF
      ENDIF
    ENDIF
    IF x>265 AND x<340 AND y>80 AND y<110   ! >>>>> rechter Rand -1"
      IF taste%(21,6)=0
        IF taste%(20,6)=1
          @invertiere(20)
        ELSE
          IF taste%(22,6)=1
            @invertiere(22)
          ENDIF
        ENDIF
        @invertiere(21) ! setze rechts -1"
        IF taste%(31,6)=1
          @invertiere(31)  !  Trennung wortweise aus
        ENDIF
        @teste_breite ! Zeichenbreite sichern
        @setze10cpi
        LPRINT esc$+"Q"+CHR$(70); ! setze Rand
        ON breite%-2 GOSUB setze5cpi,setze7cpi,setze10cpi,setze12cpi,setzehs12cpi,setze15cpi,setze17cpi,setze20cpi,setzeprop,setzepropcnd
      ENDIF
    ENDIF
    IF x>265 AND x<340 AND y>115 AND y<145   ! >>>>> rechter Rand auf HÑlfte
      IF taste%(22,6)=0
        IF taste%(19,6)=1 ! linken Rand Ñndern falls HÑlfte
          @setze_links_normal
        ENDIF
        IF taste%(20,6)=1
          @invertiere(20)
        ELSE
          IF taste%(21,6)=1
            @invertiere(21)
          ENDIF
        ENDIF
        @invertiere(22) ! setze rechts auf HÑlfte
        IF taste%(31,6)=1
          @invertiere(31)  !  Trennung wortweise aus
        ENDIF
        @teste_breite ! Zeichenbreite sichern
        @setze10cpi
        LPRINT esc$+"Q"+CHR$(38); ! setze Rand
        ON breite%-2 GOSUB setze5cpi,setze7cpi,setze10cpi,setze12cpi,setzehs12cpi,setze15cpi,setze17cpi,setze20cpi,setzeprop,setzepropcnd
      ENDIF
    ENDIF
    IF x>185 AND x<262 AND y>200 AND y<226   ! >>>>> LF
      @invertiere(23)
      LPRINT CHR$(10);
      @warte(20)
      @invertiere(23)
    ENDIF
    IF x>265 AND x<340 AND y>200 AND y<225   ! >>>>> RLF
      @invertiere(24)
      LPRINT fs$+"R"+CHR$(10)+fs$+"F";
      @warte(20)
      @invertiere(24)
    ENDIF
    IF x>185 AND x<340 AND y>230 AND y<255   ! >>>>> FF
      @invertiere(42)
      LPRINT CHR$(12);
      @warte(20)
      @invertiere(42)
    ENDIF
    IF x>185 AND x<260 AND y>275 AND y<300   ! >>>>> Perforationssprung ein
      IF taste%(25,6)=0
        IF taste%(26,6)=1
          @invertiere(26)
        ENDIF
        @invertiere(25)
        LPRINT esc$+"N"+CHR$(8);  !  vermutl. Standardeinstellung
        IF taste%(13,6)=1
          LPRINT esc$+"N"+CHR$(4);
        ELSE
          IF taste%(14,6)=1
            LPRINT esc$+"N"+CHR$(6);
          ELSE
            IF taste%(16,6)=1
              LPRINT esc$+"N"+CHR$(10);
            ENDIF
          ENDIF
        ENDIF
      ENDIF
    ENDIF
    IF x>265 AND x<340 AND y>275 AND y<300   ! >>>>> Perforationssprung aus
      IF taste%(26,6)=0
        IF taste%(25,6)=1
          @invertiere(25)
        ENDIF
        @invertiere(26)
        LPRINT esc$+"O";
      ENDIF
    ENDIF
    IF x>185 AND x<260 AND y>351 AND y<371   ! >>>>> links justiert
      IF taste%(27,6)=0
        IF taste%(28,6)=1
          @invertiere(28)
        ELSE
          IF taste%(29,6)=1 THEN
            @invertiere(29)
          ELSE
            IF taste%(30,6)=1
              @invertiere(30)
            ENDIF
          ENDIF
        ENDIF
        @invertiere(27)
        LPRINT esc$+"a"+CHR$(0);
      ENDIF
    ENDIF
    IF x>265 AND x<340 AND y>350 AND y<371   ! >>>>> rechts justiert
      IF taste%(28,6)=0
        IF taste%(27,6)=1
          @invertiere(27)
        ELSE
          IF taste%(29,6)=1 THEN
            @invertiere(29)
          ELSE
            IF taste%(30,6)=1
              @invertiere(30)
            ENDIF
          ENDIF
        ENDIF
        @invertiere(28)
        LPRINT esc$+"a"+CHR$(2);
      ENDIF
    ENDIF
    IF x>185 AND x<260 AND y>375 AND y<395   ! >>>>> Mittenjustiereung
      IF taste%(29,6)=0
        IF taste%(27,6)=1
          @invertiere(27)
        ELSE
          IF taste%(28,6)=1 THEN
            @invertiere(28)
          ELSE
            IF taste%(30,6)=1
              @invertiere(30)
            ENDIF
          ENDIF
        ENDIF
        @invertiere(29)
        LPRINT esc$+"a"+CHR$(1);
      ENDIF
    ENDIF
    IF x>265 AND x<340 AND y>375 AND y<396   ! >>>>> Blocksatz
      IF taste%(30,6)=0
        IF taste%(27,6)=1
          @invertiere(27)
        ELSE
          IF taste%(28,6)=1 THEN
            @invertiere(28)
          ELSE
            IF taste%(29,6)=1
              @invertiere(29)
            ENDIF
          ENDIF
        ENDIF
        @invertiere(30)
        LPRINT esc$+"a"+CHR$(3);
      ENDIF
    ENDIF
    IF x>364 AND x<631 AND y>96 AND y<121    ! >>>>> Steuerzeicheneingabe
      PRINT AT(48,7);
      FORM INPUT 30 AS steuerzeichen$
      LPRINT steuerzeichen$;
    ENDIF
    IF x>360 AND x<444 AND y>155 AND y<185   ! >>>>> laden
      @lade_datei
      @schreibe_dateiname
    ENDIF
    IF x>455 AND x<541 AND y>155 AND y<185   ! >>>>> TextlÑnge anzeigen
      @invertiere(43)
      drucker%=0  ! Drucker aus
      zeilenzahl%=0
      @ausdruck  !  Drucklauf zum ZÑhlen der Zeilen
      IF taste%(13,6)=1
        zeilen%=4
      ELSE
        IF taste%(14,6)=1
          zeilen%=6
        ELSE
          IF taste%(15,6)=1
            zeilen%=8
          ELSE
            IF taste%(16,6)=1
              zeilen%=10
            ELSE
              zeilen%=6
            ENDIF
          ENDIF
        ENDIF
      ENDIF
      zeilen%=12*zeilen%-taste%(25,6)*zeilen%  !  Zeilen pro Seite
      seiten%=(zeilenzahl%-1)/zeilen%+1
      GRAPHMODE 1
      DEFTEXT 1,0,0,13
      TEXT 470,92,"                   "
      IF zeilenzahl%>0
        TEXT 510-9*LEN(STR$(zeilenzahl%)),92,STR$(zeilenzahl%)+" Zeilen = "+STR$(seiten%)+" S."
      ENDIF
      drucker%=1  ! Drucker wieder ein
      @invertiere(43)
    ENDIF
    IF x>550 AND x<635 AND y>155 AND y<185   ! >>>>> Trennung wortweise
      @invertiere(31)
      @warte(50)
      IF taste%(31,6)=0
        chars%=255  !  ZeilenlÑnge maximal
      ELSE
        @bestimme_zeilenbreite
      ENDIF
    ENDIF
    IF x>361 AND x<450 AND y>235 AND y<266   ! >>>>> doppelte Texthîhe
      IF taste%(32,6)=0
        IF taste%(33,6)=1
          @invertiere(33)
        ELSE
          IF taste%(34,6)=1
            @invertiere(34)
          ENDIF
        ENDIF
        @invertiere(32)
        LPRINT esc$+"T"+fs$+"V"+CHR$(1);
      ENDIF
    ENDIF
    IF x>360 AND x<450 AND y>270 AND y<301   ! >>>>> normale Texthîhe
      IF taste%(33,6)=0
        IF taste%(32,6)=1
          @invertiere(32)
        ELSE
          IF taste%(34,6)=1
            @invertiere(34)
          ENDIF
        ENDIF
        @invertiere(33)
        LPRINT esc$+"T"+fs$+"V"+CHR$(0);
      ENDIF
    ENDIF
    IF x>360 AND x<450 AND y>305 AND y<335   ! >>>>> halbe Schrifthîhe
      IF taste%(34,6)=0
        IF taste%(32,6)=1
          @invertiere(32)
        ELSE
          IF taste%(33,6)=1
            @invertiere(33)
          ENDIF
        ENDIF
        @invertiere(34)
        LPRINT fs$+"V"+CHR$(0)+esc$+"S"+CHR$(1);
      ENDIF
    ENDIF
    IF x>465 AND x<551 AND y>235 AND y<265   ! >>>>> IBM-Zeichensatz
      IF taste%(35,6)=0
        IF taste%(36,6)=1
          @invertiere(36)
        ENDIF
        @invertiere(35)
        LPRINT fs$+"I"+CHR$(1);
      ENDIF
    ENDIF
    IF x>556 AND x<636 AND y>235 AND y<266   ! >>>>> Italic-Zeichensatz
      IF taste%(36,6)=0
        IF taste%(35,6)=1
          @invertiere(35)
        ENDIF
        @invertiere(36)
        LPRINT fs$+"I"+CHR$(0);
      ENDIF
    ENDIF
    IF x>465 AND x<550 AND y>270 AND y<301   ! >>>>> Deutscher Zeichensatz
      IF taste%(37,6)=0
        IF taste%(38,6)=1
          @invertiere(38)
        ENDIF
        @invertiere(37)
        LPRINT esc$+"R"+CHR$(2);
      ENDIF
    ENDIF
    IF x>555 AND x<635 AND y>269 AND y<300   ! >>>> USA-Zeichensatz
      IF taste%(38,6)=0
        IF taste%(37,6)=1
          @invertiere(37)
        ENDIF
        @invertiere(38)
        LPRINT esc$+"R"+CHR$(0);
      ENDIF
    ENDIF
    IF x>465 AND x<636 AND y>304 AND y<336   ! >>>>> Drucker-Reset
      @invertiere(44)
      FOR i%=1 TO 43
        IF taste%(i%,6)=1
          @invertiere(i%)
        ENDIF
        IF taste%(i%,1)=1
          @invertiere(i%)
        ENDIF
      NEXT i%
      LPRINT fs$+CHR$(64);
      @warte(10)
      @invertiere(44)
    ENDIF
    IF x>366 AND x<449 AND y>351 AND y<394   ! >>>>> Start
      @ausdruck
    ENDIF
    IF x>555 AND x<635 AND y>350 AND y<395  ! >>>>> Abbruch
      CLOSE #1
      END
    ENDIF
    IF x>362 AND x<634 AND y>7 AND y<31  ! >>>>> Info
      ALERT 1," Q U I C K - D R U C K    |    V1.4  11.6.1989|  Ein PD-Programm  von|   Reinhard Kietzmann|       Berlin",1,"  OK  ",antwort
    ENDIF
  LOOP
RETURN
' .............................................................................
'
' GRAFIC LIBRARY FOR B.C.S V1.0 (Wird zum Basic Lader hinzugefÅgt falls nîtig)
'
PROCEDURE shadow.box(x%,y%,w%,h%,fstyle%,findex%)
  IF x%>w%
    SWAP x%,w%
  ENDIF
  IF y%>h%
    SWAP y%,h%
  ENDIF
  DEFFILL 1,1
  PBOX x%+2,h%,w%+2,h%+2
  PBOX w%,y%+2,w%+2,h%
  IF fstyle%=4
    BOX x%,y%,w%,h%
  ELSE
    DEFFILL 1,fstyle%,findex%
    PBOX x%,y%,w%,h%
  ENDIF
RETURN
' ..............................................................................
'
PROCEDURE double.box(x%,y%,w%,h%,fstyle%,findex%)
  IF x%>w%
    SWAP x%,w%
  ENDIF
  IF y%>h%
    SWAP y%,h%
  ENDIF
  IF fstyle%=4
    BOX x%,y%,w%,h%
    BOX x%+2,y%+2,w%-2,h%-2
  ELSE
    DEFFILL 1,0
    PBOX x%,y%,w%,h%
    DEFFILL 1,fstyle%,findex%
    PBOX x%+2,y%+2,w%-2,h%-2
  ENDIF
RETURN
' .............................................................................
'
PROCEDURE frame.box(x%,y%,w%,h%,fstyle%,findex%)
  IF x%>w%
    SWAP x%,w%
  ENDIF
  IF y%>h%
    SWAP y%,h%
  ENDIF
  IF fstyle%=4
    BOX x%,y%,w%,h%
    BOX x%+5,y%+5,w%-5,h%-5
    LINE x%,y%,x%+5,y%+5
    LINE w%,y%,w%-5,y%+5
    LINE w%,h%,w%-5,h%-5
    LINE x%,h%,x%+5,h%-5
  ELSE
    DEFFILL 1,0
    PBOX x%,y%,w%,h%
    LINE x%,y%,x%+5,y%+5
    LINE w%,y%,w%-5,y%+5
    LINE w%,h%,w%-5,h%-5
    LINE x%,h%,x%+5,h%-5
    DEFFILL 1,fstyle%,findex%
    PBOX x%+5,y%+5,w%-5,h%-5
  ENDIF
RETURN
' ..............................................................................
'
PROCEDURE autoladen       ! lÑdt einen Filename aus der Basepage
  n%=PEEK(BASEPAGE+129)
  i%=0
  WHILE (n%>0)
    filename$=filename$+CHR$(n%)
    i%=i%+1
    n%=PEEK(BASEPAGE+129+i%)
  WEND
RETURN
' .............................................................................
'
PROCEDURE ausdruck     !   Druckt die Datei aus oder zÑhlt die Zeilen
  IF LEN(filename$)>0 AND dateilaenge%>0 THEN
    OPEN "I",#1,filename$
    IF drucker%
      @invertiere(39)
    ELSE
      @bestimme_zeilenbreite
    ENDIF
    IF chars%>0
      gedruckt%=0
      unterbrechung%=0
      GRAPHMODE 1
      DEFFILL 1,2,2
      IF taste%(31,6)=0 AND drucker%
        chars%=255  !  max. Zeilenlanege falls Trennung nicht wortweise
      ENDIF
      REPEAT
        LINE INPUT #1,zeile$
        gedruckt%=gedruckt%+LEN(zeile$)+2
        IF taste%(37,6)=1 AND LEN(zeile$)>0 AND drucker%  !  sz austauschen falls deutscher Zeichensatz
          FOR i%=1 TO LEN(zeile$)
            IF ASC(MID$(zeile$,i%,1))=158
              MID$(zeile$,i%,1)=CHR$(126)
            ENDIF
          NEXT i%
        ENDIF
        IF LEN(zeile$)<=chars%
          IF drucker%
            LPRINT zeile$
          ELSE
            zeilenzahl%=zeilenzahl%+1
          ENDIF
        ELSE
          IF drucker% OR taste%(31,6)
            REPEAT
              i%=chars%+1
              REPEAT
                i%=i%-1
                z%=ASC(MID$(zeile$,i%,1))
              UNTIL ((z%<41 OR (z%>90 AND z%<97) OR (z%>122 AND z%<>129 AND z%<>132 AND z%<>142 AND z%<>148 AND z%<>153 AND z%<>154 AND z%<>126)) AND i%<=chars%) OR i%=1
              IF i%=1  !  Wort passt nicht in die Zeile
                i%=chars%
              ENDIF
              IF drucker%
                LPRINT LEFT$(zeile$,i%)
              ELSE
                zeilenzahl%=zeilenzahl%+1
              ENDIF
              zeile$=RIGHT$(zeile$,LEN(zeile$)-i%)
            UNTIL LEN(zeile$)<=chars%
            IF drucker%
              LPRINT zeile$ ! Zeilenrest drucken
            ELSE
              zeilenzahl%=zeilenzahl%+1
            ENDIF
          ELSE
            zeilenzahl%=zeilenzahl%+(LEN(zeile$)-1)/chars%+1
          ENDIF
        ENDIF
        PBOX 418,125,418+210*gedruckt%/dateilaenge%,140
        MOUSE x,y,k
        IF x>460 AND x<546 AND y>350 AND y<395 AND k>0 AND drucker%  ! >>>>> Stoptaste
          @invertiere(40)
          @invertiere(39)
          ALERT 3," | Ausgabe Abbrechen!  | ",2,"Abbruch|Weiter",unterbrechung%
          @invertiere(40)
          @invertiere(39)
          GRAPHMODE 1
          DEFFILL 1,2,2
        ENDIF
      UNTIL EOF(#1) OR unterbrechung%=1
    ELSE
      chars%=255
    ENDIF
    CLOSE #1
    IF drucker%
      @invertiere(39)
    ENDIF
    SHOWM
    GRAPHMODE 1
    DEFFILL 0,1
    PBOX 419,126,627,139
  ENDIF
RETURN
' .............................................................................
'
PROCEDURE lade_datei
  REPEAT
    FILESELECT pfad$,"",filename$
    exis=EXIST(filename$)
    IF LEN(filename$)>0 AND NOT exis
      ALERT 3," |  Diese Datei existiert nicht  |  im ausgewÑhlten Suchpfad!",1,"nochmal",wahl
    ENDIF
  UNTIL LEN(filename$)=0 OR exis
RETURN
' .............................................................................
'
PROCEDURE schreibe_dateiname   !  bringt Dateinamen und -lÑnge ins Fenster
  i%=LEN(filename$)+1
  REPEAT
    i%=i%-1
  UNTIL MID$(filename$,i%,1)="\" OR MID$(filename$,i%,1)=":" OR i%=0
  dateiname_solo$=RIGHT$(filename$,LEN(filename$)-i%)
  IF LEN(filename$)>0 AND MID$(filename$,2,1)=":"
    pfad$=LEFT$(filename$,i%)+"*.*"
  ENDIF
  GRAPHMODE 1
  DEFTEXT 1,0,0,13
  TEXT 490,52,"             "
  TEXT 490,52,dateiname_solo$
  IF LEN(filename$)>0
    OPEN "I",#1,filename$
    dateilaenge%=LOF(#1)
    CLOSE #1
  ELSE
    dateilaenge%=0
  ENDIF
  TEXT 490,72,"                "
  TEXT 490,72,STR$(dateilaenge%)+" Bytes"
  TEXT 480,92,"                  "
RETURN
' ............................................................................
'
PROCEDURE init_array
  FOR i%=1 TO 44
    FOR j%=1 TO 5
      READ taste%(i%,j%)
    NEXT j%
    taste%(i%,6)=0  !  Istzustand: alle Tasten aus
  NEXT i%
  REM Musteraufbau: Resetzustand, Tastenkoordinaten x1,y1,x2,y2
  DATA 1,5,45,80,75, 0,85,45,160,75, 0,5,130,80,160, 0,5,165,80,195
  DATA 1,5,200,80,230, 0,5,235,80,265, 0,5,270,80,300, 0,85,130,160,160
  DATA 0,85,165,160,195, 0,85,200,160,230, 0,85,235,160,265, 0,85,270,160,300
  DATA 0,5,350,80,370, 1,5,375,80,395, 0,85,350,160,370, 0,85,375,160,395
  DATA 1,185,45,260,75, 0,185,80,260,110, 0,185,115,260,145, 1,265,45,340,75
  DATA 0,265,80,340,110, 0,265,115,340,145, 0,185,200,260,225, 0,265,200,340,225
  DATA 1,185,275,260,300, 0,265,275,340,300, 1,185,350,260,370, 0,265,350,340,370
  DATA 0,185,375,260,395, 0,265,375,340,395, 0,550,155,635,185, 0,360,235,450,265
  DATA 1,360,270,450,300, 0,360,305,450,335, 1,465,235,550,265, 0,555,235,635,265
  DATA 1,465,270,550,300, 0,555,270,635,300, 0,365,350,450,395, 0,460,350,545,395
  DATA 0,555,350,635,395, 0,185,230,340,255, 0,455,155,540,185, 0,465,305,635,335
RETURN
' ..............................................................................
'
PROCEDURE invertiere(i%)
  GRAPHMODE 3
  DEFFILL 1,1,1
  PBOX taste%(i%,2),taste%(i%,3),taste%(i%,4),taste%(i%,5)
  taste%(i%,6)=1-taste%(i%,6)  !  Istwert wechseln
RETURN
' .............................................................................
'
PROCEDURE warte(i%)
  LOCAL j%
  FOR j%=1 TO 400*i%
  NEXT j%
RETURN
' .............................................................................
'
PROCEDURE teste_breite
  breite%=2
  REPEAT
    breite%=breite%+1
  UNTIL taste%(breite%,6)=1 OR breite%=13
RETURN
' .............................................................................
'
' Steuerkomandos fÅr verschieden Druckbreiten
'
PROCEDURE setze5cpi
  LPRINT esc$+"p"+CHR$(0); ! prop. aus
  LPRINT CHR$(18)+esc$+"P"+esc$+"W";CHR$(1);  !  5 CPI setzen
RETURN
'
PROCEDURE setze7cpi
  LPRINT esc$+"p"+CHR$(0); ! prop. aus
  LPRINT CHR$(18)+esc$+"g"+esc$+"W";CHR$(1);  !  7.5 CPI setzen
RETURN
'
PROCEDURE setze10cpi
  LPRINT esc$+"p"+CHR$(0); ! prop. aus
  LPRINT CHR$(18)+esc$+"W"+CHR$(0)+esc$+"P";  !  10 CPI setzen
RETURN
'
PROCEDURE setze12cpi
  LPRINT esc$+"p"+CHR$(0); ! prop. aus
  LPRINT CHR$(18)+esc$+"W"+CHR$(0)+esc$+"M"+fs$+"S"+CHR$(0);  !  12 CPI setzen
RETURN
'
PROCEDURE setzehs12cpi
  LPRINT esc$+"p"+CHR$(0); ! prop. aus
  LPRINT CHR$(18)+esc$+"W"+CHR$(0);
  LPRINT esc$+"x"+CHR$(0)+esc$+"M"+fs$+"S"+CHR$(1);
RETURN
'
PROCEDURE setze15cpi
  LPRINT esc$+"p"+CHR$(0); ! prop. aus
  LPRINT CHR$(18)+esc$+"W"+CHR$(0)+esc$+"g";  !  15 CPI setzen
RETURN
'
PROCEDURE setze17cpi
  LPRINT esc$+"p"+CHR$(0); ! prop. aus
  LPRINT esc$+"W"+CHR$(0)+esc$+"P"+CHR$(15);  !  17 CPI setzen
RETURN
'
PROCEDURE setze20cpi
  LPRINT esc$+"p"+CHR$(0); ! prop. aus
  LPRINT esc$+"W"+CHR$(0)+esc$+"M"+fs$+"S"+CHR$(0)+esc$+CHR$(15);  !  20 CPI setzen
RETURN
'
PROCEDURE setzeprop
  LPRINT CHR$(18)+esc$+"W"+CHR$(0)+esc$+"p"+CHR$(1);  !  Prop. setzen
RETURN
'
PROCEDURE setzepropcnd
  LPRINT esc$+"W"+CHR$(0)+esc$+"p"+CHR$(1)+esc$+CHR$(15);  !  Prop.cnd setzen
RETURN
' .............................................................................
'
PROCEDURE setze_rechts_normal  ! setzt rechten Druckrand ganz nach rechts
  IF taste%(21,6)=1
    @invertiere(21)
  ELSE
    IF taste%(22,6)=1
      @invertiere(22)
    ENDIF
  ENDIF
  @invertiere(20) ! setze normal
  @teste_breite ! Zeichenbreite sichern
  @setze10cpi
  LPRINT esc$+"Q"+CHR$(80); ! setze Rand
  ON breite%-2 GOSUB setze5cpi,setze7cpi,setze10cpi,setze12cpi,setzehs12cpi,setze15cpi,setze17cpi,setze20cpi,setzeprop,setzepropcnd
RETURN
' .............................................................................
'
PROCEDURE setze_links_normal
  IF taste%(18,6)=1
    @invertiere(18)
  ELSE
    IF taste%(19,6)=1
      @invertiere(19)
    ENDIF
  ENDIF
  @invertiere(17) ! setze normal
  LPRINT esc$+"l"+CHR$(0);  ! setze Rand
RETURN
' ............................................................................
'
PROCEDURE bestimme_zeilenbreite
  @teste_breite   !  Nr. der gesetzten Zeichenbreitetaste bestimmen
  IF breite%=11 OR breite%=12
    IF drucker%
      ALERT 1," Wortweise Trennung ist | bei Proportionalschrift | leider nicht mîglich !",1," schade ",antwort
      @invertiere(31)  !  wieder aus
    ELSE
      ALERT 1," Die Bestimmung der TextlÑnge | ist bei Proportionalschrift | leider nicht mîglich!",1,"schade",antwort
      chars%=0
    ENDIF
  ELSE
    IF breite%=3
      cpi%=5
    ELSE
      IF breite%=4
        cpi%=7.5
      ELSE
        IF breite%=5 OR breite%=13
          cpi%=10
        ELSE
          IF breite%=6 OR breite%=7
            cpi%=12
          ELSE
            IF breite%=8
              cpi%=15
            ELSE
              IF breite%=9
                cpi%=17
              ELSE
                IF breite%=10
                  cpi%=20
                ENDIF
              ENDIF
            ENDIF
          ENDIF
        ENDIF
      ENDIF
    ENDIF
    chars%=cpi%*8-taste%(18,6)*cpi%-taste%(21,6)*cpi%-taste%(19,6)*4.2*cpi%-taste%(22,6)*4.2*cpi%+0.1  !  Zeichen pro Zeile
  ENDIF
RETURN
' .............................................................................
'
PROCEDURE drucker_bereit
  IF NOT BIOS(8,0)
    ALERT 3," |   Drucker nicht bereit!   ",1,"weiter",eingabe
  ENDIF
RETURN
