OPENW #1,0,0,_X,_Y,0
 DELAY 1
 f(20,_Y / 2,_X - 40,PI / 2)
 KEYGET rien%
 CLOSEW #1
 PROCEDURE f(x,y,l,a)
   LOCAL ll,aa,l4 ,s,c
   IF l > 1
     f(x,y,l / 4,a)
     aa = a,l4 = l / 4,s = SIN(a),c = COS(a),x = x + s * l4,y = y + c * l4,a = a - PI / 2
     f(x,y,l4,a )
     x = x + SIN(a ) * l4,y = y + COS(a ) * l4,a = a + PI / 2 + PI / 4,ll = l / 2 * SQR(2)
     f(x,y,ll,a )
     x = x + SIN(a + am) * ll,y = y + COS(a + am) * ll
     f(x,y,l4 ,a - PI / 1.3333333333)
     f(x + SIN(a - PI / 1.3333333333) * l4, y + COS( a - PI / 1.3333333333) * l4,l4,aa)
   ELSE
     PLOT x,y
   ENDIF
 RETURN

