PROCEDURE gfa_h_opkomp__(sourceadr__%,destadr__%,length__%)
  ' ****************************************************************************
  ' ***                                                                      ***
  ' **   ********    ** * **   Ein Produkt von                                **
  ' **   *********  *********  Hans-Peter Burk und Helmut Micko               **
  ' **         **   *********  Software Entwicklungen                         **
  ' **   *********  *** * ***                                                 **
  ' **         **   *** * ***  Library         : GFA_GLIB.3_0                 **
  ' **   *********  *** * ***  Name            : H_OPKOMP                     **
  ' **   ********   *** * ***  Version         : 1.1  30.11.1989  17:14       **
  ' **                         Autor           : Helmut Micko                 **
  ' ***                                                                      ***
  ' ****************************************************************************
  ' *** Funktion  : Komprimieren von Bildern der h”chsten Aufl”sung, die     ***
  ' **              mit H_DEKOMP wieder dekomprimiert werden k”nnen.          **
  ' **  Parameter : 1.Adresse der unkomprimierten Bilddaten                   **
  ' **              2.Adresse fr die komprimierten Bilddaten                 **
  ' **              3.L„nge des Bildes in Words                               **
  ' **                                                                        **
  ' **                                                                        **
  ' **  Lib_rv__% : >=  0 = Anzahl der Bytes nach dem Komprimieren            **
  ' **              == -1 = INLINE-Code nicht geladen                         **
  ' *** Lib_rv__$ : Unbenutzt                                                ***
  ' ****************************************************************************
  LOCAL codeadr__%
  INLINE codeadr__%,156
  IF BYTE{codeadr__%}=&H48
    ~C:codeadr__%(L:sourceadr__%,L:destadr__%,W:length__%)
    lib_rv__%=LPEEK(destadr__%)
    IF EVEN(lib_rv__%)=TRUE
      DIV lib_rv__%,2
    ELSE
      lib_rv__%=(lib_rv__%+1)/2
    ENDIF
  ELSE
    lib_rv__%=-1
  ENDIF
RETURN
