PROCEDURE gfa_h_vkonv__(screenadr__%,fontadr__%,y__%)
  ' ****************************************************************************
  ' ***                                                                      ***
  ' **   ********    ** * **   Ein Produkt von                                **
  ' **   *********  *********  Hans-Peter Burk und Helmut Micko               **
  ' **         **   *********  Software Entwicklungen                         **
  ' **   *********  *** * ***                                                 **
  ' **         **   *** * ***  Library         : GFA_GLIB.3_0                 **
  ' **   *********  *** * ***  Name            : H_VKONV                      **
  ' **   ********   *** * ***  Version         : 1.1  02.01.1990  18:47       **
  ' **                         Autor           : Helmut Micko                 **
  ' ***                                                                      ***
  ' ****************************************************************************
  ' *** Funktion  : Konvertieren des 40 Zeichen umfassenden Zeichensatzes    ***
  ' **              fÅr das Modul H_VSCROL zusammen mit Zeichenmasken.        **
  ' **  Parameter : 1.Adresse Bildschirms, auf dem der Font steht             **
  ' **              2.Adresse des Fontbuffers (10240 Bytes)                   **
  ' **              3.Zeilennummer, in der der Zeichensatz beginnt (0-272)    **
  ' **                                                                        **
  ' **                                                                        **
  ' **                                                                        **
  ' **  Lib_rv__% : == 0 = Alles Ok               == 1 = Zeilennummer falsch  **
  ' *** Lib_rv__$ : Unbenutzt                                                ***
  ' ****************************************************************************
  LOCAL i1__%,i2__%,char__%
  IF y__%<0 OR y__%>272
    lib_rv__%=1
  ELSE
    lib_rv__%=0
    ADD screenadr__%,y__%*80
    char__%=0
    FOR i1__%=0 TO 39
      FOR i2__%=0 TO 31
        LONG{fontadr__%+i2__%*4}=LONG{screenadr__%+i2__%*80}
        LONG{fontadr__%+i2__%*4+128}=LONG{screenadr__%+i2__%*80+5120}
      NEXT i2__%
      INC char__%
      ADD fontadr__%,256
      IF char__% MOD 20=0
        ADD screenadr__%,2484
      ELSE
        ADD screenadr__%,4
      ENDIF
    NEXT i1__%
  ENDIF
RETURN
