PROCEDURE gfa_m_fadeov__(destadr__%,sourceadr__%,rows__%,speed__%,options__%,pattern__%)
  ' ****************************************************************************
  ' ***                                                                      ***
  ' **   ********    ** * **   Ein Produkt von                                **
  ' **   *********  *********  Hans-Peter Burk und Helmut Micko               **
  ' **         **   *********  Software Entwicklungen                         **
  ' **   *********  *** * ***                                                 **
  ' **         **   *** * ***  Library         : GFA_GLIB.3_0                 **
  ' **   *********  *** * ***  Name            : M_FADEOV                     **
  ' **   ********   *** * ***  Version         : 1.0  24.12.1989  17:13       **
  ' **                         Autor           : Helmut Micko                 **
  ' ***                                                                      ***
  ' ****************************************************************************
  ' *** Funktion  : öberblenden eines Bildbereichs in der mittleren          ***
  ' **              Auflîsung.                                                **
  ' **  Parameter : 1.Adresse des auszublendenden Bereichs                    **
  ' **              2.Adresse des einzublendenden Bereichs                    **
  ' **              3.Anzahl der Zeilen, die Åberblendet werden sollen        **
  ' **              4.Geschwindigkeit (0-65535 0=schnell)                     **
  ' **              5.Nummer des Ausblendeffekts (1-13)                       **
  ' **              6.Muster (16 Bit)                                         **
  ' **  Lib_rv__% : == 0 = Alles Ok        == -1 = INLINE-Code nicht geladen  **
  ' *** Lib_rv__$ : Unbenutzt                                                ***
  ' ****************************************************************************
  LOCAL codeadr__%
  INLINE codeadr__%,1628
  IF BYTE{codeadr__%}=&H48
    ~C:codeadr__%(L:destadr__%,L:sourceadr__%,W:rows__%,W:speed__%,W:options__%,W:pattern__%)
    lib_rv__%=0
  ELSE
    lib_rv__%=-1
  ENDIF
RETURN
