PROCEDURE gfa_m_skonv__(sourceadr__%,destadr__%)
  ' ****************************************************************************
  ' ***                                                                      ***
  ' **   ********    ** * **   Ein Produkt von                                **
  ' **   *********  *********  Hans-Peter Burk und Helmut Micko               **
  ' **         **   *********  Software Entwicklungen                         **
  ' **   *********  *** * ***                                                 **
  ' **         **   *** * ***  Library         : GFA_GLIB.3_0                 **
  ' **   *********  *** * ***  Name            : M_SKONV                      **
  ' **   ********   *** * ***  Version         : 1.1  30.11.1989  16:50       **
  ' **                         Autor           : Helmut Micko                 **
  ' ***                                                                      ***
  ' ****************************************************************************
  ' *** Funktion  : Konvertierung eines gemalten Zeichensatzes fÅr das Modul ***
  ' **              M_HSCROL. 40 Zeichen (32x16) werden konvertiert.          **
  ' **  Parameter : 1.Adresse der Zeile, in der die 1.Zeichenreihe beginnnt   **
  ' **              2.Adresse eines 30720 Bytes groûen Buffers fÅr die        **
  ' **                konvertierten Daten                                     **
  ' **                                                                        **
  ' **                                                                        **
  ' **                                                                        **
  ' **  Lib_rv__% : == 0 = Alles Ok        == -1 = INLINE-Code nicht geladen  **
  ' *** Lib_rv__$ : Unbenutzt                                                ***
  ' ****************************************************************************
  LOCAL codeadr__%
  INLINE codeadr__%,142
  IF BYTE{codeadr__%}=&H48
    ~C:codeadr__%(L:sourceadr__%,L:destadr__%)
    lib_rv__%=0
  ELSE
    lib_rv__%=-1
  ENDIF
RETURN
