PROCEDURE gfa_speech__(memadr__%,txt__$,speed__%)
  ' ****************************************************************************
  ' ***                                                                      ***
  ' **   ********    ** * **   Ein Produkt von                                **
  ' **   *********  *********  Hans-Peter Burk und Helmut Micko               **
  ' **         **   *********  Software Entwicklungen                         **
  ' **   *********  *** * ***                                                 **
  ' **         **   *** * ***  Library         : GFA_SLIB.3_0                 **
  ' **   *********  *** * ***  Name            : SPEECH                       **
  ' **   ********   *** * ***  Version         : 1.0  27.11.1989  19:32       **
  ' **                         Autor           : Helmut Micko                 **
  ' ***                                                                      ***
  ' ****************************************************************************
  ' *** Funktion  : Sprachliche Ausgabe eines Textes.                        ***
  ' **                                                                        **
  ' **  Parameter : 1.Adresse der Phonemdaten                                 **
  ' **              2.Textstring                                              **
  ' **              3.Geschwindigkeit                                         **
  ' **                                                                        **
  ' **                                                                        **
  ' **                                                                        **
  ' **  Lib_rv__% : Unbenutzt                                                 **
  ' *** Lib_rv__$ : Unbenutzt                                                ***
  ' ****************************************************************************
  LOCAL length__%,char1__$,char2__$,char3__$
  length__%=0
  txt__$=UPPER$(txt__$)
  WHILE length__%<LEN(txt__$)
    char1__$=CHR$(PEEK(VARPTR(txt__$)+length__%))
    INC length__%
    IF length__%<LEN(txt__$)
      char2__$=CHR$(PEEK(VARPTR(txt__$)+length__%))
    ELSE
      char2__$=" "
    ENDIF
    IF length__%<LEN(txt__$)-1
      char3__$=CHR$(PEEK(VARPTR(txt__$)+length__%))
    ELSE
      char3__$=" "
    ENDIF
    SELECT char1__$
    CASE "A"
      GOSUB gfa_smplay__(memadr__%,memadr__%+1399,0,speed__%,1)
    CASE "B"
      GOSUB gfa_smplay__(memadr__%+1400,memadr__%+2399,0,speed__%,1)
    CASE "C"
      IF char2__$="K"
        GOSUB gfa_smplay__(memadr__%+25000,memadr__%+26199,0,speed__%,1)
        INC length__%
      ELSE IF char2__$="H"
        GOSUB gfa_smplay__(memadr__%+23900,memadr__%+24999,0,speed__%,1)
        INC length__%
      ELSE
        GOSUB gfa_smplay__(memadr__%+10400,memadr__%+11199,0,speed__%,1)
      ENDIF
    CASE "D"
      GOSUB gfa_smplay__(memadr__%+2400,memadr__%+3599,0,speed__%,1)
    CASE "E"
      IF char2__$="I"
        GOSUB gfa_smplay__(memadr__%+28900,memadr__%+30899,0,speed__%,1)
        INC length__%
      ELSE IF char2__$="U"
        GOSUB gfa_smplay__(memadr__%+14500,memadr__%+15599,0,speed__%,1)
        GOSUB gfa_smplay__(memadr__%+8300,memadr__%+9299,0,speed__%,1)
        INC length__%
      ELSE
        GOSUB gfa_smplay__(memadr__%+3600,memadr__%+5099,0,speed__%,1)
      ENDIF
    CASE "F","V"
      GOSUB gfa_smplay__(memadr__%+5100,memadr__%+6699,0,speed__%,1)
    CASE "G"
      GOSUB gfa_smplay__(memadr__%+6700,memadr__%+7399,0,speed__%,1)
    CASE "H"
      GOSUB gfa_smplay__(memadr__%+7400,memadr__%+8299,0,speed__%,1)
    CASE "I"
      IF char2__$="E"
        GOSUB gfa_smplay__(memadr__%+27700,memadr__%+28899,0,speed__%,1)
        INC length__%
      ELSE
        GOSUB gfa_smplay__(memadr__%+8300,memadr__%+9299,0,speed__%,1)
      ENDIF
    CASE "J","Y"
      GOSUB gfa_smplay__(memadr__%+9300,memadr__%+10399,0,speed__%,1)
    CASE "K"
      GOSUB gfa_smplay__(memadr__%+10400,memadr__%+11199,0,speed__%,1)
    CASE "L"
      GOSUB gfa_smplay__(memadr__%+11200,memadr__%+12099,0,speed__%,1)
    CASE "M"
      GOSUB gfa_smplay__(memadr__%+12100,memadr__%+13099,0,speed__%,1)
    CASE "N"
      GOSUB gfa_smplay__(memadr__%+13100,memadr__%+14499,0,speed__%,1)
    CASE "O"
      GOSUB gfa_smplay__(memadr__%+14500,memadr__%+15599,0,speed__%,1)
    CASE "P"
      IF char2__$="H"
        GOSUB gfa_smplay__(memadr__%+5100,memadr__%+6699,0,speed__%,1)
        INC length__%
      ELSE
        GOSUB gfa_smplay__(memadr__%+15600,memadr__%+16199,0,speed__%,1)
      ENDIF
    CASE "Q"
      GOSUB gfa_smplay__(memadr__%+26200,memadr__%+27699,0,speed__%,1)
    CASE "R"
      GOSUB gfa_smplay__(memadr__%+16200,memadr__%+17099,0,speed__%,1)
    CASE "S"
      IF char2__$="C" AND char3__$="H"
        GOSUB gfa_smplay__(memadr__%+30900,memadr__%+32299,0,speed__%,1)
        ADD length__%,2
      ELSE
        GOSUB gfa_smplay__(memadr__%+17100,memadr__%+18299,0,speed__%,1)
      ENDIF
    CASE "ž"
      GOSUB gfa_smplay__(memadr__%+17100,memadr__%+18299,0,speed__%,1)
    CASE "T"
      GOSUB gfa_smplay__(memadr__%+18300,memadr__%+19299,0,speed__%,1)
    CASE "U"
      GOSUB gfa_smplay__(memadr__%+19300,memadr__%+20299,0,speed__%,1)
    CASE "W"
      GOSUB gfa_smplay__(memadr__%+20300,memadr__%+21499,0,speed__%,1)
    CASE "X"
      GOSUB gfa_smplay__(memadr__%+21500,memadr__%+22899,0,speed__%,1)
    CASE "Z"
      GOSUB gfa_smplay__(memadr__%+22900,memadr__%+23899,0,speed__%,1)
    CASE "Ž"
      IF char2__$="U"
        GOSUB gfa_smplay__(memadr__%+14500,memadr__%+15599,0,speed__%,1)
        GOSUB gfa_smplay__(memadr__%+8300,memadr__%+9299,0,speed__%,1)
        INC length__%
      ELSE
        GOSUB gfa_smplay__(memadr__%+32300,memadr__%+32999,0,speed__%,1)
      ENDIF
    CASE "™"
      GOSUB gfa_smplay__(memadr__%+33000,memadr__%+33999,0,speed__%,1)
    CASE "š"
      GOSUB gfa_smplay__(memadr__%+34000,memadr__%+34999,0,speed__%,1)
    DEFAULT
      PAUSE 12
    ENDSELECT
    IF char2__$=char1__$
      INC length__%
    ENDIF
  WEND
RETURN
