
  The HYDRA bidirectional file transfer protocol
  ----------------------------------------------
  HYDRA001.ARJ HYDRA protocol specs, rev 001 (01 Dec 1992)
  HCOM_100.ARJ HydraCom 1.00 MS-DOS EXE, setup util, docs
  HSRC_100.ARJ HydraCom 1.00 C sources, docs


  This archive (HYDRA001.ARJ) should contain the following files:
  (All files should have a timestamp of 01 Dec 1992 0:00)

  Filename     Description
  ------------ -----------
  FILES.LST    This file
  HYDRA.DOC    Protocol specs revision 001 (01 Dec 1992)
  HYDRA.ASC    As HYDRA.DOC, but without high ASCII characters


  Arjen G. Lentz                                Joaquim H. Homrighausen
  LENTZ SOFTWARE-DEVELOPMENT                    389, route d'Arlon
  Langegracht 7B                                L-8011 Strassen
  3811 BT  Amersfoort                           Luxembourg
  The Netherlands
  FidoNet 2:283/512, AINEX-BBS +31-33-633916    FidoNet 2:270/17
  arjen_lentz@f512.n283.z2.fidonet.org          joho@ae.lu

  --- end of "files.lst" ---
