PROCEDURE createfv(destadr%)
  '
  ' Creates FV data from the current screen.
  ' Use this to save the current screen before changing
  ' the resolution with USEFV. destadr% is a pointer
  ' to a 46 bytes large area where the data will be stored.
  '
  LOCAL a
  POKE (destadr%),ASC("F")
  POKE (destadr%+1),ASC("V")
  POKE (destadr%+2),ASC("D")
  POKE (destadr%+3),ASC("2")
  POKE destadr%+4,PEEK(&HFF8006)
  POKE destadr%+5,PEEK(&HFF820A)
  DPOKE destadr%+6,DPEEK(&HFF820E)
  DPOKE destadr%+8,DPEEK(&HFF8210)
  DPOKE destadr%+10,DPEEK(&HFF8266)
  FOR a=0 TO 7
    DPOKE destadr%+12+a*2,DPEEK(&HFF8282+2*a)
  NEXT a
  FOR a=0 TO 5
    DPOKE destadr%+28+a*2,DPEEK(&HFF82A2+2*a)
  NEXT a
  DPOKE destadr%+40,DPEEK(&HFF82C2)
  DPOKE destadr%+42,DPEEK(&HFF82C0)
  POKE destadr%+44,PEEK(&HFF8260)
  POKE destadr%+45,PEEK(&HFF820A)
RETURN
