PROCEDURE usefv(adr%)
  '
  ' This will use some FV data to change the screen mode.
  ' adr% should point to the beginning of the 46 bytes of FV data.
  '
  LOCAL a
  VSYNC
  IF PEEK(adr%)<>ASC("F") OR PEEK(adr%+1)<>ASC("V")
    PRINT "error, not FV data"
    STOP
  ELSE IF PEEK(adr%)<>ASC("2")
    PRINT "error, wrong FV data"
    STOP
  ENDIF
  SPOKE (&HFF820A),PEEK(adr%+5)
  SDPOKE (&HFF820E),DPEEK(adr%+6)
  SDPOKE (&HFF8210),DPEEK(adr%+8)
  SDPOKE (&HFF8266),DPEEK(adr%+10)
  FOR a=0 TO 7
    SDPOKE (&HFF8282+2*a),DPEEK(adr%+12+a*2)
  NEXT a
  FOR a=0 TO 5
    SDPOKE (&HFF82A2+2*a),DPEEK(adr%+28+a*2)
  NEXT a
  SDPOKE (&HFF82C2),DPEEK(adr%+40)
  SDPOKE (&HFF82C0),DPEEK(adr%+42)
  SPOKE (&HFF820A),PEEK(adr%+45)
RETURN
