ON BREAK CONT
GOSUB init_modes
sauv_mode%=@setmode
mode%=truecolor%+col40%+vga%+pal%+entrelace%
GOSUB make_screen
largeur%=320*2
adr%=XBIOS(2)
FOR y%=0 TO 99
  FOR x%=0 TO 199
    u=x%/66-1.5
    v=y%/66-1.5
    FOR i%=0 TO 15
      e=u
      u=u^2-v^2-0.3
      v=2*e*v+0.7
      n%=i%
      IF u^2+v^2>4
        i%=100
      ENDIF
    NEXT i%
    cou%=ABS(INT(u*50) MOD 64)*32+ABS(INT(v*25) MOD 32)+(n%+16)*2048
    CARD{adr%+x%*2+y%*largeur%}=cou%
    CARD{adr%+(199-x%)*2+(199-y%)*largeur%}=cou%
  NEXT x%
NEXT y%
~INP(2)
mode%=sauv_mode%
GOSUB make_screen
DEFFN setmode=XBIOS(88,-1)
> PROCEDURE init_modes
  truecolor%=4
  col40%=0
  tv%=0
  vga%=16
  pal%=32
  entrelace%=256
RETURN
> PROCEDURE make_screen
  taille%=XBIOS(91,mode%)
  OPTION BASE 0
  ERASE scr%()
  DIM scr%((taille%+255)/4)
  adr%=(VARPTR(scr%(0))+255) AND &HFFFF00
  ~XBIOS(5,L:adr%,L:adr%,3,mode%)
RETURN
