'
'
'
'
CLS
FOR i=0 TO 15
  PRINT "Ligne ";i;SPACE$(i);" .... This is a fucking test"
NEXT i
BOX 0,0,639,399
LINE 0,0,639,399
FOR i=0 TO 199 STEP 4
  CIRCLE 319,199,i
NEXT i
'
src%=XBIOS(2)
dst%=XBIOS(2)+16000
'
lg%=16000 !16000
'
' Snd Status
'
r&=XBIOS(&H8C,W:1)
'
' On connecte la matrice
'
' DMA PLay -> DMA Rec / 32mhz / Prescale / NO Handshake
'
r%=XBIOS(&H8B,W:0,W:1,W:2,W:1,W:1)
'
' D‚connecte les autres sources...
'
r%=XBIOS(&H8B,W:1,W:0,W:2,W:1,W:0)
r%=XBIOS(&H8B,W:2,W:0,W:2,W:1,W:0)
r%=XBIOS(&H8B,W:3,W:0,W:2,W:1,W:0)
'
' Tristate le DSP
'
~XBIOS(&H89,W:0,W:0)
'
' On se met en 16 bits st‚r‚o
'
~XBIOS(&H84,W:1)
'
' Set tracks
'
~XBIOS(&H85,W:0,W:0)
'
' La source du transfert...
'
~XBIOS(&H83,W:0,L:src%,L:src%+lg%)
'
' La destination du transfert...
'
~XBIOS(&H83,W:1,L:dst%,L:dst%+lg%)
'
' On lance le transfert...
'
~XBIOS(&H88,W:&X101)
DO
LOOP
PRINT ok
PRINT ok
PRINT ok
'
'
'
~INP(2)
EDIT
