21/09/21 21:39:02 [INFO]  Startup path: h:\PURE_C\PROJECTS\GEMTAIL
21/09/21 21:39:02 [INFO]  GEMTAIL logs to h:\PURE_C\PROJECTS\GEMTAIL\GEMTAIL.LOG with level $528030(FATAL|ERROR|WARN|INFO|DEBUG|KCODE), flush frequency=1/1
21/09/21 21:39:02 [INFO]  ST-RAM available: 13MB (14180352 bytes)
21/09/21 21:39:02 [INFO]  TT-RAM available: 289MB (303874048 bytes)
21/09/21 21:39:02 [INFO]  Memory allocations will use TTPref type
21/09/21 21:39:02 [DEBUG] kbshift=$1000
21/09/21 21:39:02 [DEBUG] AES popups feature will be used
21/09/21 21:39:02 [DEBUG] find_rgb32 on 00FF0000
21/09/21 21:39:02 [DEBUG] find_rgb32 on 0000FF00
21/09/21 21:39:02 [DEBUG] find_rgb32 on 000000FF
21/09/21 21:39:02 [INFO]  FindScreenOrg(TC32): UseStdVDI=1, This machine org.: (1 2 3) Default org.: (0 1 2) 32K:0
21/09/21 21:39:02 [INFO]  GEMTAIL initializes...
21/09/21 21:39:02 [INFO]  AES Version:4.10
21/09/21 21:39:02 [INFO]  Graphics:1920x1072, 32 planes (Truecolor)
21/09/21 21:39:02 [INFO]  Loading GEMTAIL INI file h:\PURE_C\PROJECTS\GEMTAIL\GEMTAIL.INI...
21/09/21 21:39:02 [INFO]  3 tail files to be open
21/09/21 21:39:02 [INFO]  GEMTAIL INI loaded!
21/09/21 21:39:02 [INFO]  Loading RSC file LANG\GEMTAIL.RSC
21/09/21 21:39:02 [INFO]  Xrsrc_load: using rsrc_load
21/09/21 21:39:02 [INFO]  Long filenames enabled
21/09/21 21:39:02 [INFO]  GEMTAIL 1.0a0 is up and running!
21/09/21 21:39:02 [INFO]  Looking for template h:\PURE_C\PROJECTS\GEMTAIL\TEMPLATE\xconout2.GTT...
21/09/21 21:39:02 [INFO]  Looking for template h:\PURE_C\PROJECTS\GEMTAIL\TEMPLATE\gemtail.GTT...
21/09/21 21:39:02 [INFO]  Looking for template h:\PURE_C\PROJECTS\GEMTAIL\TEMPLATE\vision.GTT...
21/09/21 21:39:02 [INFO]  File h:\PURE_C\PROJECTS\VISION\vision.log open for tailing
21/09/21 21:39:02 [INFO]  File h:\PURE_C\PROJECTS\GEMTAIL\gemtail.log open for tailing
21/09/21 21:39:02 [INFO]  File u:\dev\xconout2 open for tailing
21/09/21 21:39:02 [KCODE] Key $1910 pressed
21/09/21 21:39:02 [DEBUG] key code $1910, kstate $04 translated to $0410
21/09/21 21:39:40 [INFO]  Read error on file h:\PURE_C\PROJECTS\VISION\vision.log, will be reopen
21/09/21 21:39:40 [INFO]  File h:\PURE_C\PROJECTS\VISION\vision.log open for tailing
21/09/21 21:40:02 [INFO]  XallocStats:
21/09/21 21:40:02 [INFO]    ST-RAM available: 13MB (14180352 bytes)
21/09/21 21:40:02 [INFO]    TT-RAM available: 289MB (303300608 bytes)
21/09/21 21:40:02 [INFO]    Buffer for filenames used at 11% (59/512)
21/09/21 21:40:02 [INFO]    Buffer for referenced allocations used at 2% (13/512)
21/09/21 21:40:02 [INFO]    164 allocations
21/09/21 21:40:02 [INFO]    151 frees
21/09/21 21:40:02 [INFO]    0 allocation failures
21/09/21 21:40:02 [INFO]    0 corrupted blocks
21/09/21 21:40:02 [INFO]    0 attempts to free unreferenced memory
21/09/21 21:40:02 [INFO]    0 overflows to track allocations
21/09/21 21:40:02 [INFO]    13 pointers currently allocated (max 25)
21/09/21 21:40:02 [INFO]    419KB (430074 bytes) currently allocated (max 420KB (430338 bytes))
21/09/21 21:40:12 [KCODE] Key $1E11 pressed
21/09/21 21:40:12 [DEBUG] key code $1E11, kstate $04 translated to $0411
21/09/21 21:40:12 [INFO]  XallocStats:
21/09/21 21:40:12 [INFO]    ST-RAM available: 13MB (14180352 bytes)
21/09/21 21:40:12 [INFO]    TT-RAM available: 289MB (303300608 bytes)
21/09/21 21:40:12 [INFO]    Buffer for filenames used at 11% (59/512)
21/09/21 21:40:12 [INFO]    Buffer for referenced allocations used at 0% (0/512)
21/09/21 21:40:12 [INFO]    181 allocations
21/09/21 21:40:12 [INFO]    181 frees
21/09/21 21:40:12 [INFO]    0 allocation failures
21/09/21 21:40:12 [INFO]    0 corrupted blocks
21/09/21 21:40:12 [INFO]    0 attempts to free unreferenced memory
21/09/21 21:40:12 [INFO]    0 overflows to track allocations
21/09/21 21:40:12 [INFO]    0 pointers currently allocated (max 25)
21/09/21 21:40:12 [INFO]    0 bytes currently allocated (max 422KB (432794 bytes))
21/09/21 21:40:12 [INFO]  GEMTAIL is now exiting
