PROCEDURE appl_init
  GEMSYS 10
RETURN
PROCEDURE appl_read(id%,len%,buf%)
  DPOKE GINTIN,id%
  DPOKE GINTIN+2,len%
  LPOKE ADDRIN,buf%
  GEMSYS 11
RETURN
PROCEDURE appl_write(id%,len%,buf%)
  DPOKE GINTIN,id%
  DPOKE GINTIN+2,len%
  LPOKE ADDRIN,buf%
  GEMSYS 12
RETURN
PROCEDURE appl_find(nam$)
  nam$=nam$+CHR$(0)
  LPOKE ADDRIN,VARPTR(nam$)
  GEMSYS 13
RETURN
PROCEDURE appl_tplay(adr%,anz%,scale%)
  LPOKE ADDRIN,adr%
  DPOKE GINTIN,anz%
  DPOKE GINTIN+2,scale%
  GEMSYS 14
RETURN
PROCEDURE appl_trecord(adr%,anz%)
  DPOKE GINTIN,anz%
  LPOKE ADDRIN,adr%
  GEMSYS 15
RETURN
PROCEDURE appl_exit
  GEMSYS 19
RETURN
