PROCEDURE objc_add(tree%,parent%,child%)
  LPOKE ADDRIN,tree%
  DPOKE GINTIN,parent%
  DPOKE GINTIN+2,child%
  GEMSYS 40
RETURN
PROCEDURE objc_delete(tree%,obj%)
  LPOKE ADDRIN,tree%
  DPOKE GINTIN,obj%
  GEMSYS 41
RETURN
PROCEDURE objc_draw(tree%,start%,depth%,x%,y%,b%,h%)
  LPOKE ADDRIN,tree%
  DPOKE GINTIN,start%
  DPOKE GINTIN+2,depth%
  DPOKE GINTIN+4,x%
  DPOKE GINTIN+6,y%
  DPOKE GINTIN+8,b%
  DPOKE GINTIN+10,h%
  GEMSYS 42
RETURN
PROCEDURE objc_find(tree%,start%,depth%,x%,y%)
  LPOKE ADDRIN,tree%
  DPOKE GINTIN,start%
  DPOKE GINTIN+2,depth%
  DPOKE GINTIN+4,x%
  DPOKE GINTIN+6,y%
  GEMSYS 43
RETURN
PROCEDURE objc_offset(tree_%,obj_%,x.%,y.%)
  LPOKE ADDRIN,tree_%
  DPOKE GINTIN,obj_%
  GEMSYS 44
  @gemerr
  *x.%=DPEEK(GINTOUT+2)
  *y.%=DPEEK(GINTOUT+4)
RETURN
PROCEDURE objc_order(tree%,obj%,neu%)
  LPOKE ADDRIN,tree%
  DPOKE GINTIN,obj%
  DPOKE GINTIN+2,neu%
  GEMSYS 45
RETURN
PROCEDURE objc_edit(tree%,obj%,chr%,pos%,kind%)
  LPOKE ADDRIN,tree%
  DPOKE GINTIN,obj%
  DPOKE GINTIN+2,chr%
  DPOKE GINTIN+4,pos%
  DPOKE GINTIN+6,kind%
  GEMSYS 46
  ' DPEEK(GINTOUT+2) = next Position
RETURN
PROCEDURE objc_change(tree%,obj%,x%,y%,b%,h%,neu%,flg%)
  LPOKE ADDRIN,tree%
  DPOKE GINTIN,obj%
  DPOKE GINTIN+2,0     !reserved
  DPOKE GINTIN+4,x%
  DPOKE GINTIN+6,y%
  DPOKE GINTIN+8,b%
  DPOKE GINTIN+10,h%
  DPOKE GINTIN+12,neu%
  DPOKE GINTIN+14,flg%
  GEMSYS 47
RETURN
