PROCEDURE wind_create(attr%,x%,y%,b%,h%)
  DPOKE GINTIN,attr%
  DPOKE GINTIN+2,x%
  DPOKE GINTIN+4,y%
  DPOKE GINTIN+6,b%
  DPOKE GINTIN+8,h%
  GEMSYS 100
RETURN
PROCEDURE wind_open(h%,x%,y%,b%,h%)
  DPOKE GINTIN,h%
  DPOKE GINTIN+2,x%
  DPOKE GINTIN+4,y%
  DPOKE GINTIN+6,b%
  DPOKE GINTIN+8,h%
  GEMSYS 101
RETURN
PROCEDURE wind_close(h%)
  DPOKE GINTIN,h%
  GEMSYS 102
RETURN
PROCEDURE wind_delete(h%)
  DPOKE GINTIN,h%
  GEMSYS 103
RETURN
PROCEDURE wind_get(h%,f%)
  DPOKE GINTIN,h%
  DPOKE GINTIN+2,f%
  GEMSYS 104
RETURN
PROCEDURE wind_set(h%,f%,a1%,a2%,a3%,a4%)
  DPOKE GINTIN,h%
  DPOKE GINTIN+2,f%
  DPOKE GINTIN+4,a1%
  DPOKE GINTIN+6,a2%
  DPOKE GINTIN+8,a3%
  DPOKE GINTIN+8,a4%
  GEMSYS 105
RETURN
PROCEDURE wind_find(x%,y%)
  DPOKE GINTIN,x%
  DPOKE GINTIN+2,y%
  GEMSYS 106
RETURN
PROCEDURE wind_update(flg%)
  DPOKE GINTIN,flg%
  GEMSYS 107
RETURN
PROCEDURE wind_calc(f%,attr%,x%,y%,b%,h%)
  DPOKE GINTIN,f%
  DPOKE GINTIN+2,attr%
  DPOKE GINTIN+4,x%
  DPOKE GINTIN+6,y%
  DPOKE GINTIN+8,b%
  DPOKE GINTIN+10,h%
  GEMSYS 108
RETURN
PROCEDURE wind_newdesk(tree%,start%)
  LPOKE GINTIN,14
  LPOKE GINTIN+4,tree%
  DPOKE GINTIN+8,start%
  GEMSYS 105
RETURN
PROCEDURE wind_olddesk
  @wind_newdesk(0,0)
RETURN
