'
' Procedure um ein Erkenungsmerkmal vor eine Datei zu setzen
'
' 31.03.1992  von  Sandro Lucifora  fÅr TOS
'
code%=280469                                            ! code
'
@code_schreiben("\CODE.DAT")
@code_lesen("\CODE.DAT")
'
PROCEDURE code_schreiben(pfad$)
  OPEN "O",#1,pfad$                                     ! datei îffnen
  BPUT #1,VARPTR(code%),4                               ! code schreiben
  CLOSE #1                                              ! datei schlieûen
RETURN
'
PROCEDURE code_lesen(pfad$)
  LOCAL lesecode%
  OPEN "I",#1,pfad$                                     ! datei îffnen
  BGET #1,VARPTR(lesecode%),4                           ! code lesen
  IF lesecode%=code%                                    ! code vergleichen
    ALERT 1,"Code : |"+STR$(code%),1," Return ",wahl|   ! code erkannt
  ELSE
    ALERT 1,"Code unbekannt !",1," Return ",wahl|       ! code nicht erkannt
  ENDIF
  CLOSE #1                                              ! datei schlieûen
RETURN
