'
' demolisting um 2 oder mehr RSC-Files gleichzeitig zu nutzen
'
' 08.01.1992  Lars van Straelen & Sandro Lucifora  fÅr  TOS
'
@init_var                                       ! variablen initialisieren
'
DO
  BMOVE rsc1_adr%,MENU(-1),rsc1_laenge%         ! 1.rsc an ursprÅngliche adresse kopieren
  ~FORM_CENTER(rsc1dialog_adr%,x%,y%,w%,h%)     ! 1. dialogbox zentrieren
  ~OBJC_DRAW(rsc1dialog_adr%,0,7,x%,y%,w%,h%)   ! 1. dialogbox zeichnen
  '
  EXIT IF INP(2)=225                            ! ausgang wenn UNDO
  '
  BMOVE rsc2_adr%,MENU(-1),rsc2_laenge%         ! 2.rsc an ursprÅngliche adresse kopieren
  ~FORM_CENTER(rsc2dialog_adr%,x%,y%,w%,h%)     ! 2. dialogbox zentrieren
  ~OBJC_DRAW(rsc2dialog_adr%,0,7,x%,y%,w%,h%)   ! 2. dialogbox zeichnen
  '
  EXIT IF INP(2)=225                            ! ausgang wenn UNDO
LOOP
~RSRC_FREE()                                    ! rsc freigeben
EDIT                                            ! zum editor
'
PROCEDURE init_var
  DIM rsc1%(1000),rsc2%(1000)                   ! platz fÅr rsc-files reservieren
  '
  rsc1_adr%=V:rsc1%(0)                          ! anfangsadresse holen
  rsc2_adr%=V:rsc2%(0)                          ! anfangsadresse holen
  rsc1_laenge%=650                              ! lÑnge des 1. rsc bestimmen
  rsc2_laenge%=644                              ! lÑnge des 2. rsc bestimmen
  '
  ~RSRC_LOAD("mulrsc_1.rsc")                    ! 1. rsc laden
  ~RSRC_GADDR(0,0,rsc1dialog_adr%)              ! adresse 1. dialogbox holen
  BMOVE MENU(-1),rsc1_adr%,rsc1_laenge%         ! 1. rsc sichern
  '
  ~RSRC_LOAD("mulrsc_2.rsc")                    ! 2. rsc laden
  ~RSRC_GADDR(0,0,rsc2dialog_adr%)              ! adresse 2. dialogbox holen
  BMOVE MENU(-1),rsc2_adr%,rsc2_laenge%         ! 2. rsc sichern
RETURN
