'
' Bildschirm bei Programmstart l”schen ja/nein
'
set%=69                         ! Bildschirm l”schen
' set%=72                         ! Bildschirm nicht l”schen
'
OPEN "U",#1,"GFABASIC.PRG" ! oder "GFABASRO.PRG"
'
SEEK #1,31
PRINT #1,CHR$(set%);
CLOSE #1
'
' mit E wird der Bildschirm bei Programmstart gel”scht
' mit H wird der Bildschirm nicht gel”scht
'
' -----------------------------------------------------------------------------
'
' DEFLIST Voreinstellen
'
OPEN "U",#1,"GFABASIC.PRG"
'
SEEK #1,&H60
PRINT #1,MKI$(x);
CLOSE #1
'
' DEFLIST voreinstellung. Im MKI$(x) kann nun die gewnschte DEFLIST-Nummer
' eingetragen werden
'
' -----------------------------------------------------------------------------
'
' Default-Typ der Variablen voreinstellen
'
OPEN "U",#1,"GFABASIC.PRG"
'
SEEK #1,32
FOR i%=0 TO 25
  READ a%
  OUT #1,a%
NEXT i%
CLOSE #1
'
'    A B C D E F G H I J K L M N O P Q R S T U V W X Y Z
DATA 0,0,0,0,0,0,0,0,0,0,0,0,0,0,0,0,0,0,0,0,0,0,0,0,0,0
'
' Wenn Sie die DATA-Zeile „ndern, so wird der Default-Typ fr die Vari-
' ablen, deren Name mit dem darberstehenden Buchstaben beginnt, ge„ndert.
' Erlaubt sind dabei NUR:
'                            0=DEFFLT        1=DEFSTR        2=DEFINT
'                            3=DEFBIT        8=DEFWRD        9=DEFBYT
'
' -----------------------------------------------------------------------------
'
' LLIST-Parameter voreinstellen
'
OPEN "U",#1,"GFABASIC.PRG"
'
SEEK #1,&H62
PRINT #1,MKI$(pl);
PRINT #1,MKI$(pl-2);
PRINT #1,MKI$(ll);
CLOSE #1
'
' Voreinstellung der LLIST-Paramente :   pl => Seitenl„nge
'                                        ll => Zeilenl„nge
