'
' Listing zur ausgabe Åber GDOS auch mit AMC-GDOS
'
' 01.05.1992  Lars van Straelen und Sandro Lucifora  fÅr  TOS
'
RESERVE 25600                           ! speicher reservieren
handle%=V_OPNWK(21)                     ! handle fÅr die Work Station 21 (drucker) holen
IF handle%=0                            ! wenn keine Work Station 21 vorhanden ....
  ALERT 3,"Installationsfehler !",1,"ABBRUCH",dum% ! \
  RESERVE                                          !  > fehlermeldung
  END                                              ! /
ENDIF
x_res%=INTOUT(0)                        ! x-auflîsung des angeschlossenen drucker
y_res%=INTOUT(1)                        ! y-auflîsung des angeschlossenen drucker
'
PRINT AT(1,1);"Kleinen Moment bitte, Druckvorgang wird berechnet und ausgefÅhrt !"
'
V~H=handle%                             ! setzt das GFA-BASIC intern benutzte VDI-handle
~V_CLRWK()                              ! ausgabepuffer lîschen
V~H=handle%                             ! setzt das GFA-BASIC intern benutzte VDI-handle
CLIP 0,0,x_res%,y_res%                  ! clippingbereich definieren
V~H=handle%                             ! setzt das GFA-BASIC intern benutzte VDI-handle
BOX 0,0,x_res%,y_res%                   ! box zeichnen
V~H=handle%                             ! setzt das GFA-BASIC intern benutzte VDI-handle
LINE 0,0,x_res%,y_res%                  ! linie zeichnen
V~H=handle%                             ! setzt das GFA-BASIC intern benutzte VDI-handle
LINE 0,y_res%,x_res%,0                  ! linie zeichnen
V~H=handle%                             ! setzt das GFA-BASIC intern benutzte VDI-handle
~V_UPDWK()                              ! ausdruck starten
V~H=handle%                             ! setzt das GFA-BASIC intern benutzte VDI-handle
~V_CLSWK()                              ! ausgepuffer lîschen
V~H=-1                                  ! setzt das GFA-BASIC-handle zurÅck
'
RESERVE                                 ! speicher freigegben
