'
' procedure  RC_COPY() ohne LINE-A Routinen
'
' 08.01.1992  Lars van Straelen & Sandro Lucifora  fÅr  TOS
'
'
CLS                                     ! bildschirm lîschen
CIRCLE 120,120,100                      ! kreis zeichnen
~INP(2)                                 ! auf tastendruck warten
@rc_copy(XBIOS(3),20,20,100,100,XBIOS(3),200,200,3) ! ausschnitt kopieren
@rc_copy(XBIOS(3),20,20,100,100,XBIOS(3),20,20,0)   ! kopierten bereich lîschen
~INP(2)                                 ! auf tastendruck warten
EDIT                                    ! zum editor
'
PROCEDURE rc_copy(s_adr%,sx%,sy%,sw%,sh%,d_adr%,dx%,dy%,mode%)
  DIM s_mfdb%(5)
  DIM d_mfdb%(5)
  DIM par%(8)
  '
  s_mfdb%(0)=s_adr%                     ! quell adresse
  s_mfdb%(1)=SUCC(WORK_OUT(0))          ! breite in pixel
  s_mfdb%(2)=SUCC(WORK_OUT(1))          ! hîhe in pixel
  s_mfdb%(3)=SUCC(WORK_OUT(0)/16)       ! breite in word
  s_mfdb%(4)=0                          ! reserviert
  s_mfdb%(5)=SQR(PRED(WORK_OUT(13)))    ! anzahl der bitplanes
  '
  d_mfdb%(0)=d_adr%                     ! ziel adresse
  d_mfdb%(1)=SUCC(WORK_OUT(0))          ! breite in pixel
  d_mfdb%(2)=SUCC(WORK_OUT(1))          ! hîhe in pixel
  d_mfdb%(3)=SUCC(WORK_OUT(0)/16)       ! breite in word
  d_mfdb%(4)=0                          ! reserviert
  d_mfdb%(5)=SQR(PRED(WORK_OUT(13)))    ! anzahl der bitplanes
  '
  par%(0)=sx%                           ! x1 des quellrasters
  par%(1)=sy%                           ! y1 des quellrasters
  par%(2)=ADD(sx%,sw%)                  ! x2 des quellrasters
  par%(3)=ADD(sy%,sh%)                  ! y2 des quellrasters
  '
  par%(4)=dx%                           ! x1 des zielrasters
  par%(5)=dy%                           ! y1 des zielrasters
  par%(6)=ADD(dx%,sw%)                  ! x2 des zielrasters
  par%(7)=ADD(dy%,sh%)                  ! y2 des zielrasters
  '
  par%(8)=mode%                         ! kopiermodus
  '
  BITBLT s_mfdb%(),d_mfdb%(),par%()     ! nun das eigentliche BLITTEN
  ERASE s_mfdb%()
  ERASE d_mfdb%()
  ERASE par%()
RETURN
