'
' Procduren um auch den Bildinhalt von Groûbildschirmen nach den Methoden
' SGET und SPUT zu retten
'
' 01.11.92  Sandro Lucifora  fÅr  TOS
'
FOR z%=1 TO WORK_OUT(0)+1 STEP 5
  LINE 1,1,z%,WORK_OUT(1)+1
  LINE WORK_OUT(0)+1,1,WORK_OUT(0)+1-z%,WORK_OUT(1)
NEXT z%
'
@sget(nach_adr%,groesse%,rueck!)
IF rueck!
  ~INP(2)
  CLS
  ~INP(2)
  @sput(nach_adr%,groesse%)
ENDIF
'
PROCEDURE sget(VAR ret_adr%,bild_speicher%,rueck!)
  bild_speicher%=((WORK_OUT(0)+1)*(WORK_OUT(1)+1))/8    ! Grîûe des benîtigten Speicher errechnen
  IF MALLOC(-1)>=bild_speicher%                         ! prÅfen, ob genug speicher in einem Block vorhanden ...
    ret_adr%=MALLOC(bild_speicher%)                     ! speicher reservieren
    BMOVE XBIOS(3),ret_adr%,bild_speicher%              ! Bildinhalt verschieben
    rueck!=TRUE
  ELSE                                                  ! ... ansonsten ...
    ALERT 3," |Nicht genug Speicher in einem|       Block frei !",1,"Aha",wahl% ! ...Meldung ausgeben
    rueck!=FALSE
  ENDIF
RETURN
'
PROCEDURE sput(ret_adr%,bild_speicher%)
  BMOVE ret_adr%,XBIOS(3),bild_speicher%                ! Bildinhalt wieder auf den Bildschirm bringen
  ~MFREE(ret_adr%)                                      ! Speicherplatz freigeben
RETURN
