'
' procedure um texte im wp-modus wieder im ascii-modus zu bringen
'
' 22.03.1991   Sandro Lucifora  fÅr  TOS
'
@init                                   ! variable initialisieren/annmelden
FILESELECT "*.*","",file$               ! 1st word-text auswÑhlen
'
IF file$<>"" AND EXIST(file$)           ! wenn text gewÑhlt
  @wp_filter(file$)                     ! dann in procedure und
  '
  FOR z%=1 TO textlaenge%               ! danach den gefilterten text
    PRINT text$(z%)                     ! ausgeben
  NEXT z%
  ~INP(2)                               ! auf tastendruck warten
ENDIF                                   ! sonst ...
'
EDIT                                    ! ... in den editor
'
> PROCEDURE init
  DIM text$(60)                         ! anzahl textzeilen dimensioniert
RETURN
> PROCEDURE wp_filter(wahl$)
  OPEN "i",#1,wahl$                     ! datei îffnen
  textlaenge%=0                         ! zaehler auf null
  WHILE EOF(#1)<>TRUE                   ! wenn noch nicht das ende der datei,
    INC textlaenge%                     ! zaehler aufaddieren und
    INPUT #1,text$(z%)                  ! zeile einlesen
  WEND
  CLOSE #1                              ! datei schlieûen
  @filtern                              ! eingelesenen text vom wp-merkmal
RETURN
> PROCEDURE filtern
  LOCAL z%,zz%
  FOR z%=1 TO textlaenge%
    WHILE ASC(LEFT$(text$(z%)))=31      ! nach zeilenlineal suchen
      @zeile_loeschen(z%)               ! zeilenlineal lîschen
    WEND
    @varspace                           ! chr$(30) durch chr$(32) ersetzten
    @attribute                          ! formatierattribute rausfiltern
  NEXT z%
RETURN
> PROCEDURE zeile_loeschen(znr%)
  LOCAL z%
  DEC textlaenge%                       ! textlaenge% um einen kleiner, da
  FOR z%=znr% TO textlaenge%
    text$(z%)=text$(z%+1)               ! nachfolgende zeilen nachrÅcken
  NEXT z%
RETURN
> PROCEDURE varspace
  LOCAL pos%
  REPEAT                                ! wiederhole solange, ...
    pos%=INSTR(text$(z%),CHR$(30))      ! position von chr$(30)=pos%
    MID$(text$(z%),pos%)=CHR$(32)       ! aus chr$(30) chr$(32)
  UNTIL pos%=0                          ! ... bis ende der zeile
RETURN
> PROCEDURE attribute
  LOCAL pos%
  DO                                    ! wiederhole solange, ...
    pos%=INSTR(text$(z%),CHR$(27))      ! position von chr$(27)=pos%
    EXIT IF pos%=0                      ! ... bis ende der zeile
    text$(z%)=LEFT$(text$(z%),pos%-1)+RIGHT$(text$(z%),LEN(text$(z%))-pos%-1)
  LOOP
RETURN
