cd \pc
ls  APP\SCREEN.EYE\scrn_eye.prg
ls  APP\SCREEN.EYE\scrn_eye.prj
ls  APP\SCREEN.EYE\scrn_eye.cfg
ls  APP\SCREEN.EYE\scrn_eye.rsc
ls  APP\SCREEN.EYE\scrn_eye.hrd

ls  APP\SCREEN.EYE\scrneye.c
ls  APP\SCREEN.EYE\tool_bar.c
ls  APP\SCREEN.EYE\digiwind.c
ls  APP\SCREEN.EYE\sound.c
ls  APP\SCREEN.EYE\picture.c
ls  APP\SCREEN.EYE\menus.c
ls  APP\SCREEN.EYE\palette.c

ls  APP\SCREEN.EYE\rsc.c
ls  APP\SCREEN.EYE\scrn_eye.o

ls  app\matdigi.f\scryiacc.c
ls  app\matdigi\md_picfi.c
ls  app\matdigi\tiff.c

ls  cxxsetup\aesutils.c
ls  cxxsetup\dialog.c

ls  matlib\traps.s
ls  matlib\fast.s
ls  matlib\file.c
ls  matlib\global.c
ls  matlib\popup.c
ls  matlib\readcook.c
ls  matlib\cookie.s
ls  matlib\backbuff.c

ls  include\portab.h
ls  include\scancode.h
ls  matlib\global.h
ls  matlib\fast.h
ls  matlib\cookie.h
ls  matlib\error.h
ls  matlib\picfiles.h
ls  app\matdigi.f\digiblit.h
ls  app\matdigi.f\film.h
ls  app\matdigi.f\digitise.h
ls  app\matdigi.f\mdf_lca.h
ls  app\matdigi.f\screyeif.h
ls  app\matdigi.f\scryiacc.h
ls  app\matdigif\mdf_if.h
ls  app\matdigif\initdmsd.h
ls  app\matdigif\i2c_hdg.h
ls  cxxsetup\aesutils.h
ls  cxxsetup\dialog.h
ls  APP\SCREEN.EYE\picture.h
ls  APP\SCREEN.EYE\scrn_eye.h
ls  APP\SCREEN.EYE\sound.h
ls  APP\SCREEN.EYE\menus.h
ls  APP\SCREEN.EYE\tool_bar.h
ls  APP\SCREEN.EYE\digiwind.h
ls  APP\SCREEN.EYE\palette.h
ls  APP\SCREEN.EYE\scrneye.h
ls  MATLIB\errdef.h
ls  MATLIB\popup.h
ls  APP\SCREEN.EYE\mdf_vers.h
ls  app\matdigi.f\yc.h
ls  MATLIB\readcook.h
ls  APP\MATDIGI.F\digiblix.h
ls  APP\MATDIGI.F\digitisx.h
ls  APP\MATDIGI.F\mdf_lcax.h
ls  APP\MATDIGI.F\filmx.h
ls  APP\MATDIGI.F\stretch.h
ls  APP\SCREEN.EYE\sndbind.h
ls  app\matdigi\tiff.h

gemdos.i
tiff.h
mdf_picfi.h
mdf_picfa.h
dispic.h
main.h
cxxfast.h
backbuf.h
cxxsetup.h
gemdos.i
fast.o
file.h
sysvars.h
trap.h
main.h
