.*********************************************************
.*                                                       *
.* NEAR FULLSCREEN IN GfA-BASIC (LEFT, RIGHT AND BOTTOM) *
.*                 by JEDI/SECTOR ONE/THK                *
.*            Inting (INTernal greetING) to ODC          *
.*                                                       *
.*********************************************************
.
.            DIS PROGRAM MUST BE COMPILED
.(Dwit if you like, but if you don't, it won't work...)
.
memoire%=FRE()                  ! as always
RESERVE FRE()-244*230-256
adresse%=MALLOC(244*230+256)    ! a few room for the screen
adr%=(adresse%+256) AND &HFFFFFF00
.
.
o%=36                           ! waiting values
j%=40                           ! (see later)
.44 lignes en bas !!!
HIDEM                           ! adios the mouse
VSYNC                           ! wait for the synchro
super%=GEMDOS(&H20,L:0)         ! supervisor
~XBIOS(5,L:-1,L:adr%,0)         ! change the address of the screen
VSYNC                           ! again a synchro
.
xb%=adr%+160                    ! xb%=second line of the screen
.
FOR a%=0 TO 229 STEP 8          ! read and prepare...
  RESTORE                       ! ...the pattern that will...
  FOR i%=0 TO 11                ! ...be displayed...
    READ z%                     ! ...while executing...
    {xb%+i%*230+a%}=z%          ! ...the main routine
    READ z%
    {xb%+i%*230+4+a%}=z%
  NEXT i%
NEXT a%
FOR a%=1 TO 20                  ! copy the line all over the screen
  BMOVE xb%,ADD(xb%,MUL(a%,230*12)),230*12
NEXT a%
.
a$=STRING$(230*4,0)
BMOVE V:a$,adr%,160             ! delete the 1st line (not in overscan)
.
BMOVE V:a$,ADD(xb%,MUL(a%,230*12)),230*4 ! as well as the 4 last ones
.                               ! (coz of the size of the pattern...)
.
VSYNC                           ! a lite synchro
LONG{&HFFFF8240}=&H117          ! fix the palette
LONG{&HFFFF8244}=&H2270337
LONG{&HFFFF8248}=&H4470557
LONG{&HFFFF824C}=&H7770000
BYTE{&HFFFFFA09}=0              ! smash out this nasty MFP
.
.hoofdprogramma !
.
DO
  .
  VSYNC                         ! try'n guess !
  .
  REPEAT                        ! wait for the beginning...
  UNTIL BYTE{&HFFFF8209}        ! ...of the screen
  .
  ~SHL(1,-BYTE{&HFFFF8209})     ! stabilization
  ~SHL(1,j%)
  ~SHL(1,j%)
  ~2
  .
  .--------------------------------------------------
  .Merge here "rythmo.lst" created with "creator.lst"
  .--------------------------------------------------
  .
  . **************************************************
  .A last line before the low-border...
  .
  .
  ~2
  ~2
  ~2
  ~2
  ~2
  ~2
  ~2
  ~2
  ~2
  BYTE{&HFFFF8260}=2
  ~2
  BYTE{&HFFFF8260}=0
  ~SHL(1,o%)
  ~SHL(1,o%)
  ~SHL(1,o%)
  ~2
  ~2
  BYTE{&HFFFF820A}=0
  ~2
  BYTE{&HFFFF820A}=2
  ~2
  ~2
  ~2
  BYTE{&HFFFF8260}=2
  ~2
  BYTE{&HFFFF8260}=0
  REM ***************** LOW BORDER *****************
  ~2
  ~2
  BYTE{&HFFFF820A}=0    ! 60 hz
  ~2
  BYTE{&HFFFF8260}=2    ! 70 hz
  ~2
  BYTE{&HFFFF8260}=0    ! 60 hz
  ~2
  BYTE{&HFFFF820A}=2    ! 50 hz
  ~2
  ~2                    ! encore une pause
  ~2
  ~2
  ~2
  ~2
  ~2
  ~2
  ~2
  ~2
  ~2
  ~2
  ~2
  ~2
  ~2
  ~2
  ~2
  ~2
  ~2
  ~2
  ~2
  ~2
  ~2
  ~2
  ~2
  ~2
  ~2
  ~2
  ~2
  ~2
  ~2
  ~2
  ~2
  ~2
  ~2
  ~2
  ~2
  ~2
  ~2
  ~2
  ~2
  ~2
  ~2
  ~2
  ~2
  ~2
  ~2
  ~2
  ~2
  ~2
  ~2
  ~2
  ~2
  ~2
  ~2
  ~2
  ~2
  ~2
  ~2
  ~2
  ~2
  ~2
  ~2
  ~2
  ~2
  ~2
  ~2
  ~2
  ~2
  ~2
  ~2
  ~2
  ~2
  ~2
  ~2
  ~2
  ~2
  ~2
  BYTE{&HFFFF820A}=0            ! 60 hz
  ~2
  BYTE{&HFFFF820A}=2            ! 50 hz
  ~2
  ~2
  ~2
  BYTE{&HFFFF8260}=2            ! 70 hz
  ~2
  BYTE{&HFFFF8260}=0            ! 50 hz
  .
  .------------------------
  .Merge here "rythmo2.lst"
  .------------------------
  .
LOOP UNTIL BYTE{&HFFFFFC02}=&HB9        ! Space ?
'
~XBIOS(5,L:LONG{&H44E},L:LONG{&H44E},0) ! Old screen
VSYNC
BYTE{&HFFFF820A}=0                      ! To avoid plans-shifting
VSYNC
BYTE{&HFFFF820A}=2
VSYNC
BYTE{&HFFFFFA09}=100
~GEMDOS(&H20,L:super%)
~MFREE(adresse%)
RESERVE memoire%
SETCOLOR 0,-1
SETCOLOR 15,0
VSYNC
EDIT
'
' datas for the pattern
'
DATA 2007031903,536805376,-1073856511,65536
DATA -1073512452,65536,-1073512452,433913856
DATA -1565909676,1360330752,-1574822436,1436352512
DATA -80018235,1427374080,1781236933,1561591808
DATA -1171601963,1073741824,260861967,-1048576
DATA -1342296063,-1073741824,0,0
