
ATARI ST Profiler - Version 1.0

Profile of 'DWARFS.PRG '


Samples in appl:     2620  (98.39 %)
Samples in sys :       44  ( 1.65 %)

Num. of samples:     2664

Run lasted 2159 clock ticks (10 seconds)
Samples per second: 247.28
Cutoff at 95 percent

+-----+-----------------+---------+---------+---------------------------------+
|   # |      Symbol     |  Count  | Percent |            Barchart             |
+-----+-----------------+---------+---------+---------------------------------+
|   1 |         _sleepy |     876 |   33.48 |*********************************|
|   2 |          _happy |     440 |   16.84 |****************                 |
|   3 |         _grumpy |     433 |   16.57 |****************                 |
|   4 |            _doc |     219 |    8.36 |********                         |
|   5 |          _dopey |     217 |    8.28 |********                         |
|   6 |         _sneezy |     217 |    8.28 |********                         |
|   7 |        _bashful |     216 |    8.24 |********                         |
+-----+-----------------+---------+---------+---------------------------------+


End of profile
