' *********************************************
' **  Proggy which creates the skullsphere.  **
' *********************************************
'
buf$=SPACE$(4000)
adr%=VARPTR(buf$)
rayon%=48
nb%=4                          ! Nb de sections horizontales.
~XBIOS(5,L:-1,L:-1,W:0)
FOR comp%=0 TO nb%-1           ! 4 sections horizontales.
  angle=(comp%+0.5)*PI/(2*nb%)
  ray%=rayon%*COS(angle)       ! Rayon pour cette section.
  y%=rayon%*SIN(angle)
  READ nomb%                   ! Nb de skulls pour cette section.
  FOR comp2%=0 TO nomb%-1
    angle=(comp2%+0.5)*PI/nomb%
    x%=ray%*COS(angle)
    z%=ray%*SIN(angle)
    PSET x%+159,y%+99,3
    DPOKE adr%,x%
    adr%=adr%+2
    DPOKE adr%,y%
    adr%=adr%+2
    DPOKE adr%,z%
    adr%=adr%+2
  NEXT comp2%
NEXT comp%
adr%=VARPTR(buf$)
BSAVE "a:\skulls\coords.xxx",adr%,28*6
'
DATA 10,10,6,2
