PROCEDURE quartet_4q(song$)
  '
  ' NOTE: This routine does NOT work uncompiled!
  '
  LOCAL song%
  IF xquartet%=0
    RESERVE 20000
    xquartet%=EXEC(3,"singsong.dat","","")
    ~MFREE(HIMEM)
    ~MFREE(xquartet%)
    RESERVE
    ~MSHRINK(xquartet%,16384)
    ADD xquartet%,256
  ENDIF
  song%=xquartet%+17000
  BLOAD song$,song%
  @ice2_240(song%)
  {xquartet%+12}=song%+20
  {xquartet%+16}=song%+{song%+8}+20
  @jsr(xquartet%)
  SOUND 1,0,0,0,0
  SOUND 2,0,0,0,0
  SOUND 3,0,0,0,0
  ~MFREE(xquartet%-256)
RETURN
