DEFFN floprd(buf%,dev_no%,sec_no%,track_no%,side_no%,cnt%)=XBIOS(8,L:buf%,L:0,dev_no%,sect_no%,track_no%,side_no%,cnt%)
' liest einen oder mehrere Sektoren einer Diskette
'     buf%
' Adresse, in den der Sektoreninhalt gelesen werden soll
'     filer%
' wird normalerweise nicht benutzt
' wird deshalb hier nicht verlangt
'     dev_no%
' Laufwerksnummer
'     sec_no%
' Startsektornummer (1-9[11])
'     track_no%
' Tracknummer (0-79[82])
'     side_no%
' Seitennummer (0-1)
'     cnt%
' Anzahl zu lesender Sektoren
' wenn side_no% > 1, dann müssen alle Sektoren auf einem Track liegen
'     RÜCKGABE
' mu× 0 sein, ansonsten Fehler
'
