DEFFN flopwr(buf%,dev_no%,sec_no%,track_no%,side_no%,cnt%)=XBIOS(9,L:buf%,L:0,dev_no%,sect_no%,track_no%,side_no%,cnt%)
' schreibt einen oder mehrere Sektoren einer Diskette
'     buf%
' Adresse, in dem der Sektoreninhalt steht
'     filer%
' wird nicht benutzt
' wird deshalb hier nicht verlangt
'     dev_no%
' Laufwerksnummer
'     sec_no%
' Startsektornummer (1-9[11])
'     track_no%
' Tracknummer (0-79[82])
'     side_no%
' Seitennummer (0-1)
'     cnt%
' Anzahl zu lesender Sektoren
' wenn side_no% > 1, dann müssen alle Sektoren auf einem Track liegen
' Rückgabe mu× 0 sein
'
