' BIN$ - Beispiele:
'
PRINT BIN$(1273530)
'
PRINT
FOR i%=1 TO 4
  READ a%
  PRINT BIN$(a%),"="'a%
NEXT i%
DATA &X1001110,&X100110101,&X10001110,&X100111001
'
PRINT
FOR i%=1 TO 12
  READ a$
  b$=RIGHT$(STRING$(14,"0")+a$,14)
  PRINT b$,
  PRINT "="'VAL("&X"+a$)
  FOR j%=1 TO LEN(b$)
    IF VAL("&X"+b$) AND 2^j%
      PLOT 200+j%,30+i%
    ENDIF
  NEXT j%
NEXT i%
DATA 000111000111000111000
DATA 000111000111000111000
DATA 000111000111000111000
DATA 111000111000111000111
DATA 111000111000111000111
DATA 111000111000111000111
DATA 000111000111000111000
DATA 000111000111000111000
DATA 000111000111000111000
DATA 111000111000111000111
DATA 111000111000111000111
DATA 111000111000111000111
