'
' ***************************************************************************
' *                                                                         *
' *                        A COMMAND LINE PROGRAM                           *
' *              Written By Steven Jordan & Andrew Martin                   *
' *                      (c) Diamond Software 1993!                         *
' *                                                                         *
' * This program just tells you what the user has typed in the command line *
' * box. Compile as a TTP.                                                  *
' *                                                                         *
' ***************************************************************************
'
Length%=Peek(Basepage+128)
If Length%=0
  Print "The user typed nothing in the command line box..."
  Pause 50
  End
Else
  For Count%=129 To (129+Length%)
    Char%=Peek(Basepage+Count%)
    Arg$=Arg$+Chr$(Char%)
  Next Count%
Endif
Print "User Typed : ";Arg$
Repeat
Until Inkey$=Chr$(13)
