# Listing 1: makelist.ksh
# (c)1994 by MAXON-Computer
# Autor: Richard Kurz
# Script zum Anlegen einer Liste
# aller Verzeichnisse...

echo Die Verzeichnis-Liste wird erstellt!
echo Bitte warten...
echo

# Zur Wurzel
cd /

# Die Datei wird angelegt bzw. gel”scht
echo >/etc/dir_list

# Die Laufwerke in U:/ abklappern
for i in ?
do
  # Ist's auch wirklich ein Verzeichnis?
  if [ -d $i ]
  then
    # A: und B: werden ausgelassen
    case $i in
      a)  ;;
      b)  ;;
      # rein in's Laufwerk
      *)  cd $i
        # ls rekursiv ausgeben lassen und
        # die Ausgabe umleiten
        ls -R1 | (
        # Hier landet die Ausgabe von ls
        # und wird in P1 eingelesen
        while read P1
        do
          # Nur die Zeilen mit einem : am
          # Ende durchlassen
          case $P1 in
            # Und ausgeben...
            *:) echo /$i/$P1 >>/etc/dir_list echo /$i/$P1
              ;;
          esac
        done )
        # Back to the roots
        cd ..
        ;;
    esac
  fi
done

echo
echo fertig...

