# Listing 2: dirfind.ksh
# (c)1993 by MAXON-Computer
# Autor: Richard Kurz
# Script zum Suchen von Verzeichnissen in einer
# Liste, die mit MAKELIST angelegt wurde

# šberprfung, ob ein Parameter angegeben ist...
if [ $# = 0 ]
then
  echo Fehler: Parameter fehlt! >&2
  echo Beispiel: dirfind auto >&2
  exit 1
fi

# Ausgeben der Eintr„ge in /etc/dirlist via cat
cat /etc/dir_list | (
while
  # Die Ausgabe von cat landet hier
  read P1
do
  case $P1 in
    # Wenn der Suchstring enthalten ist,
    # dann ausgeben...
    *$1*) echo $P1 ;;
  esac
done )

