// CBO Logfile //

 Optionen        :  $m65536 S& S< E# P> B- C+ F< *& %3 F% RC&
 Source          : EASYMINT.GFA
 compile zu      : G3OBJ=I:\EASYMINT\EASYMINT.O
 Compiler        : E:\gfabasic.pat\rgfa42\GCPATCH\GC.TTP

 compile...
gfa-compiler 3.71(rgf-patch)

 Linker

 Sourcedatei   : G3OBJ=I:\EASYMINT\EASYMINT.O
 Linken  zu    : G3PRG=I:\EASYMINT\EASYMINT.app
 Kommandos     : 
 Linker        : E:\gfabasic.pat\rgfa42\GL41\GL.TTP
 Bibliothek    : E:\gfabasic.pat\rgfa42\LICOMLIB\LICOMLIB

ext. Objektfile: 

 link...
// gfa linker V4.1 (c)2001 RGF Software Richard Gordon Faika //
// (rewritten and Pure Assembler Version)                    //

read... <I:\EASYMINT\EASYMINT.O>
read... <E:\gfabasic.pat\rgfa42\LICOMLIB\LICOMLIB.ndx>
read... <E:\gfabasic.pat\rgfa42\LICOMLIB\LICOMLIB>
write... <I:\EASYMINT\EASYMINT.app>

Vorgang beendet
Objektfile <I:\EASYMINT\EASYMINT.o> wurde gel”scht...

Programm: I:\EASYMINT\EASYMINT.app
Programmflags:
* Fastload
* Speicher aus Fastram
* Programm ins Fastram
* Speicherschutz: Global
