PRINT " Programm zum Patchen des TOS 1.4 (6.4.1989)"
PRINT " geschrieben fÅr die Zeitschrift ST_COMPUTER"
PRINT " Ω Georg Scheibler 02.03.1990"
DIM rom%(50000),eprom%(8200),asm%(12) !Puffer reservieren
rom%=VARPTR(rom%(0))
eprom%=VARPTR(eprom%(0))
split%=VARPTR(asm%(0))
unsplit%=split%+24
fehler!=FALSE
@lesen(0,split%,24,480873,1339903,"SPLIT")
IF fehler!
  END
ENDIF
DATA &4CEF,&0301,&0004,&E488,&6008,&0348
DATA &0000,&22C1,&5088,&51C8,&FFF6,&4E75
DATA &4CEF,&0301,&0004,&E488,&6008,&2218
DATA &03C9,&0000,&5089,&51C8,&FFF6,&4E75
@laden
@aendern
IF fehler!
  END
ENDIF
@speichern
PROCEDURE laden
  al$="TOS 1.4 aus der Datei TOS.IMG|"
  al$=al$+"oder aus den Dateien|"
  al$=al$+"TOS.LO0-TOS.HI2 laden|"
  al$=al$+"oder aus dem ROM kopieren"
  ALERT 2,al$,1,"TOS.IMG|LO0-HI2|ROM",antwort%
  IF antwort%=1
    BLOAD "TOS.IMG",rom%
  ELSE
    IF antwort%=2
      a%=rom%
      FOR i%=0 TO 2
        BLOAD "TOS.HI"+STR$(i%),eprom%
        VOID C:unsplit%(L:&H8000,L:eprom%,L:a%)
        BLOAD "TOS.LO"+STR$(i%),eprom%
        VOID C:unsplit%(L:&H8000,L:eprom%,L:a%+1)
        ADD a%,&H10000
      NEXT i%
    ELSE
      BMOVE &HFC0000,rom%,&H30000-4
      LPOKE rom%+&H2FFFC,&HFEFFFC
    ENDIF
  ENDIF
  IF LPEEK(rom%+24)<>&H4061989
    PRINT "Es wurde nicht das TOS 1.4"
    PRINT "vom 06.04.1989 geladen !!"
    VOID INP(2)
    END
  ENDIF
RETURN
PROCEDURE speichern
  al$="TOS in Datei TOS_M.IMG oder |"
  al$=al$+"aufgeteilt auf TOS_M.LO0 -|"
  al$=al$+"TOS_M.HI2 speichern"
  ALERT 2,al$,1,"TOS_.IMG|LO0-HI2|Abbruch",antwort%
  IF antwort%=1
    BSAVE "TOS_M.IMG",rom%,&H30000
  ENDIF
  IF antwort%=2
    a%=rom%
    FOR i%=0 TO 2
      VOID C:split%(L:&H8000,L:a%,L:eprom%)
      BSAVE "TOS_M.HI"+STR$(i%),eprom%,&H8000
      VOID C:split%(L:&H8000,L:a%+1,L:eprom%)
      BSAVE "TOS_M.LO"+STR$(i%),eprom%,&H8000
      ADD a%,&H10000
    NEXT i%
  ENDIF
RETURN
PROCEDURE lesen(summe%,p%,n%,s1%,s2%,e$)
  ' n% Worte aus DATA ab p% speichern
  summe2%=summe%
  FOR i%=1 TO n%
    READ a%
    DPOKE p%,a%
    ADD summe%,a%
    ADD summe2%,summe2%+a%
    WHILE summe2%>&HFFFFFF
      SUB summe2%,&HFFFFFF
    WEND
    ADD p%,2
  NEXT i%
  IF summe%<>s1% OR summe2%<>s2%
    PRINT "Fehler in Data:"
    PRINT e$,summe%,summe2%
    fehler!=TRUE
  ENDIF
RETURN
PROCEDURE aendern
  RESTORE korrekturdaten
  IF LPEEK(rom%+&H3F16)<>&H82D0002
    PRINT "Das geladene ROM ist bereits geÑndert"
    VOID INP(2)
    END
  ENDIF
  ' 140 Byte um 12 Byte verschieben
  READ p%,a%,summe%,summe2%,s1%,s2%
  BMOVE rom%+p%,rom%+a%,summe%
  '
  pos%=rom%+summe2%
  DO  ! Korrektur von Bcc-Befehlen aufgrund von BMOVE
    ADD summe%,a%
    ADD summe2%,summe2%+a%
    ADD summe%,p%
    ADD summe2%,summe2%+p%
    WHILE summe2%>&HFFFFFF
      SUB summe2%,&HFFFFFF
    WEND
    READ p%,a%
    EXIT IF p%<0
    POKE pos%+p%,a%
  LOOP
  IF summe%<>s1% OR summe2%<>s2%
    PRINT "Fehler in Korrektur-Data",summe%,summe2%
    fehler!=TRUE
  ENDIF
  DO  ! Die einzelnen énderungen einfÅgen
    READ pos%
    EXIT IF pos%<0
    READ anzahl%,sum1%,sum2%,t$
    @lesen(pos%,rom%+pos%,anzahl%,sum1%,sum2%,t$)
  LOOP
  ' In der Infobox Hinweis aus énderung eintragen
  ' der Text Åberschreibt einen Teil des Striches
  a$=" Patch vom 04.01.1990 "
  BMOVE VARPTR(a$),rom%+&H2D1DA,LEN(a$)
RETURN
'
' ***************  Patch 0    **********************
' Korrekturen fÅr Verzweigungsbefehle
' jeweils relative Position und neuer Wert
korrekturdaten:
DATA &H3F16,&H3F0A,140,&H3D9C,37335,4472208
DATA 1,178,41,138,55,124,69,110,81,98,93,86,105,74
DATA 115,52,137,30,145,22,167,0,174,0,175,248
DATA 197,226,205,218,315,24,459,84,495,166
DATA -1,-1
' KÅrzung, um Platz zu schaffen
DATA &3eec,15,247330,12429137,"KÅrzung bei Keyroutien"
DATA &7201,&6016,&0C01,&0050,&6614,&7200,&7408,&102D
DATA &0E7D,&0200,&0003,&6702,&7401,&6000,&0102
' Erweiterung UHR ein-/ausschalten mit
' [Control]+[Alternate]+[Undo]
DATA &3F92,7,135568,3930246,"Erweiterung fÅr Keyroutien"
DATA &00A2,&B47C,&0C61,&6606,&4638,&0425,&601C
'
' ***************  Patch 1   **********************
' énderung des Papiervorschub bei Hardcopy
' ermîglicht Hardcopy mit NEC P6
' Die Hardcopy mit Epson-Drucker weiter mîglich
DATA &282BC,2,246494,756761,"Papiervorschub, Hardcopy"
DATA &4107,&FF1B
'
' ***************  Patch 2   **********************
' énderung des internen DESKTOP.INF
' Auflîsung 960 Punkte pro Zeile fÅr Hardcopy
DATA &2FA48,4,241211,3281122,"#b000100"
DATA &2362,&3030,&3031,&3030
'
' ***************  Patch 3   **********************
' Anpassung der Desktop-Auswertung an die neue
' Sprungtabelle
DATA &1537E,8,305254,7996845,"DESKTOP.INF Verzweigung"
DATA &0C40,&0020,&620E,&E540,&3040,&D1FC,&00FE,&FE00
'
' ***************  Patch 4   **********************
' Neue Sprungtabelle fÅr Verzweigung und die
' Routine zur Auswertung von #a,#b,#c und #U
' #U ist die Erweiterung fÅr die Uhranzeige
DATA &2FE00,238,3570433,7183233,"DESKTOP.INF auswerten"
DATA &00FD,&5188,&00FD,&51AA,&00FD,&52F4,&00FD,&51AA
DATA &00FD,&51AA,&00FD,&5392,&00FD,&5392,&00FD,&5392
DATA &00FD,&5392,&00FD,&5392,&00FD,&5192,&00FD,&5392
DATA &00FD,&5392,&00FD,&51AA,&00FD,&5392,&00FD,&5392
DATA &00FD,&5392,&00FD,&5192,&00FE,&FF2C,&00FD,&5392
DATA &00FD,&51CC,&00FD,&5392,&00FD,&5392,&00FD,&5176
DATA &00FD,&5392,&00FD,&5392,&00FD,&5392,&00FD,&5392
DATA &00FD,&5392,&00FD,&5392,&00FE,&FE84,&00FE,&FF38
DATA &00FE,&FF5A,&40E7,&007C,&0700,&102C,&0004,&C07C
DATA &0003,&EB48,&122C,&0003,&0241,&0003,&670C,&0C41
DATA &0003,&6706,&5241,&D241,&D041,&43F8,&FA01,&1229
DATA &0028,&0241,&0099,&8200,&1341,&0028,&102C,&0002
DATA &0240,&000F,&123B,&0056,&4881,&31C1,&0A6E,&7000
DATA &1340,&002A,&1340,&002C,&41F9,&00FC,&3ACC,&1030
DATA &1000,&41F9,&00FC,&3ADC,&1430,&1000,&2200,&7003
DATA &4EB9,&00FC,&36AC,&7001,&1340,&002A,&1340,&002C
DATA &302C,&0005,&0240,&0003,&0C40,&0003,&6208,&6702
DATA &7001,&11C0,&0C90,&5E8C,&46DF,&6038,&0102,&0709
DATA &0003,&0405,&0608,&0A0B,&0C0D,&0E0F,&528C,&0C1C
DATA &0031,&56F8,&0425,&601C,&528C,&7005,&7A00,&0C1C
DATA &0031,&6602,&01C5,&51C8,&FFF6,&3F05,&3F3C,&0021
DATA &4E4E,&588F,&4EF9,&00FD,&5392,&528C,&4E56,&FFF8
DATA &7C0F,&4BEE,&FFF8,&204D,&425D,&7202,&101C,&0240
DATA &0007,&C0FC,&007D,&D07C,&003E,&3AC0,&51C9,&FFEE
DATA &2A48,&4EB9,&00FD,&1D34,&204D,&525D,&51CE,&FFDC
DATA &101C,&0240,&0007,&4267,&3F00,&F090,&7002,&612C
DATA &7000,&6128,&6112,&3E80,&610E,&3F40,&0002,&3F3C
DATA &0023,&4E4E,&4E5E,&609C,&121C,&0241,&000F,&C2FC
DATA &000A,&101C,&0240,&000F,&D041,&4E75,&01F8,&0484
DATA &0C1C,&0030,&6604,&01B8,&0484,&4E75
'
' ***************  Patch 5   **********************
DATA &3ADA,1,15837,30903,"RSC-Timer Vorteiler"
DATA &0303
'
' ***************  Patch 6    **********************
' Test, ob Hardwareuhr vorhanden, ohne Alarmregister
' zu verÑndern oder den Alarm auszuschalten
DATA &1F70,41,322244,11793462,"Test Megauhr"
DATA &327C,&0008,&307C,&FC20,&2411,&244F,&22BC,&00FC
DATA &1FB8,&0028,&0009,&001B,&2282,&0308,&0005,&303C
DATA &0A06,&0188,&0005,&0508,&0005,&0388,&0005,&0242
DATA &0F0F,&B440,&6616,&117C,&0001,&0001,&08A8,&0000
DATA &001B,&4228,&001D,&4E75,&2E4A,&2282,&003C,&0001
DATA &4E75
'
' ***************  Patch 7    **********************
' Hardwareuhr setzen, Wochentagregister wird von
' dieser Routine richtig gesetzt
' erforderlich fÅr Uhranzeige
DATA &207C,112,2216565,11453463,"Setze Megauhr"
DATA &70FF,&4E75,&6100,&FEEE,&65F6,&43F8,&0A54,&2F2F
DATA &0004,&6134,&588F,&0202,&0003,&117C,&0002,&001F
DATA &08E8,&0000,&001B,&117C,&0001,&0015,&1142,&0017
DATA &08A8,&0000,&001B,&700C,&7201,&11A1,&1000,&5441
DATA &51C8,&FFF8,&7000,&4E75,&322F,&0004,&3001,&E248
DATA &E048,&3400,&6166,&3001,&EA48,&C07C,&000F,&615C
DATA &3001,&C07C,&001F,&6154,&EA49,&0241,&000F,&5241
DATA &3002,&0C41,&0003,&6206,&D27C,&000C,&5340,&C2FC
DATA &001A,&82FC,&000A,&D240,&E448,&D240,&302F,&0004
DATA &0240,&001F,&D240,&5441,&48C1,&82FC,&0007,&4841
DATA &12C1,&322F,&0006,&3001,&E048,&E648,&610E,&3001
DATA &EA48,&6104,&3001,&D040,&C07C,&003F,&48C0,&80FC
DATA &000A,&12C0,&4840,&12C0,&4E75
' ein paar NOP-Befehle, damit keine LÅcke am Ende
DATA &4E71,&4E71,&4E71,&4E71,&4E71,&4E71,&4E71,&4E71
DATA &4E71,&4E71,&4E71
'
' ***************  Patch 8   **********************
' Ersten Befehl der GEM-vbl-Routien ersetzen
' Uhr-Routien aufrufen
DATA &10AE6,3,153373,692368,"Uhrvektor"
DATA &4EB9,&00FE,&FC80
'
' ***************  Patch 9   **********************
' Die folgende énderung sorgt dafÅr, daû die Uhr
' nach einem Reset angezeigt wird
' nicht unbedingt erforderlich
DATA &13BCC,6,148947,6015325,"Uhr an"
DATA &21C8,&6E28,&2038,&04C2,&50F8,&0425
'
' ***************  Patch 10  **********************
' Die Routine zur Anzeige der Uhr im Bildschirm
' einschlieûlich des ersetzten Befehl
DATA &2FC80,180,4260184,8550775,"Uhr im Bildschirm"
DATA &4A38,&0425,&671C,&6B06,&6100,&012A,&6014,&5438
DATA &0425,&6B0E,&70EC,&11C0,&0425,&4E56,&FFF0,&6108
DATA &4E5E,&4A78,&2886,&4E75,&A000,&43EE,&FFF0,&3F38
DATA &378A,&3F38,&60BE,&4EB9,&00FC,&20C4,&588F,&0C78
DATA &03E8,&2B88,&6D04,&5229,&FFFF,&247C,&00FE,&8EF8
DATA &266A,&004C,&342A,&0050,&3A2A,&0052,&5345,&3E28
DATA &0002,&3610,&48C7,&2C07,&DC46,&D643,&5343,&48C3
DATA &0C43,&0001,&625A,&E54E,&DC47,&DC47,&6152,&5389
DATA &2029,&FFFC,&4840,&2340,&FFFC,&7000,&2C07,&DC87
DATA &5386,&DCB8,&044E,&6154,&6152,&702E,&6154,&614C
DATA &614A,&7020,&614C,&1029,&0004,&0240,&0007,&D040
DATA &43FB,&000E,&1029,&0001,&6138,&1011,&6134,&4E75
DATA &534F,&4D4F,&4449,&4D49,&444F,&4652,&5341,&6572
DATA &5346,&DCB8,&044E,&7000,&6112,&6110,&703A,&6112
DATA &610A,&6108,&703A,&610A,&6102,&4E71,&1021,&0000
DATA &0030,&2846,&3805,&2A4B,&0C43,&0001,&6706,&0806
DATA &0000,&6710,&5386,&18B5,&0000,&D8C7,&DAC2,&51CC
DATA &FFF6,&4E75,&9C83,&18B5,&0000,&3954,&FFFE,&0C43
DATA &0003,&6706,&296C,&FFFE,&FFFA,&D8C7,&DAC2,&51CC
DATA &FFE6,&4E75,&4238,&0425,&A000,&3E28,&0002,&3610
DATA &48C7,&7000,&7207,&5343,&6602,&720F,&2C07,&DC46
DATA &DCB8,&044E,&2046,&DC87,&3403,&2100,&2100,&51CA
DATA &FFFA,&51C9,&FFF0,&4E75
'
' als ENDE-Markierung hinter letztem Patch -1
DATA -1
