' Sounds
'
' Einige kleine Soundeffekte als Begleitlisting zum "Desaster Area"-Artikel
' im ST_Magazin
'
' Ω Laurenz PrÅûner 	 2/1989
'
'  ST  GFA-Basic 2.xx
'
'
Spoke &H484,10                          ! Tastenklick aus
'
' Hier wurde SPOKE gewÑhlt, weil $484 im geschÅtzten TOS-Teil liegt, wenn man
' darin POKEn will, muû man im GFA-BASIC den SUPERVISOR-POKE benutzen.
' Andernfalls gÑb's Bombendrohungen!
'
Cls
Print "Sounds"
Print "L. PrÅûner 	 2/89"
Print
Input "Bitte Soundeffekt wÑhlen (A-E): ";A$
'
' Hier folgen einige Knangexperimente
'
If A$="A" Or A$="a"                     ! Tschirp
  For A%=1 To 5
    For F%=1 To 200 Step 5              ! Ton fallend
      Sound 1,15,#F%,1
    Next F%
  Next A%
  Wave 1,1,9,9999,100                   ! Abschalten
  Wave 0,0
Endif
'
If A$="B" Or A$="b"                     ! Rauschen periodisch beschleunigen
  Sound 1,15,#1000,0
  For F%=8000 To 1 Step -500
    Wave 265,1,14,F%,72
  Next F%
  Wave 265,1,9,9999,100                 ! Abschalten
Endif
If A$="C" Or A$="c"                     ! 'runterfallen
  For F%=0 To 1000 Step 3
    Sound 1,10,#F%,1                    ! Die KanÑle wechseln sich ab
    Sound 2,10,#F%+7,1                  ! Dabei knistert's
  Next F%
  Sound 1,0,#0,50                       ! KÅnstlerische Pause
  Wave 7945,1,0,9999,100                ! Aufschlag
Endif
'
If A$="D" Or A$="d"
  For A%=1 To 10                        ! 100 Mal durchlaufen
    For F%=9 To 15                      ! Lauter werden
      Sound 1,F%,#2000,10               ! Ton
      Wave 777,1,9,9999,2               ! GerÑusch
    Next F%
    For F%=15 To 9 Step -1              ! Leiser werden
      Sound 1,F%,#2000,10               ! Ton
      Wave 3849,1,9,9999,2              ! GerÑusch
    Next F%
  Next A%
Endif                                   ! Zum Schluss HÅllkurven demonstrieren
'
If A$="E" Or A$="e"
  For F%=0 To 15                        ! Kurven durchzÑhlen
    Print At(1,10);"HÅllkurve Nr.";F%
    Pause 10
    Sound 1,15,#2000,0
    Wave 1801,1,F%,2000,200
    Sound 1,0,#0,0
    Pause 10
  Next F%
Endif
'
Spoke &H484,15                          ! Tastaturklick wieder anschalten
End
