PROCEDURE gfa_ninput__(cnt__%,x__%,y__%,min__%,max__%)
  LOCAL pos__|,char__|,value__$
  IF cnt__%<=0 OR (10^cnt__%-1<min__%) OR (max__%<min__%) OR cnt__%>9
    lib_rv__%=-2
  ELSE
    REPEAT
      lib_rv__%=0
      value__$=SPACE$(cnt__%-1)+"0"
      TEXT x__%,y__%,value__$
      pos__|=0
      REPEAT
        char__|=INP(2)
        IF char__|>47 AND char__|<58 AND pos__|<cnt__%
          IF CHR$(char__|)="0" AND pos__|=0
          ELSE
            lib_rv__%=(lib_rv__%*10)+char__|-48
            value__$=SPACE$(cnt__%)
            RSET value__$=STR$(lib_rv__%)
            INC pos__|
            TEXT x__%,y__%,value__$
          ENDIF
        ENDIF
        IF char__|=8 AND pos__|>0
          DEC pos__|
          lib_rv__%=TRUNC(lib_rv__%/10)
          value__$=SPACE$(cnt__%)
          RSET value__$=STR$(lib_rv__%)
          TEXT x__%,y__%,value__$
        ENDIF
      UNTIL char__|=13
    UNTIL lib_rv__%>=min__% AND lib_rv__%<=max__%
    value__$=SPACE$(cnt__%)
    RSET value__$=STR$(lib_rv__%)
    TEXT x__%,y__%,value__$
  ENDIF
RETURN
