VSYNC
' VOID XBIOS(5,L:-1,L:-1,0)
BOX 0,0,79,320
RESERVE 5000
INPUT s$
s$=UPPER$(s$)
IF s$="O"
  buf=MALLOC(50000)
  b=buf
  IF b<=0
    GOTO erreur
  ENDIF
ENDIF
amplitude=38
frequence=15
vitesse=0.25
FOR i=0 TO 2*PI STEP (2*PI)/((200*(amplitude/vitesse))/frequence)
  y=i*(200/(2*PI))
  x=SIN(i*frequence)*amplitude*(COS(i))+(amplitude/2)+24
  PLOT x,y
  IF s$="O"
    LPOKE b,INT(x)
    b=b+4
    LPOKE b,0
    b=b+4
  ENDIF
  n=n+1
NEXT i
IF s$<>"O"
  GOTO toto
ENDIF
FILESELECT "A:\*.SIN","",nom$
PRINT (b-buf-2)
BSAVE nom$,buf,(b-buf)
PRINT MFREE(buf)
toto:
GOSUB fin
erreur:
PRINT "ERREUR ALLOCATION MEMOIRE"
PRINT "B=";b
PROCEDURE fin
  VOID XBIOS(5,L:-1,L:-1,1)
  END
RETURN
