' ##############################################################################
' verbindungen laden TROPIC-MOTELSOFT
' ##############################################################################
verb_load("A:\NAME.VDT")
> PROCEDURE verb_load(sc3$)
  IF EXIST(sc3$)
    CLOSE #1
    OPEN "I",#1,sc3$
    INPUT #1,totalri&
    INPUT #1,men&
    ERASE verb|()
    DIM verb|(men&,totalri&)
    FOR i&=0 TO men&
      FOR ii&=0 TO totalri&
        INPUT #1,was
        verb|(i&,ii&)=was
      NEXT ii&
    NEXT i&
    CLOSE #1
  ENDIF
RETURN
' ##############################################################################
