Cls
Clear
Print
Print "         ***********************************"
Print "         **   ATARI ST:    VARIABLES -    **"
Print "         **       IDENTIFY/MODIFY         **"
Print "         ***********************************"
Print
Print " Atari - GfA -Basic / (c) 1986 by GfA Systemtechnik"
Print " written by Klaus Keller, Herdecke"
Print " Program Version 2.2 / 10.10.1986"
Print String$(55,95)
Print
Print
Print " * Search for Particular Variables"
Print " * List Out the Variables"
Print " * Modify the Variables"
Print "(The program must be stored in ASCII format!)"
Print
Input "Ready to read in the program (Y/N)";O$
If O$="N" Or O$="n" Then
  Run
Endif
Cls
Print
Print "Choose:"
Print "(Double-click on field and then click on Cancel)"
Do
  Fileselect "A:\*.*",Altname$,O$
  Exit If O$=""
  Altname$=Mid$(O$,4)
Loop
Print "The name of the program you're working on is ";Altname$
Wahl:
Print
Print
Print "Menu"
Print
Print "(1) List all the Loop Variables"
Print "(2) List all the included variables under respective first letter"
Print "(3) Seek and modify specific variable names"
Print "(0) End section"
Print
Input " Choose from: 1,2,3,0 ";Qm%
If Qm%=0 Then
  Goto Programmende
Endif
On Error Gosub Fehler
On Qm% Gosub Teil1,Teil2,Teil3,Schluss
Goto Wahl
Rem :====================================================================
Procedure Teil1
  Dim Laufvar$(30)
  Laufv=0
  Open "i",#1,Altname$
  Print
  Zlnr=0
  Print "Loop variables in line:"
  Do
    Line Input #1,Zeile$
    Zlnr=Zlnr+1
    Gosub Schleifenvariable
    Exit If Eof(#1)
  Loop
  Close
  Print
  Print "List of the Loop Variables: "
  For L=1 To Laufv
    Print Laufvar$(L);",";
  Next L
  Print
  Input " Print out the list (Y/N)";Op$
  If Op$="y" Or Op$="Y" Then
    Lprint
    Lprint " List of the Loop Variables:"
    For L=1 To Laufv
      Lprint Laufvar$(L);",";
    Next L
    Lprint
  Endif
  Print
  Teil1ende:
  Erase Laufvar$()
Return
Rem :############################################################
Procedure Teil2
  Dim Varliste$(30)
  Varanzahl=0
  Print "Look for all possible variables starting with a particular letter"
  Input "(lower case) first letter = ";Suchstring$
  Suchstring1$=Upper$(Suchstring$)
  Suchstring2$=Suchstring1$
  Print "Variable in line No."
  Zlnr=0
  Zlnralt=0
  Open "i",#1,Altname$
  Do
    Line Input #1,Zeile$
    Zlnr=Zlnr+1
    Print ".";
    If Instr(Zeile$,"rem")>0 Or Instr(Zeile$,"REM")>0 Or Instr(Zeile$,"Rem")>0 Then
      Goto Suchende1
    Endif
    While Left$(Zeile$,1)=" "
      Zeile$=Mid$(Zeile$,2)
    Wend
    Gosub Vorpruefung
    If Wa<0 Then
      Goto Suchende1
    Endif
    Apostroph1=-1
    Apostroph2=-1
    Neuesuche1:
    Gosub Stringsuche
    While Apostroph2<I And Apostroph2<>0
      Apostroph1=Instr(Zeile$,Chr$(34),Apostroph2+1)
      Apostroph2=Instr(Zeile$,Chr$(34),Apostroph1+1)
    Wend
    If Apostroph1<I And I<Apostroph2 Then
      Goto Neuesuche1
    Endif
    Wl=0
    Wr=0
    If I=0 Then
      Goto Suchende1
    Endif
    Lvar=0
    Variablaenge:
    Lvar=Lvar+1
    Ac=Asc(Mid$(Zeile$,I+Lvar,1))
    If Ac>64 And Ac<91 Then
      Goto Variablaenge
    Endif
    If Ac>96 And Ac<123 Then
      Goto Variablaenge
    Endif
    If Ac>47 And Ac<58 Then
      Goto Variablaenge
    Endif
    If Ac=36 Or Ac=37 Then
      Lvar=Lvar+1
    Endif
    If Ac=40 Then
      J=Instr(Zeile$,")",I+1)
      If J=0 Then
        Goto Suchende1
      Else
        Lvar=J-I+1
      Endif
    Endif
    If I=1 Then
      Gosub Blankrechts
      If O$="=" Then
        W=0.5
      Else
        W=0
      Endif
      Goto Identifikation1
    Endif
    If I>1 Then
      O$=Mid$(Zeile$,I-1,1)
      Gosub Suchelinks
    Endif
    If Wl>=0 Then
      Gosub Blankrechts
      Gosub Sucherechts
    Endif
    W=Wl+Wr+Wa
    Identifikation1:
    If W>0 Then
      Varname$=Upper$(Mid$(Zeile$,I,Lvar))
      If Len(Varname$)>4 Then
        Gosub Kontrolle
      Endif
    Endif
    If W>0 Then
      If Zlnr>Zlnralt Then
        Print
        Print Zlnr;" :";
      Endif
      Print Varname$;"  ";
      For M=0 To Varanzahl
        Exit If Varliste$(M)>=Varname$
      Next M
      If Varname$<>Varliste$(M) Then
        Varliste$(Varanzahl+1)=Varname$
        M=Varanzahl
        While Varliste$(M+1)<Varliste$(M)
          Swap Varliste$(M+1),Varliste$(M)
          M=M-1
        Wend
        Varanzahl=Varanzahl+1
      Endif
    Endif
    I=I+Lvar
    Zlnralt=Zlnr
    Goto Neuesuche1
    Suchende1:
    Exit If Eof(#1)
  Loop
  Close
  Print
  Print
  Print "All variables starting with the letter ";Suchstring1$;" :"
  For M=1 To Varanzahl
    Print Varliste$(M);",";
  Next M
  Print
  Input "Print out the list? (Y/N)";O$
  If O$="Y" Or O$="y" Then
    Lprint
    Lprint "Variables with the first letter ";Suchstring1$;" :"
    For M=1 To Varanzahl
      Lprint Varliste$(M);",";
    Next M
    Lprint
    Lprint
  Endif
  Erase Varliste$()
Return
Rem :###########################################################
Procedure Teil3
  Input "(lower case) Variable name ";Suchstring$
  Lvar=Len(Suchstring$)
  Suchstring1$=Upper$(Suchstring$)
  Suchstring2$=Left$(Suchstring1$)+Mid$(Suchstring$,2)
  Input "Change the variable names? (Y/N)";Mod$
  If Mod$="y" Then
    Mod$="Y"
  Endif
  If Mod$="Y" Then
    Print
    Print "Old program name: ";Altname$
    Input "New program name: ";Neuname$
    Print
    Print "Old variable name: ";Suchstring$
    Input "New variable name: ";Neuvar$
    Open "O",#2,Neuname$
    Lneuvar=Len(Neuvar$)
  Endif
  Open "I",#1,Altname$
  Print "Current line number"
  Zlnr=0
  Do
    Line Input #1,Zeile$
    Zlnr=Zlnr+1
    Print ".";
    Gosub Vorpruefung
    If Wa<0 Then
      Goto Suchende
    Endif
    Apostroph1=-1
    Apostroph2=-1
    Neuesuche:
    Gosub Stringsuche
    While Apostroph2<I And Apostroph2<>0
      Apostroph1=Instr(Zeile$,Chr$(34),Apostroph2+1)
      Apostroph2=Instr(Zeile$,Chr$(34),Apostroph1+1)
    Wend
    If Apostroph1<I And I<Apostroph2 Then
      Goto Neuesuche
    Endif
    Wl=0
    Wr=0
    If I=0 Then
      Goto Suchende
    Endif
    If I=1 Then
      Gosub Blankrechts
      If O$="=" Then
        W=0.5
      Else
        W=0
      Endif
      Goto Identifikation
    Endif
    If I>1 Then
      O$=Mid$(Zeile$,I-1,1)
      Gosub Suchelinks
    Endif
    If Wl>=0 Then
      Gosub Blankrechts
      Gosub Sucherechts
    Endif
    W=Wl+Wr+Wa
    If W=0 Then
      Print "Variable status unclear:"
      Print "line:   ";Zeile$
      Print "Pointer ";I
      Input "Variable (Y/N)";O$
      If O$="Y" Or O$="y" Then
        W=0.1
      Endif
    Endif
    Identifikation:
    If W>0 Then
      Zeile1$=Left$(Zeile$,I-1)
      Zeile2$=Mid$(Zeile$,I+Lvar)
      If Pos(0)>0 Then
        Print
      Endif
      Print Zlnr;"  ";Zeile1$;"_";Suchstring$;"_";Zeile2$
      If Mod$="Y" Then
        Zeile$=Zeile1$+Neuvar$+Zeile2$
        Print Zlnr;"  ";Zeile$
        I=I+Lneuvar-Lvar
      Endif
    Endif
    Goto Neuesuche
    Suchende:
    If Mod$="Y" Then
      Print #2,Zeile$
    Endif
    Exit If Eof(#1)
  Loop
  Close
  Print
  If Mod$="Y" Then
    Altname$=Neuname$
    Print
    Print "The processed program is stored in ASCII format under the name  ";Altname$
  Endif
Return
Rem :##############################################################
Programmende:
Print
Print
Print
Print "LOAD IN THE MOST RECENTLY PROCESSED PROGRAM ' ";Neuname$;"' WITH MERGE"
Print "To end press [E]"
Repeat
  O$=Inkey$
Until O$="E" Or O$="e"
End
Rem :########################################################
Rem :########################################################
Procedure Stringsuche
  Ik=Instr(Zeile$,Suchstring$,I+1)
  Ig=Instr(Zeile$,Suchstring1$,I+1)
  Im=Instr(Zeile$,Suchstring2$,I+1)
  If Ig=0 Then
    Ig=1000
  Endif
  If Ik=0 Then
    Ik=1000
  Endif
  If Im=0 Then
    Im=1000
  Endif
  I=Min(Ik,Ig,Im)
  If I=1000 Then
    I=0
  Endif
Return
Procedure Schleifenvariable
  Suchstring$="for "
  Suchstring1$="FOR "
  Suchstring2$="For "
  I=0
  If Instr(Zeile$,"Rem")>0 Then
    Goto Xlabel1
  Endif
  Gosub Stringsuche
  If I>0 Then
    Print Zlnr;": Variable ";
    J=Instr(Zeile$,"=")
    Schlfvar$=Upper$(Mid$(Zeile$,I+4,J-4-I))
    While Left$(Schlfvar$,1)=" "
      Schlfvar$=Mid$(Schlvar$,2)
    Wend
    While Right$(Schlfvar$,1)=" "
      Lnv=Len(Schlfvar$)
      Schlfvar$=Left$(Schlfvar$,Lnv-1)
    Wend
    Print Schlfvar$;" in: ";Zeile$
    For Ll=0 To Laufv
      Exit If Laufvar$(Ll)>=Schlfvar$
    Next Ll
    If Laufvar$(Ll)<>Schlfvar$ Then
      Laufvar$(Laufv+1)=Schlfvar$
      Ll=Laufv
      While Laufvar$(Ll+1)<Laufvar$(Ll)
        Swap Laufvar$(Ll),Laufvar$(Ll+1)
        Ll=Ll-1
      Wend
      Laufv=Laufv+1
    Endif
  Endif
  Xlabel1:
Return
Procedure Suchelinks
  N=Asc(O$)
  If N=0 Or N=32 Then
    Wl=0.2
    Goto Resultat1
  Endif
  If N=41 Or (N>47 And N<58) Or (N>64 And N<91) Or (N>96 And N<123) Then
    Wl=-2
    Goto Resultat1
  Endif
  If N=40 Or (N>39 And N<48) Or (N>58 And N<64) Or N=94 Then
    Wl=1
  Endif
  Resultat1:
Return
Procedure Sucherechts
  N=Asc(O$)
  If N=0 Or N=32 Then
    Wr=0.2
    Goto Resultat2
  Endif
  If N=40 Or (N>47 And N<59) Or (N>64 And N<91) Or (N>96 And N<123) Then
    Wr=-2
    Goto Resultat2
  Endif
  If N=36 Or N=37 Or N=41 Or (N>39 And N<48) Or (N>58 And N<64) Or N=94 Then
    Wr=1
  Endif
  Resultat2:
Return
Procedure Blankrechts
  Jr=1
  While Mid$(Zeile$,I+Lvar+Jr-1,1)=" "
    Jr=Jr+1
  Wend
  O$=Mid$(Zeile$,I+Lvar+Jr-1,1)
Return
Procedure Vorpruefung
  Wa=0
  I=0
  Ik=Instr(Zeile$,"goto",I+1)
  Ig=Instr(Zeile$,"GOTO",I+1)
  Im=Instr(Zeile$,"Goto",I+1)
  If Ig=0 Then
    Ig=1000
  Endif
  If Ik=0 Then
    Ik=1000
  Endif
  If Im=0 Then
    Im=1000
  Endif
  I=Min(Ik,Ig,Im)
  If I=1000 Then
    I=0
  Endif
  If I>0 Then
    Wa=-0.5
    Goto Abschluss
  Endif
  Ik=Instr(Zeile$,"gosub",I+1)
  Ig=Instr(Zeile$,"GOSUB",I+1)
  Im=Instr(Zeile$,"Gosub",I+1)
  If Ig=0 Then
    Ig=1000
  Endif
  If Ik=0 Then
    Ik=1000
  Endif
  If Im=0 Then
    Im=1000
  Endif
  I=Min(Ik,Ig,Im)
  If I=1000 Then
    I=0
  Endif
  If I>0 Then
    Wa=-0.5
    Goto Abschluss
  Endif
  Ik=Instr(Zeile$,"procedure",I+1)
  Ig=Instr(Zeile$,"PROCEDURE",I+1)
  Im=Instr(Zeile$,"Procedure",I+1)
  If Ig=0 Then
    Ig=1000
  Endif
  If Ik=0 Then
    Ik=1000
  Endif
  If Im=0 Then
    Im=1000
  Endif
  I=Min(Ik,Ig,Im)
  If I=1000 Then
    I=0
  Endif
  If I>0 Then
    Wa=-0.5
    Goto Abschluss
  Endif
  Ik=Instr(Zeile$,"print",I+1)
  Ig=Instr(Zeile$,"PRINT",I+1)
  Im=Instr(Zeile$,"Print",I+1)
  If Ig=0 Then
    Ig=1000
  Endif
  If Ik=0 Then
    Ik=1000
  Endif
  If Im=0 Then
    Im=1000
  Endif
  I=Min(Ik,Ig,Im)
  If I=1000 Then
    I=0
  Endif
  If I>0 Then
    I=I+5
    Wa=0.5
    Goto Abschluss
  Endif
  Ik=Instr(Zeile$,"input",I+1)
  Ig=Instr(Zeile$,"INPUT",I+1)
  Im=Instr(Zeile$,"Input",I+1)
  If Ig=0 Then
    Ig=1000
  Endif
  If Ik=0 Then
    Ik=1000
  Endif
  If Im=0 Then
    Im=1000
  Endif
  I=Min(Ik,Ig,Im)
  If I=1000 Then
    I=0
  Endif
  If I>0 Then
    I=I+5
    Wa=0.5
    Goto Abschluss
  Endif
  Ik=Instr(Zeile$,"read",I+1)
  Ig=Instr(Zeile$,"READ",I+1)
  Im=Instr(Zeile$,"Read",I+1)
  If Ig=0 Then
    Ig=1000
  Endif
  If Ik=0 Then
    Ik=1000
  Endif
  If Im=0 Then
    Im=1000
  Endif
  I=Min(Ik,Ig,Im)
  If I=1000 Then
    I=0
  Endif
  If I>0 Then
    I=I+4
    Wa=0.5
  Endif
  Abschluss:
Return
Procedure Kontrolle
  If Instr(Varname$,"ABS")>0 Then
    Goto Abbruch
  Endif
  If Instr(Varname$,"ASC")>0 Then
    Goto Abbruch
  Endif
  If Instr(Varname$,"ATN")>0 Then
    Goto Abbruch
  Endif
  If Instr(Varname$,"AT(")>0 Then
    Goto Abbruch
  Endif
  If Instr(Varname$,"COS")>0 Then
    Goto Abbruch
  Endif
  If Instr(Varname$,"LOG")>0 Then
    Goto Abbruch
  Endif
  If Instr(Varname$,"MAX")>0 Then
    Goto Abbruch
  Endif
  If Instr(Varname$,"MIN")>0 Then
    Goto Abbruch
  Endif
  If Instr(Varname$,"SIN")>0 Then
    Goto Abbruch
  Endif
  If Instr(Varname$,"SQR")>0 Then
    Goto Abbruch
  Endif
  If Instr(Varname$,"TAN")>0 Then
    Goto Abbruch
  Endif
  Goto Nachabbruch
  Abbruch:
  W=-0.5
  Nachabbruch:
Return
Procedure Fehler
  Print "Error No. ";Err
  Print "*****";Zeile$;"*****"
  Resume Next
Return
