'
'
' ****************************************
' * Ruckelfreie Laufschrift in GFA-Basic *
' *            HIT DISC 2/89             *
' ****************************************
'
'
OUT 4,&H12                                            ! Mausausschalten
SGET screen$
log=VARPTR(screen$)
phys=XBIOS(2)
VOID XBIOS(5,L:log,L:phys,-1)
DEFTEXT 1,17,0,4
TEXT 1,5,"Dies ist ein Demotext fÅr den Textscroll"
TEXT 1,13,"er der in GFA Basic ohne Assemblerroutin"
TEXT 1,21,"en geschrieben wurde. Programmentwicklun"
TEXT 1,29,"g: Armin Ritter   Listing in HIT DISC 2/"
TEXT 1,37,"89   ..................................."
TEXT 1,45,"........................................"
TEXT 1,53,"........................................"
TEXT 1,61,"1234567890 ABCDEFGHIJKLMNOPQRSTUVWXYZ .."
TEXT 1,69,"........................................"
TEXT 1,77,"....................................... "
GET 0,0,319,7,t1$
GET 0,8,319,15,t2$
GET 0,16,319,23,t3$
GET 0,24,319,31,t4$
GET 0,32,319,39,t5$
GET 0,40,319,47,t6$
GET 0,48,319,55,t7$
GET 0,56,319,63,t8$
GET 0,64,319,71,t9$
GET 0,72,319,79,t10$
VOID XBIOS(5,L:phys,L:phys,-1)
'
DO
  FOR xe=320 TO -320*10 STEP -2
    VSYNC
    PUT xe,188,t1$
    PUT xe+320,188,t2$
    PUT xe+640,188,t3$
    PUT xe+960,188,t4$
    PUT xe+1280,188,t5$
    PUT xe+1600,188,t6$
    PUT xe+1920,188,t7$
    PUT xe+2240,188,t8$
    PUT xe+2560,188,t9$
    PUT xe+2880,188,t10$
    IF INKEY$=" "
      gf=1
    ENDIF
    EXIT IF gf=1
  NEXT xe
  EXIT IF gf=1
LOOP
OUT 4,&H8                                                ! Mauseinschalten
'
'
' *********************************************
' *              Ende des Listings            *
' *********************************************
'
'
