' Procedure Initio.mouse1 :
initio.mouse1
PROCEDURE initio.mouse1
  ' *** global :  MOUSE1$
  RESTORE pattern.mouse1
  make.mouse(mouse1$)
  DEFMOUSE mouse1$
  DO
  LOOP
pattern.mouse1:
  ' *** x,y,mode(0=normal;1=XOR),mask-colour,mouse-colour
  DATA -1,0,0,0,3
  ' *** mask-pattern (1 = pixel on , 0 = pixel off)
  DATA 0000000000000000
  DATA 0000000000000000
  DATA 0000000000000000
  DATA 0000000000000000
  DATA 0000000000000000
  DATA 0000000000000000
  DATA 0000000000000000
  DATA 0000000000000000
  DATA 0000000000000000
  DATA 0000000000000000
  DATA 0000000000000000
  DATA 0000000000000000
  DATA 0000000000000000
  DATA 0000000000000000
  DATA 0000000000000000
  DATA 0000000000000000
  ' *** mouse-pattern
  DATA 0000000010000000
  DATA 0000000011000000
  DATA 0000000011100000
  DATA 0000000011110000
  DATA 1111111111111000
  DATA 1111111111111100
  DATA 1111111111111110
  DATA 1111111111111111
  DATA 1111111111111111
  DATA 1111111111111110
  DATA 1111111111111100
  DATA 1111111111111000
  DATA 0000000011110000
  DATA 0000000011100000
  DATA 0000000011000000
  DATA 0000000010000000
RETURN
> PROCEDURE make.mouse(VAR m$)
  LOCAL x,y,mode,msk.color,mouse.color,n,msk%,mouse%,msk.pat$
  LOCAL mouse.pat$,msk$,mouse$,pat$
  CLR msk.pat$,mouse.pat$,pat$
  READ x,y,mode,msk.color,mouse.color
  FOR n=1 TO 16
    READ msk$
    msk%=VAL("&X"+msk$)
    msk.pat$=msk.pat$+MKI$(msk%)
  NEXT n
  FOR n=1 TO 16
    READ mouse$
    LET mouse%=VAL("&X"+mouse$)
    LET mouse.pat$=mouse.pat$+MKI$(mouse%)
  NEXT n
  m$=MKI$(x)+MKI$(y)+MKI$(mode)+MKI$(color.index+(msk.color))
  m$=m$+MKI$(color.index+(mouse.color))+msk.pat$+mouse.pat$
RETURN
' The mask should be an exact copy of the mouse-pattern if you need a
' transparant mouse. Leave the mask empty (all '0') and the mouse will
' disappear behind objects on the screen. Fill the mask with '1' and the
' 16x16 mouse will always remain visible. Switch mask- and mouse-colour in
' the first DATA-line to create a "reverse" mouse. Or use any VDI colour-
' Dateiinfos ermitteln                                      GFA-Routinen
