Exempel:

        DIM m$(10)
        FOR i%=0 TO 10
        READ m$(i%)
        NEXT i%
        DATA Desk, Redraw,-------------------------
        DATA 1,2,3,4,5,6,"",""
        OPENW 4,0,0
        MENU m$()
        ON MENU MESSAGE GOSUB read_message
        PRINT AT(1,1);
        REPEAT
        ON MENU
        UNTIL MOUSEK=2
        `
        PROCEDURE read_message
        IF MENU(1)=20
        PRINT CHR$(7);
        PRINT "Sk„rmen m†ste ritas om"
        ELSE
        PRINT CHR$(7);
        PRINT "N†got h„nde!"
        ENGIF
        RETURN

--> F”r att kunna testa det h„r programmet m†ste en "accessory" laddas in
    och anropas, varvid programmet skriver att sk„rmen m†ste ritas om.