Dateiinfos ermitteln                                      GFA-Routinen

Autor: [1]

'
' Ermittelt die Datei-Infos...
'
> FUNCTION get_fileinfo(datei$,VAR datum$,uhr$,laenge%)
  LOCAL a|,a&,b&,f&
  LOCAL sek|,min|,std|,tag|,mon|,jhr&
  '
  f&=FSFIRST(datei$,0)          ! Datei suchen...
  '
  IF f&=0                       ! ...gefunden
   '
   a|=BYTE{BASEPAGE+128+21}     ! Attribute
   a&=WORD{BASEPAGE+128+22}     ! Uhrzeit
   b&=WORD{BASEPAGE+128+24}     ! Datum
   laenge%={BASEPAGE+128+26}    ! L„nge
   '
   sek|=(a& AND &X11111)*2
   min|=SHR(a&,5) AND &X111111
   std|=SHR(a&,11) AND &X11111
   '
   uhr$=@null$(std|,2)+":"+@null$(min|,2)+":"+@null$(sek|,2)
   '
   tag|=b& AND &X11111
   mon|=SHR(b&,5) AND &X1111
   jhr&=(SHR(b&,9) AND &X11111)+1980
   '
   datum$=@null$(tag|,2)+"."+@null$(mon|,2)+"."+@null$(jhr&,4)
   '
   RETURN TRUE
  ENDIF
  '
  RETURN FALSE
ENDFUNC
'

