Disknamen lesen und schreiben                             GFA-Routinen

Autor: [1]

'
' Disknamen lesen und schreiben...
'
> FUNCTION get_label$(a&)
  CHDRIVE a&
  ~FSETDTA(BASEPAGE+128)              ! DTA setzen
  a%=FSFIRST("*.*",8)                 ! nur DISKNAME lesen
  a$=CHAR{BASEPAGE+158}               ! D_NAME lesen
  IF a%=-33                           ! wenn kein DISKNAME auf Disk
   a$=""                              ! A$ auf Leerstring setzen
  ENDIF
  RETURN a$
ENDFUNC
> PROCEDURE set_label(a&,a$)
  CHDRIVE a&
  a$=LEFT$(a$,8)+CHR$(0)             ! dem Namen Nullbyte anh„ngen
  a%=GEMDOS(60,L:V:a$,8)             ! Datei anlegen
  IF a%>0                            ! wenn Datei angelegt
   ~GEMDOS(62,a%)                    ! Datei schliežen
   ~GEMDOS(67,L:V:a$,1,8)            ! Datei in DISKNAMEN umbennen
  ENDIF
RETURN
'

