<DOKU>

FUNCTION mem_swap(adr1%,adr2%,len%)             ! Speicherbl”cke vertauschen
  ' 12-09-94
  ' adr1% = Quelladresse
  ' adr2% = Zieladresse
  ' len%  = L„nge des Aktionsblockes
  LOCAL a%
  LOCAL spc%
  LOCAL swap$
  '
  IF len%<32700                                 ! Falls der Aktionsblock kleiner als Puffer
    spc%=len%                                   ! Puffergr”že = Gr”že des Aktionsblocks
  ELSE                                          !
    spc%=@ggt(len%,32700)                       ! Puffergr”že = GGT
  ENDIF                                         !
  swap$=SPACE$(spc%)                            ! Puffergr”že einstellen
  FOR a%=0 TO (len%/spc%)-1                     ! Aktionsblock/Puffer mal
    BMOVE adr2%+a%*spc%,V:swap$,spc%            ! Zielblock zwischenspeichern
    BMOVE adr1%+a%*spc%,adr2%+a%*spc%,spc%      ! Quelleblock in Zielblock
    BMOVE V:swap$,adr1%+a%*spc%,spc%            ! Zielblock(Puffer) -> Quelle
  NEXT a%                                       !
  '
  RETURN TRUE
ENDFUNC
