'
' ##################################
' ##         Listing 2            ##
' ##   A.Krieglmeier / GFA-Basic  ##
' ##################################
'
FUNCTION carrier
  ' ----------------------------------------
  '  liefert TRUE, wenn DCD auf COM2 high
  ' ----------------------------------------
  '
  LOCAL reg|,sel|,ret!
  '
  SDPOKE &H43E,1             ! Disk-VBL deaktivieren
  SPOKE &HFF8800,14          ! Soundchip Port A selektieren
  reg|=PEEK(&HFF8800)        ! alten Wert lesen
  sel|=BSET(reg|,7)          ! DCD von COM2 selektieren
  SPOKE &HFF8802,sel|        ! und ins Register schreiben
  '
  IF BTST(PEEK(&HFFFA01),1)  ! Bit 1 im MFP-GPIP gesetzt?
    ret!=FALSE               !   -> kein Carrier
  ELSE                       ! ansonsten
    ret!=TRUE                !   RÅckgabewert = false
  ENDIF
  '
  SPOKE &HFF8802,reg|        ! vorherigen DCD-Kanal auswÑhlen
  SDPOKE &H43E,0             ! VBL wieder einschalten
  '
  RETURN ret!
ENDFUNC
