' ##################################
' ##         Listing 1            ##
' ##   A.Krieglmeier / GFA-Basic  ##
' ##################################
'
PROCEDURE dtr(flag!)
  ' -------------------------------------------
  '  setzt DTR auf log. high, wenn flag!=true
  ' -------------------------------------------
  '
  LOCAL inh|
  '
  SDPOKE &H43E,1             ! Disk-VBL ausschalten
  '
  SPOKE &HFF8800,14          ! Soundchip Port A selektieren
  inh|=PEEK(&HFF8800)        ! alten Wert lesen
  '
  IF flag!=TRUE              ! DTR einschalten?
    inh|=BCLR(inh|,6)        !   IO_A6-Bit setzen
  ELSE                       ! oder auschalten
    inh|=BSET(inh|,6)        !   Bit l”schen
  ENDIF
  SPOKE &HFF8802,inh|        ! neuen Wert ins Register schreiben
  '
  SDPOKE &H43E,0             ! ... und VBL wieder aktivieren
RETURN
'
