' ASM_DATA.LST
'
FILESELECT "\*.*","",file$
OPEN "I",#1,file$
OPEN "O",#2,"DATA.LST"
SEEK #1,28
size%=LOF(#1)
'
PRINT #2,"DIM asm%("+STR$(size%)+"/2)"
PRINT #2,"asm_adr%=V:asm%(0)"
PRINT #2,"adr%=asm_adr%"
PRINT #2,"DO"
PRINT #2,"READ asm%"
PRINT #2,"EXIT IF asm%=-1"
PRINT #2,"CARD{adr%}=asm%"
PRINT #2,"ADD adr%,2"
PRINT #2,"LOOP"
'
FOR cnt%=29 TO size%-4 STEP 2
  IF AND((cnt%-29),15)
    PRINT #2,",";
  ELSE
    PRINT #2
    PRINT #2,"DATA ";
  ENDIF
  PRINT #2,CVI(INPUT$(2,#1));
NEXT cnt%
'
PRINT #2
PRINT #2,"DATA -1"
CLOSE #1
CLOSE #2
