> FUNCTION grf_linefield(hnd&,x&,y&,b&,h&,xs,ys)
' 20-09-94
LOCAL a       ! Schleifenvariable (float um Zeichenfehler <1 Pkt zu halten !)
'
IF xs<>0                              ! Step 0 fÅhrt zu Endlosschleife
  FOR a=x& TO x&+b& STEP xs           ! Feld in X-Richtung durchlaufen
    v_pline(hnd&,a,y&,a,y&+h&)        ! senkrechte Linie zeichnen
  NEXT a                              ! Ende Feld in X-Richtung durchlaufen
ENDIF                                 ! ENDE: Step 0 fÅhrt zu Endlosschleife
IF ys<>0                              ! Step 0 fÅhrt zu Endlosschleife
  FOR a=y& TO y&+h& STEP ys           ! Feld in Y-Richtung durchlaufen
    v_pline(hnd&,x&,a,x&+b&,a)        ! waagrechte Linie zeichnen
  NEXT a                              ! Ende Feld in Y-Richtung durchlaufen
ENDIF                                 ! ENDE: Step 0 fÅhrt zu Endlosschleife
'
RETURN TRUE                           ! Funktion OK
ENDFUNC
> FUNCTION grf_cartsys(vek$,hnd&,x&,y&,b&,h&,aran,abeg,aoff,agrid,oran,obeg,ooff,ogrid)
' 18-09-94
LOCAL a&              ! Schleifenvariable
LOCAL acc&            ! Accessories-Vektor
LOCAL absz&           ! Abszisse-Vektor
LOCAL abszy&          ! Abszisse-Y-Koordinate
LOCAL abszstep&       ! Abszisse Beschreibung-Schrittweite
LOCAL ordi&           ! Ordinate-Vektor
LOCAL ordix&          ! Ordinate-X-Koordinate
'
abszy&=y&+(h&/aran)*aoff                    !
ordix&=x&+(b&/oran)*ooff                    !
'
acc&=VAL(LEFT$(vek$))                         ! 1 Vektorparameter holen
IF BTST(acc&,0)                               ! Falls Umrandung gewÅnscht
v_box(hnd&,x&,y&,x&+b&,y&+h&)               !
ENDIF                                         ! ENDE: Falls Umrandung gewÅnscht
' ### Abszisse zeichnen
absz&=VAL(MID$(vek$,2,1))                     ! Abszisse-Vektor einlesen
IF BTST(absz&,0)                              ! Falls Abszisse vorhanden
v_pline(hnd&,x&,abszy&,x&+b&,abszy&)        !
ENDIF                                         ! ENDE: Falls Abszisse vorhanden
IF BTST(absz&,1)                              ! Falls Abszisse beschriftet
abszstep&=(b&*agrid)/aran
FOR a&=0 TO b&/2 STEP abszstep&
  v_pline(hnd&,ordix&+a&,abszy&-1,ordix&+a&,abszy&+1)        !
  v_pline(hnd&,ordix&-a&,abszy&-1,ordix&-a&,abszy&+1)        !
NEXT a&
ENDIF                                         ! ENDE: Falls Abszisse beschriftet
' ### Ordinate zeichnen
ordi&=VAL(MID$(vek$,3,1))                     ! Ordinate-Vektor einlesen
IF BTST(ordi&,0)                              !
v_pline(hnd&,ordix&,y&,ordix&,y&+h&)        !
ENDIF                                         !
'
RETURN TRUE                                   ! Funktion OK
ENDFUNC
> FUNCTION grf_pfunc(hnd&,nr&,x&,y&,b&,h&,sx,ex,yskal,grid)
' 18-08-94
LOCAL a&               ! Schleifenvariable
LOCAL ox,oy
LOCAL x,y
LOCAL range
'
ox=x&
oy=b&/2
range=ABS(sx)+ABS(ex)                 ! momentaner Definitions-Bereich
FOR a&=x& TO x&+b&                    ! Bildbereich durchlaufen
x=sx+(a&-x&)*(range/b&)             !
SELECT nr&
CASE 0
y=@mat_cosh(x)
CASE 1
y=COS(x)
ENDSELECT
y=y&+(h&/2)-y*yskal
v_pline(hnd&,ox,oy,a&,y)        !
ox=a&
oy=y
NEXT a&
'
RETURN TRUE
ENDFUNC
