.*************************
.*      RASTER DIST      *
.*  par DENEB (FANTASY)  *
.************************
.CE PROGRAMME DOIT ETRE COMPILE !!!
.
fre%=FRE(0)            ! Sauve fre(0)
RESERVE fre%-10000     ! Reserve
h%=MALLOC(20000)       ! Alloue
ON BREAK GOSUB fin     ! vi?
FOR i%=0 TO 20000      ! Buffer couleur
  CARD{h%+i%*4}=i%
NEXT i%
CLS
.
super%=GEMDOS(32,L:0)  ! Mode superviseur
POKE &HFFFA09,0        ! Coupe interrupts
.
REPEAT                 ! Boucle principale
  h9%=h8%              ! Echange des courbes
  h8%=h7%
  h7%=h6%
  h6%=h5%
  h5%=h4%
  h4%=h3%
  h3%=h2%
  h2%=h1%
  h1%=h0%
  ADD p%,4             ! Calcule courbe
  h0%=h%+MUL(80+50*SINQ(p%),40)
  .
  REPEAT               ! Stab.
    b|=BYTE{&HFFFF8209}
  UNTIL b|
  VOID SHL(13,-b|)
  .
  CARD{&HFFFF8240}=0   ! Attend fin de ligne
  CARD{&HFFFF8240}=0
  CARD{&HFFFF8240}=0
  CARD{&HFFFF8240}=0
  CARD{&HFFFF8240}=0
  CARD{&HFFFF8240}=0
  CARD{&HFFFF8240}=0
  CARD{&HFFFF8240}=0
  CARD{&HFFFF8240}=0
  CARD{&HFFFF8240}=0
  CARD{&HFFFF8240}=0
  .
  .>>> inserez "COD.LST" <<<
  .
  CARD{&HFFFF8240}=0    ! Couleurs a 0
  VSYNC                 ! Vbl...
UNTIL PEEK(&HFFFC02)=57 ! Sortie
fin                     ! Fin
.
PROCEDURE fin
  POKE &HFFFA09,100     ! On remet tout ...
  ~GEMDOS(32,L:super%)  ! ... comme d'hab.
  ~MFREE(h%)
  RESERVE fre%
  SETCOLOR 15,&H777
  SETCOLOR 0,0
  SETCOLOR 1,15
  EDIT
RETURN
