'
' -----------------
'   Calcul wave_4
' (C) FANTOMAS 1992
' -----------------
'
buffer%=MALLOC(91*2*4)
buf%=buffer%
SETCOLOR 0,0
SETCOLOR 15,&H777
m&=0
FOR n&=0 TO 90
  m=m+0.5
  x&=m*SINQ(ang&)
  y&=m*COSQ(ang&)
  DPOKE buf%,x&
  DPOKE buf%+2,y&*160
  PSET 159+x&,99+y&,15
  ADD ang&,10
  ADD buf%,4
  PAUSE 4
NEXT n&
FOR n&=0 TO 90
  m=m-0.5
  x&=m*SINQ(ang&)
  y&=m*COSQ(ang&)
  DPOKE buf%,x&
  DPOKE buf%+2,y&*160
  PSET 159+x&,99+y&,1
  ADD buf%,4
  ADD ang&,10
  PAUSE 4
NEXT n&
BSAVE "A:\CDOC.SRC\DATA\WAVE_4.DAT",buffer%,91*2*4
~MFREE(buffer%)
