' -----------------
'   Calcul wave_3
' (C) FANTOMAS 1992
' -----------------
'
' Rebond et deplacement du cercle
'
SETCOLOR 0,0
SETCOLOR 15,&H777
buffer%=MALLOC(544)
buf%=buffer%
REPEAT
  '
  ' ---< 1 >--
  '
  FOR a=0 TO 8 STEP 0.5
    VSYNC
    CLS
    x&=x&-3
    y&=a^2
    DPOKE buf%,x&
    DPOKE buf%+2,y&*160
    PSET 159+x&,99+y&,1
    ADD buf%,4
  NEXT a
  FOR a=8 TO 0 STEP -0.5
    VSYNC
    CLS
    y&=a^2
    x&=x&-3
    DPOKE buf%,x&
    DPOKE buf%+2,y&*160
    PSET 159+x&,99+y&,1
    ADD buf%,4
  NEXT a
UNTIL x&=-102
'
' ---< 2 >---
'
REPEAT
  FOR a=0 TO 8 STEP 0.5
    VSYNC
    CLS
    x&=x&+3
    y&=a^2
    DPOKE buf%,x&
    DPOKE buf%+2,y&*160
    PSET 159+x&,99+y&,1
    ADD buf%,4
  NEXT a
  FOR a=8 TO 0 STEP -0.5
    VSYNC
    CLS
    x&=x&+3
    y&=a^2
    DPOKE buf%,x&
    DPOKE buf%+2,y&*160
    PSET 159+x&,99+y&,1
    ADD buf%,4
  NEXT a
UNTIL x&=0
'
' ---< 3 >---
'
REPEAT
  FOR a=0 TO 8 STEP 0.5
    VSYNC
    CLS
    x&=x&+3
    y&=a^2
    DPOKE buf%,x&
    DPOKE buf%+2,y&*160
    PSET 159+x&,99+y&,1
    ADD buf%,4
  NEXT a
  FOR a=8 TO 0 STEP -0.5
    VSYNC
    CLS
    y&=a^2
    x&=x&+3
    DPOKE buf%,x&
    DPOKE buf%+2,y&*160
    PSET 159+x&,99+y&,1
    ADD buf%,4
  NEXT a
UNTIL x&=102
'
' ---< 4 >---
'
REPEAT
  FOR a=0 TO 8 STEP 0.5
    VSYNC
    CLS
    x&=x&-3
    y&=a^2
    DPOKE buf%,x&
    DPOKE buf%+2,y&*160
    PSET 159+x&,99+y&,1
    ADD buf%,4
  NEXT a
  FOR a=8 TO 0 STEP -0.5
    VSYNC
    CLS
    y&=a^2
    x&=x&-3
    DPOKE buf%,x&
    DPOKE buf%+2,y&*160
    PSET 159+x&,99+y&,1
    ADD buf%,4
  NEXT a
UNTIL x&=0
BSAVE "A:\CDOC.SRC\DATA\WAVE_3.DAT",buffer%,544
~MFREE(buffer%)
SETCOLOR 15,0
SETCOLOR 0,&H777
