PROCEDURE overlay
  LOCAL fs_iinpath$,fs_insel$,fs_ireturn,fs_iexbutton,pathnr|,path$,filename$,bild$,frei%
  ' Programmnamen ermitteln
  REPEAT
    fs_iinpath$="A:\*.PRG"
    fs_ireturn=FSEL_INPUT(fs_iinpath$,fs_insel$,fs_iexbutton)
    pathnr|=RINSTR(fs_iinpath$,"\")
    path$=LEFT$(fs_iinpath$,pathnr|)
    filename$=path$+fs_insel$
  UNTIL EXIST(filename$)
  ' Bildschirm retten
  SGET bild$
  ' Speicher freigeben
  frei%=FRE(0)
  RESERVE 0
  ' Programm starten
  EXEC 0,filename$,"",""
  ' Speicher wieder belegen
  RESERVE frei%-(frei% MOD 256)
  ' Bildschirminhalt wieder herstellen
  SPUT bild$
RETURN
