' Name  :  GLOBUS
' Zweck :  zeichnet ein Bild der Erde, so wie sie aus der Sicht
'          eines Satelliten erscheint
'
' Methode :
'
' Das Gesichtsfeld wird immer gleich grož dargestellt, n„mlich als Kreis
' vom Radius 199.  Die Umrisse der Kontinente und wichtiger Inseln sind
' Streckenzge, deren Sttzpunkte am Ende des Programms in DATA-Listen
' gespeichert sind.
' Zuerst wird nach der H”he des Satelliten ber der Erdoberfl„che,
' dann nach den Koordinaten des Subsatellitenpunktes (SSP) gefragt.
' Der SSP ist der Schnittpunkt der Strecke Erdmittelpunkt - Satellit
' mit der Erdoberfl„che, also der Punkt, ber dem der Satellit genau
' im Zenit steht.
' Dann wird ein Streckenzug nach dem anderen durchlaufen, wobei jedoch nur
' fr die vom Satelliten aus sichtbaren Punkte die Bildschirmkoordinaten
' berechnet und diese Punkte auf dem Bildschirm durch Strecken verbunden
' werden.
' Die Koordinatentransformation von L„nge l_p und Breite b_p eines Punktes P
' auf der Erdoberfl„che in Rechtswert ( 0...639 ) und Tiefwert ( 0...399 )
' auf dem Bildschirm geschieht ber eine Zwischenstufe, n„mlich ber
' x-y- Koordinaten, deren Ursprung U in der Mitte des Bildkreises liegt.
'
'
' Bezeichnungen :
'
'  M      -  Erdmittelpunkt
'  N      -  Nordpol
'  S      -  Satellit
'  SSP    -  Subsatellitenpunkt
'  P      -  Ein Sttzpunkt eines der Sreckenzge
'  U      -  Ursprung des x-y- Koordinatensystems auf dem Bildschirm
'  B      -  Zu P geh”render Bildpunkt auf dem Bildschirm
'  G      -  Punkt am Rand des Gesichtsfeldes. Ist am weitesten von S entfernt.
'  ms     -  Abstand Satellit - Erdmittelpunkt
'  gs     -  Abstand Satellit - Rand des Gesichtsfeldes ( G-S )
'  us     -  Abstand des Bildschirms vom Satelliten
'  cos_ssp_m_g
'         -  Cosinus des Winkels SSP-M-G
'
' Gegebene Gr”žen :
'
'  r      -  Erdradius in km
'  h      -  H”he des Satelliten ber der Erdoberfl„che
'  l_ssp  -  Geogr. L„nge des Subsatellitenpunktes            > alle
'  b_ssp  -  Geogr. Breite des Subsatellitenpunktes           > Winkel
'  l_p    -  Geogr. L„nge eines Sttzpunktes P                > im
'  b_p    -  Geogr. Breite eines Sttzpunktes P               > Bogenmaž !
'
' Gesuchte Gr”žen :
'
'  sicht! -  Boolesche Variable
'            sicht! = TRUE   P ist vom Satelliten aus sichtbar
'            sicht! = FALSE  P ist vom Satelliten aus nicht sichtbar
'
'  rechts -  Bildschirmkoordinate des Bildpunktes B von P
'  tief   -  Bildschirmkoordinate des Bildpunktes B von P
'
'
'  Die folgenden Gr”žen werden fr jedes Bild nur einmal berechnet :
'
'  1.   Abstand des Satelliten vom Erdmittelpunkt
'       ms = r + h
'
'  2.   Maximale Entfernung des Satelliten von einem sichtbaren Punkt
'       der Erdoberfl„che ( = Entf. zum Rand des Gesichtsfeldes )
'       gs = SQR( ms * ms - r * r )
'
'  3.   Abstand der Bildebene vom Satelliten
'       us = 199 * gs / r
'
'  4.   Der Winkel SSP-M-G besitzt den Kosinus
'       cos_ssp_m_g = r / ms
'
'  5.   Um die sp„tere Rechnung zu beschleunigen :
'       cos_b_ssp = COS( b_ssp )
'       sin_b_ssp = SIN( b_ssp )
'
'  Nun kommen die fr jeden Punkt P zu berechnenden Gr”žen :
'
'  6.   Um die sp„tere Rechnung zu beschleunigen :
'       sin_b_p = SIN( b_p )
'       delta_l = l_p - l_ssp
'
'  7.   Der Mittelpunktswinkel g_w des Grožkreisbogens durch SSP und P
'       besitzt den Kosinus
'       cos_g_w = sin_b_ssp * sin_b_p + cos_b_ssp * COS( b_p ) * COS( delta_l )
'
'       Nur falls cos_g_w >= cos_ssp_m_g ist P sichtbar !
'
'  8.   Der Sinus des Winkels SSP-M-P ist sin_ssp_m_p
'       sin_ssp_m_p = SQR( 1 - cos_g_w * cos_g_w )
'
'  9.   Die Strecke P-Q hat die L„nge r * sin_ssp_m_p
'       Auf dem Bildschirm entspricht dies der Strecke
'       u_b = r * sin_ssp_m_p * us / ( ms - r * cos_g_w )
'
' 10.   Der Richtungswinkel rw von SSP nach P besitzt den Kosinus
'       cos_rw = ( sin_b_p - sin_b_ssp * cos_g_w ) / ( cos_b_ssp * sin_ssp_m_p )
'
' 11.   Der Sinus von rw ist
'       sin_rw = SQR( 1 - cos_rw * cos_rw )
'
' 12.   Die Koordinaten des Bildpunktes B von P sind
'       x = SGN( SIN( delta_l)) * u_b * sin_rw
'       y = u_b * cos_rw
'
' 13.   Daraus die Bildschirmkoordinaten
'       rechts = 200 + x
'       tief = 199 - y
'
'
'
DO
  '
  CLS
  PRINT
  PRINT "                   Die Erde aus der Sicht eines Satelliten"
  PRINT "                 ==========================================="
  PRINT
  PRINT
  PRINT
  REPEAT
    INPUT " H”he des Satelliten ber Grund  ( 1000 ... 1000000 km ) ";h
  UNTIL h>=1000 AND h<=1000000
  PRINT
  PRINT
  REPEAT
    INPUT " L„nge des Subsatellitenpunktes  ( -180 ...  360 Grad  ) ";l_ssp
  UNTIL l_ssp>=-180 AND l_ssp<=360
  PRINT
  REPEAT
    INPUT " Breite des Subsatellitenpunktes (  -90 ...   90 Grad  ) ";b_ssp
  UNTIL b_ssp>=-90 AND b_ssp<=90
  '
  IF ABS(l_ssp)<0.1                                              ! gef„hrliche
    l_ssp=0.1                                                    ! Werte
  ENDIF                                                          ! vermeiden !
  l_ssp=PI*l_ssp/180                                             ! ins Bogenmaž
  '
  IF b_ssp>89.9                                                  ! s.o.
    b_ssp=89.9
  ENDIF
  IF b_ssp<-89.9
    b_ssp=-89.9
  ENDIF
  b_ssp=PI*b_ssp/180                                             ! ins Bogenmaž
  '
  r=6366                                                         ! Erdradius
  '
  ms=r+h                                                         ! Punkt  1
  gs=SQR(ms*ms-r*r)                                              ! Punkt  2
  us=199*gs/r                                                    ! Punkt  3
  cos_ssp_m_g=r/ms                                               ! Punkt  4
  cos_b_ssp=COS(b_ssp)                                           ! Punkt  5
  sin_b_ssp=SIN(b_ssp)                                           ! Punkt  5
  '
  CLS
  CIRCLE 200,199,200                                             ! Erdkreis
  '
  FOR b_p=-PI/3 TO 1.1 STEP PI/6                                 ! Breitenkreise
    sicht!=FALSE
    FOR l_p=0 TO 6.3 STEP PI/30
      strecke
    NEXT l_p
  NEXT b_p
  '
  FOR l_p=0 TO 6.2 STEP PI/6                                     ! Laengenkreise
    sicht!=FALSE
    FOR b_p=-PI/2 TO 1.6 STEP PI/30
      strecke
    NEXT b_p
  NEXT l_p
  '
  RESTORE
  '
  DO                                                             ! Streckenzge
    sicht!=FALSE                                                 ! der Umrisse
    READ l_p,b_p                                                 ! von
    EXIT IF l_p<-1                                               ! Kontinenten
    streckenzug                                                  ! und
  LOOP                                                           ! Inseln
  '
  PRINT AT(60,10);"Neue Berechnung:"
  PRINT AT(60,12);"   Leertaste"
  PRINT AT(60,20);" Programmende:"
  PRINT AT(60,22);"  Esc - Taste"
  PRINT CHR$(7);
  e|=INP(2)
  EXIT IF e|=27
  '
LOOP
'
'
PROCEDURE streckenzug
  WHILE l_p>=0
    strecke
    READ l_p,b_p
  WEND
RETURN
'
PROCEDURE strecke
  sin_b_p=SIN(b_p)                                               ! Punkt  6
  delta_l=l_p-l_ssp                                              ! Punkt  6
  cos_g_w=sin_b_ssp*sin_b_p+cos_b_ssp*COS(b_p)*COS(delta_l)      ! Punkt  7
  IF cos_g_w>=cos_ssp_m_g                                        ! P sichtbar ?
    koordinatentransformation
    IF sicht!
      DRAW  TO rechts,tief
    ELSE
      DRAW rechts,tief
      sicht!=TRUE
    ENDIF
  ELSE
    sicht!=FALSE
  ENDIF
RETURN
'
PROCEDURE koordinatentransformation
  '
  sin_ssp_m_p=1-cos_g_w*cos_g_w                                  ! Punkt  8
  IF sin_ssp_m_p<0                                               ! nicht neg. !
    sin_ssp_m_p=0
  ENDIF
  sin_ssp_m_p=SQR(sin_ssp_m_p)
  '
  u_b=r*sin_ssp_m_p*us/(ms-r*cos_g_w)                            ! Punkt  9
  '
  IF sin_ssp_m_p                                                 ! nicht 0 !
    cos_rw=(sin_b_p-sin_b_ssp*cos_g_w)/(cos_b_ssp*sin_ssp_m_p)   ! Punkt 10
  ELSE
    cos_rw=1
  ENDIF
  '
  sin_rw=1-cos_rw*cos_rw                                         ! Punkt 11
  IF sin_rw<0                                                    ! nicht neg. !
    sin_rw=0
  ENDIF
  sin_rw=SQR(sin_rw)
  '
  x=SGN(SIN(delta_l))*u_b*sin_rw                                 ! Punkt 12
  y=u_b*cos_rw                                                   ! Punkt 12
  '
  rechts=200+x                                                   ! Punkt 13
  tief=199-y                                                     ! Punkt 13
  '
RETURN
'
' Es folgen die Umrisse von Kontinenten und Inseln.
'
' Jedes Wertepaar beschreibt einen Punkt dieses Umrisses.
' Z.B. ist 6.187 die geogr. L„nge und .625 die geogr. (n”rdliche)
' Breite des Punktes, mit dem der Umriž von Afrika beginnt.
' L„nge u. Breite mssen im Bogenmaž angegeben werden.
' 180 Grad entspricht dabei Pi (=3.14159).
' Der Umriž muž einen geschlossenen Streckenzug bilden,
' d.h. der letzte Punkt muž gleich dem ersten sein.
' -1,0 ist das Signal fr "Ende des Streckenzuges"
'
'
REM +--------+
REM ! Afrika !
REM +--------+
DATA 6.187,.625,6.166,.585,6.133,.576,6.11,.541
DATA 6.116,.5235,6.05,.4774,6.0047,.4055,5.982,.3645
DATA 6.0047,.308,5.977,.262,5.988,.223,6.05,.167
DATA 6.06,.139,6.1495,.078
DATA .0668,.0891,.1671,.0724,.156,-.0167,.2395,-.195
DATA .178,-.279,.178,-.313,.25,-.4,.323,-.589
DATA .445,-.587,.54,-.5236,.574,-.452,.618,-.38
DATA .607,-.339,.713,-.262,.707,-.184,.6795,-.1
DATA .83,.0724,.89,.206,.78,.184,.685,.272
DATA .562,.541,.39,.567,.35,.554,.34,.528
DATA .178,.585,.184,.641,.056,.641,6.244,.606
DATA 6.205,.611,6.187,.625,-1,0
REM +------------+
REM ! Madagaskar !
REM +------------+
DATA .863,-.206,.819,-.262,.774,-.277,.769,-.318
DATA .78,-.344,.7575,-.436,.785,-.441,.819,-.434
DATA .88,-.267,.863,-.206,-1,0
REM +------------+
REM ! Australien !
REM +------------+
DATA 2.484,-.189,2.445,-.308,2.367,-.262,2.384,-.212
DATA 2.306,-.195,2.278,-.217,2.261,-.262,2.211,-.24
DATA 2.111,-.339,2.04,-.354,1.99,-.385,1.977,-.452
DATA 2.02,-.55,2.022,-.576,2.01,-.593,2.055,-.602
DATA 2.094,-.589,2.15,-.585,2.28,-.5585,2.29,-.55
DATA 2.367,-.6,2.406,-.5585,2.45,-.654,2.5,-.672
DATA 2.56,-.672,2.61,-.654,2.674,-.477,2.668,-.441
DATA 2.557,-.3285,2.534,-.262,2.506,-.251,2.484,-.189
DATA -1,0
REM +-----------+
REM ! Tasmanien !
REM +-----------+
DATA 2.523,-.7025,2.557,-.76,2.58,-.742,2.585,-.707
DATA 2.557,-.711,2.523,-.7025,-1,0
REM +------------+
REM ! Sdamerika !
REM +------------+
DATA 5.15,-.96,5.09,-.91,5.13,-.83,5.10,-.806,5.13,-.785
DATA 5.20,-.675,5.27,-.665,5.29,-.632,5.26,-.594
DATA 5.32,-.61,5.35,-.59,5.44,-.443,5.5,-.4,5.554,-.396
DATA 5.59,-.311,5.6,-.222,5.67,-.14,5.66,-.087,5.63,-.08
DATA 5.585,-.047,5.434,0,5.39,-.02,5.41,.03,5.36,.094
DATA 5.27,.12,5.2,.18,5.09,.18,5.08,.2,4.96,.2,4.94,.146
DATA 4.92,.165,4.887,.165,4.9,.155,4.91,.15,4.93,.113
DATA 4.93,.066,4.85,-.02,4.85,-.1,4.94,-.244
DATA 5.05,-.335,5.01,-.646,4.97,-.81,4.99,-.92
DATA 5.04,-.96,5.15,-.96,-1,0
REM +----------------+
REM ! Falklandinseln !
REM +----------------+
DATA 5.28,-.91,5.22,-.91,5.2,-.925,5.26,-.925
DATA 5.28,-.91,-1,0
REM +---------+
REM ! Spanien !
REM +---------+
DATA 6.14,.763,6.126,.75,6.13,.715,6.12,.675
DATA 6.13,.672,6.126,.646,6.16,.649,6.187,.628,6.204,.64
DATA 6.257,.651,6.27,.656,6.273,.668,.005,.675
DATA 6.276,.689,.016,.716,.056,.742
DATA .0442,.7402,.0524,.7524,.07121,.7561,.0965,.7515
DATA .108,.752,.14,.759,.149,.773,.1728,.769,.178,.765
DATA .18,.76,.183,.748,.185,.748,.195,.742,.213,.732
DATA .276,.7,.283,.68,.275,.668,.274,.659,.281,.66
DATA .285,.668,.289,.67,.288,.677,.3,.68,.3,.687
DATA .288,.693,.297,.707,.319,.695,.321,.702,.314,.708
DATA .277,.724,.283,.729,.283,.732,.265,.731,.244,.743
DATA .237,.761,.216,.772,.216,.794,.233,.798
DATA .237,.816,.24,.797,.236,.795,.239,.788,.242,.781
DATA .249,.792,.26,.785,.261,.776,.279,.759,.314,.745
DATA .34,.728,.336,.703,.362,.671,.368,.669,.382,.669
DATA .39,.67,.391,.671,.404,.664,.399,.664,.403,.661
DATA .41,.664,.418,.657,.42,.658,.418,.668,.411,.672
DATA .393,.678,.399,.678,.406,.684,.398,.705,.407,.702
DATA .419,.705,.414,.708,.454,.712,.456,.699,.48,.715
DATA .506,.715,.508,.72,.491,.723,.48,.742,.506,.78
DATA .56,.82,.58,.81,.68,.83,.65,.79,.73,.74,.72,.72,.61
DATA .73,.56,.72,.51,.72,.51,.72,.52,.71,.46,.7,.462,.666
DATA .52,.63,.63,.645,.61,.57,.6,.55,.56,.55,-1,0
REM +--------+
REM ! Inseln !
REM +--------+
DATA .042,.69,.052,.686,.06,.693,.052,.696,.042,.69,-1,0
DATA .166,.75,.168,.736,.161,.723,.153,.725,.151,.741
DATA .163,.746,.163,.75,.166,.75,-1,0
DATA .161,.721,.172,.708,.176,.683,.159,.685,.154,.678
DATA .146,.68,.147,.689,.148,.696,.146,.708,.145,.719
DATA .147,.714,.161,.721,-1,0
DATA .272,.669,.264,.652,.268,.645,.263,.639,.216,.658
DATA .222,.66,.24,.662,.272,.669,-1,0
DATA .381,.669,.404,.659,.404,.656,.41,.654,.404,.651
DATA .397,.656,.404,.637,.397,.641,.393,.642,.392,.635
DATA .383,.645,.38,.64,.376,.65,.378,.651,.37,.661
DATA .373,.667,.379,.666,.381,.669,-1,0
DATA .41,.62,.457,.616,.453,.612,.429,.61,.41,.616,.41,.62,-1,0
DATA .398,.677,.408,.681,.421,.674,.427,.666,.427,.662
DATA .424,.664,.418,.671,.413,.672,.404,.677,.398,.677,-1,0
REM +-----------+
REM ! Antarktis !
REM +-----------+
DATA .925,-1.15,1.31,-1.22,1.8,-1.1,2.1,-1.13,2.44,-1.17
DATA 2.97,-1.26,3.52,-1.48,3.25,-1.34,4.19,-1.27
DATA 4.89,-1.25,5.24,-1.12,5.24,-1.31,5.67,-1.27
DATA 5.93,-1.22,6.26,-1.19,.35,-1.19,.646,-1.17
DATA .925,-1.15,-1,0
REM +--------+
REM ! Europa !
REM +--------+
DATA 6.14,.763,6.248,.756,6.257,.759,6.262,.797,6.25,.812
DATA 6.24,.83,6.2,.84,6.21,.84,6.2,.85,6.23,.85,6.24,.847
DATA 6.26,.85,6.25,.868,6.262,.867,6.264,.864,6.281,.86
DATA .003,.867,.021,.87,.026,.877,.026,.887,.052,.895
DATA .076,.913,.083,.923,.105,.934,.118,.934,.122,.931
DATA .126,.937,.14,.938,.144,.934,.147,.935,.148,.934
DATA .152,.94,.157,.938,.154,.946,.157,.946,.153,.946
DATA .141,.97,.143,.99,.15,.998,.165,1,.174
DATA 1.006,.184,1.01,.183,1,.18,.987,.181,.988,.188,.986
DATA .171,.971,.166,.96,.174,.955,.174,.949,.188,.949
DATA .194,.953,.196,.949,.195,.948,.194,.947,.187,.942
DATA .197,.942,.197,.94,.22,.95,.23,.95,.236,.945,.24
DATA .946,.25,.94,.279,.947,.314,.956,.321,.956,.324,.949
DATA .34,.949,.349,.96,.37,.96,.366,.986,.378,1,.396,1
DATA .407,.997,.418,.995,.426,1,.427,1.02,.414,1.02
DATA .41,1.03,.419,1.04,.454,1.04,.471,1.04,.488,1.04
DATA .49,1.04,.509,1.04,.528,1.04,.528,1.04,.497,1.05
DATA .502,1.06,.471,1.06,.436,1.05,.401,1.04,.373,1.06
DATA .377,1.07,.368,1.09,.401,1.11,.445,1.13,.443,1.145
DATA .419,1.15,.393,1.15,.368,1.13,.377,1.126,.358,1.11
DATA .305,1.09,.305,1.06,.331,1.047,.323,1.03,.294,1.02
DATA .288,.995,.276,.98,.256,.981,.248,.972,.25,.969
DATA .248,.965,.24,.967,.232,.965,.225,.967,.227,.97
DATA .218,.983,.224,.981,.221,.985,.225,.986,.197,1.02
DATA .187,1.04,.181,1.03,.17,1.029,.139,1.01,.122,1.01
DATA .096,1.025,.087,1.047,.087,1.08,.105,1.1,.167,1.1
DATA .209,1.13,.244,1.17,.28,1.19,.227,1.187,.279,1.21
DATA .332,1.22,.454,1.24,.541,1.23,.524,1.22,.628,1.21
DATA .716,1.18,.72,1.17,.698,1.16,.663,1.15,.562,1.175
DATA .611,1.15,.611,1.13,.663,1.11,.663,1.12,.637,1.13
DATA .646,1.14,.71,1.13,.693,1.143,.733,1.16,.768,1.16
REM +-------+
REM ! Asien !
REM +-------+
DATA .77,1.17,.76,1.17,.77,1.19,.75,1.19,.8,1.19,.82,1.2
DATA .785,1.17,.8,1.17,.94,1.19,1.05,1.19,1.02,1.24,1.19
DATA 1.19,1.22,1.27,1.27,1.27,1.27,1.18,1.22,1.15,1.26
DATA 1.15,1.3,1.17,1.29,1.27,1.83,1.35,1.95,1.33,1.96,1.31
DATA 1.83,1.27,2,1.28,2.14,1.27,2.16,1.29,2.25,1.27,2.28
DATA 1.24,2.44,1.26,2.44,1.27,2.62,1.26,2.66,1.25,2.76
DATA 1.24,2.79,1.22,2.91,1.21,2.97,1.2,2.98,1.22,3.05
DATA 1.21,3.23,1.18,3.28,1.17,3.32,1.16,3.27,1.12,3.14
DATA 1.15,3.18,1.14,3.1,1.13,3.14,1.09,2.97,1.05,2.88
DATA 1.05,2.836,1,2.83,.96,2.74,.9,2.72,.99,2.88
DATA 1.1,2.78,1.06,2.79,1.08,2.69,1.02,2.5,1.02,2.36,.96
DATA 2.48,.93,2.44,.84,2.4,.78,2.33,.75,2.3,.75,2.23
DATA .67,2.24,.65,2.24,.61,2.2,.59,2.22,.65,2.18,.66
REM +-------+
REM ! China !
REM +-------+
DATA 2.2,.69,2.16,.69,2.13,.67,2.13,.729,2.05,.66,2.07
DATA .654,2.14,.65,2.08,.61,2.13,.56,2.13,.49,2.04,.41
DATA 1.99,.4,1.94,.38,1.92,.36,1.91,.38,1.88,.375,1.85
DATA .35,1.85,.33,1.89,.28,1.91,.244,1.9,.2,1.8,.15,1.8
DATA .17,1.76,.22,1.76,.23,1.76,.23,1.75,.21,1.73,.16,1.75
DATA .166,1.76,.122,1.8,.09,1.8,.05,1.83,.02,1.8,.02,1.77
DATA .05,1.73,.148,1.71,.145,1.72,.2,1.7,.3,1.66,.275
DATA 1.65,.278,1.65,.314,1.6,.384,1.5,.375,1.4,.26,1.4
DATA .234,1.38,.183,1.35,.13,1.35,.14,1.27,.325,1.26,.39
REM +--------+
REM ! Indien !
REM +--------+
DATA 1.25,.375,1.24,.37,1.17,.436,1.07,.437,1,.45,1,.471
DATA .956,.462,.9,.488,.872,.525,.837,.524,.855,.48,.9
DATA .454,.906,.419,.94,.419,.986,.459,.986,.436,1.01,.415
DATA 1.04,.393,1,.323,.915,.276,.756,.222,.741,.298,.68
DATA .363,.61,.489,.6,.49,.567,.524,-1,0
REM +------------------+
REM ! Britische Inseln !
REM +------------------+
DATA 6.18,.93,6.17,.94,6.19,.95,6.18,.96,6.14,.96
DATA 6.14,.95,6.1,.95,6.11,.93,6.13,.93,6.1,.91,6.12,.9
DATA 6.17,.91,6.18,.93,-1,0
DATA 6.2,1.02,6.23,1.02,6.23,1.02,6.21,1,6.22,1,6.25,1
DATA 6.25,1,6.23,.97,6.24,.98,6.26,.97,6.26,.953,6.28
DATA .945,.007,.93,.023,.923,.03,.92,.03,.91,.01,.89,.026
DATA .895,.026,.898,.017,.887,6.26,.883,6.23,.885,6.22
DATA .877,6.2,.878,6.18,.874,6.21,.895,6.23,.895,6.24,.9
DATA 6.23,.897,6.2,.9,6.2,.91,6.21,.92,6.2,.93,6.23,.934
DATA 6.22,.957,6.2,.955,6.19,.96,6.2,.97,6.17,.983,6.17
DATA 1,6.2,1.02,-1,0
REM +-------------+
REM ! Nordamerika !
REM +-------------+
DATA 4.9,.16,4.84,.143,4.82,.192,4.83,.262
DATA 4.8,.28,4.74,.28,4.77,.375,4.7,.366,4.7,.33
DATA 4.65,.32,4.6,.33,4.58,.39,4.58,.485,4.66,.52
DATA 4.71,.524,4.8,.52,4.84,.497,4.838,.48,4.87,.439
DATA 4.88,.443,4.89,.462,4.86,.558,4.956,.61,4.974,.677
DATA 4.99,.7,5.03,.715,5,.694,5,.72,5.05,.724,5.04,.74
DATA 5.06,.766,5.148,.794,5.166,.787,5.13,.767,5.14,.776
DATA 5.236,.803,5.22,.82,5.192,.803,5.148,.82,5.166,.848
DATA 5.035,.824,5.11,.873,5.236,.881,5.3,.9163,5.3,.914
DATA 5.31,.946,5.236,.96,5.152,1.056,5.105,1.026
DATA 5.06,1.075,4.974,1.09,4.93,1.093,4.922,1.023
DATA 4.944,.9774,4.887,.959,4.8,.967,4.712,.995
DATA 4.625,1.029,4.712,1.12,4.887,1.108,4.712,1.18
DATA 4.45,1.186,4.276,1.178,4.014,1.221,3.839,1.221
DATA 3.839,1.2,3.665,1.232,3.578,1.24,3.49,1.234
DATA 3.4,1.186,3.49,1.152,3.44,1.15,3.421,1.166
DATA 3.351,1.143,3.482,1.134,3.386,1.09,3.42,1.05
DATA 3.46,1.047,3.464,1.02,3.56,1.012,3.49,.977
DATA 3.4,.96,3.49,.968,3.613,1.012,3.66,1.073,3.75,1.05
DATA 3.839,1.047,3.927,.991,4.06,.9163,4.1,.8465
DATA 4.119,.7854,4.11,.698,4.188,.6065,4.244,.572
DATA 4.293,.4887,4.276,.48,4.363,.4014,4.38,.417
DATA 4.281,.5236,4.278,.558,4.31,.549,4.442,.384
DATA 4.433,.349,4.482,.3229,4.595,.279,4.625,.2932
DATA 4.712,.2478,4.756,.23,4.8,.17,4.887,.13,4.9,.14,-1,0
REM +------------+
REM ! Neuseeland !
REM +------------+
DATA 3.01,5.576,2.9,5.476,2.95,5.469,2.98,5.496,3.04,5.55
DATA 3.01,5.576,-1,0
DATA 3.014,5.68,3.05,5.62,3.03,5.595,3.057,5.578,3.047,5.56
DATA 3.059,5.557,3.115,5.628,3.075,5.627,3.014,5.681,-1,0
REM +----------+
REM ! Gr”nland !
REM +----------+
DATA 5.93,1.39,5.93,1.29,5.89,1.22,5.585,1.134,5.524,1.05
DATA 5.41,1.09,5.344,1.17,5.236,1.326,5.06,1.326,5,1.361
DATA 5.76,1.5,5.93,1.39,-1,0
DATA 6,1.16,6.04,1.145,5.95,1.11,5.864,1.134,5.882,1.16
DATA 5.934,1.152,6,1.16,-1,0
DATA 5.15,1.08,4.94,1.133,5.03,1.178,4.71,1.26,4.76,1.288
DATA 5.2,1.173,5.15,1.08,-1,0
REM +------------+
REM ! Indonesien !
REM +------------+
DATA 1.66,.105,1.83,6.16,1.87,6.24,1.66,.105,-1,0
DATA 2.04,.13,1.885,0,2.04,6.21,2.06,0.035,2.04,.13,-1,0
DATA 2.62,6.11,2.548,6.196,2.3,6.26,2.32,6.21,2.47,6.135
DATA 2.531,6.152,2.62,6.11,-1,0
DATA 1.85,6.16,2,6.135,2.18,6.14,1.99,6.16,1.86,6.18
DATA 1.85,6.16,-1,0
REM +-------+
REM ! Japan !
REM +-------+
DATA 2.26,.576,2.286,.541,2.3,.576,2.28,.591,2.26,.576,-1,0
DATA 2.286,.593,2.365,.6,2.366,.585,2.457,.625,2.48,.698
DATA 2.45,.72,2.426,.66,2.374,.621,2.321,.62,2.286,.593
DATA -1,0,2.48,.794,2.55,.757,2.5,.733,2.47,.744,2.45,.738
DATA 2.464,.73,2.44,.724,2.44,.738,2.452,.757,2.467,.754
DATA 2.48,.794,-1,0,-9,0
