' 5.04 blitter
' =============================================================================
' BLITTER.LST
'
' Use this procedure to turn the blitter (on blitter equipped STs) on or off.
' Parameters:
'               on!             TRUE (-1) to turn blitter ON
'                               FALSE (0) to turn blitter OFF
'
' =============================================================================
'
PROCEDURE blitter(on!)
  ' *** Turns blitter on or off
  LOCAL status%
  status%=XBIOS(64,-1)
  IF BTST(status%,1)                    ! If a blitter is available
    IF on!
      status%=BSET(status%,0)           ! turn it on
    ELSE
      status%=BCLR(status%,0)           ! turn it off
    ENDIF
    ~XBIOS(64,status%)                  ! do it
  ENDIF
RETURN
