' 1.05 get_neo
' ===========================================================================
' GET_NEO.LST
'
' This procedure loads an ST low resolution color Neochrome format
' picture file (*.NEO) to a given screen address.
' Parameters:
'      pic$          path and filename of picture file to be loaded
'      scr%          address of screen memory to load picture to
' Note:  This procedure calls the routines get_palette and set_palette.
' ===========================================================================
'
PROCEDURE get_neo(pic$,scr%)
  ' *** Loads a 32K Neochrome picture file.
  CLS                                   ! Clear the screen
  BLOAD pic$,scr%-128                   ! Load the picture file
  get_palette(scr%-124)                 ! Read the NEO color palette
  set_palette                           ! Set ST's color palette to match
RETURN
'
