' 5.02 key_value
' ===========================================================================
' KEYVALUE.LST
'
' Use this routine as a programming aid to display keyboard values as
' individual keys are pressed.  NOTE: Special keys (shift, alt, etc)
' must be followed by a character key to display a value.
' ===========================================================================
'
PROCEDURE key_value
  ON MENU KEY GOSUB display_key_value
  REPEAT
    ON MENU
  UNTIL MOUSEK
RETURN
'
PROCEDURE display_key_value
  ON MENU
  PRINT "Key pressed        = ";CHR$(MENU(14) MOD 256),
  PRINT "Keyboard shift key = ";MENU(13),
  PRINT "ASCII code         = ";MENU(14) MOD 256,
  PRINT "Scan code          = ";MENU(14) DIV 256
  PRINT
RETURN
