' *******************************************
' * ROUTINE D'UTILISATION DU BLITTER EN GFA *
' *******************************************
' *         CODEE PAR THYREX / NLC          *
' *******************************************
' * SI VOUS UTILISEZ CETTE ROUTINE N'OUBLIEZ*
' * DE ME CITER . MERCI                     *
' *******************************************
' *             ROUTINE 4 PLAN              *
' *******************************************
'
reso%=XBIOS(4)
IF NOT (reso%=0)          ! test la resolution actuelle
  ~XBIOS(5,L:-1,L:-1,0)   ! si pas en basse....
ENDIF
'
' Merger ici une image au format DEGAS non compact‚e
'
INLINE img%,32034
~XBIOS(6,L:img%+2)
'
xb%=XBIOS(2)
'
super%=GEMDOS(32,L:0)
'
CARD{&H8A00}=&X1111111111111111 ! ram 1/2 teinte 0
CARD{&H8A02}=&X1111111111111111 !                1
CARD{&H8A04}=&X1111111111111111 !                2
CARD{&H8A06}=&X1111111111111111 !                3
CARD{&H8A08}=&X1111111111111111 !                4
CARD{&H8A0A}=&X1111111111111111 !                5
CARD{&H8A0C}=&X1111111111111111 !                6
CARD{&H8A0E}=&X1111111111111111 !                7
CARD{&H8A10}=&X1111111111111111 !                8
CARD{&H8A12}=&X1111111111111111 !                9
CARD{&H8A14}=&X1111111111111111 !               10
CARD{&H8A16}=&X1111111111111111 !               11
CARD{&H8A18}=&X1111111111111111 !               12
CARD{&H8A1A}=&X1111111111111111 !               13
CARD{&H8A1C}=&X1111111111111111 !               14
CARD{&H8A1E}=&X1111111111111111 !               15
'
DO
  '
  VSYNC
  '
  CARD{&HFFFF8A20}=2         ! inc x source
  CARD{&HFFFF8A22}=0         ! inc y source
  '
  LONG{&HFFFF8A24}=img%+34   ! poids fort adresse source
  '
  CARD{&HFFFF8A28}=&HFFFF    ! masque final 1
  CARD{&HFFFF8A2A}=&HFFFF    ! masque final 2
  CARD{&HFFFF8A2C}=&HFFFF    ! masque final 3
  '
  CARD{&HFFFF8A2E}=2         ! inc x dest.
  CARD{&HFFFF8A30}=0         ! inc y dest.
  '
  LONG{&HFFFF8A32}=xb%       ! poids fort adresse dest.
  '
  CARD{&HFFFF8A36}=81        ! largeur en mots longs
  CARD{&HFFFF8A38}=200        ! hauteur en pixels
  '
  CARD{&HFFFF8A3A}=&H203     ! comb. source/ram & operation logique
  '
  CARD{&HFFFF8A3C}=&HC000      ! c=blitter  8=partage
  '
  CARD{&HFFFF8240}=&H3       ! temps machine
  CARD{&HFFFF8240}=&H3
  CARD{&HFFFF8240}=&H3
  CARD{&HFFFF8240}=&H3
  CARD{&HFFFF8240}=&H3
  CARD{&HFFFF8240}=&H3
  CARD{&HFFFF8240}=&H3
  CARD{&HFFFF8240}=&H3
  CARD{&HFFFF8240}=&H3
  CARD{&HFFFF8240}=&H3
  CARD{&HFFFF8240}=&H0
  '
LOOP UNTIL PEEK(&HFFFC02)=57
'
~GEMDOS(32,L:super%)
~XBIOS(5,L:-1,L:-1,reso%)
EDIT
