' ***************************************
' * FULLSCREEN INTRO FOR THE TOXIC MAIL *
' *                                     *
' *    CODE by -------------> THYREX    *
' *    FULLSCREEN ROUT by --> JEDI      *
' *                                     *
' ***************************************
'
INLINE buffer%,32000
INLINE music%,5526
INLINE fnt%,3776
INLINE pal%,32
'
txt
init
conv_txt
demo
'
PROCEDURE init
  '
  FOR i%=0 TO 15
    SETCOLOR i%,0
  NEXT i%
  or%=XBIOS(2)
  '
  nbligne%=200
  '
  taille%=LEN(t$)*2
  memoire%=FRE()
  RESERVE FRE()-nbligne%*230-256-taille%
  txt%=MALLOC(taille%)
  adresse%=MALLOC(nbligne%*230+256)
  adr%=(adresse%+256) AND &HFFFFFF00
  o%=36
  j%=40
  HIDEM
  DIM r%(16)
  VSYNC
  OUT 4,18
  super%=GEMDOS(&H20,L:0)
  ~XBIOS(5,L:-1,L:adr%,0)
  VSYNC
  '
  xb%=adr%+142
  '
  VSYNC
  POKE &HFFFA09,0
  '
RETURN
PROCEDURE demo
  '
  x%=0
  y%=0
  '
  c=0
  '
  music_on(0)             ! start music with tune number 1
  '
  pt%=buffer%       ! ca c'est notre pointeur dans le buffer
  '
  FOR i%=adresse% TO adresse%+46252 STEP 4
    LONG{i%}=0
  NEXT i%
  '
  DO
    '
    t%=CARD{ADD(txt%,c)}
    t2%=CARD{ADD(txt%,c)+2}
    '
    xx%=x%+y%
    '
    CARD{xb%+xx%+4}=CARD{fnt%+t%} OR SHR(CARD{fnt%+t2%},8)
    CARD{xb%+xx%+234}=CARD{fnt%+t%+8} OR SHR(CARD{fnt%+t2%+8},8)
    CARD{xb%+xx%+464}=CARD{fnt%+t%+16} OR SHR(CARD{fnt%+t2%+16},8)
    CARD{xb%+xx%+694}=CARD{fnt%+t%+24} OR SHR(CARD{fnt%+t2%+24},8)
    CARD{xb%+xx%+924}=CARD{fnt%+t%+32} OR SHR(CARD{fnt%+t2%+32},8)
    CARD{xb%+xx%+1154}=CARD{fnt%+t%+40} OR SHR(CARD{fnt%+t2%+40},8)
    CARD{xb%+xx%+1384}=CARD{fnt%+t%+48} OR SHR(CARD{fnt%+t2%+48},8)
    CARD{xb%+xx%+1614}=CARD{fnt%+t%+56} OR SHR(CARD{fnt%+t2%+56},8)
    '
    ADD x%,8
    '
    IF x%>216
      x%=0
      ADD y%,2070
    ENDIF
    '
    ADD c,4
    IF c>=taille%
      c=0
    ENDIF
    '
  LOOP UNTIL y%>=45540
  '
  FOR i%=0 TO 30 STEP 2
    CARD{&HFFFF8240+i%}=CARD{pal%+i%}
  NEXT i%
  '
  CARD{&HFFFF8240}=&H0      ! on installe les couleurs
  CARD{&HFFFF8242}=&H333
  CARD{&HFFFF8244}=&H777
  CARD{&HFFFF8246}=&H777
  '
  '
  thx1%=ADD(xb%,CARD{pt%+0})    ! on prend l'offset de chaque etoile
  thx2%=ADD(xb%,CARD{pt%+4})
  thx3%=ADD(xb%,CARD{pt%+8})
  thx4%=ADD(xb%,CARD{pt%+12})
  thx5%=ADD(xb%,CARD{pt%+16})
  thx6%=ADD(xb%,CARD{pt%+20})
  thx7%=ADD(xb%,CARD{pt%+24})
  thx8%=ADD(xb%,CARD{pt%+28})
  thx9%=ADD(xb%,CARD{pt%+32})
  thx10%=ADD(xb%,CARD{pt%+36})
  thx11%=ADD(xb%,CARD{pt%+40})
  thx12%=ADD(xb%,CARD{pt%+44})
  thx13%=ADD(xb%,CARD{pt%+48})
  thx14%=ADD(xb%,CARD{pt%+52})
  thx15%=ADD(xb%,CARD{pt%+56})
  thx16%=ADD(xb%,CARD{pt%+60})
  thx17%=ADD(xb%,CARD{pt%+64})
  thx18%=ADD(xb%,CARD{pt%+68})
  thx19%=ADD(xb%,CARD{pt%+72})
  thx20%=ADD(xb%,CARD{pt%+76})
  thx21%=ADD(xb%,CARD{pt%+80})
  thx22%=ADD(xb%,CARD{pt%+84})
  thx23%=ADD(xb%,CARD{pt%+88})
  thx24%=ADD(xb%,CARD{pt%+92})
  thx25%=ADD(xb%,CARD{pt%+96})
  thx26%=ADD(xb%,CARD{pt%+100})
  thx27%=ADD(xb%,CARD{pt%+104})
  thx28%=ADD(xb%,CARD{pt%+108})
  thx29%=ADD(xb%,CARD{pt%+112})
  thx30%=ADD(xb%,CARD{pt%+116})
  thx31%=ADD(xb%,CARD{pt%+120})
  thx32%=ADD(xb%,CARD{pt%+124})
  thx33%=ADD(xb%,CARD{pt%+128})
  thx34%=ADD(xb%,CARD{pt%+132})
  thx35%=ADD(xb%,CARD{pt%+136})
  thx36%=ADD(xb%,CARD{pt%+140})
  thx37%=ADD(xb%,CARD{pt%+144})
  thx38%=ADD(xb%,CARD{pt%+148})
  thx39%=ADD(xb%,CARD{pt%+152})
  thx40%=ADD(xb%,CARD{pt%+156})
  thx41%=ADD(xb%,CARD{pt%+160})
  thx42%=ADD(xb%,CARD{pt%+164})
  thx43%=ADD(xb%,CARD{pt%+168})
  thx44%=ADD(xb%,CARD{pt%+172})
  thx45%=ADD(xb%,CARD{pt%+176})
  thx46%=ADD(xb%,CARD{pt%+180})
  thx47%=ADD(xb%,CARD{pt%+184})
  thx48%=ADD(xb%,CARD{pt%+188})
  thx49%=ADD(xb%,CARD{pt%+192})
  thx50%=ADD(xb%,CARD{pt%+196})
  thx51%=ADD(xb%,CARD{pt%+200})
  thx52%=ADD(xb%,CARD{pt%+204})
  thx53%=ADD(xb%,CARD{pt%+208})
  thx54%=ADD(xb%,CARD{pt%+212})
  thx55%=ADD(xb%,CARD{pt%+216})
  thx56%=ADD(xb%,CARD{pt%+220})
  thx57%=ADD(xb%,CARD{pt%+224})
  thx58%=ADD(xb%,CARD{pt%+228})
  thx59%=ADD(xb%,CARD{pt%+232})
  thx60%=ADD(xb%,CARD{pt%+236})
  thx61%=ADD(xb%,CARD{pt%+240})
  thx62%=ADD(xb%,CARD{pt%+244})
  thx63%=ADD(xb%,CARD{pt%+248})
  thx64%=ADD(xb%,CARD{pt%+252})
  thx65%=ADD(xb%,CARD{pt%+256})
  thx66%=ADD(xb%,CARD{pt%+260})
  thx67%=ADD(xb%,CARD{pt%+264})
  thx68%=ADD(xb%,CARD{pt%+268})
  thx69%=ADD(xb%,CARD{pt%+272})
  thx70%=ADD(xb%,CARD{pt%+276})
  thx71%=ADD(xb%,CARD{pt%+280})
  thx72%=ADD(xb%,CARD{pt%+284})
  thx73%=ADD(xb%,CARD{pt%+288})
  thx74%=ADD(xb%,CARD{pt%+292})
  thx75%=ADD(xb%,CARD{pt%+296})
  thx76%=ADD(xb%,CARD{pt%+300})
  thx77%=ADD(xb%,CARD{pt%+304})
  thx78%=ADD(xb%,CARD{pt%+308})
  thx79%=ADD(xb%,CARD{pt%+312})
  thx80%=ADD(xb%,CARD{pt%+316})
  '
  DO
    '
    VSYNC
    '
    IF PEEK(&HFFFC02)=56
      CARD{&HFFFF8240}=&H5
    ENDIF
    '
    ' ******* merger l'effacage ici ******
    '
    CARD{thx1%}=0
    CARD{thx2%}=0
    CARD{thx3%}=0
    CARD{thx4%}=0
    CARD{thx5%}=0
    CARD{thx6%}=0
    CARD{thx7%}=0
    CARD{thx8%}=0
    CARD{thx9%}=0
    CARD{thx10%}=0
    CARD{thx11%}=0
    CARD{thx12%}=0
    CARD{thx13%}=0
    CARD{thx14%}=0
    CARD{thx15%}=0
    CARD{thx16%}=0
    CARD{thx17%}=0
    CARD{thx18%}=0
    CARD{thx19%}=0
    CARD{thx20%}=0
    CARD{thx21%}=0
    CARD{thx22%}=0
    CARD{thx23%}=0
    CARD{thx24%}=0
    CARD{thx25%}=0
    CARD{thx26%}=0
    CARD{thx27%}=0
    CARD{thx28%}=0
    CARD{thx29%}=0
    CARD{thx30%}=0
    CARD{thx31%}=0
    CARD{thx32%}=0
    CARD{thx33%}=0
    CARD{thx34%}=0
    CARD{thx35%}=0
    CARD{thx36%}=0
    CARD{thx37%}=0
    CARD{thx38%}=0
    CARD{thx39%}=0
    CARD{thx40%}=0
    CARD{thx41%}=0
    CARD{thx42%}=0
    CARD{thx43%}=0
    CARD{thx44%}=0
    CARD{thx45%}=0
    CARD{thx46%}=0
    CARD{thx47%}=0
    CARD{thx48%}=0
    CARD{thx49%}=0
    CARD{thx50%}=0
    CARD{thx51%}=0
    CARD{thx52%}=0
    CARD{thx53%}=0
    CARD{thx54%}=0
    CARD{thx55%}=0
    CARD{thx56%}=0
    CARD{thx57%}=0
    CARD{thx58%}=0
    CARD{thx59%}=0
    CARD{thx60%}=0
    CARD{thx61%}=0
    CARD{thx62%}=0
    CARD{thx63%}=0
    CARD{thx64%}=0
    CARD{thx65%}=0
    CARD{thx66%}=0
    CARD{thx67%}=0
    CARD{thx68%}=0
    CARD{thx69%}=0
    CARD{thx70%}=0
    CARD{thx71%}=0
    CARD{thx72%}=0
    CARD{thx73%}=0
    CARD{thx74%}=0
    CARD{thx75%}=0
    CARD{thx76%}=0
    CARD{thx77%}=0
    CARD{thx78%}=0
    CARD{thx79%}=0
    CARD{thx80%}=0
    '
    ' ******* merger l'affichage  ***************
    '
    thx1%=ADD(xb%,CARD{pt%+0})    ! on prend l'offset de chaque etoile
    thx2%=ADD(xb%,CARD{pt%+4})
    thx3%=ADD(xb%,CARD{pt%+8})
    thx4%=ADD(xb%,CARD{pt%+12})
    thx5%=ADD(xb%,CARD{pt%+16})
    thx6%=ADD(xb%,CARD{pt%+20})
    thx7%=ADD(xb%,CARD{pt%+24})
    thx8%=ADD(xb%,CARD{pt%+28})
    thx9%=ADD(xb%,CARD{pt%+32})
    thx10%=ADD(xb%,CARD{pt%+36})
    thx11%=ADD(xb%,CARD{pt%+40})
    thx12%=ADD(xb%,CARD{pt%+44})
    thx13%=ADD(xb%,CARD{pt%+48})
    thx14%=ADD(xb%,CARD{pt%+52})
    thx15%=ADD(xb%,CARD{pt%+56})
    thx16%=ADD(xb%,CARD{pt%+60})
    thx17%=ADD(xb%,CARD{pt%+64})
    thx18%=ADD(xb%,CARD{pt%+68})
    thx19%=ADD(xb%,CARD{pt%+72})
    thx20%=ADD(xb%,CARD{pt%+76})
    thx21%=ADD(xb%,CARD{pt%+80})
    thx22%=ADD(xb%,CARD{pt%+84})
    thx23%=ADD(xb%,CARD{pt%+88})
    thx24%=ADD(xb%,CARD{pt%+92})
    thx25%=ADD(xb%,CARD{pt%+96})
    thx26%=ADD(xb%,CARD{pt%+100})
    thx27%=ADD(xb%,CARD{pt%+104})
    thx28%=ADD(xb%,CARD{pt%+108})
    thx29%=ADD(xb%,CARD{pt%+112})
    thx30%=ADD(xb%,CARD{pt%+116})
    thx31%=ADD(xb%,CARD{pt%+120})
    thx32%=ADD(xb%,CARD{pt%+124})
    thx33%=ADD(xb%,CARD{pt%+128})
    thx34%=ADD(xb%,CARD{pt%+132})
    thx35%=ADD(xb%,CARD{pt%+136})
    thx36%=ADD(xb%,CARD{pt%+140})
    thx37%=ADD(xb%,CARD{pt%+144})
    thx38%=ADD(xb%,CARD{pt%+148})
    thx39%=ADD(xb%,CARD{pt%+152})
    thx40%=ADD(xb%,CARD{pt%+156})
    thx41%=ADD(xb%,CARD{pt%+160})
    thx42%=ADD(xb%,CARD{pt%+164})
    thx43%=ADD(xb%,CARD{pt%+168})
    thx44%=ADD(xb%,CARD{pt%+172})
    thx45%=ADD(xb%,CARD{pt%+176})
    thx46%=ADD(xb%,CARD{pt%+180})
    thx47%=ADD(xb%,CARD{pt%+184})
    thx48%=ADD(xb%,CARD{pt%+188})
    thx49%=ADD(xb%,CARD{pt%+192})
    thx50%=ADD(xb%,CARD{pt%+196})
    thx51%=ADD(xb%,CARD{pt%+200})
    thx52%=ADD(xb%,CARD{pt%+204})
    thx53%=ADD(xb%,CARD{pt%+208})
    thx54%=ADD(xb%,CARD{pt%+212})
    thx55%=ADD(xb%,CARD{pt%+216})
    thx56%=ADD(xb%,CARD{pt%+220})
    thx57%=ADD(xb%,CARD{pt%+224})
    thx58%=ADD(xb%,CARD{pt%+228})
    thx59%=ADD(xb%,CARD{pt%+232})
    thx60%=ADD(xb%,CARD{pt%+236})
    thx61%=ADD(xb%,CARD{pt%+240})
    thx62%=ADD(xb%,CARD{pt%+244})
    thx63%=ADD(xb%,CARD{pt%+248})
    thx64%=ADD(xb%,CARD{pt%+252})
    thx65%=ADD(xb%,CARD{pt%+256})
    thx66%=ADD(xb%,CARD{pt%+260})
    thx67%=ADD(xb%,CARD{pt%+264})
    thx68%=ADD(xb%,CARD{pt%+268})
    thx69%=ADD(xb%,CARD{pt%+272})
    thx70%=ADD(xb%,CARD{pt%+276})
    thx71%=ADD(xb%,CARD{pt%+280})
    thx72%=ADD(xb%,CARD{pt%+284})
    thx73%=ADD(xb%,CARD{pt%+288})
    thx74%=ADD(xb%,CARD{pt%+292})
    thx75%=ADD(xb%,CARD{pt%+296})
    thx76%=ADD(xb%,CARD{pt%+300})
    thx77%=ADD(xb%,CARD{pt%+304})
    thx78%=ADD(xb%,CARD{pt%+308})
    thx79%=ADD(xb%,CARD{pt%+312})
    thx80%=ADD(xb%,CARD{pt%+316})
    '
    CARD{thx1%}=CARD{thx1%} OR CARD{pt%+2}  ! et la on affiche le decalage
    CARD{thx2%}=CARD{thx2%} OR CARD{pt%+6}
    CARD{thx3%}=CARD{thx3%} OR CARD{pt%+10}
    CARD{thx4%}=CARD{thx4%} OR CARD{pt%+14}
    CARD{thx5%}=CARD{thx5%} OR CARD{pt%+18}
    CARD{thx6%}=CARD{thx6%} OR CARD{pt%+22}
    CARD{thx7%}=CARD{thx7%} OR CARD{pt%+26}
    CARD{thx8%}=CARD{thx8%} OR CARD{pt%+30}
    CARD{thx9%}=CARD{thx9%} OR CARD{pt%+34}
    CARD{thx10%}=CARD{thx10%} OR CARD{pt%+38}
    CARD{thx11%}=CARD{thx11%} OR CARD{pt%+42}
    CARD{thx12%}=CARD{thx12%} OR CARD{pt%+46}
    CARD{thx13%}=CARD{thx13%} OR CARD{pt%+50}
    CARD{thx14%}=CARD{thx14%} OR CARD{pt%+54}
    CARD{thx15%}=CARD{thx15%} OR CARD{pt%+58}
    CARD{thx16%}=CARD{thx16%} OR CARD{pt%+62}
    CARD{thx17%}=CARD{thx17%} OR CARD{pt%+66}
    CARD{thx18%}=CARD{thx18%} OR CARD{pt%+70}
    CARD{thx19%}=CARD{thx19%} OR CARD{pt%+74}
    CARD{thx20%}=CARD{thx20%} OR CARD{pt%+78}
    CARD{thx21%}=CARD{thx21%} OR CARD{pt%+82}
    CARD{thx22%}=CARD{thx22%} OR CARD{pt%+86}
    CARD{thx23%}=CARD{thx23%} OR CARD{pt%+90}
    CARD{thx24%}=CARD{thx24%} OR CARD{pt%+94}
    CARD{thx25%}=CARD{thx25%} OR CARD{pt%+98}
    CARD{thx26%}=CARD{thx26%} OR CARD{pt%+102}
    CARD{thx27%}=CARD{thx27%} OR CARD{pt%+106}
    CARD{thx28%}=CARD{thx28%} OR CARD{pt%+110}
    CARD{thx29%}=CARD{thx29%} OR CARD{pt%+114}
    CARD{thx30%}=CARD{thx30%} OR CARD{pt%+118}
    CARD{thx31%}=CARD{thx31%} OR CARD{pt%+122}
    CARD{thx32%}=CARD{thx32%} OR CARD{pt%+126}
    CARD{thx33%}=CARD{thx33%} OR CARD{pt%+130}
    CARD{thx34%}=CARD{thx34%} OR CARD{pt%+134}
    CARD{thx35%}=CARD{thx35%} OR CARD{pt%+138}
    CARD{thx36%}=CARD{thx36%} OR CARD{pt%+142}
    CARD{thx37%}=CARD{thx37%} OR CARD{pt%+146}
    CARD{thx38%}=CARD{thx38%} OR CARD{pt%+150}
    CARD{thx39%}=CARD{thx39%} OR CARD{pt%+154}
    CARD{thx40%}=CARD{thx40%} OR CARD{pt%+158}
    CARD{thx41%}=CARD{thx41%} OR CARD{pt%+162}
    CARD{thx42%}=CARD{thx42%} OR CARD{pt%+166}
    CARD{thx43%}=CARD{thx43%} OR CARD{pt%+170}
    CARD{thx44%}=CARD{thx44%} OR CARD{pt%+174}
    CARD{thx45%}=CARD{thx45%} OR CARD{pt%+178}
    CARD{thx46%}=CARD{thx46%} OR CARD{pt%+182}
    CARD{thx47%}=CARD{thx47%} OR CARD{pt%+186}
    CARD{thx48%}=CARD{thx48%} OR CARD{pt%+190}
    CARD{thx49%}=CARD{thx49%} OR CARD{pt%+194}
    CARD{thx50%}=CARD{thx50%} OR CARD{pt%+198}
    CARD{thx51%}=CARD{thx51%} OR CARD{pt%+202}
    CARD{thx52%}=CARD{thx52%} OR CARD{pt%+206}
    CARD{thx53%}=CARD{thx53%} OR CARD{pt%+210}
    CARD{thx54%}=CARD{thx54%} OR CARD{pt%+214}
    CARD{thx55%}=CARD{thx55%} OR CARD{pt%+218}
    CARD{thx56%}=CARD{thx56%} OR CARD{pt%+222}
    CARD{thx57%}=CARD{thx57%} OR CARD{pt%+226}
    CARD{thx58%}=CARD{thx58%} OR CARD{pt%+230}
    CARD{thx59%}=CARD{thx59%} OR CARD{pt%+234}
    CARD{thx60%}=CARD{thx60%} OR CARD{pt%+238}
    CARD{thx61%}=CARD{thx61%} OR CARD{pt%+242}
    CARD{thx62%}=CARD{thx62%} OR CARD{pt%+246}
    CARD{thx63%}=CARD{thx63%} OR CARD{pt%+250}
    CARD{thx64%}=CARD{thx64%} OR CARD{pt%+254}
    CARD{thx65%}=CARD{thx65%} OR CARD{pt%+258}
    CARD{thx66%}=CARD{thx66%} OR CARD{pt%+262}
    CARD{thx67%}=CARD{thx67%} OR CARD{pt%+266}
    CARD{thx68%}=CARD{thx68%} OR CARD{pt%+270}
    CARD{thx69%}=CARD{thx69%} OR CARD{pt%+274}
    CARD{thx70%}=CARD{thx70%} OR CARD{pt%+278}
    CARD{thx71%}=CARD{thx71%} OR CARD{pt%+282}
    CARD{thx72%}=CARD{thx72%} OR CARD{pt%+286}
    CARD{thx73%}=CARD{thx73%} OR CARD{pt%+290}
    CARD{thx74%}=CARD{thx74%} OR CARD{pt%+294}
    CARD{thx75%}=CARD{thx75%} OR CARD{pt%+298}
    CARD{thx76%}=CARD{thx76%} OR CARD{pt%+302}
    CARD{thx77%}=CARD{thx77%} OR CARD{pt%+306}
    CARD{thx78%}=CARD{thx78%} OR CARD{pt%+310}
    CARD{thx79%}=CARD{thx79%} OR CARD{pt%+314}
    CARD{thx80%}=CARD{thx80%} OR CARD{pt%+318}
    '
    ADD pt%,320              ! on passe a la position suivante
    IF pt%>=buffer%+32000
      pt%=buffer%           ! ca c'est pour le bouclage
    ENDIF
    '
    CARD{&HFFFF8240}=&H426
    '
    CLR v%
    CLR w%
    REPEAT                      ! routine de STAB.
      b|=BYTE{&HFFFF8209}
    UNTIL b|
    VOID SHL(13,-b|)
    ~0                      ! On attend la fin ...
    ~0
    ~0
    ~0
    ~0
    BYTE{&H410}=0
    BYTE{&H410}=0
    BYTE{&H410}=0
    BYTE{&H410}=0
    BYTE{&H410}=0
    BYTE{&H410}=0
    BYTE{&H410}=0
    BYTE{&H410}=0
    BYTE{&H410}=0
    BYTE{&H410}=0
    BYTE{&H410}=0
    BYTE{&H410}=0
    BYTE{&H410}=0
    BYTE{&HFFFF8240}=0
    '
    REPEAT
      INC v%
      ~0
      ~0
      ~0
      ~0
      BYTE{&H410}=0
      BYTE{&H410}=0
      BYTE{&H410}=0
      BYTE{&H410}=0
      BYTE{&H410}=0
      BYTE{&H410}=0
      BYTE{&H410}=0
      BYTE{&H410}=0
      BYTE{&H410}=0
      BYTE{&H410}=0
      BYTE{&H410}=0
      BYTE{&H410}=0
      BYTE{&H410}=0
      '
      BYTE{&HFFFF820A}=0
      BYTE{&HFFFF820A}=2
      '
      BYTE{&H410}=0
      '
      BYTE{&HFFFF8260}=1          ! ...
      BYTE{&HFFFF8260}=0
      '
      BYTE{&H410}=0
      '
      ~0
      ~0
      '
      BYTE{&HFFFF8260}=2          ! ...
      BYTE{&HFFFF8260}=0
      ~0
      ~0
      ~0
      '
      ' ***************************
      '
      INC w%
      ~0
      ~0
      ~0
      BYTE{&H410}=0
      ~0
      ~0
      ~0
      ~0
      BYTE{&H410}=0
      BYTE{&H410}=0
      BYTE{&H410}=0
      BYTE{&H410}=0
      BYTE{&H410}=0
      BYTE{&H410}=0
      BYTE{&H410}=0
      BYTE{&H410}=0
      BYTE{&H410}=0
      BYTE{&H410}=0
      BYTE{&H410}=0
      BYTE{&H410}=0
      BYTE{&H410}=0
      '
      BYTE{&HFFFF820A}=0
      BYTE{&HFFFF820A}=2
      '
      BYTE{&H410}=0
      '
      BYTE{&HFFFF8260}=1          ! ...
      BYTE{&HFFFF8260}=0
      '
      BYTE{&H410}=0
      '
      ~0
      ~0
      '
      BYTE{&HFFFF8260}=2          ! ...
      BYTE{&HFFFF8260}=0
      ~0
      ~0
      ~0
      '
    UNTIL v%=98
    '
    BYTE{&H410}=0
    BYTE{&H410}=0
    BYTE{&H410}=0
    BYTE{&H410}=0
    BYTE{&H410}=0
    BYTE{&H410}=0
    BYTE{&H410}=0
    BYTE{&H410}=0
    BYTE{&H410}=0
    BYTE{&H410}=0
    BYTE{&H410}=0
    BYTE{&H410}=0
    BYTE{&H410}=0
    BYTE{&H410}=0
    BYTE{&H410}=0
    BYTE{&H410}=0
    BYTE{&H410}=0
    BYTE{&H410}=0
    BYTE{&H410}=0
    BYTE{&H410}=0
    CARD{&HFFFF8240}=&H426
    '
  LOOP UNTIL BYTE{&HFFFFFC02}=&HB9
  bye_bye
  '
RETURN
> PROCEDURE bye_bye
  ~XBIOS(5,L:LONG{&H44E},L:LONG{&H44E},0)
  VSYNC
  BYTE{&HFFFF820A}=0
  VSYNC
  BYTE{&HFFFF820A}=2
  VSYNC
  POKE &HFFFA09,100
  music_off               ! switch off music
  '
  ~GEMDOS(&H20,L:super%)
  ~MFREE(adresse%)
  ~MFREE(txt%)
  ~FRE(0)
  RESERVE memoire%
  ~XBIOS(5,L:or%,L:or%,0)
  VSYNC
  SETCOLOR 0,-1
  SETCOLOR 15,0
  OUT 4,8
  EDIT
RETURN
> PROCEDURE music_on(x|)
  VSYNC
  LONG{&H4D2}=music%+2
RETURN
> PROCEDURE music_off
  VSYNC
  LONG{&H4D2}=0
  SOUND
  WAVE 0,0
RETURN
> PROCEDURE conv_txt
  FOR i%=0 TO LEN(t$)
    pointeur$=MID$(t$,i%,1)
    t%=ASC(pointeur$)
    t%=t%-32
    t%=MUL(t%,64)
    '
    CARD{txt%+i%*2}=t%
  NEXT i%
RETURN
> PROCEDURE txt
  t$=""
  t$=t$+"--------------------------------------------------------"
  t$=t$+"    THIS IS A PREVIEW OF A NLC GFA MEGADEMO             "
  t$=t$+"--------------------------------------------------------"
  t$=t$+"     ALL CODE 100 PER 100 IN GFA BASIC 3.5              "
  t$=t$+"--------------------------------------------------------"
  t$=t$+"                                                        "
  t$=t$+"IF YOU WANT TO CODE A SCREEN FOR THIS MEGADEMO          "
  t$=t$+"                                                        "
  t$=t$+"                 WRITE TO:                              "
  t$=t$+"                                                        "
  t$=t$+"               THYREX OF NLC                            "
  t$=t$+"                                                        "
  t$=t$+"               4 RUE RENOIR                             "
  t$=t$+"              59150 WATTRELOS                           "
  t$=t$+"                  FRANCE                                "
  t$=t$+"                                                        "
  t$=t$+"--------------------------------------------------------"
  t$=t$+"            MEMBERS OF NLC ARE:                         "
  t$=t$+"CTS - SWAMP - DIGIT - V16 - NO-DACHI - KORYN            "
  t$=t$+" BBFUCK -  KHZ - ST SURVIVOR - THYREX                   "
  t$=t$+"WELCOME TO THE NEW MEMBERS: OMEGA AND SIGMA             "
  t$=t$+"--------------------------------------------------------"
  '
RETURN
