' The Big Night Out - GFA Tutorial Part I
'
'
Rez%=Xbios(4)                  ! Find resolution
'                                0 - Low 1 - Med 2 - High
Low=0
Med=1
Mono=2
'
If Rez%=Mono Then
  Fileselect "a:\*.pi3","",Fil$
Endif
If Rez%=Low Then
  Fileselect "a:\*.pi1","",Fil$
Endif
If Rez%=Med Then
  Fileselect "a:\*.pi2","",Fil$
Endif
'
' Loading actual piccy
'
Bload Fil$,Xbios(3)-34           ! Loads in at address - 34 for degas pics
Void Xbios(6,L:Xbios(3)-32)      ! Corrects palette for Degas pics
'
Void Inp(2)                      ! Await a keypress
'
End
