@Credits
Procedure Credits
  Pause 5
  Cls
  Print At(5,11);"Sorry but there wont be any"
  Print At(5,12);"credits in this demo !!!!!"
  Pause 80
  Cls
  Print " JUST KIDDING MAN ."
  Pause 60
  Cls
  Print " C"
  Print "  R"
  Print "   E"
  Print "    D"
  Print "     I"
  Print "      T"
  Print "       S"
  Print " "
  Print "        G"
  Print "         O"
  Print "          E"
  Print "           S"
  Print " "
  Print "            T"
  Print "             O"
  Print "              ;"
  Pause 100
  Cls
  Print At(1,5);"THE SINNER OF SVEDJAN"
  Print At(5,20);"FOR;CODE , GRAFIX AND IDEAS"
  Pause 100
  Cls
  Print At(12,12);"END OF CREDITS "
  Void Inp(2)
Return
