@scrolls
PROCEDURE scrolls
  text$=SPACE$(40)+"YES ŽNTLIGEN ŽR THE SINNER HŽR"
  text$=text$+" MED ETT EGENHŽNDIGT PROGRAMERAT DEMO "
  text$=text$+"!!! DET ŽR SKRIVET HELT I GFA BASIC!! "
  text$=text$+"  DETTA DEMO SAKNAR I OCH F™R SIG MUSIK"
  text$=text$+" OCH HAR KNAPPT NGON GRAFIK, MEN DET ŽR"
  text$=text$+" JU SOM SAGT VAR MITT F™RSTA DEMO S NI FR "
  text$=text$+"ST UT MED DET !! VAD VAR NU MENINGEN MED "
  text$=text$+"DETTA DEMO ? JA DU DET VET JAG INT ENS SJŽLV!! "
  text$=text$+" NU EN ROLIG HISTORIA F™R EN TRKIG SCROLLTEXT"
  text$=text$+": EN DUKTIG ELEV TILL EN MINDRE DUKTIG; -OM DET "
  text$=text$+"R™R SIG ŽR DET BIOLOGI , OM DET SMŽLLER ŽR DET KEMI"
  text$=text$+" OCH OM DET INTE FUNKAR ŽR DET FYSIK !!!! HA HA HA HA HA "
  text$=text$+"DET VAR NOG ALLT JAG HADE ATT SŽGA "
  text$=text$+" S LET'S GO WRAPPING "
  text$=text$+SPACE$(40)
  a%=&H12
  adr%=VARPTR(a%)
  POKE adr%,&H12
  VOID XBIOS(25,1,L:adr%)
  REPEAT
    INC i%
    IF i%>LEN(text$)-39
      i%=1
    ENDIF
    PRINT AT(1,1);MID$(text$,i%,39)
    GET 0,0,319,8,scroll$
    FOR j%=1 TO 7
      PUT 0-j%,0,scroll$
    NEXT j%
  UNTIL LEN(INKEY$)
  POKE adr%,&H8
  VOID XBIOS(25,1,L:adr%)
RETURN
