Procedure Greetings
  Do
    Read A$,Rad%
    Exit If A$="+"
    A$=A$+Space$(79-Len(A$))
    For I%=1 To Len(A$)
      Print At(40-I%,Rad%);Left$(A$,I%)
    Next I%
  Loop
  Void Inp(2)
  End
  Data YES HERE IS THE GREETINGSSCREEN,1
  Data GREETINGS GOES TO :,3
  Data " THE RESPECTABLES, LOST BOYS",5
  Data " ULM, TCB , SEWER SOFTWARE",7
  Data "THE UNION (IF YOU STILL EXIST)",9
  Data "TSCC, HOLOCAUST, SYNERGY",11
  Data "U.D.S, OBSESSION IS A GREAT GAME ",13
  Data "UNIT#17, THE CONCEPTORS, DHS",15
  Data "EMPA,NOON,SHAMEN(DEMONYTT WAS GREAT)",17
  Data AND ALL OTHER THAT I HAVE FORGOTTEN,19
  Data +,0
Return
