PROCEDURE info
  DO
    READ a$,rad%
    EXIT IF a$="+"
    a$=a$+SPACE$(79-LEN(a$))
    FOR i%=1 TO LEN(a$)
      PRINT AT(80-i%,rad%);LEFT$(a$,i%)
    NEXT i%
  LOOP
  VOID INP(2)
  END
  DATA HEJ OCH VéLKOMNA TILL URBAN BERGGRENS,3
  DATA SLUMPTALSSPEL !!!!!,5
  DATA DET éR ETT VéLDIGT SIMPELT SPEL ,7
  DATA SOM I GRUNDEN éR SKRIVET AV LARS JOHANSSON,9
  DATA TACK LARS !!!!!!,10
  DATA REGLER!!!!!!!!!!!!!!!!!!!!!,12
  DATA DU SKA GISSA ETT TAL MELLAN 1 OCH 1000!,14
  DATA DU HAR ENDAST 12 GISSNINGAR Pè DIG,16
  DATA DATORN GER DIG"LEDTRèDAR",18
  DATA DET VAR NOG ALLA REGLER ! ,20
  DATA tryck valfri tangent fîr menyn!,22
  DATA +,0
RETURN
