Procedure Scroll
  Text$=Space$(40)+""
  Text$=Text$+""
  Text$=Text$+""
  Text$=Text$+""
  Text$=Text$+""
  Text$=Text$+""
  Text$=Text$+""
  Text$=Text$+""
  Text$=Text$+""
  Text$=Text$+""
  Text$=Text$+""
  Text$=Text$+""
  Text$=Text$+""
  Text$=Text$+""
  Text$=Text$+Space$(40)
  A%=&H12
  Adr%=Varptr(A%)
  Poke Adr%,&H12
  Void Xbios(25,1,L:Adr%)
  Repeat
    Inc I%
    If I%>Len(Text$)-39
      I%=1
    Endif
    Print At(1,1);Mid$(Text$,I%,39)
    Get 0,0,319,8,Scroll$
    For J%=1 To 7
      Put 0-J%,0,Scroll$
    Next J%
  Until Len(Inkey$)
  Poke Adr%,&H8
  Void Xbios(25,1,L:Adr%)
Return
Procedure End
  Cls
  Print " *******  *   *  *****"
  Print "    *     *   *  *"
  Print "    *     *****  ****"
  Print "    *     *   *  *     "
  Print "    *     *   *  *****     "
  Print "========================"
  Print " *****  *    *   **** "
  Print " *      **   *   *   * "
  Print " ****   * *  *   *   * "
  Print " *      *  * *   *   * "
  Print " *****  *    *   **** "
  Pause 1
Return
