' *******************************
' *  POLICE DE CARACTERES 1     *
' *******************************
' *  (C) 1992 Patrick Leclercq  *
' *  (C) 1992 Artipresse        *
' *******************************
DATA "FONT1.CAR"
' --------
DATA " ",8,11
DATA &00FF,&00FF,&00FF,&00FF,&00FF,&00FF,&00FF,&00FF
DATA &00FF,&00FF,&00FF
' --------
DATA "A",14,11
DATA &3F7F,&3F1F,&3F07,&3E0F,&3E17,&3C17,&3C37,&3803
DATA &387B,&30F9,&2060
' --------
DATA "B",12,11
DATA &0E00,&0C21,&0861,&0C21,&0E01,&0C21,&0861,&0861
DATA &0861,&0C21,&0E00
' --------
DATA "C",11,11
DATA &058F,&0443,&04E1,&05F0,&05F0,&07F0,&07F0,&07F0
DATA &05E1,&06C3,&070F
' --------
DATA "D",12,11
DATA &0F00,&0C21,&0861,&0861,&0861,&0861,&0861,&0861
DATA &0861,&0C21,&0F00
' --------
DATA "E",12,11
DATA &0800,&09E1,&0BE1,&0AE1,&0E61,&0E01,&0E61,&0AE1
DATA &0BE1,&09E1,&0800
' --------
DATA "F",12,11
DATA &0800,&09E1,&0BE1,&0AE1,&0E61,&0E01,&0E61,&0EE1
DATA &0FE1,&0FE1,&0FC0
' --------
DATA "G",13,11
DATA &1D8F,&1C63,&1CF1,&1DF0,&1DF0,&1FF0,&1030,&1870
DATA &1870,&1861,&1B07
' --------
DATA "H",13,11
DATA &1000,&1861,&1861,&1861,&1861,&1801,&1861,&1861
DATA &1861,&1861,&1000
' --------
DATA "I",8,11
DATA &0081,&00C3,&00C3,&00C3,&00C3,&00C3,&00C3,&00C3
DATA &00C3,&00C3,&0081
' --------
DATA "J",11,11
DATA &040F,&061F,&061F,&061F,&061F,&0619,&0610,&0610
DATA &0610,&061C,&0781
' --------
DATA "K",13,11
DATA &1040,&18E1,&1CE1,&1E61,&1FA1,&1C01,&1C21,&1861
DATA &1861,&1861,&1000
' --------
DATA "L",10,11
DATA &03C0,&03E1,&03E1,&03E1,&03E1,&03E1,&03E1,&02E1
DATA &02E1,&0261,&0200
' --------
DATA "M",15,11
DATA &41C0,&61C1,&6083,&6103,&6103,&600B,&610B,&619B
DATA &61DB,&61F1,&40E0
' --------
DATA "N",13,12
DATA &0080,&11C1,&1B83,&1B03,&1B0B,&1A0B,&181B,&183B
DATA &107B,&0071,&10E0,&1CFF
' --------
DATA "O",12,11
DATA &0F07,&0C21,&0870,&0870,&0870,&0870,&0870,&0870
DATA &0870,&0C21,&0F07
' --------
DATA "P",12,11
DATA &0E00,&0C21,&0861,&0861,&0C21,&0E01,&0FE1,&0FE1
DATA &0FE1,&0FE1,&0FC0
' --------
DATA "Q",12,14
DATA &0F07,&0C21,&0870,&0870,&0870,&0870,&0870,&0870
DATA &0870,&0C21,&0F07,&0B2F,&0847,&0CEF
' --------
DATA "R",12,11
DATA &0E00,&0861,&0861,&0861,&0861,&0E01,&0C21,&0C21
DATA &0861,&0861,&00C0
' --------
DATA "S",10,11
DATA &02C3,&0231,&0260,&02C0,&0381,&0303,&0207,&021E
DATA &023C,&0338,&0382
' --------
DATA "T",11,11
DATA &0400,&0484,&0586,&0787,&0787,&0787,&0787,&0787
DATA &0787,&0787,&0703
' --------
DATA "U",13,11
DATA &1040,&18E1,&1DE1,&1DE1,&1DE1,&1DE1,&1DE1,&1DE1
DATA &1DE1,&1EC3,&1F07
' --------
DATA "V",14,12
DATA &0101,&2383,&2787,&3707,&370F,&3A0F,&3A1F,&3C1F
DATA &3C3F,&383F,&3C7F,&3F7F
' --------
DATA "W",18,12
DATA &0000,&0000,&3041,&0002,&70C3,&0002,&6083,&0003
DATA &6187,&0003,&8107,&0003,&800F,&0003,&820F,&0003
DATA &861F,&0003,&041F,&0003,&8E3F,&0003,&EFBF,&0003
' --------
DATA "X",13,11
DATA &1000,&18C1,&1D83,&1D87,&1E07,&1F0F,&1E07,&1E17
DATA &1C1B,&1831,&1000
' --------
DATA "Y",13,11
DATA &1000,&18E1,&1DC3,&1E87,&1F0F,&1F0F,&1F0F,&1F0F
DATA &1F0F,&1F0F,&1E07
' --------
DATA "Z",10,11
DATA &0201,&0219,&020D,&030F,&0307,&0387,&0383,&02C3
DATA &02C1,&0261,&0200
' --------
DATA "a",10,11
DATA &03FF,&03FF,&03FF,&03FF,&0383,&0319,&031F,&0301
DATA &0318,&0318,&0221
' --------
DATA "b",9,11
DATA &01F7,&01F0,&01F1,&01F1,&0181,&0111,&0111,&0111
DATA &0111,&0111,&0180
' --------
DATA "c",9,11
DATA &01FF,&01FF,&01FF,&01FF,&0183,&0131,&0138,&01F8
DATA &0170,&0101,&0183
' --------
DATA "d",9,11
DATA &01BF,&0187,&018F,&018F,&0181,&0188,&0188,&0188
DATA &0188,&0188,&0101
' --------
DATA "e",9,11
DATA &01FF,&01FF,&01FF,&01FF,&0183,&0119,&0180,&01F8
DATA &0170,&0181,&01C3
' --------
DATA "f",8,11
DATA &00C3,&0091,&0091,&00F1,&00E0,&00F1,&00F1,&00F1
DATA &00F1,&00F1,&00E0
' --------
DATA "g",8,14
DATA &00FF,&00FF,&009F,&00AF,&00C1,&0088,&0088,&00C1
DATA &00F3,&00E0,&0080,&0087,&009C,&00C1
' --------
DATA "h",10,11
DATA &03F7,&03F0,&03F1,&03F1,&0381,&0311,&0311,&0311
DATA &0311,&0311,&0200
' --------
DATA "i",6,11
DATA &0031,&0020,&0031,&003F,&0030,&0031,&0031,&0031
DATA &0031,&0031,&0020
' --------
DATA "j",7,14
DATA &0047,&0043,&0047,&007F,&0043,&0047,&0047,&0047
DATA &0047,&0047,&0047,&0044,&0044,&0071
' --------
DATA "k",11,11
DATA &07F7,&07F0,&07F1,&07F1,&0601,&0731,&0791,&0701
DATA &0711,&0631,&0400
' --------
DATA "l",6,11
DATA &0037,&0030,&0031,&0031,&0031,&0031,&0031,&0031
DATA &0031,&0031,&0020
' --------
DATA "m",14,11
DATA &3FFF,&3FFF,&3FFF,&3FF7,&3990,&3001,&3111,&3111
DATA &3111,&3111,&2000
' --------
DATA "n",10,11
DATA &03FF,&03FF,&03FF,&03F7,&0390,&0301,&0311,&0311
DATA &0311,&0311,&0200
' --------
DATA "o",8,11
DATA &00FF,&00FF,&00FF,&00FF,&00C1,&0088,&0088,&0088
DATA &0088,&0088,&00C1
' --------
DATA "p",9,14
DATA &01FF,&01FF,&01FF,&01F7,&0180,&0111,&0111,&0111
DATA &0111,&0111,&0181,&01F1,&01F1,&01E0
' --------
DATA "q",9,14
DATA &01FF,&01FF,&01FF,&01BF,&0181,&0188,&0188,&0188
DATA &0188,&0188,&0181,&018F,&018F,&0107
' --------
DATA "r",9,11
DATA &01FF,&01FF,&01FF,&0197,&0100,&0191,&01F1,&01F1
DATA &01F1,&01F1,&01E0
' --------
DATA "s",8,11
DATA &00FF,&00FF,&00FF,&00FF,&0081,&00B8,&00E0,&00C1
DATA &0087,&008E,&00C0
' --------
DATA "t",7,11
DATA &0077,&0077,&0073,&0071,&0060,&0071,&0071,&0071
DATA &0071,&0051,&0063
' --------
DATA "u",10,11
DATA &03FF,&03FF,&03FF,&0377,&0310,&0311,&0311,&0311
DATA &0311,&0301,&0233
' --------
DATA "v",11,12
DATA &07FF,&07FF,&07FF,&07FF,&0400,&0661,&0763,&0783
DATA &0787,&0707,&07CF,&07EF
' --------
DATA "w",16,12
DATA &FFFF,&FFFF,&FFFF,&FFFF,&8000,&CC21,&EC63,&E843
DATA &F047,&E087,&F9CF,&FDEF
' --------
DATA "x",10,11
DATA &03FF,&03FF,&03FF,&03FF,&0200,&0321,&03A3,&0387
DATA &0383,&0309,&0200
' --------
DATA "y",11,14
DATA &07FF,&07FF,&07FF,&07FF,&0400,&0661,&0663,&0743
DATA &0707,&070F,&078F,&07BB,&07D1,&07C3
' --------
DATA "z",8,11
DATA &00FF,&00FF,&00FF,&00FD,&0001,&0084,&00C2,&0043
DATA &0061,&0030,&0000
' --------
DATA "‚",9,12
DATA &01FF,&01DF,&01EF,&01FF,&0183,&0119,&0180,&01F8
DATA &0170,&0181,&01C3,&01FF
' --------
DATA "Š",9,12
DATA &01FF,&01EF,&01DF,&01FF,&0183,&0119,&0180,&01F8
DATA &0170,&0181,&01C3,&01FF
' --------
DATA "ƒ",10,12
DATA &03CF,&0333,&03FF,&03FF,&0383,&0319,&031F,&0301
DATA &0318,&0318,&0221,&03FF
' --------
DATA "‡",9,14
DATA &01FF,&01FF,&01FF,&01FF,&0183,&0131,&0138,&01F8
DATA &0170,&0101,&0183,&019F,&01C7,&01FF
' --------
DATA "—",10,12
DATA &03F7,&03EF,&03DF,&0377,&0310,&0311,&0311,&0311
DATA &0311,&0301,&0233,&03FF
' --------
DATA "–",10,12
DATA &03CF,&0333,&03FF,&0377,&0310,&0311,&0311,&0311
DATA &0311,&0301,&0233,&03FF
' --------
DATA "…",9,12
DATA &01F7,&01EF,&01FF,&01FF,&0183,&0119,&011F,&0101
DATA &0118,&0118,&0021,&01FF
' --------
DATA "ˆ",9,11
DATA &01E7,&0199,&01FF,&01FF,&0183,&0119,&0180,&01F8
DATA &0170,&0181,&01C3
' --------
DATA "Œ",7,11
DATA &0073,&004C,&007F,&007F,&0061,&0063,&0063,&0063
DATA &0063,&0063,&0041
' --------
DATA "‹",7,11
DATA &004C,&004C,&007F,&007F,&0061,&0063,&0063,&0063
DATA &0063,&0063,&0041
' --------
DATA "0",9,12
DATA &01C3,&0199,&0118,&0118,&0118,&0118,&0118,&0118
DATA &0118,&0199,&01C3,&01FF
' --------
DATA "1",7,12
DATA &006F,&0063,&0060,&0061,&0061,&0061,&0061,&0061
DATA &0061,&0061,&0040,&007F
' --------
DATA "2",11,12
DATA &0783,&0601,&041D,&0411,&061B,&078F,&06F3,&0591
DATA &0400,&0400,&061E,&07FF
' --------
DATA "3",10,12
DATA &03C3,&030C,&0218,&0219,&0307,&03CF,&0319,&0210
DATA &021C,&0308,&0381,&03FF
' --------
DATA "4",11,12
DATA &06E7,&0627,&0617,&0617,&061B,&061B,&061D,&0000
DATA &061F,&061F,&0407,&07FF
' --------
DATA "5",10,12
DATA &0200,&0301,&0301,&03FD,&03C1,&0301,&0201,&020F
DATA &0219,&031C,&0381,&03FF
' --------
DATA "6",10,12
DATA &03C7,&0331,&0211,&0330,&03F0,&0300,&0210,&0210
DATA &0211,&0311,&0387,&03FF
' --------
DATA "7",11,12
DATA &0403,&0401,&0601,&067E,&073F,&071F,&078F,&078F
DATA &0787,&0707,&0603,&07FF
' --------
DATA "8",10,12
DATA &0387,&0333,&0271,&0320,&0380,&0301,&0203,&020D
DATA &023C,&0338,&0381,&03FF
' --------
DATA "9",10,12
DATA &03C7,&0311,&0210,&0210,&0210,&0211,&0207,&0219
DATA &0210,&0318,&03C1,&03FF
' --------
DATA "+",8,11
DATA &00FF,&00FF,&00F7,&00F7,&00F7,&0080,&0080,&00F7
DATA &00F7,&00F7,&00FF
' --------
DATA "-",8,8
DATA &00FF,&00FF,&00FF,&00FF,&00FF,&0081,&00C0,&00FF
' --------
DATA "/",6,12
DATA &001F,&001F,&000F,&000F,&0027,&0027,&0033,&0033
DATA &0039,&0039,&003C,&003F
' --------
DATA "*",8,8
DATA &00F7,&0094,&00C1,&00F7,&00C1,&0094,&00F7,&00FF
' --------
DATA "%",11,12
DATA &0613,&0641,&070C,&0721,&0793,&079F,&070F,&060F
DATA &04C7,&0607,&0733,&07FF
' --------
DATA ".",5,12
DATA &001F,&001F,&001F,&001F,&001F,&001F,&001F,&0019
DATA &0010,&0010,&0019,&001F
' --------
DATA ",",5,14
DATA &001F,&001F,&001F,&001F,&001F,&001F,&001F,&0019
DATA &0010,&0010,&0011,&0017,&0019,&001F
' --------
DATA ";",7,15
DATA &007F,&007F,&0061,&0040,&0061,&007F,&007F,&007F
DATA &0061,&0040,&0041,&005F,&006F,&0073,&007F
' --------
DATA ":",7,12
DATA &007F,&007F,&0061,&0040,&0061,&007F,&007F,&007F
DATA &0061,&0040,&0061,&007F
' --------
DATA "!",6,13
DATA &003F,&0031,&0020,&0020,&0031,&003B,&003B,&003F
DATA &0031,&0020,&0020,&0031,&003F
' --------
DATA "?",11,13
DATA &0707,&0619,&042C,&0420,&0611,&070F,&07EF,&07FF
DATA &07C7,&0783,&0783,&07C7,&07FF
' --------
DATA "#",14,12
DATA &3DBF,&3DBF,&2003,&2003,&3EDF,&3F6F,&3F6F,&3800
DATA &3800,&3FB7,&3FB7,&3FFF
' --------
DATA "(",5,12
DATA &0017,&001B,&0019,&0019,&0018,&0018,&0018,&0019
DATA &0019,&001B,&0017,&001F
' --------
DATA ")",5,12
DATA &001E,&001D,&0019,&0019,&0011,&0011,&0011,&0019
DATA &0019,&001D,&001E,&001F
' --------
DATA "=",9,12
DATA &01FF,&01FF,&017F,&0101,&0180,&017E,&0101,&0180
DATA &01FE,&01FF,&01FF,&01FF
' --------
DATA "$",10,14
DATA &03FF,&027F,&033F,&0303,&03C1,&0381,&0303,&0307
DATA &0311,&0381,&03F9,&03FC,&03FF,&03FF
' --------
DATA "'",7,7
DATA &0077,&0063,&0041,&0063,&0077,&0077,&0077
' --------
DATA """",13,7
DATA &1DF7,&18E3,&1041,&18E3,&1DF7,&1DF7,&1DF7
' --------
DATA *FIN
