' *******************************
' *  POLICE DE CARACTERES 3     *
' *******************************
' *  (C) 1992 Patrick Leclercq  *
' *  (C) 1992 Artipresse        *
' *******************************
DATA "FONT3.CAR"
' --------
DATA " ",8,8
DATA &00FF,&00FF,&00FF,&00FF,&00FF,&00FF,&00FF,&00FF
' --------
DATA "A",8,8
DATA &00FF,&00F7,&00F7,&00EB,&00EB,&00C1,&00DD,&0088
' --------
DATA "B",7,8
DATA &007F,&0060,&005D,&005D,&0061,&005D,&005D,&0060
' --------
DATA "C",7,8
DATA &007F,&0043,&005D,&007E,&007E,&007E,&005D,&0063
' --------
DATA "D",8,8
DATA &00FF,&00E0,&00DD,&00BD,&00BD,&00BD,&00DD,&00E0
' --------
DATA "E",7,8
DATA &007F,&0040,&005D,&0075,&0071,&0075,&005D,&0040
' --------
DATA "F",7,8
DATA &007F,&0040,&005D,&0075,&0071,&0075,&007D,&0078
' --------
DATA "G",8,8
DATA &00FF,&00C3,&00DD,&00FE,&008E,&00BE,&009D,&00A3
' --------
DATA "H",8,8
DATA &00FF,&0088,&00DD,&00DD,&00C1,&00DD,&00DD,&0088
' --------
DATA "I",4,8
DATA &000F,&0008,&000D,&000D,&000D,&000D,&000D,&0008
' --------
DATA "J",7,8
DATA &007F,&0047,&006F,&006F,&006F,&006E,&006E,&0071
' --------
DATA "K",8,8
DATA &00FF,&0088,&00ED,&00F5,&00F9,&00F5,&00ED,&0088
' --------
DATA "L",7,8
DATA &007F,&0078,&007D,&007D,&007D,&007D,&005D,&0040
' --------
DATA "M",11,8
DATA &07FF,&04F8,&0675,&06B5,&06AD,&06CD,&06DD,&0478
' --------
DATA "N",9,8
DATA &01FF,&0118,&01B5,&01B5,&01AD,&01AD,&019D,&0198
' --------
DATA "O",8,8
DATA &00FF,&00E3,&00DD,&00BE,&00BE,&00BE,&00DD,&00E3
' --------
DATA "P",7,8
DATA &007F,&0060,&005D,&005D,&0061,&007D,&007D,&0078
' --------
DATA "Q",8,9
DATA &00FF,&00E3,&00DD,&00BE,&00BE,&00BE,&00D5,&00E3
DATA &009F
' --------
DATA "R",8,8
DATA &00FF,&00E0,&00DD,&00DD,&00E1,&00ED,&00DD,&0088
' --------
DATA "S",7,8
DATA &007F,&0041,&005E,&007E,&0061,&005F,&005E,&0060
' --------
DATA "T",8,8
DATA &00FF,&0080,&00B6,&00F7,&00F7,&00F7,&00F7,&00E3
' --------
DATA "U",9,8
DATA &01FF,&0118,&01BD,&01BD,&01BD,&01BD,&01BD,&01C3
' --------
DATA "V",9,8
DATA &01FF,&0118,&01BD,&01BD,&01DB,&01DB,&01EB,&01F7
' --------
DATA "W",12,8
DATA &0FFF,&08F8,&0DDD,&0DDD,&0EAB,&0EAB,&0F77,&0F77
' --------
DATA "X",8,8
DATA &00FF,&0088,&00DD,&00EB,&00F7,&00EB,&00DD,&0088
' --------
DATA "Y",8,8
DATA &00FF,&0088,&00DD,&00EB,&00EB,&00F7,&00F7,&00E3
' --------
DATA "Z",7,8
DATA &007F,&0040,&006E,&0077,&007B,&007D,&005E,&0040
' --------
DATA "a",7,8
DATA &007F,&007F,&007F,&0071,&006E,&006E,&0066,&0049
' --------
DATA "b",7,8
DATA &007F,&007C,&007D,&0061,&005D,&005D,&005D,&0060
' --------
DATA "c",6,8
DATA &003F,&003F,&003F,&0031,&002E,&003E,&002E,&0031
' --------
DATA "d",7,8
DATA &007F,&0067,&006F,&0061,&006E,&006E,&006E,&0041
' --------
DATA "e",6,8
DATA &003F,&003F,&003F,&0031,&002E,&0020,&003E,&0031
' --------
DATA "f",5,8
DATA &001F,&0013,&001D,&0018,&001D,&001D,&001D,&0018
' --------
DATA "g",6,10
DATA &003F,&003F,&003F,&0021,&0036,&0039,&003E,&0031
DATA &002E,&0031
' --------
DATA "h",8,8
DATA &00FF,&00FC,&00FD,&00E1,&00DD,&00DD,&00DD,&0088
' --------
DATA "i",4,8
DATA &000F,&000D,&000F,&000C,&000D,&000D,&000D,&0008
' --------
DATA "j",5,10
DATA &001F,&0017,&001F,&0013,&0017,&0017,&0017,&0017
DATA &0016,&0019
' --------
DATA "k",8,8
DATA &00FF,&00FC,&00FD,&00CD,&00F5,&00E9,&00DD,&0088
' --------
DATA "l",4,8
DATA &000F,&000C,&000D,&000D,&000D,&000D,&000D,&0008
' --------
DATA "m",12,8
DATA &0FFF,&0FFF,&0FFF,&0E20,&0DDD,&0DDD,&0DDD,&0888
' --------
DATA "n",8,8
DATA &00FF,&00FF,&00FF,&00E0,&00DD,&00DD,&00DD,&0088
' --------
DATA "o",6,8
DATA &003F,&003F,&003F,&0031,&002E,&002E,&002E,&0031
' --------
DATA "p",7,10
DATA &007F,&007F,&007F,&0060,&005D,&005D,&005D,&0061
DATA &007D,&0078
' --------
DATA "q",7,10
DATA &007F,&007F,&007F,&0041,&006E,&006E,&006E,&0061
DATA &006F,&0047
' --------
DATA "r",7,8
DATA &007F,&007F,&007F,&0044,&0079,&007D,&007D,&0078
' --------
DATA "s",6,8
DATA &003F,&003F,&003F,&0021,&003E,&0031,&002F,&0030
' --------
DATA "t",5,8
DATA &001F,&001D,&001D,&0018,&001D,&001D,&0015,&001B
' --------
DATA "u",8,8
DATA &00FF,&00FF,&00FF,&00CC,&00DD,&00DD,&00DD,&0083
' --------
DATA "v",8,8
DATA &00FF,&00FF,&00FF,&0088,&00DD,&00EB,&00EB,&00F7
' --------
DATA "w",12,8
DATA &0FFF,&0FFF,&0FFF,&08F8,&0DDD,&0EAB,&0EAB,&0F77
' --------
DATA "x",7,8
DATA &007F,&007F,&007F,&004C,&006D,&0073,&006D,&004C
' --------
DATA "y",8,10
DATA &00FF,&00FF,&00FF,&0088,&00DD,&00EB,&00EB,&00F7
DATA &00FB,&00FD
' --------
DATA "z",6,8
DATA &003F,&003F,&003F,&0020,&0036,&003B,&002D,&0020
' --------
DATA "‚",6,8
DATA &0037,&003B,&003F,&0031,&002E,&0020,&003E,&0031
' --------
DATA "Š",6,8
DATA &003B,&0037,&003F,&0031,&002E,&0020,&003E,&0031
' --------
DATA "ƒ",7,8
DATA &007B,&0075,&007F,&0071,&006E,&006E,&0066,&0049
' --------
DATA "‡",6,10
DATA &003F,&003F,&003F,&0031,&002E,&003E,&002E,&0031
DATA &003B,&0039
' --------
DATA "—",8,8
DATA &00FB,&00F7,&00FF,&00CC,&00DD,&00DD,&00DD,&0083
' --------
DATA "–",8,8
DATA &00F7,&00EB,&00FF,&00CC,&00DD,&00DD,&00DD,&0083
' --------
DATA "ˆ",6,8
DATA &003B,&0035,&003F,&0031,&002E,&0020,&003E,&0031
' --------
DATA "…",7,8
DATA &007D,&007B,&007F,&0071,&006E,&006E,&0066,&0049
' --------
DATA "Œ",4,8
DATA &000D,&000A,&000F,&000C,&000D,&000D,&000D,&0008
' --------
DATA "‹",4,8
DATA &000F,&000A,&000F,&000C,&000D,&000D,&000D,&0008
' --------
DATA "0",5,9
DATA &001F,&0019,&0016,&0016,&0016,&0016,&0016,&0019
DATA &001F
' --------
DATA "1",4,9
DATA &000F,&000D,&000C,&000D,&000D,&000D,&000D,&0008
DATA &000F
' --------
DATA "2",5,9
DATA &001F,&0019,&0016,&0016,&001B,&001D,&0016,&0010
DATA &001F
' --------
DATA "3",5,9
DATA &001F,&0010,&001B,&001D,&001B,&0016,&0016,&0019
DATA &001F
' --------
DATA "4",5,9
DATA &001F,&001B,&0019,&0019,&001A,&0010,&001B,&0011
DATA &001F
' --------
DATA "5",5,9
DATA &001F,&0010,&001E,&0018,&0017,&0017,&0016,&0019
DATA &001F
' --------
DATA "6",5,9
DATA &001F,&001B,&001D,&001E,&0018,&0016,&0016,&0019
DATA &001F
' --------
DATA "7",5,9
DATA &001F,&0010,&0016,&001B,&001B,&001D,&001D,&001D
DATA &001F
' --------
DATA "8",5,9
DATA &001F,&0019,&0016,&0016,&0019,&0016,&0016,&0019
DATA &001F
' --------
DATA "9",5,9
DATA &001F,&0019,&0016,&0016,&0011,&0017,&001B,&001D
DATA &001F
' --------
DATA "+",7,8
DATA &007F,&007F,&007F,&0077,&0077,&0041,&0077,&0077
' --------
DATA "-",8,6
DATA &00FF,&00FF,&00FF,&00FF,&00FF,&00C1
' --------
DATA "/",6,11
DATA &002F,&002F,&002F,&0037,&0037,&0037,&003B,&003B
DATA &003B,&003D,&003D
' --------
DATA "*",7,7
DATA &007F,&007F,&0077,&0055,&0063,&0055,&0077
' --------
DATA "%",9,9
DATA &01FF,&017F,&017B,&01B5,&01DB,&01EF,&01B7,&015B
DATA &01BB
' --------
DATA ".",3,9
DATA &0007,&0007,&0007,&0007,&0007,&0007,&0007,&0007
DATA &0005
' --------
DATA ",",4,11
DATA &000F,&000F,&000F,&000F,&000F,&000F,&000F,&000F
DATA &000B,&000B,&000D
' --------
DATA ";",4,11
DATA &000F,&000F,&000F,&000F,&000B,&000F,&000F,&000F
DATA &000B,&000B,&000D
' --------
DATA ":",3,9
DATA &0007,&0007,&0007,&0007,&0005,&0007,&0007,&0007
DATA &0005
' --------
DATA "!",3,9
DATA &0007,&0007,&0005,&0005,&0005,&0005,&0005,&0007
DATA &0005
' --------
DATA "?",7,9
DATA &007F,&007F,&0063,&005D,&005F,&006F,&0077,&007F
DATA &0077
' --------
DATA "#",9,6
DATA &01FF,&01AF,&0103,&01D7,&0181,&01EB
' --------
DATA "(",6,11
DATA &002F,&0037,&003B,&003B,&003D,&003D,&003D,&003B
DATA &003B,&0037,&002F
' --------
DATA ")",6,11
DATA &003D,&003B,&0037,&0037,&002F,&002F,&002F,&0037
DATA &0037,&003B,&003D
' --------
DATA "=",7,7
DATA &007F,&007F,&007F,&007F,&0041,&007F,&0041
' --------
DATA "$",7,10
DATA &007F,&0077,&0063,&0055,&0075,&0063,&0057,&0055
DATA &0063,&0077
' --------
DATA "'",3,3
DATA &0007,&0007,&0007
' --------
DATA """",5,3
DATA &0015,&0015,&0015
' --------
DATA *FIN
