'
' HEADER.LST    to read Standard GEM font headers - first 88 bytes of file
'
' by John Spirko
'
' see doc file for more information on GEM font headers
'
Dim Header$(88)
'
Restart:
Cls
Header$=Space$(88)
'
Fileselect "a:\*.fnt","",Filename$
Fontname$=Mid$(Filename$,4,12)
'
If Exist(Fontname$)=True
  Print At(1,1);" FONT HEADER DATA FOR: ";Fontname$
  Print
  @Get_header
Else
  If Exist(Fontname$)=False
    Alrt$="  No Such Font  |Quit or Continue?"
    @Quit_continue
    Goto Restart
  Endif
Endif
'
For Count%=1 To 4 Step 2      ! Skip Bytes 5 to 36
  @Swap_bytes                 ! font header Fontname
Next Count%                   ! can be read without swapping
For Count%=37 To 66 Step 2
  @Swap_bytes
Next Count%
For Count%=77 To 88 Step 2
  @Swap_bytes
Next Count%
'
@Read_header
'
Alrt$="  FINISHED  "
@Quit_continue
If Choice%=2
  Goto Restart
Endif
'
End
'
'     *****   Procedures *****
'
Procedure Get_header
  Open "i",#1,Fontname$
  Bget #1,Varptr(Header$),88
  Close #1
Return
'
'
Procedure Swap_bytes
  Temp_a$=Mid$(Header$,Count%,1)
  Temp_b$=Mid$(Header$,Count%+1,1)
  Swap Temp_a$,Temp_b$
  Mid$(Header$,Count%,1)=Temp_a$
  Mid$(Header$,Count%+1,1)=Temp_b$
Return
'
Procedure Read_header
  Id%=Cvi(Mid$(Header$,1,2))
  Print " FONT ID # ~ ";Id%;
  '
  Point%=Cvi(Mid$(Header$,3,2))
  Print "   Point Size ~ ";Point%
  '
  Fh_name$=Mid$(Header$,5,32)
  Print " Header Font Name: ";Fh_name$;" May differ from Filename"
  '
  Low_ascii%=Cvi(Mid$(Header$,37,2))
  Print " Low ASCII Chararcter ~ ";Low_ascii%;
  '
  Hi_ascii%=Cvi(Mid$(Header$,39,2))
  Print "  High ASCII Character ~ ";Hi_ascii%
  '
  Print " LINE DISTANCES  ";
  '
  Top_l%=Cvi(Mid$(Header$,41,2))
  Print " Top ~ ";Top_l%;
  '
  Ascent_l%=Cvi(Mid$(Header$,43,2))
  Print "  Ascent ~ ";Ascent_l%;
  '
  Half_l%=Cvi(Mid$(Header$,45,2))
  Print "  Half ~ ";Half_l%;" (from Baseline)"
  '
  Descent_l%=Cvi(Mid$(Header$,47,2))
  Print "                  Descent ~ ";Descent_l%;
  '
  Bottom_l%=Cvi(Mid$(Header$,49,2))
  Print "  Bottom ~ ";Bottom_l%
  '
  Widest_char%=Cvi(Mid$(Header$,51,2))
  Print " Widest Character width (in Pixels) ~ ";Widest_char%;
  '
  Widest_cell%=Cvi(Mid$(Header$,53,2))
  Print "  Widest Cell Width (in Pixels) ~ ";Widest_cell%
  '
  L_offset%=Cvi(Mid$(Header$,55,2))
  Print " Left Offset ~ ";L_offset%;" (for Italic Text)";
  '
  R_offset%=Cvi(Mid$(Header$,57,2))
  Print " Right Offset ~ ";R_offset%;" (for Italic Text)"
  '
  Bold%=Cvi(Mid$(Header$,59,2))
  Print " Thickness (BOLD) ~ ";Bold%;
  '
  Underscore%=Cvi(Mid$(Header$,61,2))
  Print "  Underscore Thickness (in Pixels) ~ ";Underscore%
  '
  Print " MASKS ";
  Light$=Hex$(Cvi(Mid$(Header$,63,2)))
  Print "  Light Text Mask (HEX) ~ ";Light$;
  '
  Italics$=Hex$(Cvi(Mid$(Header$,65,2)))
  Print "   Italic Text Mask (HEX) ~ ";Italics$
  '
  Hot%=Cvl(Mid$(Header$,69,4))        !Horizontal Offset Pointer
  Cot%=Cvl(Mid$(Header$,73,4))        !Character Offset Pointer
  Fdp%=Cvl(Mid$(Header$,77,4))        !Font Data Pointer
  P_next_font%=Cvl(Mid$(Header$,85,4))!Pointer to next font or NULL
  '
  Height%=Cvi(Mid$(Header$,83,2))
  Print " Height (in Pixels) ~ ";Height%
  ' note: in standard Degas fonts the point size shown is usually
  ' the Height in Pixels rather than the actual point size (SEE TEXT)
  '
  ' FLAGS% must be converted to BIT format to read
  ' I haven't worked out if each flag is set/unset - there are four
  '  well, I admit it - I don't know how to do this
  '
  Flags%=Cvi(Mid$(Header$,67,2))
  Print " Flag Value: ";Flags%;"  Flags Binary = ";Bin$(Flags%)
  '
  ' The next part of the header contains the following:
  ' (68 - 71) pointer to Horizontal Offset Table
  ' (72 - 75) pointer to Character Offset Table
  ' (76-79) pointer to Font Data
  ' These pointers are not of much use when just reading the Fontheader
  ' If this information was needed, remember that they are
  ' in 4 consecutive bytes but in Intel WORD format (2 bytes each)
  ' and have to be swapped into Motorola WORD format
  '
  Total_width%=Cvi(Mid$(Header$,81,2))
  Print " Total width of all characters in font ~ ";Total_width%;
  '
  ' The next two bytes (82-83) Height, should match bytes (2-3)
  ' the Height, measured in points.
  '
  ' The last part of the header (83-87) is the Next Font Pointer or NULL
  ' This pointer is also in 4 consecutive bytes in Intel WORD format
  ' This too is not of much use in reading the header, but is important
  ' if another font is loaded. In the Loader Demo, this value is changed.
  '
  Print At(1,24);"               HIT [Spacebar] TO CONTINUE"
  '
  Do
    Exit If Inkey$=Chr$(32)
  Loop
Return
'
Procedure Quit_continue
  Alert 2,Alrt$,2,"  QUIT  |CONTINUE",Choice%
  Do
    If Choice%=1
      Cls
      End
    Endif
    Exit If Choice%=2
  Loop
Return
