'
'    --- Accessory-Rahmen ---
'       von Manuel Hermann
'      fr das TOS-Magazin
'      (c) 1993 ICP-Verlag
'
$m 10000                             !Speicherbeschr„nkung (Compiler)
'
DIM msg_buffer&(7)                   !Buffer fr AES-Mitteilungen
'
app%=LPEEK(BASEPAGE+36)              !Adresse der Basepage des Aufrufers
'
IF app%=0                            !ACC?
  apl_id&=APPL_INIT()
  '
  IF apl_id&>=0
    menu_id&=MENU_REGISTER(apl_id&,"  DemoACC")
    '
    IF menu_id&>=0                   !Anmeldung war korrekt
      DO                             !ACC-Endlosschleife
        ~EVNT_MESAG(V:msg_buffer&(0))
        '
        SELECT msg_buffer&(0)
        CASE 40                      !AC_OPEN
          IF msg_buffer&(4)=menu_id&
            ' Accessory wurde ge”ffnet
            ALERT 1,"|Ich bin ein Accessory.",1,"  OK  ",d&
            '
          ENDIF
        CASE 41                      !AC_CLOSE
          IF msg_buffer&(3)=menu_id&
            ' Accessory wurde geschlossen
          ENDIF
        ENDSELECT
        '
      LOOP
    ENDIF
    '
  ENDIF
  '
  ' Ein Accessory darf niemals verlassen werden!
  '
  DO                                 !ACC-Endlosschleife
    ~EVNT_MESAG(V:msg_buffer&(0))
  LOOP
  '
ELSE                                 !PRG
  ALERT 1,"|Ich bin ein Programm.",1,"  OK  ",d&
  EDIT
ENDIF
