'
'     --- Icon-Konverter ---
'       von Manuel Hermann
'      fÅr das TOS-Magazin
'      (c) 1993 ICP-Verlag
'
anz&=2000                            !max. Anzahl der Zeilen einer 'ICN'-Datei
DIM daten$(anz&)
'
p$=CHR$(GEMDOS(25)+65)+":\*.ICN"
'
DO
  '
  p$=LEFT$(p$,RINSTR(p$,"\"))+"*.ICN"
  p$=@fileselect$(p$,n$,"Icon auswÑhlen",e&)
  '
  IF e&<>0 AND EXIST(p$)
    OPEN "i",#1,p$
    CLR cn&
    '
    WHILE NOT (EOF(#1)) AND cn&<=anz&
      '
      INPUT #1,daten$(cn&)
      '
      daten$(cn&)=TRIM$(daten$(cn&))
      IF INSTR(daten$(cn&),"0x")>0
        daten$(cn&)="$"+MID$(daten$(cn&),INSTR(daten$(cn&),"0x")+2,4)
        INC cn&
      ENDIF
      '
    WEND
    '
    CLOSE
  ELSE
    EDIT
  ENDIF
  '
  name$=RIGHT$(p$,LEN(p$)-RINSTR(p$,"\"))
  name$=LEFT$(name$,INSTR(name$,"."))+"LST"
  p$=LEFT$(p$,RINSTR(p$,"\"))+"*.LST"
  p$=@fileselect$(p$,name$,"'LST'-Datei auswÑhlen",e&)
  '
  IF e&<>0 AND p$<>""
    '
    OPEN "o",#1,p$
    '
    PRINT #1,"' Breite: ";daten$(0);"  Hîhe: ";daten$(1);"  Wîrter: ";daten$(2)
    PRINT #1,"DATA ";
    FOR i&=3 TO cn&-2
      PRINT #1,daten$(i&);",";
    NEXT i&
    PRINT #1,daten$(i&)
    '
    CLOSE
  ELSE
    EDIT
  ENDIF
  '
LOOP
'
'
> FUNCTION fileselect$(pfad$,dat$,bemerkung$,VAR fehler&)
'
LOCAL button&,laenge|
'
laenge|=LEN(pfad$)                       !LÑnge merken
pfad$=pfad$+SPACE$(256-LEN(pfad$))       !String erweitern
POKE V:pfad$+laenge|,0                   !Nullzeichen setzen
'
laenge|=LEN(dat$)                        !LÑnge merken
dat$=dat$+SPACE$(12-LEN(dat$))           !String erweitern
POKE V:dat$+laenge|,0                    !Nullzeichen setzen
'
bemerkung$=bemerkung$+CHR$(0)            !Nullzeichen setzen
'
ADDRIN(0)=V:pfad$
ADDRIN(1)=V:dat$
CONTRL(1)=0
CONTRL(2)=2
CONTRL(4)=0
'
~WIND_UPDATE(1)
~WIND_UPDATE(3)
'
IF GEMDOS(48)>=5376                      !GEMDOS-Versionsnummer >= 0.15
  ADDRIN(2)=V:bemerkung$
  CONTRL(3)=3
  GEMSYS 91                              !FSEL_EXINPUT
ELSE
  CONTRL(3)=2
  GEMSYS 90                              !FSEL_INPUT
ENDIF
'
~WIND_UPDATE(2)
~WIND_UPDATE(0)
'
fehler&=GINTOUT(0)
button&=GINTOUT(1)
'
dat$=CHAR{V:dat$}                        !"C"-String => "GFA"-String
'
IF button&=0                             !"Abbruch"
  pfad$=""
ELSE
  pfad$=LEFT$(pfad$,RINSTR(pfad$,"\"))+dat$
ENDIF
'
RETURN pfad$
ENDFUNC
