' Peter Sieg  CIG/ASTAG  22-APR-87
On Error Gosub Close
Deftext 1,9,,32
Text 160,24,"CIG-Header-Converter"
Alert 2,"Output fuer GFA-Basic|oder GST-Assembler",1,"GFA|GST",Dummy%
Fileselect "\*.H","",Nam1$
If Exist(Nam1$)
  Cls
  Open "i",#1,Nam1$
  Nam2$=Left$(Nam1$,Instr(Nam1$,"."))+"LST"
  Open "o",#2,Nam2$
  Do
    Line Input #1,I$
    I$=Right$(I$,Len(I$)-8)
    If Dummy%=1
      Kom$="! "
      O$="Let "+Left$(I$,Instr(I$," ")-1)+"%="
    Else
      Kom$="* "
      O$=Left$(I$,Instr(I$," "))
      O$=O$+Space$(15-Len(O$))+"EQU     "
    Endif
    O$=O$+Mid$(I$,Instr(I$," ")+1,3)
    O$=O$+Space$(20*Dummy%-Len(O$))+Right$(I$,Len(I$)-Instr(I$,"/*")+1)
    Mid$(O$,Instr(O$,"/*"))=Kom$
    Print O$
    Print #2,O$
  Loop
Endif
Bye:
End
Procedure Close
  Close #1
  Close #2
  Resume Bye
Return
