'
' =========================
'          PICLOAD
'   by Charles F. Johnson
' =========================
'
Dim C(15)
Dim M$(50)
M_save$=String$(1760,0)
For I%=0 To 50
  Read M$(I%)
  Exit If M$(I%)="endofmenu"
Next I%
M$(I%)=""
M$(I%+1)=""
Screen=Xbios(2)
Res=Xbios(4)
Badfile$=" This file has a bad | format! | "
Wrongres$=" This picture's in the wrong | resolution! | "
Sorry$=" Sorry! "
Drive=Gemdos(25)+65
Deg_path$=Chr$(Drive)+":\*.PI"
Dcm_path$=Chr$(Drive)+":\*.PC"
If Res<2 Then
  Deg_path$=Deg_path$+"?"
  Dcm_path$=Dcm_path$+"?"
Else
  Deg_path$=Deg_path$+"3"
  Dcm_path$=Dcm_path$+"3"
Endif
Neo_path$=Chr$(Drive)+":\*.NEO"
Tny_path$=Chr$(Drive)+":\*.TNY"
For I=0 To 15
  C(I)=Xbios(7,I,W:-1)
Next I
'
@Background
@M_on
If Res=2
  Menu 13,2
Endif
'
' -------------------- Program control loop (Menu_bar) ------------------------
'
Do
  On Menu
  Exit If Geronimo
Loop
'
' ------------------------- Menu handler routine ------------------------------
'
Procedure M_handle
  '
  Bmove Screen,Varptr(M_save$),1760-240*-(Res=2)
  '
  If M$(Menu(0))="  About PicLoad..."
    Alert 1," PicLoad!| "+Chr$(&HBD)+" 1987 Charles F. Johnson| | Written in GFA Basic.  ",1,"Yup| Uh Huh |Right",X
  Endif
  '
  If M$(Menu(0))="  DEGAS  "
    @Degas
  Endif
  '
  If M$(Menu(0))="  DEGAS Elite Compressed  "
    @Degas_comp
  Endif
  '
  If M$(Menu(0))="  Neochrome  "
    @Neochrome
  Endif
  '
  If M$(Menu(0))="  Tiny  "
    @Tiny
  Endif
  '
  If M$(Menu(0))="  Let's Bail!  "
    Geronimo=1
  Endif
  '
  Bmove Varptr(M_save$),Screen,1760-240*-(Res=2)
  '
  Menu Off
Return
'
Procedure M_on
  Menu M$()
  @Fixmenu
  On Menu  Gosub M_handle
Return
'
Procedure Background
  Dummy=Xbios(5,L:-1,L:-1,Res)
  For I=0 To 15
    Dummy=Xbios(7,I,C(I))
  Next I
  Deffill 3,2,4+4*-(Res<2)
  Pbox 0,10+8*-(Res>1),639,399-200*-(Res<2)
Return
'
' ----------------------- Load DEGAS Pictures ---------------------------------
'
Procedure Degas
  Deg_select:
  Fileselect Deg_path$,B$,A$
  If A$=""
    Goto Deg_end
  Endif
  If Right$(A$)="\"
    Goto Deg_end
  Endif
  For I=Len(A$) Downto 1
    If Mid$(A$,I,1)="\" Then
      If Res<2
        Deg_path$=Mid$(A$,1,I)+"*.PI?"
      Else
        Deg_path$=Mid$(A$,1,I)+"*.PI3"
      Endif
      I=1
    Endif
  Next I
  Open "I",#1,A$
  X=Inp(#1)
  X=Inp(#1)
  If (Res=2 And X<2) Or (Res<2 And X=2) Then
    Alert 3,Wrongres$,1,Sorry$,X
    Close #1
    Goto Deg_select
  Endif
  Hidem
  Dummy=Xbios(5,L:-1,L:-1,X)
  Palete$=Input$(32,#1)
  Dummy=Xbios(6,L:Varptr(Palete$))
  Bget #1,Screen,32000
  Close #1
  While Mousek<>2
  Wend
  While Mousek=2
  Wend
  Showm
  '
  @Background
  Deg_end:
Return
'
' ----------------- Load DEGAS Elite Compressed Pictures ----------------------
'
Procedure Degas_comp
  Dcm_select:
  Fileselect Dcm_path$,B$,A$
  If A$=""
    Goto Dcm_end
  Endif
  If Right$(A$)="\"
    Goto Dcm_end
  Endif
  For I=Len(A$) Downto 1
    If Mid$(A$,I,1)="\" Then
      If Res<2
        Dcm_path$=Mid$(A$,1,I)+"*.PC?"
      Else
        Dcm_path$=Mid$(A$,1,I)+"*.PC3"
      Endif
      I=1
    Endif
  Next I
  Open "I",#1,A$
  Cmp_flag=Inp(#1)
  Dcm_res%=Inp(#1)
  If (Res=2 And Dcm_res%<2) Or (Res<2 And Dcm_res%=2) Then
    Alert 3,Wrongres$,1,Sorry$,X
    Close #1
    Goto Dcm_select
  Endif
  Hidem
  If Dcm_res%=0 Then
    Nplanes%=4
    Scanlines%=200
    Nbytes%=160
    Offset%=6
  Endif
  If Dcm_res%=1 Then
    Nplanes%=2
    Scanlines%=200
    Nbytes%=160
    Offset%=2
  Endif
  If Dcm_res%=2 Then
    Nplanes%=1
    Scanlines%=400
    Nbytes%=80
    Offset%=0
  Endif
  Palete$=Input$(32,#1)
  Dat$=Input$(Lof(#1)-34,#1)
  Close #1
  Dat_ptr%=Varptr(Dat$)
  Dummy=Xbios(5,L:-1,L:-1,Dcm_res%)
  Dummy=Xbios(6,L:Varptr(Palete$))
  Screen%=Screen
  Scan%=0
  Repeat
    Sc_ix%=0
    Plane%=0
    Repeat
      Repeat
        X%=Peek(Dat_ptr%)
        Inc Dat_ptr%
        If X%<128 Then
          I%=0
          Repeat
            Poke Screen%+Sc_ix%,Peek(Dat_ptr%)
            Inc Dat_ptr%
            Inc Sc_ix%
            If Even(Sc_ix%) Then
              Sc_ix%=Sc_ix%+Offset%
            Endif
            Inc I%
          Until I%>X%
        Else
          If X%>128 Then
            X%=256-X%
            S%=Peek(Dat_ptr%)
            Inc Dat_ptr%
            I%=0
            Repeat
              Poke Screen%+Sc_ix%,S%
              Inc Sc_ix%
              If Even(Sc_ix%) Then
                Sc_ix%=Sc_ix%+Offset%
              Endif
              Inc I%
            Until I%>X%
          Endif
        Endif
      Until Sc_ix%>=Nbytes%
      Sc_ix%=Sc_ix%-Nbytes%+2
      Inc Plane%
    Until Plane%=Nplanes%
    Screen%=Screen%+Nbytes%
    Inc Scan%
  Until Scan%=Scanlines%
  While Mousek<>2
  Wend
  While Mousek=2
  Wend
  Showm
  '
  @Background
  Dcm_end:
Return
'
' -------------------- Load Neochrome Pictures --------------------------------
'
Procedure Neochrome
  Neo_select:
  Fileselect Neo_path$,B$,A$
  If A$=""
    Goto Neo_end
  Endif
  If Right$(A$)="\"
    Goto Neo_end
  Endif
  For I=Len(A$) Downto 1
    If Mid$(A$,I,1)="\" Then
      Neo_path$=Mid$(A$,1,I)+"*.NEO"
      I=1
    Endif
  Next I
  Open "I",#1,A$
  Neores=Inp(#1)
  Neores=Inp(#1)
  Neores=Inp(#1)
  Neores=Inp(#1)
  Palete$=Input$(32,#1)
  Junk$=Input$(92,#1)
  Hidem
  Dummy=Xbios(5,L:-1,L:-1,Neores)
  Dummy=Xbios(6,L:Varptr(Palete$))
  Bget #1,Screen,32000
  Close #1
  While Mousek<>2
  Wend
  While Mousek=2
  Wend
  Showm
  '
  @Background
  '
  Neo_end:
Return
'
' ----------------------- Load Tiny Pictures ----------------------------------
'
Procedure Tiny
  Tny_select:
  Fileselect Tny_path$,B$,A$
  If A$=""
    Goto Tiny_end
  Endif
  If Right$(A$)="\"
    Goto Tiny_end
  Endif
  For I=Len(A$) Downto 1
    If Mid$(A$,I,1)="\" Then
      Tny_path$=Mid$(A$,1,I)+"*.TNY"
      I=1
    Endif
  Next I
  Open "I",#1,A$                 ! Open the Tiny file
  Tinyrez=Inp(#1)                ! Get resolution byte
  If Tinyrez>2 Then              ! Check for color cycling data
    Tinyrez=Tinyrez-3
    Cycle$=Input$(4,#1)
  Endif
  '
  ' Make sure the res is OK
  '
  If (Res=2 And Tinyrez<2) Or (Res<2 And Tinyrez=2) Then
    Alert 3,Wrongres$,1,Sorry$,X
    Close #1
    Goto Tny_select
  Endif
  Palete$=Input$(32,#1)          ! Read color palette
  X=Inp(#1)
  Y=Inp(#1)
  Ctl_cnt%=X*256+Y               ! Control size in bytes
  X=Inp(#1)
  Y=Inp(#1)
  Dat_cnt%=X*256+Y               ! Data size in words
  '
  ' Everything OK with this file?
  '
  If Ctl_cnt%>10667 Or Dat_cnt%>16000 Then
    Alert 3,Badfile$,1,Sorry$,X
    Close #1
    Goto Tny_select
  Endif
  '
  Ctlbuf$=Input$(Ctl_cnt%,#1)     ! Read control data
  Ctl_ptr%=Varptr(Ctlbuf$)        ! Set pointer
  '
  Dat_cnt%=Dat_cnt%*2             ! Convert to bytes
  Datbuf$=Input$(Dat_cnt%,#1)     ! Read image data
  Dat_ptr%=Varptr(Datbuf$)
  '
  ' Check the file again
  '
  If Len(Ctlbuf$)<>Ctl_cnt% Or Len(Datbuf$)<>Dat_cnt% Then
    Alert 3,Badfile$,1,Sorry$,X
    Close #1
    Goto Tny_select
  Endif
  Close #1
  '
  ' ---------------------- Tiny De-compression routine ------------------------
  '
  Hidem                             ! Hey! Where'd the mouse go???
  Void Xbios(5,L:-1,L:-1,Tinyrez)  ! Set resolution
  Void Xbios(6,L:Varptr(Palete$))  ! Set colors
  Sc_ix%=0
  Sc_data%=Screen
  Ix%=0
  Repeat
    Ctlbyte%=Peek(Ctl_ptr%+Ix%)     ! Do you really want to know what's
    If Ctlbyte%>127                 ! going on here?
      Count%=256-Ctlbyte%
      @Unique
    Else
      If Ctlbyte%<2
        Count%=Peek(Ctl_ptr%+Ix%+1)*256+Peek(Ctl_ptr%+Ix%+2)
        Add Ix%,2
        If Ctlbyte%=0
          @Rpeat
        Else
          @Unique
        Endif
      Else
        Count%=Ctlbyte%             ! I didn't think so.
        @Rpeat
      Endif
    Endif
    Inc Ix%
  Until Ix%=Ctl_cnt%
  While Mousek<>2
  Wend
  While Mousek=2
  Wend
  Showm                             ! There's that mouse!
  '
  @Background
  Tiny_end:
Return
'
' ------------------- Procedures for Tiny De-compression ----------------------
'
Procedure Unique                    ! Process unique data
  I%=0
  Repeat
    Dta%=Dpeek(Dat_ptr%)
    @Toscreen
    Add Dat_ptr%,2
    Inc I%
  Until I%=Count%
Return
'
Procedure Rpeat                     ! Process repeating data
  Dta%=Dpeek(Dat_ptr%)
  Add Dat_ptr%,2
  I%=0
  Repeat
    @Toscreen
    Inc I%
  Until I%=Count%
Return
'
Procedure Toscreen                  ! Put this drek onscreen
  Dpoke Sc_data%+Sc_ix%+Sc_ix%,Dta%
  Add Sc_ix%,80
  If Sc_ix%>15999
    Sub Sc_ix%,15996
    If Sc_ix%>79
      Sub Sc_ix%,79
    Endif
  Endif
Return
'
' ---------------------------------- fixmenu ----------------------------------
'
'  call this routine after MENU string$() to adjust color menu inverse titles
'
Procedure Fixmenu
  Local Adr%,X%
  If Res<>2
    Adr%=Ptsout+&H200+&H5E   ! menu tree starts at PTSOUT+$200
    '                        ! well it works in the interpreter & the compiler
    For X%=0 To 7            ! always 8 titles, but just fix what you need
      Dpoke Adr%+X%*24,11
    Next X%
  Endif
Return
'
' --------------------------------- Data --------------------------------------
'
Mdata:
Data Desk,  About PicLoad...
Data --------------------
Data 1,2,3,4,5,6,""
Data Pictures,  DEGAS  ,  DEGAS Elite Compressed  ,  Neochrome  ,  Tiny  ,""
Data Exit,  Let's Bail!  ,endofmenu
