' *** SM_EXIT.LST ***                                2nd GFA-Manual, page 16-12
> PROCEDURE sm_exit
  '
  ' *** Restore memory and leave Soundmachine
  '
  ' *** Global:  sm.song%  sm.sam%
  '
  LOCAL dummy%,m$,k
  IF sm.song%>0
    dummy%=MFREE(sm.song%)            ! buffer back to GEMDOS
    IF dummy%<>0
      m$="*** Error ***|MFREE-error at |Song-buffer in |Procedure Sm_exit"
      ALERT 3,m$,1," OK ",k
    ENDIF
  ENDIF
  SDPOKE &H452,1                      ! VBL on
  SPOKE &HFFFA1D,80                   ! Systemtimer on (200 Hz)
  OUT 4,8                             ! activate mouse again
  dummy%=MFREE(sm.sam%)               ! memory back to GEMDOS
  IF dummy%<>0
    m$="*** Error ***|MFREE-error at |Object-file in |Procedure Sm_exit"
    ALERT 3,m$,1," OK ",k
  ENDIF
  RESERVE                             ! memory back to GFA-Basic
RETURN
' *********
'
