'
'
source$="E:\A\2LC.SPL"
dest$="E:\A\2LC_2.SPL"
titre$="DADU-OVERSamPLing v1.1  by DAvid DUcassou 20/09/92, ShareWare."
chemin$=""
'
DO
  CLS
  PRINT titre$
  PRINT
  PRINT "Author adress: DAvid DUcassou, route de Monsegur, F-40700 France."
  PRINT "This program is dedicated to The IRON SIDE from IMPACT."
  PRINT
  PRINT "Sample a music with ST Replay ((c) Microdeal), using 20 Khz."
  PRINT "Then use this prg, it will create a 10 Khz spl of your file (it divide frenquency and size per 2)."
  PRINT
  PRINT "Advantages:"
  PRINT "* Your spl sound is better than directly sampled to 10 Khz."
  PRINT "* You can create others samples with one (only of a lower frequency of course)."
  PRINT
  PRINT "Press ESC, or Q, or CTRL-Q to quit."
  PRINT
  t
  EXIT IF t$="Q" OR t%=17 OR t%=27
  '
  '     ************************************************
  CLS
  PRINT "Select SOURCE file"
  IF chemin$=""
    FILESELECT "\*.SPL","",source$
  ELSE
    FILESELECT chemin$+"*.SPL","",source$
  ENDIF
  '
  chemin$=MID$(source$,1,RINSTR(source$,"\"))
  '
  CLS
  PRINT "Select DESTINATION file"
  IF chemin$=""
    FILESELECT "\*.SPL","",dest$
  ELSE
    FILESELECT chemin$+"*.SPL","",dest$
  ENDIF
  '
  IF EXIST(dest$)=TRUE
    ALERT 3,"Destination file name |already exist !.",2,"Continue| Cancel ",rep&
  ENDIF
  EXIT IF rep&=2
  '
  '     *************************************************
  '
  IF source$<>"" AND dest$<>""
    OPEN "I",#1,source$
    OPEN "O",#2,dest$
    '
    CLS
    PRINT titre$
    PRINT
    PRINT source$;"  ";LOF(#1);" b"
    PRINT dest$
    PRINT
    '
    dadu&=1000
    '
  again:
    '
    INC dadu&
    IF dadu&>998
      PRINT AT(5,20);"Position = ";LOC(#1)
      dadu&=0
    ENDIF
    '
    IF EOF(#1)=FALSE
      c|=INP(#1)
      '
      IF EOF(#1)=FALSE
        c|=INP(#1)
        OUT #2,c|
      ENDIF
    ENDIF
    '
    IF EOF(#1)=FALSE
      GOTO again
    ENDIF
    '
    CLOSE #2
    CLOSE #1
  ENDIF
  '
LOOP
EDIT
'
> PROCEDURE t
  t%=INP(2)
  t$=UPPER$(CHR$(t%))
RETURN
