'
'       U_SYNC
'
'   31 JUILLET 1990
'
existe!=FALSE
debut:
CLS
SHOWM
PRINT "      UTILITAIRE POUR LE"
PRINT "     SOUNDTRACKER DE SYNC"
PRINT
PRINT
PRINT "  1 CREE .MOD ET .SNG"
PRINT "  2 CREE .MOD"
PRINT "  3 CREE .SNG"
PRINT "  4 CREE .SPL"
PRINT "  5 DIRECTORY"
PRINT "  9 AUTEUR"
PRINT "ESC QUITTER"
'
t=INP(2)
t$=CHR$(t)
'
IF t$=CHR$(27)
  EDIT
ENDIF
IF t$="1"
  entree
  go(n$+".MOD")
  go(n$+".SNG")
ENDIF
IF t$="2"
  entree
  go(n$+".MOD")
ENDIF
IF t$="3"
  entree
  go(n$+".SNG")
ENDIF
IF t$="4"
  entree
  go(n$+".SPL")
ENDIF
IF t$="5"
  PRINT
  DIR
  ~INP(2)
ENDIF
IF t$="9"
  PRINT
  PRINT "CE PRG A ETE CREE PAR"
  PRINT
  PRINT "DAVID DUCASSOU"
  PRINT "ROUTE DE MONSEGUR"
  PRINT "40700 HAGETMAU"
  PRINT "FRANCE"
  PRINT
  PRINT "31 JUILLET 1990"
  ~INP(2)
ENDIF
'
GOTO debut
' --------
PROCEDURE entree
  CLS
  PRINT "NOM DU FICHIER ? (SANS L'EXTENSION)"
  INPUT "->";n$
  PRINT
RETURN
PROCEDURE go(fichier$)
  PRINT ">JE VERIFIE SI ";fichier$;" EXISTE"
  x%=EXIST(fichier$)
  IF x%=-1
    PRINT fichier$;" EXISTE DEJA !"
    existe!=TRUE
    ~INP(2)
  ELSE
    existe!=FALSE
  ENDIF
  '
  IF existe!=FALSE
    PRINT ">JE CREE ";fichier$
    OPEN "O",#1,fichier$
    PRINT #1,"MAINTENANT VOUS POUVEZ SAUVER UN FICHIER"
    PRINT #1,"SOUS CE NOM, A PARTIR DU SOUNDTRACKER"
    PRINT #1," "
    PRINT #1,"UTILITAIRE PAR DAVID DUCASSOU"
    PRINT #1,"JUILLET 1990, LANDES, FRANCE."
    CLOSE #1
  ENDIF
RETURN
