@install.bild         ! *  Doppelscreen mit Scolling und Füllroutine  *
@main.prg             ! *  v. A. Walthes, Leidlstra×e 3, 8390 Passau  *
@uninstall            ! *  GfA-Basic 2.0/3.0 (?) 14.01.1990 ATARI ST  *
' ============================================================================
DEFFN adr.bld=(VARPTR(bld%(0))+255) AND &HFFFF00  ! Adresse der Füll-Arbeits-
'                                                 ! speichers als Funktion!
DEFFN setscr(l.ad%,p.ad%)=XBIOS(5,L:l.ad%,L:p.ad%,-1)   ! XBIOS(5)-Funktion
' ----------------------------------------------------------------------------
PROCEDURE install.bild
  CLS
  start.res%=FRE(0)               ! Startwerte sichern
  start.scr%=XBIOS(2)
  RESERVE FRE(0)-65000            ! Platz schaffen für 2 Screens
  screen.adr.1%=(INT((HIMEM+2)/256)+1)*256  ! Adresse der ersten Hälfte
  VOID @setscr(screen.adr.1%+16000,screen.adr.1%) ! xbios-Adressen verändern
  BMOVE start.scr%,XBIOS(2),32000 ! Neuen Screenbereich löschen
  BMOVE start.scr%,XBIOS(2)+32000,32000
  REPEAT                          ! Kleine Grafik
    INC b%
    DRAW  TO RND*640,RND*800-200
  UNTIL b%=40
  VOID @setscr(screen.adr.1%,screen.adr.1%) ! xbios-Adressen verändern
  DIM q%(5),z%(5),r%(8)                     ! BITBLT-Parameter
  q%(1)=640                                 ! (Bei GFA-BASIC 3.0 anders?)
  q%(2)=400
  q%(3)=q%(1)/16
  q%(5)=1
  z%(1)=640
  z%(2)=400
  z%(3)=q%(3)
  z%(5)=1
  r%(2)=639
  r%(3)=399
  r%(6)=639
  r%(7)=399
RETURN
' ----------------------------------------------------------------------------
PROCEDURE main.prg
  REPEAT
    REPEAT
      i$=INKEY$
      MOUSE x%,y%,k%
      IF k%=1                  ! Füllen ?
        @new.fill(x%,y%,2,4)   ! Koordinaten und Füllmuster übergeben.
      ENDIF
    UNTIL i$>""
    HIDEM
    IF i$=CHR$(0)+CHR$(72) AND offset%>=1280    ! Nach oben scrollen
      SUB offset%,1280
      VOID @setscr(screen.adr.1%+offset%,screen.adr.1%+offset%)
    ENDIF
    IF i$=CHR$(0)+CHR$(80) AND offset%<=30720   ! Nach unten scrollen
      ADD offset%,1280
      VOID @setscr(screen.adr.1%+offset%,screen.adr.1%+offset%)
    ENDIF
    SHOWM
  UNTIL i$=CHR$(13)            ! Return = Ende
RETURN
' ----------------------------------------------------------------------------
PROCEDURE uninstall
  VOID @setscr(start.scr%,start.scr%)
  RESERVE start.res%
  EDIT
RETURN
' ----------------------------------------------------------------------------
PROCEDURE new.fill(x%,y%,f1%,f2%)
  LOCAL cv%,cb%,gn$,ir%,jr%,ik%,ofst%,erste!,xx$,pe%,as%,gn%
  '
  cv%=XBIOS(3)                    ! Aktuelle Bildschirmadressen sichern
  cb%=XBIOS(2)
  DIM bld%(8190)                  ! Speicher für Zusatzscreen reservieren
  '
  IF y%+(offset%/80)<=399         ! Wenn Füllpunkt in der ersten Bildhälfte,
    ofst%=32000                   !   dann Offset-Startwert 32000
    '                             !   (wird später mit 0 vertauscht)
  ELSE                            ! Ansonsten den zwischen 400 und 799 liegen-
    SUB y%,400                    !   den Y%-Wert an 0-399 Px anpassen.
  ENDIF
  '
  DO
    ofst%=ofst% XOR 32000         ! Bildhälftenadressen-Offset vertauschen
    BMOVE screen.adr.1%+ofst%,@adr.bld,32000   ! Bildhälfte in Arbeitsscreen
    VOID @setscr(@adr.bld,XBIOS(2))            ! moven und XBIOS(3) anpassen.
    DEFFILL ,1,1                  ! Muster der Maske (Schwarz)
    luecke!=-1
    '
    IF erste!=0                   ! Wenn dies erster Schleifendurchgang ist...
      FILL x%,y%+(offset%/80)     ! ...von Startpunkt füllen
    ELSE                          ! Sonst das an den Hälftengrenzen evtl. durch-
      FOR ir%=1 TO 80             !   gebrochene Muster vom letzten Durchgang
        '                         !   weiterlaufen lassen.
        ik%=ASC(MID$(gn$,ir%,1))
        IF ik%                    ! Im Flagstring Gn$ aktuelles Byte als Durch-
          '                       ! bruchstelle vermerkt?
          FOR jr%=0 TO 7
            '                     !   Dann genaue Bits suchen und dort füllen,
            '                     !   falls noch nicht geschehen
            IF (ik% AND (2^(7-jr%))) AND POINT((ir%-1)*8+jr%,(-399)*((ofst%/32000)-1))=0
              IF luecke!=-1
                CLR luecke!
                xx$=xx$+MKI$((ir%-1)*8+jr%)  ! Speichern, wo später Maske noch
                '                            ! gefüllt werden mu×
              ENDIF
              FILL (ir%-1)*8+jr%,(-399)*((ofst%/32000)-1)
            ELSE
              luecke!=TRUE
            ENDIF
          NEXT jr%
        ELSE
          luecke!=TRUE
        ENDIF
      NEXT ir%
    ENDIF
    '
    r%(8)=6                     ! Maske in Arbeitsscreen "ausstanzen"
    q%(0)=screen.adr.1%+ofst%
    z%(0)=@adr.bld
    BITBLT q%(),z%(),r%()
    '
    IF gn$=""                   ! Wenn erster Durchlauf...
      gn$=SPACE$(160)           ! ...Bildzeile an Hälftengrenze holen.
      BMOVE 80*(-399)*((ofst%/32000)-1)+@adr.bld,VARPTR(gn$)+80,80
    ELSE                        ! Sonst...
      FOR a%=1 TO 80            ! ...auch holen, aber evtl. schon bearbeitete
        '                       ! X-Werte ausmaskieren
        pe%=PEEK(@adr.bld-1+a%-80*399*((ofst%/32000)-1))
        as%=ASC(MID$(gn$,a%,1))
        gn%=(as% XOR pe%) AND pe%
        gn$=gn$+CHR$(gn%)
      NEXT a%
    ENDIF
    gn$=MID$(gn$,81)
    '
    DEFFILL ,f1%,f2%            ! Gewünschtes Füllmuster einstellen
    IF erste!=0                 ! Wenn erster Durchlauf...
      erste!=-1
      FILL x%,y%+(offset%/80)   ! ...An Startpunkt füllen
    ELSE                        ! Sonst...
      IF xx$>""                 ! ...An den bei der Maskenerstellung ermittelten
        FOR ir%=1 TO LEN(xx$)/2 !    Stellen füllen.
          FILL CVI(MID$(xx$,ir%*2-1,2)),(-399)*((ofst%/32000)-1)
        NEXT ir%
      ENDIF
    ENDIF
    '
    q%(0)=@adr.bld              ! Das in der Arbeitsscreen stehende Füllmuster
    z%(0)=screen.adr.1%+ofst%   ! auf das Original transparent draufkopieren
    r%(8)=7
    BITBLT q%(),z%(),r%()
    '
    xx$=""
    EXIT IF gn$=STRING$(80,0)   ! Wenn Maske nicht an Hälftengrenze gesto×en
  LOOP                          ! ist, ENDE
  VOID @setscr(cv%,cb%)
  ERASE bld%()
RETURN
' ----------------------------------------------------------------------------
