' CRC4.GFA - optimierter CRC-Algorithmus
' nach dem CCITT-Polynom x^16+x^12+x^5+1
' Written & ½ 1988 by Claus Brod,
'        Am Felsenkeller 2, 8772 Marktheidenfeld
'
' Aus SCHEIBENKLEISTER, dem etwas anderen Floppybuch
'
buf$=""
r$=CHR$(27)+"p"
o$=CHR$(27)+"q"
DO
  CLS
  PRINT r$;"        CRC-Simulator       ";o$
  PRINT r$;" Written 1988 by Claus Brod ";o$
  PRINT "  Aus dem SCHEIBENKLEISTER,"
  PRINT "dem etwas anderen Floppybuch"
  PRINT
  PRINT "(0) Ende"
  PRINT "(1) Puffer erstellen"
  PRINT "(2) Sektor dazulesen"
  PRINT "(3) Prfsumme berechnen"
  PRINT "(4) CRC-Register ausgeben"
  PRINT "(5) Puffer ansehen"
  PRINT
  INPUT choice
  EXIT IF choice=0
  ON choice GOSUB makebuf,getsec,calc_crc,output,showbuf
LOOP
'
'
' Sektorpuffer erstellen / vorbereiten
PROCEDURE makebuf
  PRINT r$;"Puffer erstellen";o$
  PRINT
  INPUT "Puffer l”schen";a$
  IF a$="j" OR a$="J" OR a$="y" OR a$="Y"
    buf$=""
  ENDIF
  DO
    INPUT "N„chstes Byte, -1 fr Ende";wert%
    EXIT IF wert%=-1
    buf$=buf$+CHR$(wert%)
  LOOP
RETURN
'
' An den WD1772 angepažter CRC-Algorithmus
' Fr die Berechnung der Sektorprfsumme muž man
' das CRC-Register mit $CDB4 initialisieren, sonst
' mit $FFFF.
PROCEDURE crcblock
  PRINT AT(10,19);"Bin gerade bei Byte ";
  polynom%=&H1021
  FOR t=1 TO LEN(buf$)
    PRINT AT(30,19);r$;t;o$
    a%=ASC(MID$(buf$,t,1))
    crc%=crc% XOR (a%*256)
    FOR bit%=0 TO 7
      a%=crc%
      crc%=(crc%*2) AND 65535
      IF a% AND &H8000
        crc%=crc% XOR polynom%
      ENDIF
    NEXT bit%
  NEXT t
RETURN
'
' Sektor zum Puffer dazulesen
PROCEDURE getsec
  PRINT r$;"Sektor zum Puffer dazulesen";o$
  PRINT
  REPEAT
    INPUT "Laufwerkskennung (A-P)";l$
    laufwerk%=ASC(UPPER$(l$))-65
  UNTIL laufwerk%>=0 AND laufwerk%<=16
  INPUT "Logische Sektornummer";sec%
  sec$=buf$
  buf$=STRING$(512,0)
  @readsec(laufwerk%,sec%)
  IF fehler%
    PRINT "Fehler ";fehler%
  ENDIF
  buf$=sec$+buf$
RETURN
'
' Sektor per RWABS einlesen
PROCEDURE readsec(drive%,sector%)
  fehler%=BIOS(7,drive%)
  fehler%=BIOS(4,0,L:VARPTR(buf$),1,sector%,drive%)
RETURN
'
' CRC-Berechnung anstožen
PROCEDURE calc_crc
  PRINT r$;"CRC-Prfsumme ber Puffer";o$
  INPUT "CRC-Initialisierung ($CDB4/$FFFF fr WD1772)";crc%
  @crcblock
  @output
RETURN
'
' Ausgabe des CRC-Registers
PROCEDURE output
  PRINT r$;"Ausgabe des CRC-Registers";o$
  PRINT
  PRINT "CRC-Summe          : $";HEX$(crc%)
  VOID INP(2)
RETURN
'
' CRC-Puffer ansehen
' Anhalten mit Tastendruck, Beenden danach mit 'x'
PROCEDURE showbuf
  PRINT r$;"Puffer ansehen";o$
  PRINT
  FOR t=1 TO LEN(buf$) STEP 16
    out$=""
    PRINT RIGHT$("0000"+HEX$(t-1),4);"  ";
    FOR i=0 TO 15
      a=ASC(MID$(buf$,t+i,1))
      IF a>31
        out$=out$+CHR$(a)
      ELSE
        out$=out$+"."
      ENDIF
      PRINT RIGHT$("00"+HEX$(a),2);" ";
    NEXT i
    PRINT " ";out$
    a$=INKEY$
    IF a$<>""
      REPEAT
        a$=INKEY$
      UNTIL a$<>""
    ENDIF
    EXIT IF a$="x" OR a$="X"
  NEXT t
  VOID INP(2)
RETURN
