'
' Klaus Ackermann,
' Kanalweg 1a, 8048 Haimhausen,
' Tel. 08133/1053
'
' (c) MAXON Computer GmbH 1989
'
' Mîglichkeit von Accessories im Gfa-Basic-Editor
PROCEDURE acc                      !Accessorie-Start
  acc_fre%=FRE(0)     ! Grîûe des belegten Speichers
  RESERVE 255+32000   ! Speicher fÅr Accessories freigeben
  SGET acc_screen$    !* Ausgabebildschirm speichern
  ON MENU  GOSUB nicht_vorhanden !* Zur Sicherheit
  ON MENU KEY GOSUB nicht_vorhanden      !* dito
  ON MENU MESSAGE GOSUB nicht_vorhanden  !* dito
  DEFFILL 1,2,4                  !*|Nicht notwendig,
  PBOX -1,-1,640,400             !*|aber schîner
  GOSUB acc_menu
RETURN
PROCEDURE acc_menu
  ERASE acc_menu$()         !* zur Sicherheit
  DIM acc_menu$(11)         !bei Option Base 1: (12)
  acc_marke:                !Beginn der MenÅ-Daten
  DATA  GFA-ACC,  Ende,---------------------,1,2,3,4,5,6,"","",""
  RESTORE acc_marke
  FOR i%=0 TO 11         !bei OPTION BASE 1: 1 TO 12
    READ acc_menu$(i%)
  NEXT i%
  MENU acc_menu$()              !Menu-initiieren
  ON MENU  GOSUB acc_ende       ! Beenden mit erstem MenÅ-Eintrag
  DO
    ON MENU
  LOOP
RETURN
PROCEDURE acc_ende
  SPUT acc_screen$   !* Ausgabebild wiederherstellen
  CLR acc_screen$    !32 kByte zurÅckgeben
  MENU KILL          !ON MENU aufheben
  ERASE acc_menu$()  !Dimensionierung lîschen
  ON BREAK           !Normalen Abbruch einschalten
  RESERVE acc_fre%-255  !Speicher an Basic zurÅck
  END
RETURN
' Ende der Accessorie-Prozeduren ********************
