LET menu_tree%=0 ! RSRC_TREE
LET desk%=3      ! Objekt in Baum 0 (Men》itel)
LET tips%=4      ! Objekt in Baum 0 (Men》itel)
LET icons%=5     ! Objekt in Baum 0 (Men》itel)
LET smily%=6     ! Objekt in Baum 0 (Men》itel)
'
LET myprog%=9    ! Objekt in Baum 0
LET t1%=19       ! Objekt in Baum 0
LET t2%=20       ! Objekt in Baum 0
LET t3%=21       ! Objekt in Baum 0
LET t4%=22       ! Objekt in Baum 0
LET t5%=23       ! Objekt in Baum 0
LET q.uit%=25    ! Objekt in Baum 0
LET ausgang%=37  ! Objekt in Baum 0
'
RESERVE FRE(0)-10000
IF RSRC_LOAD("Menu.rsc")
  ~RSRC_GADDR(0,menu_tree%,menu%)
  ON MENU GOSUB do_menu
  ~MENU_BAR(menu%,1)
  DO
    EXIT IF e.flag!
    ON MENU
  LOOP
  ~MENU_BAR(menu%,0)
  ~RSRC_FREE()
ELSE
  ALERT 1,"'MENU.RSC' konnte nicht|geladen werden !",1,"Return",b%
ENDIF
RESERVE FRE(0)+10000
'
PROCEDURE do_menu
  PRINT AT(11,11);"Men｝unkt-Index :"'MENU(5)'
  IF MENU(5)=myprog%
    ~MENU_TEXT(menu%,myprog%,"Dein Programm")
  ENDIF
  IF MENU(5)=ausgang%
    e.flag!=TRUE
  ENDIF
  IF MENU(4)=tips%
    IF MENU(5)=q.uit%
      FOR n%=t1% TO t5%
        ~MENU_IENABLE(menu%,n%,1)
      NEXT n%
    ELSE
      ~MENU_IENABLE(menu%,MENU(5),0)
    ENDIF
  ENDIF
  ~MENU_TNORMAL(menu%,MENU(4),1)
RETURN
