PROCEDURE dcolor
LOCAL ci%,cxt%,plane%,breit%,cxl%,cyo%,cxr%,cyu%,bbr,ct%,bx2$,button%
LOCAL col$,ctx$,bx$,rgb%,key$,i.mem%,cindex%,ci1%,cbx1%,cby1%,cbx2%,cby2%
LOCAL rot%,gruen%,blau%,ccolor%,cbk%,ci2%,cc1%,cc2%,cbr,dbr,dummy$,exflg%
DIM old_pal%(16),cv%(2,16)
FOR ci%=0 TO 15
old_pal%(ci%)=XBIOS(7,ci%,-1) AND &HFFF
NEXT ci%
cxt%=2-SGN(XBIOS(4))
cyt%=MIN(2,3-XBIOS(4))
GET 0,0,1,1,dummy$
plane%=2^DPEEK(VARPTR(dummy$)+4)
RESTORE convert.table
convert.table:
DATA 0,2,3,6,4,7,5,8,9,10,11,14,12,15,13,1
FOR ci%=0 TO 15
READ ccolor%
cv%(1,ci%)=ccolor%
cv%(2,ccolor%)=ci%
NEXT ci%
IF cxt%=1
IF cyt%=2
cv%(1,3)=1
cv%(2,1)=3
ELSE
cv%(1,1)=1
cv%(2,1)=1
ENDIF
ENDIF
breit%=400/cxt%
cxl%=320/cxt%-breit%/2
cyo%=160/cyt%
cxr%=320/cxt%+breit%/2
cyu%=240/cyt%
GET cxl%,cyo%,cxr%,cyu%,col$
bbr=(breit%-20)/plane%
cbr=(breit%-20)/5
dbr=(breit%-20)/15
DEFFILL ,0,0
PBOX cxl%,cyo%,cxr%,cyu%
BOX cxl%,cyo%,cxr%,cyu%
BOX cxl%+2,cyo%+2,cxr%-2,cyu%-2
FOR ci%=0 TO plane%-1
DEFFILL ci%,2,8
PBOX cxl%+11+ci%*bbr,cyo%+12/cyt%,cxl%+8+ci%*bbr+bbr,cyo%+40/cyt%
BOX cxl%+11+ci%*bbr,cyo%+12/cyt%,cxl%+8+ci%*bbr+bbr,cyo%+40/cyt%
NEXT ci%
FOR ci%=0 TO 4
BOX cxl%+10+ci%*cbr,cyo%+48/cyt%,cxl%+10+ci%*cbr+cbr,cyo%+68/cyt%
NEXT ci%
BOX cxl%+10+4*cbr-1,cyo%+48/cyt%-1,cxl%+11+4*cbr+cbr,cyo%+68/cyt%+1
DEFTEXT 1,,,5/cxt%+cxt%
DEFFILL ,2,8
RESTORE ctext
FOR ci%=0 TO 8
GRAPHMODE 2
READ ctx$
BOX cxl%+9+ci%*dbr,cyo%+48/cyt%,cxl%+9+ci%*dbr+dbr,cyo%+68/cyt%
TEXT cxl%+12+ci%*dbr+(2-cxt%)*3,(cyo%+66/cyt%)-cxt%-4*(2-cyt%),ctx$
IF ci%=0 OR ci%=3 OR ci%=6
GRAPHMODE 3
PBOX cxl%+9+ci%*dbr,cyo%+48/cyt%,cxl%+9+ci%*dbr+dbr,cyo%+68/cyt%
ENDIF
NEXT ci%
ctext:
DATA R,ñ, ,G,ñ, ,B,ñ,
TEXT 362/cxt%+(2-cxt%)*3,(cyo%+66/cyt%)-cxt%-4*(2-cyt%),64/cxt%,"Cancel"
TEXT 434/cxt%+(2-cxt%)*3,(cyo%+66/cyt%)-cxt%-4*(2-cyt%),64/cxt%,"Return"
GET cxl%+9,cyo%+12/cyt%-2,cxl%+10+bbr,cyo%+40/cyt%+2,bx$
BOX cxl%+9,cyo%+12/cyt%-2,cxl%+10+bbr,cyo%+40/cyt%+2
GRAPHMODE 1
rot%=(XBIOS(7,0,-1) AND &HF00)/256
gruen%=(XBIOS(7,0,-1) AND &HF0)/16
blau%=(XBIOS(7,0,-1) AND &HF)
TEXT cxl%+13+2*dbr+(2-cxt%)*3,(cyo%+66/cyt%)-cxt%-4*(2-cyt%),HEX$(rot%)
TEXT cxl%+13+5*dbr+(2-cxt%)*3,(cyo%+66/cyt%)-cxt%-4*(2-cyt%),HEX$(gruen%)
TEXT cxl%+13+8*dbr+(2-cxt%)*3,(cyo%+66/cyt%)-cxt%-4*(2-cyt%),HEX$(blau%)
REPEAT
DO
IF MOUSEK AND MOUSEX>cxl%+9 AND MOUSEX<cxl%+9+11*dbr
IF MOUSEY>cyo%+48/cyt% AND MOUSEY<cyo%+68/cyt%
rgb%=INT((MOUSEX-cxl%-9)/dbr)
IF rgb%=1 OR rgb%=4 OR rgb%=7
IF rgb%=1
IF MOUSEK=1
rot%=(rot%+1) MOD 8
ELSE
DEC rot%
IF rot%<0
rot%=7
ENDIF
ENDIF
ctx$=HEX$(rot%)
TEXT cxl%+13+2*dbr+(2-cxt%)*3,(cyo%+66/cyt%)-cxt%-4*(2-cyt%),ctx$
ENDIF
IF rgb%=4
IF MOUSEK=1
gruen%=(gruen%+1) MOD 8
ELSE
DEC gruen%
IF gruen%<0
gruen%=7
ENDIF
ENDIF
ctx$=HEX$(gruen%)
TEXT cxl%+13+5*dbr+(2-cxt%)*3,(cyo%+66/cyt%)-cxt%-4*(2-cyt%),ctx$
ENDIF
IF rgb%=7
IF MOUSEK=1
blau%=(blau%+1) MOD 8
ELSE
DEC blau%
IF blau%<0
blau%=7
ENDIF
ENDIF
ctx$=HEX$(blau%)
TEXT cxl%+13+8*dbr+(2-cxt%)*3,(cyo%+66/cyt%)-cxt%-4*(2-cyt%),ctx$
ENDIF
VOID XBIOS(7,cv%(2,cindex%),rot%*256+gruen%*16+blau%)
PAUSE 5
ENDIF
ENDIF
ENDIF
key$=INKEY$
button%=MOUSEK
IF MOUSEK AND MOUSEX>cxl%+10+3*cbr AND MOUSEY>cyo%+48/cyt%
IF MOUSEX<cxl%+10+3*cbr+cbr AND MOUSEY<cyo%+68/cyt%
key$=CHR$(27)
ENDIF
ENDIF
IF MOUSEK AND MOUSEX>cxl%+10+4*cbr AND MOUSEY>cyo%+48/cyt%
IF MOUSEX<cxl%+10+4*cbr+cbr AND MOUSEY<cyo%+68/cyt%
key$=CHR$(13)
ENDIF
ENDIF
EXIT IF key$=CHR$(13) OR key$=CHR$(27)
exflg%=0
IF button% AND MOUSEX>cxl%+11 AND MOUSEX<cxr%-11
IF MOUSEY>cyo%+12/cyt% AND MOUSEY<cyo%+40/cyt%
exflg%=1
ENDIF
ENDIF
EXIT IF exflg%
LOOP
IF button% AND (MOUSEX>cxl%+11) AND (MOUSEX<cxr%-11)
IF (MOUSEY>cyo%+12/cyt%) AND (MOUSEY<cyo%+40/cyt%)
IF button%=1
REPEAT
i.mem%=cindex%
REPEAT
IF MOUSEX>cxl%+11 AND MOUSEX<cxr%-11
IF MOUSEY>cyo%+12/cyt% AND MOUSEY<cyo%+40/cyt%
cindex%=MAX(0,MIN(plane%-1,INT((MOUSEX-cxl%-9)/bbr)))
ENDIF
ENDIF
UNTIL MOUSEK=0 OR cindex%<>i.mem%
PUT cxl%+9+i.mem%*bbr,cyo%+12/cyt%-2,bx$
cbx1%=cxl%+9+cindex%*bbr
cby1%=cyo%+12/cyt%-2
cbx2%=cxl%+10+cindex%*bbr+bbr
cby2%=cyo%+40/cyt%+2
GET cbx1%,cby1%,cbx2%,cby2%,bx$
BOX cbx1%,cby1%,cbx2%,cby2%
rot%=(XBIOS(7,cv%(2,cindex%),-1) AND &HF00)/256
gruen%=(XBIOS(7,cv%(2,cindex%),-1) AND &HF0)/16
blau%=(XBIOS(7,cv%(2,cindex%),-1) AND &HF)
ctx$=HEX$(rot%)
TEXT cxl%+13+2*dbr+(2-cxt%)*3,(cyo%+66/cyt%)-cxt%-4*(2-cyt%),ctx$
ctx$=HEX$(gruen%)
TEXT cxl%+13+5*dbr+(2-cxt%)*3,(cyo%+66/cyt%)-cxt%-4*(2-cyt%),ctx$
ctx$=HEX$(blau%)
TEXT cxl%+13+8*dbr+(2-cxt%)*3,(cyo%+66/cyt%)-cxt%-4*(2-cyt%),ctx$
UNTIL MOUSEK=0
ELSE
ci1%=INT((MOUSEX-cxl%-9)/bbr)
GET cxl%+10,cyo%+12/cyt%-1,cxr%-9,cyo%+44/cyt%+1,bx2$
cbx1%=cxl%+10+ci1%*bbr
cby1%=cyo%+12/cyt%-1
cbx2%=cxl%+9+ci1%*bbr+bbr
cby2%=cyo%+40/cyt%+1
BOX cbx1%,cby1%,cbx2%,cby2%
REPEAT
UNTIL MOUSEK=0
DO
IF TIMER-ct%>50
ct%=TIMER
PUT cxl%+10,cyo%+12/cyt%-1,bx2$
GET cxl%+10,cyo%+12/cyt%-1,cxr%-9,cyo%+40/cyt%+1,bx2$
PAUSE 2
BOX cbx1%,cby1%,cbx2%,cby2%
ENDIF
exflg%=0
IF MOUSEK AND MOUSEX>cxl%+11 AND MOUSEX<cxr%-11
IF MOUSEY>cyo%+12/cyt% AND MOUSEY<cyo%+40/cyt%
exflg%=1
ENDIF
ENDIF
EXIT IF exflg%
LOOP
ci2%=INT((MOUSEX-cxl%-9)/bbr)
cbx1%=cxl%+10+ci2%*bbr
cbx2%=cxl%+9+ci2%*bbr+bbr
BOX cbx1%,cby1%,cbx2%,cby2%
cc1%=XBIOS(7,cv%(2,ci1%),-1)
cc2%=XBIOS(7,cv%(2,ci2%),-1)
IF MOUSEK=1
VOID XBIOS(7,cv%(2,ci1%),cc2%)
ENDIF
VOID XBIOS(7,cv%(2,ci2%),cc1%)
rot%=(XBIOS(7,cv%(2,cindex%),-1) AND &HF00)/256
gruen%=(XBIOS(7,cv%(2,cindex%),-1) AND &HF0)/16
blau%=(XBIOS(7,cv%(2,cindex%),-1) AND &HF)
ctx$=HEX$(rot%)
TEXT cxl%+13+2*dbr+(2-cxt%)*3,(cyo%+66/cyt%)-cxt%-4*(2-cyt%),ctx$
ctx$=HEX$(gruen%)
TEXT cxl%+13+5*dbr+(2-cxt%)*3,(cyo%+66/cyt%)-cxt%-4*(2-cyt%),ctx$
ctx$=HEX$(blau%)
TEXT cxl%+13+8*dbr+(2-cxt%)*3,(cyo%+66/cyt%)-cxt%-4*(2-cyt%),ctx$
PAUSE 10
PUT cxl%+10,cyo%+12/cyt%-1,bx2$
ENDIF
ENDIF
ENDIF
UNTIL key$=CHR$(13) OR key$=CHR$(27)
IF key$=CHR$(27)
FOR ci%=0 TO 15
VOID XBIOS(7,ci%,old_pal%(ci%))
NEXT ci%
ENDIF
PUT cxl%,cyo%,col$
ERASE old_pal%()
ERASE cv%()
RETURN
