PROCEDURE fsave(datname$)
  IF RIGHT$(datname$,4)<>".FND"
    IF LEN(datname$)<9 AND INSTR(datname$,".")=0
      BSAVE datname$+".FND",BASEPAGE+93364,128
    ENDIF
  ENDIF
RETURN
PROCEDURE fload(datname$)
  IF EXIST(datname$+".FND")
    BLOAD datname$+".FND",BASEPAGE+93364
  ENDIF
RETURN
PROCEDURE fline(idx%)
  LOCAL bf$,bp%
  IF idx%=>0 AND idx%<=1
    bp%=BASEPAGE
    bf$=SPACE$(LEN(CHAR{{bp%+24}}))
    BMOVE {bp%+24},bp%+93364+idx%*64,MAX(61,LEN(bf$))
    POKE bp%+93364+idx%*64+MAX(61,LEN(bf$))+1,0
  ENDIF
RETURN
