' VDISYS 35                         -CURRENT POLYLINE ATTRIBUTS-
'
v_h%=DPEEK(VDIBASE+40) ! fÅr V2.xx
' V_h%=V~H             ! fÅr V3.0
@getline(v_h%,*lcol%,*ltyp%,*lthic%,*lsta%,*lend%,*gmod%)
PRINT "Aktuell: DEFLINE ";ltyp%;",";lthic%;
PRINT ",";lsta%;",";lend%
PRINT "         COLOR ";lcol%
PRINT "         GRAPHMODE ";gmod%
PROCEDURE getline(handle%,l1%,l2%,l3%,l4%,l5%,l6%)
  LOCAL buff$
  buff$=MKL$(0)+MKL$(0)+MKL$(0)+MKI$(handle%)
  BMOVE VARPTR(buff$),CONTRL,14
  VDISYS 35
  *l2%=DPEEK(INTOUT)
  *l1%=DPEEK(INTOUT+2)
  *l6%=DPEEK(INTOUT+4)
  *l4%=DPEEK(INTOUT+6)
  *l5%=DPEEK(INTOUT+8)
  *l3%=DPEEK(PTSOUT)
RETURN
