' XBIOS(16)-Beispiel
'
ON BREAK CONTadr%=XBIOS(16,-1,-1,-1)
a$=SPACE$(128)
BMOVE LPEEK(adr%),VARPTR(a$),128
b$=CHR$(242)+CHR$(243)+CHR$(244)+CHR$(245)+CHR$(246)
b$=b$+CHR$(247)+CHR$(251)+CHR$(252)+CHR$(253)+CHR$(254)
c$=CHR$(23)+CHR$(24)+CHR$(25)+CHR$(20)+CHR$(21)
c$=c$+CHR$(22)+CHR$(17)+CHR$(18)+CHR$(19)+CHR$(16)
FOR i%=17 TO 25
  d$=d$+CHR$(i%)
NEXT i%
d$=d$+CHR$(16)
MID$(a$,60,10)=b$
MID$(a$,104,10)=c$
MID$(a$,3,10)=d$
VOID XBIOS(16,L:VARPTR(a$),L:-1,L:-1)
PRINT "F1-F10 oder Zifferntaste drcken"
PRINT "     (andere Taste=Abbruch)"
REPEAT
  key%=INP(2)
  OUT 5,key%
UNTIL key%>25 AND key%<242
VOID XBIOS(24)
