' LINE 0,85,319,85
y1%=50
y2%=50
FOR i=PI/2 TO (PI-10*(2*PI/180)) STEP 2*PI/180
  CLS
  VSYNC
  y%=85-85*ABS(SIN(i))
  ym%=y%+100
  yn%=y%
  BOX x,yn%,x+100,ym%
  x=x+1
  fuck
NEXT i
ym%=y%+100
FOR i=(PI-10*(2*PI/180)) TO PI STEP 2*PI/180
  CLS
  VSYNC
  y%=85-85*ABS(SIN(i))
  yn%=y%
  BOX x,yn%,x+100,ym%
  x=x+1
  fuck
NEXT i
FOR a=0 TO 24
  CLS
  VSYNC
  yn%=y%
  BOX x,yn%,x+100,ym%
  x=x+1
  fuck
NEXT a
' ~INP(2)
FOR i=PI TO (PI+10*2*PI/180) STEP 2*PI/180
  a$=STRING$(10000,0)
  buffer=VARPTR(a$)
  CLS
  VSYNC
  y%=85-85*ABS(SIN(i))
  yn%=y%
  BOX x,yn%,x+100,ym%
  x=x+1
  fuck
NEXT i
n%=40
m%=10
FOR j=0 TO 4
  FOR o=PI/2 TO 5*PI/2 STEP 2*PI/(45/8)
    CLS
    VSYNC
    i=i+2*PI/180
    y%=85-85*ABS(SIN(i))
    y1%=(n%+m%*SIN(o))
    y2%=(n%+m%*SIN(o))
    yn%=y+50-y1%
    ym%=y%+50+y2%
    BOX x,yn%,x+100,ym%
    x=x+1
    fuck
  NEXT o
  n%=n%+2
  m%=m%-2
  '  ~INP(2)
NEXT j
~INP(2)
z=i
FOR i=z TO 2*PI STEP 2*PI/180
  y%=85-85*ABS(SIN(i))
  DRAW x,y%
  x=x+1
NEXT i
FOR a=0 TO 24
  DRAW x,85
  x=x+1
NEXT a
FOR i=0 TO PI/2 STEP 2*PI/180
  y%=85-85*ABS(SIN(i))
  DRAW x,y%
  x=x+1
NEXT i
~INP(2)
EDIT
PROCEDURE fuck
  h%=ym%-yn%
  inc=h%/100
  yr=0
  FOR n1%=0 TO 99
    yr=yr+inc
    DPOKE buffer,INT(yr)*160
    PRINT INT(yr)
    buffer=buffer+2
  NEXT n1%
RETURN
