.**************************************************
.****** ROUTINE PERMETANT D'ADMIRER DE LA 2D ******
.******        By SUCKER From T.S.F.         ******
.****** RELEASE 10/07/92            AT 09H25 ******
.**************************************************
SETCOLOR 0,0
SETCOLOR 15,&H777
it%=8
am=50
l%=320
DIM h%(2^it%)
h%(0)=INT(RND*100)+50
h%(1)=INT(RND*100)+50
n%=1
FOR i%=1 TO it%
  PRINT AT(1,1);"Calcul ..."
  FOR j%=n% DOWNTO 1
    h%(j%*2)=h%(j%)
  NEXT j%
  FOR j%=1 TO n%*2-1 STEP 2
    h%(j%)=(h%(j%+1)+h%(j%-1))/2+INT(RND*(2*am))-am
  NEXT j%
  n%=n%*2
  am=am/2
  CLS
  PRINT " Stade ",i%
  PLOT 0,h%(0)
  FOR j%=0 TO n%
    DRAW  TO (j%/n%)*l%,h%(j%)
  NEXT j%
  VOID INP(2)
NEXT i%
FILL 0,199
VOID INP(2)
