' gfa punch 29
' reduction d'une image
reduc%=3
FILESELECT "a:*.pi1","",nom$
DIM a$(319/reduc%),a%(32255/4)
VOID XBIOS(5,L:-1,L:V:a%(0)+255,-1)
BLOAD nom$+".pi1",XBIOS(3)-34
VOID XBIOS(6,L:XBIOS(3)-32)
FOR i%=0 TO 199 STEP reduc%
  GET 0,i%,319,i%,a$(i%/reduc%)
  PUT 0,i%/reduc%,a$(i%/reduc%)
NEXT i%
FOR i%=0 TO 319 STEP reduc%
  GET i%,0,i%,199/reduc%,a$(i%/reduc%)
NEXT i%
CLS
FOR i%=0 TO 319/reduc%
  PUT i%,0,a$(i%)
NEXT i%
VOID XBIOS(5,L:-1,L:XBIOS(3),-1)
VOID INP(2)
EDIT
