'
' Fensterkoordinaten aufl”sungsunabh„ngig speichern.
'
'                 von Manuel Hermann
'                 fr das TOS-Magazin
'                 (c) 1992 ICP-Verlag
'
DIM xy&(3),xy_ind&(3)                       !jeweils vier Koordinaten
'
breite&=WORK_OUT(0)                         !aktuelle Desktopbreite
hoehe&=WORK_OUT(1)                          !aktuelle Desktoph”he
'
xy&(0)=320/2                                !Feld enth„lt Fenstergr”že
xy&(1)=200/2
xy&(2)=320
xy&(3)=200
'
'
' fl!=TRUE  -> Koordinaten relativ speichern
' fl!=FALSE -> Koordinaten laden und Ausschnitt darstellen
'
fl!=TRUE
'
IF fl!
  BOX xy&(0),xy&(1),xy&(0)+xy&(2),xy&(1)+xy&(3) !zeichnen
  '
  res_ind(0,V:xy&(0),V:xy_ind&(0),breite&,hoehe&)
  BSAVE "RES_IND.DAT",V:xy_ind&(0),8        !Feld speichern
ELSE
  BLOAD "RES_IND.DAT",V:xy_ind&(0)          !Feld laden
  res_ind(-1,V:xy_ind&(0),V:xy&(0),breite&,hoehe&)
  '
  BOX xy&(0),xy&(1),xy&(0)+xy&(2),xy&(1)+xy&(3) !zeichnen
ENDIF
'
~INP(2)
EDIT
'
'
PROCEDURE res_ind(flag!,quelle%,ziel%,b&,h&)
  '
  ' flag!=0  -> absolute Koordinaten in relative umrechnen
  ' flag!<>0 -> relative Koordinaten in absolute umrechnen
  '
  IF flag!=0
    DPOKE ziel%,ROUND(DPEEK(quelle%)/b&*100)
    DPOKE ziel%+2,ROUND(DPEEK(quelle%+2)/h&*100)
    DPOKE ziel%+4,ROUND(DPEEK(quelle%+4)/b&*100)
    DPOKE ziel%+6,ROUND(DPEEK(quelle%+6)/h&*100)
  ELSE
    DPOKE ziel%,ROUND(DPEEK(quelle%)*b&/100)
    DPOKE ziel%+2,ROUND(DPEEK(quelle%+2)*h&/100)
    DPOKE ziel%+4,ROUND(DPEEK(quelle%+4)*b&/100)
    DPOKE ziel%+6,ROUND(DPEEK(quelle%+6)*h&/100)
  ENDIF
RETURN
