' ***                                             ***
' ***           BASIC DMA SAMPLE REPLAY           ***
' *** Knocked Up By Professor Of Virtual Infinity ***
' ***                                             ***
'
store%=50*1024
DIM samp|(store%-1)
IF NOT @dma.found
  PRINT " THIS PROGRAM REQUIRES A DMA CHIP!!"
  ~INP(2)
ELSE
  fload$="signed_sample"             !** Sample To Load **
  dma%=&HFF8901
  OPEN "I",#1,fload$
  leng%=LOF(#1)
  CLOSE #1
  IF leng%<=store%
    addr%=V:samp|(0)
    BLOAD fload$,addr%
    dma.ctrl(40,20,20,12,12,0)
    dma.set(addr%,addr%+leng%,&H81)
    SPOKE dma%,1
  ELSE
    PRINT "ERROR: INSUFFICIENT STORAGE!!"
    ~INP(2)
  ENDIF
ENDIF
EDIT
'
'
'
'
FUNCTION dma.found          !~~Please refer to DMA_PLAY.TXT for a description~~
  LOCAL cookie%,dma!,label%,value%
  cookie%=LPEEK(&H5A0)
  dma!=FALSE
  IF cookie%<>0
    REPEAT
      label%=LPEEK(cookie%)
      value%=LPEEK(cookie%+&H4)
      ADD cookie%,&H8
    UNTIL label%=&H0 OR label%=&H5F534E44
    IF label%<>&H0 AND value% AND 2
      dma!=TRUE
    ENDIF
  ENDIF
  RETURN dma!
ENDFUNC
'
'
'
'
PROCEDURE dma.set(start%,stop%,rate|)
  SPOKE &HFF8901,0          !~~Please refer to DMA_PLAY.TXT for a description~~
  SPOKE &HFF8903,start% DIV &H10000
  SPOKE &HFF8905,start% DIV &H100
  SPOKE &HFF8907,start% AND &HFF
  SPOKE &HFF8908,start% DIV &H10000
  SPOKE &HFF890B,start% DIV &H100
  SPOKE &HFF890D,start% AND &HFF
  SPOKE &HFF890F,stop% DIV &H10000
  SPOKE &HFF8911,stop% DIV &H100
  SPOKE &HFF8913,stop% AND &HFF
  SPOKE &HFF8921,rate|
RETURN
'
'
'
'
PROCEDURE dma.ctrl(mast|,left|,right|,treb|,bass|,mix|)
  MW_OUT &H7FF,&H400+mix|   !~~Please refer to DMA_PLAY.TXT for a description~~
  MW_OUT &H7FF,&H440+bass|
  MW_OUT &H7FF,&H480+treb|
  MW_OUT &H7FF,&H4C0+mast|
  MW_OUT &H7FF,&H500+left|
  MW_OUT &H7FF,&H540+right|
RETURN
