
  ETU 522 ETA 08:42 RTA

    4 :  3 Sonden
   54 :  1 Pylon
   62 :  2 Sonden

   92 :  1 Assimilator
   97 :  1 Sonde
  113 :  1 Warpknoten

  120 :  1 Sonde
  124 : => sende 3 Sonden -> Assimilator
  142 :  1 Sonde

  150 :  1 Pylon
  159 :  1 Sonde
  169 :  1 Pylon

  176 :  1 Sonde
  186 :  1 Pylon
  203 : Kybernetikkern

  219 :  1 Assimilator
  233 :  2 Warpknoten
  254 : => sende 3 Sonden -> Assimilator

  269 : Zirkel des Zwielichts
  289 :  6 Hetzer
  398 : => sende Sonden -> Mineralien

  406 : Blink
  418 :  4 Hetzer
  522 : END OF PATH

Info: 6 Zeitschleifen auf Blink
