.##############################
.### ­ ZoOm ! By GAIA/NOTEC ###
.##############################
.
INLINE dos%,32
super%=GEMDOS(32,L:0)
BMOVE &HFFFF8240,dos%,32
OUT 4,18
HIDEM
SPOKE &H484,0
xb%=XBIOS(2)
pal$=SPACE$(32)
pal%=V:pal$
ecr$=SPACE$(62*160)
ecr%=V:ecr$
ecr0$=SPACE$(62*160)
ecr0%=V:ecr0$
ecr1$=SPACE$(62*160)
ecr1%=V:ecr1$
OPEN "i",#1,"a:\graphx\i_amndis.pi1"
SEEK #1,2
BGET #1,pal%,32
BGET #1,ecr%,62*160
CLOSE
BMOVE pal%,&HFFFF8240,32
.
x=10
DO
  @zoom(20,20,x,30)
  INC x
LOOP UNTIL PEEK(&HFFFFFC02)=57 OR x=160
.
BMOVE dos%,&HFFFF8240,32
OUT 4,8
SPOKE &H484,3
VOID GEMDOS(32,L:super%)
EDIT
.
> PROCEDURE zoom(px%,py%,fx%,fy%)
  .
  tx%=160
  ty%=62
  dx%=0
  pasx=tx%/fx%
  FOR x=0 TO tx%-1 STEP pasx
    RC_COPY ecr%,x,0,1,62 TO ecr0%,dx%,0
    INC dx%
  NEXT x
  dy%=0
  pasy=ty%/fy%
  FOR y=0 TO ty%-1 STEP pasy
    RC_COPY ecr0%,0,y,fx%+1,1 TO ecr1%,0,dy%
    INC dy%
  NEXT y
  RC_COPY ecr1%,0,0,fx%+1,fy%+1 TO xb%,px%,py%
  .
RETURN
