Informationen zum Fractals-Programm                    Berlin, 6. 1.1988

Hardware-Anforderungen:
- ATARI ST mit mind. 500 kB verfügbarem (!) RAM  
- Monochrom-Monitor
- Harddisk sehr empfehlenswert; RAM-Disk nur bei MEGA ST's zu gebrauchen!

Inhalt auf der Diskette:
- FRACTALS-Quellcode in GFA-Basic V 2.0, ungeschützt
- compilierte Version
- FRACTALS - Ordner mit der Apfelmännchen-Grundfigur und weiteren Bildern
- das, was Sie hier gerade lesen

Da das Programm aus reinem Idealismus entstand, verzichten die Programm-
autoren auf irgendwelche Gagen - das Programm  darf (und soll !) frei
weitergegeben werden, wenn's geht zum Disketten-Selbstkostenpreis !

Wichtigste Neuerungen gegenüber der letzten Version (Juli 1987):
-  Iteration der Mandelbrot- und der Juliamenge
-  dreidimensionale Darstellung von Fractals
-  Tiefenwerte bis 1023 
Verbessert wurde fast alles; z.B.:
-  Iteration nochmals um ca. 30% beschleunigt !! 
-  Tiefenwertverteilung sofort verfügbar
-  Druckroutine schneller
-  Fractals bis Bildschirmgrö×e
-  vereinfachte Farbeinstellung
-  integriertes ausführliches Hilfsmenü

Die Tiefenwert-Dateien der ersten Version können mit diesem Programm
nicht mehr verarbeitet werden - anderes Datenformat !!

Wir würden uns auf ein positives Echo freuen und sind gespannt auf sensatio-
nelle Entdeckungen in der Mandelbrot- und Julia-Menge !

            Martin Hansen
            Harald Hansen   Weserstr. 82   1000 Berlin 44

Als Zugabe befinden sich die Progamme ("Hénon" und "Life") auf der Diskette.
Zum Programm "Hénon" :
Dieses Programm basiert auf den Computer-Kurzweil-Artikel in der "Spektrum
der Wissenschaft" Nr. 10/87. Hénon-Abbildungen sind Abbildungen dynamischer
Systeme ähnlich den "Feigenbäumen", um es stark vereinfacht auszudrücken.
Das im Artikel geg. Gleichungssystem habe ich leicht modifiziert:

             x <- x * cos(a) - (y - x²) * sin(a)

             y <- x * sin(b) + (y - x²) * cos(b)
                                               
In meinem Programm können nun alle zur Darstellung relevanten Daten einge-
geben werden. Mit den Parametern "a" und "b" wird ein System definiert.
"Xmin" und "Xmax" beschreibt den Wertebereich, den das Programm in
"Xschritt" durchläuft. Mit "Anz.punkte" wird die Anzahl der auszugebenden
Punkte pro Schrittweite bestimmt. Es werden also insgesamt "Xschritt" *
"Anz.punkte" ausgerechnet und - wenn möglich - auf den SW-Monitor gebracht.
Einige Beispiel-Parameter:

       A       B        Xmin        Xmax        Xschritt     Anz.punkte

1.)    2.56    2.65     0.01        1.0         100          300
2.)    1.573   1.61     0.1         0.9          80          350
3.)    1.573   1.32     0.01        0.9         200          200
4.)    3.287   3.119    0           1.0         100          300
5.)    3.287   3.433    0           0.7         100          300
6.)    5.119   5.229    0.1         0.8         100          300

Es hat keinen Sinn, Xmax zu erhöhen, da bei Werten über 1 das obige System
sehr schnell ins Chaos abgleitet !  Das Programm sollte compiliert werden;
leider war auf der Diskette für das "Prg"-File kein Platz mehr vorhanden.

Das "Life"-Programm arbeitet von selbst und kann nur mit der Stoptasten-
Kombination unterbrochen werden (Contrl/Shift/Alternate). In Maschinen-
sprache gibt es natürlich sehr viel schnellere Programme, dieses lä×t sich
aber sehr einfach noch ausbauen (z.B. Eingabe best. Figuren).

