New text file                           *
Open a text file                        *
Close a window                          *
Close all windows                       *
Insert a file                           *
Revenir Ö la derniäre version           *
Save the text                           *
Save the text in a new file             *
Print the text                          *
History of the opened files             *
Quit Overedit                           *
Undo the previous action                *
Redo the previous action                *
Copy the selected block                 *
Cut the selected block                  *
Insert the copied text                  *
Select all the text                     *
Find or replace a string                *
Go to the a line                        *
Top the next window                     *
Tile windows horizontally               *
Tile windows vertically                 *
List of opened windows                  *
Top a window                            *
Fontify the window buffer               *
Select a project                        *
Compile the current source file         *
Link the project                        *
Assemble the current source file        *
Compile and link the project            *
Make dependencies on the projet files   *
Compile and link all the projet objects *
Run the program                         *
Debug the program                       *
Set development tools options           *
Set the C editor options                *
Access Advanced functions               *
Choose a font                           *
Set program parameters                  *
Save all parameters                     *
Access to OVEREDIT help (ST-GUIDE)      *
Index of OVEREIT help (ST-GUIDE)        *
Overedit Main menu help (ST-GUIDE)      *
Access to Advanced functions help       *
Configure help                          *
