Rem ##########################################################################
Rem ##                          Sprite - Editor                             ##
Rem ##########################################################################
Rem ##                Copyright 1986,  GFA Systemtechnik                    ##
Rem ## -------------------------------------------------------------------- ##
Rem ##                Written by :                                          ##
Rem ##                   Arnfried Griesert                                  ##
Rem ##                         Montanusstr. 8                               ##
Rem ##                              5653 Leichlingen 1                      ##
Rem ##  Translated by: Thomas F. Collins, Las Vegas, Nevada, USA            ##
Rem ##      GFA BASIC: distributed in the UK by The Glentop Press           ##
Rem ##########################################################################
If Xbios(4)<>2 Then
  Alert 3,"The Sprite-Editor works|only in high resolution|with monochrome monitors",1,"Exit",Dummy%
  End
Endif
On Break Cont
Dim Sprite_foreground(15,15),Sprite_background(15,15)
'
' ============================================================================
' Display Sprite Builder Screen
' ============================================================================
Deffill 1,2,4
Pbox 0,0,639,399
Deffill 1,2,8
Pbox 55,15,595,55
Pbox 35,75,625,290
Prbox 55,305,605,395
Deffill 1,0
Pbox 50,10,590,50
Pbox 30,70,620,285
Prbox 50,300,600,390
Box 440,100,600,260
Deftext 1,6,0,32
Text 72,42,"Sprite & Mouse - Editor by GFA"
Graphmode 2
Deftext 0,1,900,6
Text 15,385,377," ½ Copyright 1989,  GFA Data Media UK "
Deftext 1,17
Text 15,385," ½ Copyright 1989,  GFA Data Media UK "
Deftext 1,1,0,4
Text 50,280,550,"GFA Basic:  Distributed in the UK by GFA Data Media UK"
Line 30,270,620,270
Graphmode 1
For I%=0 To 16
  Line 50,100+I%*10,210,100+I%*10
  Line 250,100+I%*10,410,100+I%*10
  Line 50+I%*10,100,50+I%*10,260
  Line 250+I%*10,100,250+I%*10,260
Next I%
Deffill 1,2,8
Pbox 53+X_position%*10,103+Y_position%*10,57+X_position%*10,107+Y_position%*10
Pbox 253+X_position%*10,103+Y_position%*10,257+X_position%*10,107+Y_position%*10
Rbox 450,110,515,250
Prbox 525,110,590,250
Deftext 1,16,0,13
Text 68,90,"Sprite shape"
Text 268,90," Mask shape"
Text 445,90,"Finished Sprite"
Deftext 1,0
Text 72,316,"F1 = Load Sprite"
Text 72,338,"F2 = Save as Editor-File"
Text 72,360,"F3 = Save as Sprite-File"
Text 370,316,"F4 = Save as Mouse-File"
Text 370,338,"F5 = Erase Sprite"
Text 370,360,"F10= Exit"
Line 50,368,600,368
Text 205,386,"      = Select action"
Repeat
  Repeat
    Repeat
      If Mousek<>0 And Mousey>=100 And Mousey<259 Then
        Gosub Inquiry
      Endif
      Keyin$=Inkey$
    Until Len(Keyin$)=2
    Key_asc%=Asc(Right$(Keyin$))-58
    If Key_asc%>=1 And Key_asc%<=5 Then
      On Key_asc% Gosub Sprite_loader,Ed_store,Sp_store,Mo_store,Erase
    Endif
    If Key_asc%=14 Or Key_asc%=17 Or Key_asc%=19 Or Key_asc%=22 Then
      X%=X_position%
      Y%=Y_position%
      If Key_asc%=14 Then
        Y_position%=Y_position%-1-16*(Y_position%=0)
      Endif
      If Key_asc%=17 Then
        X_position%=X_position%-1-16*(X_position%=0)
      Endif
      If Key_asc%=19 Then
        X_position%=X_position%+1+16*(X_position%=15)
      Endif
      If Key_asc%=22 Then
        Y_position%=Y_position%+1+16*(Y_position%=15)
      Endif
      Gosub Draw_sprite
      Graphmode 3
      Deffill 1,2,8
      For I%=0 To 4
        Line 53+X_position%*10,103+I%+Y_position%*10,57+X_position%*10,103+I%+Y_position%*10
        Pbox 253+X_position%*10,103+I%+Y_position%*10,257+X_position%*10,103+I%+Y_position%*10
      Next I%
      Graphmode 1
    Endif
  Until Key_asc%=10
  Alert 2,"Do you want to|exit this|wonderful program ?",1,"Yes|No",Key_asc%
Until Key_asc%=1
Color 1
For I%=0 To 320
  Box I%,I%,639-I%,399-I%/320*200
Next I%
Deffill 0,2,8
Pbox 0,0,639,399
New
End
'
' ============================================================================
' Load Sprites from *.SHP-File
' ============================================================================
Procedure Sprite_loader
  Local A$,Foregrnd,Backgrnd
  Repeat
    Fileselect "\*.SHP",B$,A$
  Until Len(A$)<>1
  If Len(A$)>1 Then
    If Exist(A$) Then
      B$=Right$(A$,Len(A$)-1)
      Open "I",#1,A$
      Input #1,X_position%,Y_position%
      For Y%=0 To 15
        Input #1,Foregrnd,Backgrnd
        For X%=0 To 15
          If Foregrnd>=2^(15-X%) Then
            Let Foregrnd=Foregrnd-2^(15-X%)
            Let Sprite_foreground(X%,Y%)=1
          Else
            Let Sprite_foreground(X%,Y%)=0
          Endif
          If Backgrnd>=2^(15-X%) Then
            Backgrnd=Backgrnd-2^(15-X%)
            Let Sprite_background(X%,Y%)=1
          Else
            Let Sprite_background(X%,Y%)=0
          Endif
        Next X%
      Next Y%
      Close #1
      For X%=0 To 15
        For Y%=0 To 15
          Gosub Draw_sprite
        Next Y%
      Next X%
    Else
      Alert 1,"Data does not exist.",1,"Oh dear",Dummy%
    Endif
  Endif
Return
'
' ============================================================================
' Store Sprites for later use by Sprite-Editor
' ============================================================================
Procedure Ed_store
  Local A$,Foregrnd,Backgrnd
  Repeat
    Fileselect "\*.SHP",B$,A$
  Until Len(A$)<>1
  If Len(A$)>1 Then
    B$=Right$(A$,Len(A$)-1)
    Open "O",#1,A$
    Print #1;X_position%
    Print #1;Y_position%
    For Y%=0 To 15
      Let Foregrnd=0
      Backgrnd=0
      For X%=0 To 15
        If Sprite_foreground(X%,Y%)=1 Then
          Let Foregrnd=Foregrnd+2^(15-X%)
        Endif
        If Sprite_background(X%,Y%)=1 Then
          Backgrnd=Backgrnd+2^(15-X%)
        Endif
      Next X%
      Print #1;Foregrnd
      Print #1;Backgrnd
    Next Y%
    Close #1
  Endif
Return
'
' ============================================================================
' Store for final Basic listing                    (for the Sprite)
' ============================================================================
Procedure Sp_store
  Local A$,Foregrnd,Backgrnd,Dummy%
  Repeat
    Fileselect "\*.LST",B1$,A$
  Until Len(A$)<>1
  If Len(A$)>1 Then
    Shape$=A$
    While Instr(Shape$,"\")<>0
      Dummy%=Len(Shape$)-Instr(Shape$,"\")
      Shape$=Right$(Shape$,Dummy%)
    Wend
    Dummy%=Instr(Shape$,".")
    If Dummy%<>0 Then
      Shape$=Left$(Shape$,Dummy%-1)
    Else
      A$=A$+".LST"
    Endif
    B1$=Right$(A$,Len(A$)-1)
    Open "O",#1,A$
    Print #1;"'"
    Print #1;"' Sprite-Convert data in string "
    Print #1;"let ";Shape$;"$=MKI$("+Str$(X_position%)+")+MKI$("+Str$(Y_position%)+")+MKI$(0)"
    Print #1;"let ";Shape$;"$=";Shape$;"$+MKI$(0)+MKI$(1)"
    Print #1;"for i%=1 to 16"
    Print #1;"read foregrnd,backgrnd"
    Print #1;"let ";Shape$;"$=";Shape$;"$+MKI$(backgrnd)+MKI$(foregrnd)"
    Print #1;"next i%"
    Print #1;"data ";
    For I%=0 To 7
      Let Foregrnd=0
      Backgrnd=0
      For X%=0 To 15
        If Sprite_foreground(X%,I%)=1 Then
          Let Foregrnd=Foregrnd+2^(15-X%)
        Endif
        If Sprite_background(X%,I%)=1 Then
          Backgrnd=Backgrnd+2^(15-X%)
        Endif
      Next X%
      Print #1;Str$(Foregrnd);",";Str$(Backgrnd);
      If I%<>7 Then
        Print #1;",";
      Else
        Print #1
      Endif
    Next I%
    Print #1;"data";
    For I%=8 To 15
      Let Foregrnd=0
      Backgrnd=0
      For X%=0 To 15
        If Sprite_foreground(X%,I%)=1 Then
          Let Foregrnd=Foregrnd+2^(15-X%)
        Endif
        If Sprite_background(X%,I%)=1 Then
          Backgrnd=Backgrnd+2^(15-X%)
        Endif
      Next X%
      Print #1;Str$(Foregrnd);",";Str$(Backgrnd);
      If I%<>15 Then
        Print #1;",";
      Else
        Print #1
      Endif
    Next I%
    Close #1
  Endif
Return
'
' ============================================================================
' Store the final Basic listing                    (for the Mouse)
' ============================================================================
Procedure Mo_store
  Local Foregrnd,Backgrnd,Dummy%
  Repeat
    Fileselect "\*.LST",B1$,A$
  Until Len(A$)<>1
  If Len(A$)>1 Then
    Shape$=A$
    While Instr(Shape$,"\")<>0
      Dummy%=Len(Shape$)-Instr(Shape$,"\")
      Shape$=Right$(Shape$,Dummy%)
    Wend
    Dummy%=Instr(Shape$,".")
    If Dummy%<>0 Then
      Shape$=Left$(Shape$,Dummy%-1)
    Else
      A$=A$+".LST"
    Endif
    B1$=Right$(A$,Len(A$)-1)
    Open "O",#1,A$
    Print #1;"'"
    Print #1;"' Mouse-Convert data in string"
    Print #1;"let ";Shape$;"$=MKI$("+Str$(X_position%)+")+MKI$("+Str$(Y_position%)+")+MKI$(1)"
    Print #1;"let ";Shape$;"$=";Shape$;"$+MKI$(0)+MKI$(1)"
    Print #1;"for i%=1 to 16"
    Print #1;"read backgrnd"
    Print #1;"let ";Shape$;"$=";Shape$;"$+MKI$(backgrnd)"
    Print #1;"next i%"
    Print #1;"for i%=1 to 16"
    Print #1;"read foregrnd"
    Print #1;"let ";Shape$;"$=";Shape$;"$+MKI$(foregrnd)"
    Print #1;"next i%"
    Print #1;"data ";
    For I%=0 To 15
      Backgrnd=0
      For X%=0 To 15
        If Sprite_background(X%,I%)=1 Then
          Backgrnd=Backgrnd+2^(15-X%)
        Endif
      Next X%
      Print #1;Str$(Backgrnd);
      If I%<>15 Then
        Print #1;",";
      Else
        Print #1
      Endif
    Next I%
    Print #1;"data ";
    For I%=0 To 15
      Let Foregrnd=0
      For X%=0 To 15
        If Sprite_foreground(X%,I%)=1 Then
          Let Foregrnd=Foregrnd+2^(15-X%)
        Endif
      Next X%
      Print #1;Str$(Foregrnd);
      If I%<>15 Then
        Print #1;",";
      Else
        Print #1
      Endif
    Next I%
    Close #1
  Endif
Return
'
' ============================================================================
' Erase the foreground or background
' ============================================================================
Procedure Erase
  Alert 2,"Do you really want to|erase the Sprite?",2,"Yes|No",Key_asc%
  If Key_asc%=1 Then
    For X%=0 To 15
      For Y%=0 To 15
        Let Sprite_foreground(X%,Y%)=0
        Let Sprite_background(X%,Y%)=0
        Gosub Draw_sprite
      Next Y%
    Next X%
  Endif
Return
'
' ============================================================================
' View the user build image
' ============================================================================
Procedure Inquiry
  If Mousex>=50 And Mousex<209 Then
    X%=(Mousex-50) Div 10
    Y%=(Mousey-100) Div 10
    If Mousek=1 And Sprite_foreground(X%,Y%)=0 Then
      Let Sprite_foreground(X%,Y%)=1
    Else
      If Mousek=2 And Sprite_foreground(X%,Y%)=1 Then
        Let Sprite_foreground(X%,Y%)=0
      Endif
    Endif
    Gosub Draw_sprite
  Else
    If Mousex>=250 And Mousex<409 Then
      X%=(Mousex-250) Div 10
      Y%=(Mousey-100) Div 10
      If Mousek=1 And Sprite_background(X%,Y%)=0 Then
        Let Sprite_background(X%,Y%)=1
      Else
        If Mousek=2 And Sprite_background(X%,Y%)=1 Then
          Let Sprite_background(X%,Y%)=0
        Endif
      Endif
      Gosub Draw_sprite
    Endif
  Endif
Return
'
' ============================================================================
' Display the Sprite in 3 windows
' ============================================================================
Procedure Draw_sprite
  If Sprite_foreground(X%,Y%)=0 Then
    If Sprite_background(X%,Y%)=0 Then
      Deffill 0,2,8
      Pbox 51+X%*10,101+Y%*10,59+X%*10,109+Y%*10
      Pbox 251+X%*10,101+Y%*10,259+X%*10,109+Y%*10
      Color 1
      Plot 555+X%,172+Y%
    Else
      Deffill 1,2,2
      Pbox 50+X%*10,100+Y%*10,60+X%*10,110+Y%*10
      Pbox 250+X%*10,100+Y%*10,260+X%*10,110+Y%*10
      Color 0
      Plot 555+X%,172+Y%
    Endif
    Color 0
    Plot 475+X%,172+Y%
  Else
    If Sprite_background(X%,Y%)=0 Then
      Deffill 1,2,8
      Pbox 50+X%*10,100+Y%*10,60+X%*10,110+Y%*10
      Deffill 1,2,8
      Pbox 250+X%*10,100+Y%*10,260+X%*10,110+Y%*10
      Color 1
      Plot 555+X%,172+Y%
    Else
      Deffill 1,2,8
      Pbox 50+X%*10,100+Y%*10,60+X%*10,110+Y%*10
      Deffill 1,2,2
      Pbox 250+X%*10,100+Y%*10,260+X%*10,110+Y%*10
      Color 0
      Plot 555+X%,172+Y%
    Endif
    Color 1
    Plot 475+X%,172+Y%
    Plot 555+X%,172+Y%
  Endif
  If X%=X_position% And Y%=Y_position% Then
    Graphmode 3
    Deffill 1,2,8
    For I%=0 To 4
      Line 53+X_position%*10,103+I%+Y_position%*10,57+X_position%*10,103+I%+Y_position%*10
      Pbox 253+X_position%*10,103+I%+Y_position%*10,257+X_position%*10,103+I%+Y_position%*10
    Next I%
    Graphmode 1
  Endif
Return
Rem ##########################################################################
Rem ####                You have hardly reached the END                   ####
Rem ##########################################################################
