Enable B‚zier capabilities (VDI 11)

Schaltet die B‚zier-M”glichkeiten fr das ganze System ein. 
Rckgabewert ist die Genauigkeit der B‚zier-Linien als Exponent von 2 
(0 = Gerade; 7 = 128 Teilstcke).

Prototyp:

    int v_bez_on( int handle );

GEM-Arrays:

    contrl      = 11
    contrl+2    = 1 (Ein)
    contrl+4    = 0
    contrl+6    = 0
    contrl+8    = 4
    contrl+10   = 13
    contrl+12   = handle

    intout      = retval

------------------------------------------------------------------------------

Disable B‚zier capabilities (VDI 11)

Schaltet die B‚zier-M”glichkeiten fr das ganze System aus. 
Allozierter Speicher fr B‚ziers wird freigegeben.

Prototyp:

    void v_bez_off( int handle );

GEM-Arrays

    contrl      = 11
    contrl+2    = 0 (indicates OFF)
    contrl+4    = 0
    contrl+6    = 0
    contrl+8    = 0
    contrl+10   = 13
    contrl+12   = handle

------------------------------------------------------------------------------

Reserve B‚zier workspace (VDI -1)

Speicher fr B‚zier-Operationen bereitstellen.

Protottyp:

    void v_set_app_buff( int handle, void *address, int nparagraphs );

GEM-Arrays:

    contrl      = -1
    contrl+2    = 0
    contrl+4    = 0
    contrl+6    = 3
    contrl+8    = 0
    contrl+10   = 6
    contrl+12   = handle

    intin       = address[0] (Die beiden oberen Bytes der Adresse des Puffers)
    intin+2     = address[1] (Die beiden unteren Bytes der Adresse des Puffers)
    intin+4     = nparagraphs (Anzahl der 16-Byte Bl”cke)

------------------------------------------------------------------------------

Output B‚zier (VDI 6)

Zeichnen einer B‚zier-Kurve. Inhalt wird nicht gefllt.

Prototyp:

    void v_bez( int handle, int count, int *xyarr,
                char *bezarr, int *extent, int *totpts, int *totmoves );

GEM-Arrays:

    contrl      = 6
    contrl+2    = count (Anzahl der Sttzstellen)
    contrl+4    = 2
    contrl+6    = (Anzahl der Sttzstellen + 1)/2
    contrl+8    = 6
    contrl+10   = 13
    contrl+12   = handle

    intin       = bezarr
                  ( Array mit Beschreibungen der Sttzpunkte
                    bit 0 = 1  erster Punkt einer 4-Punkt B‚zier-Kurve (2 
                               Basispunkte und 2 Richtungspunkte)
                    bit 0 = 0  Start einer Polyline
                    bit 1 = 1  Sprungstelle;
                  )

    ptsin       = xyarray (Array mit Sttzpunkten)

    intout      = totpt (Anzahl der Punkte im resultierenden Polygon)
    intout+2    = totmoves (Anzahl der Sprungstellen im resultierenden Polygon)
    intout+4    = reserviert
    intout+6    = reserviert
    intout+8    = reserviert
    intout+10   = reserviert

    ptsout      = extent[0] (minimale x-Ausdehnung einer die Kurve umfassenden 
                             Box)
    ptsout+2    = extent[1] (minimale y-Ausdehnung einer die Kurve umfassenden 
                             Box)
    ptsout+4    = extent[2] (maximale x-Ausdehnung einer die Kurve umfassenden 
                             Box)
    ptsout+6    = extent[3] (maximale y-Ausdehnung einer die Kurve umfassenden 
                             Box

------------------------------------------------------------------------------

Output Filled B‚zier (VDI 9)

Zeichnen einer B‚zier-Kurve. Inhalt wird gefllt.

Prototyp:

    void v_bez_fill( int handle, int count, int *xyarr,
                     char *bezarr, int *extent, int *totpts, int *totmoves );

GEM-Arrays:

    contrl      = 9
    contrl+2    = count (Anzahl der Sttzstellen)
    contrl+4    = 2
    contrl+6    = (Anzahl der Sttzstellen + 1)/2
    contrl+8    = 6
    contrl+10   = 13
    contrl+12   = handle

    intin       = bezarr
                  ( Array mit Beschreibungen der Sttzpunkte
                    bit 0 = 1  erster Punkt einer 4-Punkt B‚zier-Kurve (2 
                               Basispunkte und 2 Richtungspunkte)
                    bit 0 = 0  Start einer Polyline
                    bit 1 = 1  Sprungstelle;
                  )

    ptsin       = xyarray (Array mit Sttzpunkten)

    intout      = totpt (Anzahl der Punkte im resultierenden Polygon)
    intout+2    = totmoves (Anzahl der Sprungstellen im resultierenden Polygon)
    intout+4    = reserviert
    intout+6    = reserviert
    intout+8    = reserviert
    intout+10   = reserviert

    ptsout      = extent[0] (minimale x-Ausdehnung einer die Kurve umfassenden 
                             Box)
    ptsout+2    = extent[1] (minimale y-Ausdehnung einer die Kurve umfassenden 
                             Box)
    ptsout+4    = extent[2] (maximale x-Ausdehnung einer die Kurve umfassenden 
                             Box)
    ptsout+6    = extent[3] (maximale y-Ausdehnung einer die Kurve umfassenden 
                             Box

------------------------------------------------------------------------------

Set B‚zier Quality (VDI 5)

Setzt die Qualit„t der Ausgabe, und damit auch die Geschwindigkeit der Ausgabe 
von B‚zier-Kurven.

Prototyp:

    void v_bez_qual( int handle, int prcnt, int *actual );
 
    contrl      = 5
    contrl+2    = 0
    contrl+4    = 0
    contrl+6    = 3
    contrl+8    = 1
    contrl+10   = 99
    contrl+12   = handle

    intin       = 32
    intin+2     = 1
    intin+4     = prcnt (angeforderte Qualit„tsstufe in Prozent)

    intout      = actual (tats„chlich gesetzte Qualit„tstufe)

------------------------------------------------------------------------------

Get Character outline (VDI 243)

Die Funktion liefert den 'Outline' eines Zeichens. Die gelieferten Werte 
koennen direkt an die Ausgabefunktion fr B‚ziers weitergerreicht werden.

Prototyp:

    void v_getoutline( int handle, int ch, int *xyarray,
                       char *bezarray, int maxverts, int *numverts );

GEM-Arrays:

    contrl     = 243
    contrl+2   = 0
    contrl+6   = 6
    contrl+12  = handle

    intin      = ch
    intin+2    = maxverts
    intin+4
    intin+6    = xyarray
    intin+8
    intin+10   = bezarray (Puffer fr die B‚zier-Informationen)


    contrl+4   = 0
    contrl+8   = 1

    intout     = numverts.

------------------------------------------------------------------------------

Save outline font cache to disk (VDI 249)

Sichert den Inhalt der Vektorzeichencaches in eine Datei. Die Datei wird im 
aktuellen Verzeichnis angelegt.

Prototyp:

    int v_savecache( int handle, char *filename );

GEM-Arrays:

    contrl     = 249
    contrl+2   = 0
    contrl+6   = L„nge des Dateinamen
    contrl+12  = handle

    intin
    intin+2
    ...        = filename

    intout     = -1 = Ein Fehler ist w„hrend des Sicherns aufgetreten
              0 = Kein Fehler

------------------------------------------------------------------------------

Load outline font cache (VDI 250)

Die Funktion l„dt eine mit 'v_savecache()' angelegte Datei in den 
Vektorzeichen-Cache. Es kann ein Modus angegeben werden mit dem man bestimmt, 
ob die Cache-Daten die aktuellen ersetzen oder an die aktuellen angeh„ngt werden 
sollen.

Prototyp:

    int v_loadcache( int handle, char *filename, int mode );

GEM-Arrays:

    contrl     = 250
    contrl+2   = 0
    contrl+6   = 1 + L„nge des Dateinamens
    contrl+12  = handle

    intin      = mode
                  ( 0 = Datei an aktuellen Cache anh„ngen)
                    1 = Aktuellen Cachen l”schen und Datei komplett in den 
                        Cache lesen)
    intin+2
    intin+4
    ...        = filename

    intout     = -1 = Ein Fehler ist w„hrend des Ladens aufgetreten
              0 = Kein Fehler
\end{verbatim}

------------------------------------------------------------------------------

Flush outline font cache (VDI 251)

L”scht den Vektorzeichen-Cache. Allerdings nur den Teil, der die Pixeldaten der 
Vektorzeichens„tze beinhaltet.

Prototyp:

    int v_flushcache( int handle );

GEM-Arrays:

    contrl     = 251
    contrl+2   = 0
    contrl+12  = handle

    intout     = -1 = Cache konnte nicht gel”scht werden
               0 = Cache wurde gel”scht

------------------------------------------------------------------------------

Get outline font cache size (VDI 255)

Liefert die jeweils gr”ten verfgbaren Speicherbl”cke innerhalb der beiden 
Speedo-Caches.

Prototype:

   void vqt_cachesize( int handle, int which_cache, long *size );

GEM-Arrays:

    contrl     = 255
    contrl+2   = 0
    contrl+6   = 1
    contrl+12  = handle

    intin      = which_cache
              ( 0 = Bitmap-Cache fr Vektorzeichen
                1 = Verwaltungs-Cache)

    intout
    intout+2   = size (Size of the largest allocatable block)

