'
' ************************************************
' * GFA Linkfile by MUG U.K¿ v2.4 - January 1996 *
' ************************************************
'
PROCEDURE init_link
total_files|=94
link_length%=714526
link_name$="F:\REG_THEP\REG_THEP.LNK"
DIM offset%(total_files|),file_lens%(total_files|)
RESTORE offset_list
FOR link_loop|=1 TO total_files|
READ offset%(link_loop|),file_lens%(link_loop|)
NEXT link_loop|
'
offset_list:
! E:\DPAINT\DONE\GAMES\AIRWOLF.PI1
DATA 0,7612
! E:\DPAINT\DONE\GAMES\BANGKOK.PI1
DATA 7612,10548
! E:\DPAINT\DONE\GAMES\ARMYMOVE.PI1
DATA 18160,8378
! E:\DPAINT\DONE\GAMES\ARKANOID.PI1
DATA 26538,6832
! E:\DPAINT\DONE\GAMES\CYBORG.PI1
DATA 33370,10948
! E:\DPAINT\DONE\GAMES\IQ.PI1
DATA 44318,4064
! E:\DPAINT\DONE\GAMES\DRUID.PI1
DATA 48382,9594
! E:\DPAINT\DONE\GAMES\DOCDSTRY.PI1
DATA 57976,9084
! E:\DPAINT\DONE\GAMES\COLONY.PI1
DATA 67060,7996
! E:\DPAINT\DONE\GAMES\BOULDER3.PI1
DATA 75056,6116
! E:\DPAINT\DONE\GAMES\SPACHARR.PI1
DATA 81172,11974
! E:\DPAINT\DONE\GAMES\DOGFIGHT.PI1
DATA 93146,6012
! E:\DPAINT\DONE\GAMES\ENDURO.PI1
DATA 99158,5514
! E:\DPAINT\DONE\GAMES\ESPRIT.PI1
DATA 104672,2858
! E:\DPAINT\DONE\GAMES\SHADSKIM.PI1
DATA 107530,7644
! E:\DPAINT\DONE\GAMES\STARPAWS.PI1
DATA 115174,8524
! E:\DPAINT\DONE\GAMES\NEMWARLK.PI1
DATA 123698,9686
! E:\DPAINT\DONE\GAMES\NEMESIS.PI1
DATA 133384,8364
! E:\DPAINT\DONE\GAMES\RED_MOON.PI1
DATA 141748,6330
! E:\DPAINT\DONE\GAMES\BOUNCES.PI1
DATA 148078,5188
! E:\DPAINT\DONE\GAMES\PEGASUS.PI1
DATA 153266,6954
! E:\DPAINT\DONE\GAMES\LASTNINJ.PI1
DATA 160220,5008
! E:\DPAINT\DONE\GAMES\ZYNAPS.PI1
DATA 165228,7022
! E:\DPAINT\DONE\GAMES\WIZBALL.PI1
DATA 172250,6520
! E:\DPAINT\DONE\GAMES\L_HARDY.PI1
DATA 178770,6450
! E:\DPAINT\DONE\GAMES\OINK.PI1
DATA 185220,4946
! E:\DPAINT\DONE\GAMES\T_SPRING.PI1
DATA 190166,3584
! E:\DPAINT\DONE\GAMES\G_ESCAPE.PI1
DATA 193750,2984
! E:\DPAINT\DONE\GAMES\TRANTOR.PI1
DATA 196734,11218
! E:\DPAINT\DONE\GAMES\SINGECAS.PI1
DATA 207952,9856
! E:\DPAINT\DONE\GAMES\SKYRUNNR.PI1
DATA 217808,7216
! E:\DPAINT\DONE\GAMES\STARACE.PI1
DATA 225024,9002
! E:\DPAINT\DONE\GAMES\STRIKE.PI1
DATA 234026,7556
! E:\DPAINT\DONE\GAMES\TANGENT.PI1
DATA 241582,6960
! E:\DPAINT\DONE\GAMES\WARHAWK.PI1
DATA 248542,7346
! E:\DPAINT\DONE\GAMES\FIRELORD.PI1
DATA 255888,12618
! E:\DPAINT\DONE\GAMES\GOSTGOBL.PI1
DATA 268506,12266
! E:\DPAINT\DONE\GAMES\DETHRIDE.PI1
DATA 280772,9984
! E:\DPAINT\DONE\GAMES\HADESNEB.PI1
DATA 290756,9216
! E:\DPAINT\DONE\GAMES\FAIRLI64.PI1
DATA 299972,7156
! E:\DPAINT\DONE\GAMES\DRAGLAIR.PI1
DATA 307128,6518
! E:\DPAINT\DONE\GAMES\DETHGLOR.PI1
DATA 313646,5614
! E:\DPAINT\DONE\GAMES\ENTOMBED.PI1
DATA 319260,5416
! E:\DPAINT\DONE\GAMES\DESTRUCT.PI1
DATA 324676,5112
! E:\DPAINT\DONE\GAMES\I_BALL.PI1
DATA 329788,7046
! E:\DPAINT\DONE\GAMES\KARNATH.PI1
DATA 336834,7462
! E:\DPAINT\DONE\GAMES\KIKSTAR2.PI1
DATA 344296,8510
! E:\DPAINT\DONE\GAMES\KNITGAME.PI1
DATA 352806,4656
! E:\DPAINT\DONE\GAMES\MAG_MAX.PI1
DATA 357462,6076
! E:\DPAINT\DONE\GAMES\STARWARS.PI1
DATA 363538,7190
! E:\DPAINT\DONE\GAMES\TRACKER.PI1
DATA 370728,6546
! E:\DPAINT\DONE\GAMES\TRAP.PI1
DATA 377274,5826
! E:\DPAINT\DONE\GAMES\HEADHEEL.PI1
DATA 383100,9844
! E:\DPAINT\DONE\GAMES\ROBINOTW.PI1
DATA 392944,10338
! E:\DPAINT\DONE\GAMES\EXP_FIST.PI1
DATA 403282,8430
! E:\DPAINT\DONE\GAMES\MUTANTS.PI1
DATA 411712,8216
! E:\DPAINT\DONE\GAMES\WOND_BOY.PI1
DATA 419928,8014
! E:\DPAINT\DONE\GAMES\STARGLID.PI1
DATA 427942,7728
! E:\DPAINT\DONE\GAMES\CENTURIN.PI1
DATA 435670,7556
! E:\DPAINT\DONE\GAMES\JOHN_REB.PI1
DATA 443226,7468
! E:\DPAINT\DONE\GAMES\TERRA_CR.PI1
DATA 450694,7378
! E:\DPAINT\DONE\GAMES\MISSOMEG.PI1
DATA 458072,7232
! E:\DPAINT\DONE\GAMES\COBRA.PI1
DATA 465304,7140
! E:\DPAINT\DONE\GAMES\WAR.PI1
DATA 472444,7112
! E:\DPAINT\DONE\GAMES\TARZAN.PI1
DATA 479556,6794
! E:\DPAINT\DONE\GAMES\FIST_II.PI1
DATA 486350,6746
! E:\DPAINT\DONE\GAMES\RAMBO.PI1
DATA 493096,6620
! E:\DPAINT\DONE\GAMES\TRAPDOOR.PI1
DATA 499716,6506
! E:\DPAINT\DONE\GAMES\BCLOUGH.PI1
DATA 506222,6256
! E:\DPAINT\DONE\GAMES\SIMUGOLF.PI1
DATA 512478,5470
! E:\DPAINT\DONE\GAMES\DOOM_REV.PI1
DATA 517948,5454
! E:\DPAINT\DONE\GAMES\MASK.PI1
DATA 523402,5330
! E:\DPAINT\DONE\GAMES\PLATOON.PI1
DATA 528732,4184
! E:\DPAINT\DONE\GAMES\PAPERBOY.PI1
DATA 532916,3982
! E:\DPAINT\DONE\GAMES\TAU_CETI.PI1
DATA 536898,3656
! E:\DPAINT\DONE\GAMES\MISS_AD.PI1
DATA 540554,3568
! E:\DPAINT\DONE\GAMES\1ST_SAM.PI1
DATA 544122,8022
! E:\DPAINT\DONE\GAMES\ACESHIGH.PI1
DATA 552144,10066
! E:\DPAINT\DONE\GAMES\ARMALYTE.PI1
DATA 562210,10114
! E:\DPAINT\DONE\GAMES\BATMAN.PI1
DATA 572324,11944
! E:\DPAINT\DONE\GAMES\BMX_KIDZ.PI1
DATA 584268,8552
! E:\DPAINT\DONE\GAMES\CYBERNOI.PI1
DATA 592820,13640
! E:\DPAINT\DONE\GAMES\ELITE.PI1
DATA 606460,7416
! E:\DPAINT\DONE\GAMES\EMPIRE.PI1
DATA 613876,10262
! E:\DPAINT\DONE\GAMES\HAWKEYE.PI1
DATA 624138,11558
! E:\DPAINT\DONE\GAMES\PARALLAX.PI1
DATA 635696,5502
! E:\DPAINT\DONE\GAMES\ROBOTCOP.PI1
DATA 641198,10312
! E:\DPAINT\DONE\GAMES\ROD_LAND.PI1
DATA 651510,5780
! E:\DPAINT\DONE\GAMES\ROB_HOOD.PI1
DATA 657290,8490
! E:\DPAINT\DONE\GAMES\SHORTCIR.PI1
DATA 665780,11568
! E:\DPAINT\DONE\GAMES\SSI.PI1
DATA 677348,11724
! E:\DPAINT\DONE\GAMES\S_OR_DIE.PI1
DATA 689072,5876
! E:\DPAINT\DONE\GAMES\OP_THUND.PI1
DATA 694948,11992
! E:\DPAINT\DONE\GAMES\UNTOUCAB.PI1
DATA 706940,7546
RETURN
