Gosub Flattersatz(79,10)
Procedure Flattersatz(Zeilenlaenge,Zeilenzahl)
  Zeile$=""
  Zeilennr=0
  Zeiger=1
  While Zeiger<Len(Text$)
    Repeat
      Zeichen$=Mid$(Text$,Zeiger,1)
      Zeile$=Zeile$+Zeichen$
      Inc Z
      Inc Zeiger
    Until (Z=Zeilenlaenge) Or (Zeichen$=Chr$(13)) Or (Zeiger>Len(Text$))
    If (Zeichen$<>Chr$(13)) And (Zeichen$<>" ") Then
      If Mid$(Text$,Zeiger,1)=" " Then
        Inc Zeiger
      Else
        Hz=Z
        While (Hz>0) And (Mid$(Zeile$,Hz,1)<>" ")
          Dec Hz
        Wend
        If Hz=0 Then
          Hz=Z
        Endif
        Hilfszeile$=Right$(Zeile$,Z-Hz)
        Zeile$=Left$(Zeile$,Hz)
      Endif
    Endif
    Print Zeile$
    Inc Zeilennr
    If Zeilennr>Zeilenzahl Then
      Zeilennr=0
      Print "SEITENWECHSEL"
    Endif
    Zeile$=Hilfszeile$
    Hilfszeile$=""
    Z=Len(Zeile$)
  Wend
Return
