' Diese Datei enth„lt die Grafikprozeduren aus Kapitel 2.
'
Procedure Linie(Aktuell)
  ' Diese Procedur zeichnet eine Linie nach den in dem
  ' Variablenfeld Array() gespeicherten Punkten.
  ' Die Variable Aktuell enth„lt die zu bearbeitende Zeile.
    ' ein Drehwinkel liegt vor, d.h. die Koordinaten ver-
    ' „ndern sich
    For I=1 To 2
      ' Zwei Koordinatenpaare
      X=Array(Aktuell,I)
      ' Zweite Position (fr I=1) enth„lt vereinbarungsgem„
      ' X-Komponennte des ersten Punktes.
      Y=Array(Aktuell,I+1)
      ' Analog fr Y-Komponennte
      Gosub Drehen(X,Y,Xd,Yd,Drehwinkel)
      ' (Xd,Yd) sind Koordinaten des Drehmittelpunktes
      Array(Aktuell,I)=Xneu
      Array(Aktuell,I+1)=Yneu
      ' Abspeichern der gedrehten Werte
    Next I
  Endif
  X1=Array(Aktuell,1)
  Y1=Array(Aktuell,2)
  X2=Array(Aktuell,3)
  Y2=Array(Aktuell,4)
  Line X1,Y1,X2,Y2
  ' Erst hier steht die eigentliche Zeichenoperation.
Return
Procedure Dreipunkt
  X1=Array(Aktuell,1)
  X2=Array(Aktuell,3)
  X3=Array(Aktuell,5)
  Y1=Array(Aktuell,2)
  Y1=Array(Aktuell,4)
  Y1=Array(Aktuell,6)
  Xd1=0.5*(X2-X1)
  Yd1=0.5*(Y2-Y1)
  ' Mittelpunkt der ersten Dreiecksseite
  Xd2=0.5*(X3-X1)
  Yd2=0.5*(Y3-Y1)
  ' Mittelpunkt der zweiten Dreiecksseite
  D1=Yd1*Xd2-Yd2*Xd1
  If D1<>0 Then       ! Sonst gibt es keinen Schnittpunkt
    D2=-Yd2*(Yd1-Yd2)-Xd2*(Xd1-Xd2)
    D3=Yd1*(Yd1-Yd2)+Xd1*(Xd1-Xd2)
    K=D2/D1
    ' Erster Skalar
    L=D3/D1
    ' Zweiter Skalar
    Xm=Int(Xd2+X1-L*Yd2+1)
    Ym=Int(Yd2+Y1+L*Xd2+1)
    ' Koordinaten des Mittelpunktes
    R=Int(Sqr((Xm-X1)^2+(Ym-Y1)^2)+1)
    Circle Xm,Ym,R
  Endif
Return
Procedure Neck(N,R,Startwinkel,Xm,Ym)
  ' Procedur zum zeichnen beliebiger n-Ecke
  ' N = Anzahl der Ecken
  ' R = "Radius" des n-Eckes
  ' Startwinkel = Ausrichtung des ersten Eckpunktes
  ' (Xm,Ym) = Mittelpunkt des n-Eckes
  Step=2*Pi/N
  Startwinkel=Startwinkel*Pi/1800
  X=R*Cos(Startwinkel)+Xm
  Y=R*Sin(Startwinkel)+Ym
  Draw X,Y
  For I=Startwinkel To 2*Pi+0.1+Startwinkel Step Step
    X=R*Cos(I)+Xm
    Y=R*Sin(I)+Ym
    Draw  To X,Y
  Next I
Return
Procedure Ellsegment(R1,R2,Xm,Ym,Start,End,Phi)
  ' Procedur zum Zeichnen beliebig gedrehter Ellipsen
  ' R1 = Erster Radius der Ellipse
  ' R2 = Zweiter Radius der Ellipse
  ' (Xm,Ym) = Schnittpunkt der Durchmesser
  ' Start = Startwinkel des Segments
  ' End = Endwinkel des Segments
  ' Phi = Neigung der Ellipse (die Winkel werden in 1/10 Grad erwartet)
  X=R1+Xm
  Y=Ym
  Start=Start*Pi/1800
  Let End=End*Pi/1800
  If Start>End Then
    Schritt=-0.1
  Else
    Schritt=0.1
  Endif
  ' Bestimmt den ersten Punkt der Ellipse
  Gosub Drehen(X,Y,Xm,Ym,Start+Phi)
  Draw Xneu,Yneu
  ' Zeichnet den Startpunkt
  For I=Start To End+0.1 Step Schritt
    X=R1*Cos(I)+Xm
    Y=R2*Sin(I)+Ym
    Gosub Drehen(X,Y,Xm,Ym,Phi)
    Draw  To Xneu,Yneu
    ' Zeichnet eine Linie vom letzten Punkt bis zum neu errechneten
  Next I
Return
Procedure Eleaus(Xmaus,Ymaus)
  ' Diese Procedur berprft ob ein Umgrenzungsrechteck angeklickt wurde
  ' Die Parameter sind die zu berprfenden Koordinaten.
  ' Die Procedur erwartet die Koordinaten der Ecken des Rechteckes
  ' in dem Feld Array() an der Position 10-13
  ' D.h. Array(Element,10)= X-Koordinate der linken unteren Ecke
  ' Bei dem ersten gltigen Element wird abgebrochen
  ' Die Variable Z„hler enth„lt die Anzahl der Elemente
  Flag=False
  I=0
  Repeat
    If Array(I,10)<=Xmaus And Array(I,12)>=Xmaus Then
      ' X-Koordinate ist okay
      If Array(I,11)<=Ymaus And Array(I,13)>=Ymaus Then
        Flag=True
        ' Element gefunden
      Endif
    Else
      I=I+1
      ' Z„hler auf n„chstes Element setzen
    Endif
  Until I=Zaehler Or Flag=True
  If Flag=True
    ' Die Variable I enth„lt die Nummer des gltigen Elements
  Else
    ' Kein Element gefunden
  Endif
Return
Procedure Bereichaus(X1,Y1,X2,Y2)
  ' Diese Prozedur berprft einen Bereich auf Elemente
  ' Die Parameter sind die Ecken des Bereichs
  ' Die Prozedur erwartet die Koordinaten der Ecken des Umgrenzungsrechteckes
  ' in dem Feld Array() an der Position 10-13
  ' D.h. Array(Element,10)= X-Koordinate der linken unteren Ecke
  ' Die Numern der gltigen Elemente werden im Array Elemente () abgespeichert
  ' Die Variable Z„hler enth„lt die Anzahl der gezeichneten Elemente
  Flag=False
  I=0
  Anzahl=0
  Repeat
    If Array(I,10)<=X2 And Array(I,12)>=X1 Then
      ' X-Koordinate ist okay
      If Array(I,11)<=Y2 And Array(I,13)>=Y1 Then
        ' Element gefunden
        Element(Anzahl)=I
        Anzahl=Anzahl+1
        Flag=True
      Endif
    Else
      I=I+1
      ' Z„hler auf n„chstes Element setzen
    Endif
  Until I=Zaehler Or Flag=True
  If Flag=True
    ' Die Variable Anzahl der gltigen Elemente
    ' Die Nummern dazu stehen im Array Elemente()
  Else
    ' Kein Element gefunden
  Endif
Return
Procedure Diraus(Xmaus,Ymaus,Nummer)
  ' Diese Procedure berprft eine Linie darauf, ob sie korrekt ausgew„hlt wurde
  ' Xmaus,Ymaus entsprechen der Mausposition
  ' Nummer ist eine Variable, die das zu berprfende Element beschreibt.
  ' Array() ist der Name des Feldes
  ' In ihm sind die Daten ber das Element gespeichert.
  ' Unter den Positionen 1-4 finden sich Startpunkt und Endpunkt
  ' der Geraden
  ' In den Positionen 10-13 sind die Eckpunkte des
  ' Umgrenzungsrechteckes abgespeichert.
  Xr=Array(Nummer,1)-Array(Nummer,3)
  Yr=Array(Nummer,2)-Array(Nummer,4)
  ' Bestimmung des Richtungsvektors der Geraden
  Xmaus=Xmaus-Array(Nummer,1)
  Ymaus=Ymaus-Array(Nummer,2)
  ' Auch die Position mu verschoben werden
  Flag=False
  Breite=Array(Nummer,12)-Array(Nummer,10)
  Hoehe=Array(Nummer,13)-Array(Nummer,11)
  If Hoehe>=Breite Then
    ' Steigung >1, => x=f(y)
    Steigung=Breite/Hoehe
    Xtat=Ymaus*Steigung
    Abstand=Abs(Xtat-Xmaus)
    If Abstand<=5 Then
      Flag=True
      ' Linie ist angew„hlt
    Endif
  Else
    ' Steigung <1, => y=f(x)
    Steigung=Hoehe/Breite
    Ytat=Xmaus*Steigung
    Abstand=Abs(Ytat-Ymaus)
    If Abstand<=5 Then
      Flag=True
      ' Linie ist angew„hlt
    Endif
  Endif
  If Flag=True Then
    ' Linie ist angew„hlt
  Else
    ' N„chste Linie ausw„hlen
  Endif
Return
