Rem Lineare Regression: y=a+bx
Dim X(100)
Dim Y(100)
Input "Bitte geben Sie die Anzahl der Datenpaare an: ",Anzahl
For I=1 To Anzahl
  Print At(5,5)
  Print "x";I;" = ";
  Input X(I)
  Print "y";I;" = ";
  Input Y(I)
  Sx=Sx+X(I)
  Sy=Sy+Y(I)
  Sxx=Sxx+X(I)^2
  Syy=Syy+Y(I)^2
  Syx=Syx+X(I)*Y(I)
  Xmax=Max(Xmax,X(I))
  Xmin=Min(Xmin,X(I))
  Ymax=Max(Ymax,Y(I))
  Ymin=Min(Ymin,Y(I))
Next I
' Aufl”sen des Gleichungssystems
D1=Anzahl*Sxx-Sx*Sx
D2=Sy*Sxx-Sx*Syx
D3=Anzahl*Syx-Sy*Sx
A=D2/D1
B=D3/D1
' Bestimmtheitsmaž berechnen
Rquad=(A*Sy+B*Syx-Sy*Sy/Anzahl)/(Syy-Sy*Sy/Anzahl)
Yexpand=300/(Ymax-Ymin)
Xexpand=500/(Xmax-Xmin)
Y1=350-(A+B*Xmin)*Yexpand
Y2=350-(A+B*Xmax)*Yexpand
Cls
Rem Wertepaare:
For I=1 To Anzahl
  Circle 20+X(I)*Xexpand,350-Y(I)*Yexpand,2
Next I
Rem Ausgleichsgerade
Line Xmin+20,Y1,20+Xmax*Xexpand,Y2
Rem Koordinatensystem
Line 20,20,20,360
Line 10,350,550,350
Print At(5,2);"Lineare Regression"
Print At(5,23);"r^2  = ";Rquad
Print At(5,24);"f(x) = ";B;" X +";A;
Void Inp(2)


