Procedure Einfuegen(Element,Frei)
  ' Element ist der einzufgende Wert
  ' Frei gibt einen freien Platz im Speicher an
  Adr=Anker
  Vorgaenger=Nil
  Flag=False
  ' Einfgestelle suchen
  While (Adr<>Nil) And (Flag=False)
    Dat=Daten(Adr)
    Zei=Zeiger(Adr)
    If Dat<Element Then
      Vorgaenger=Adr
      Adr=Zei
    Else
      Flag=True
    Endif
  Wend
  ' Element speichern
  Daten(Frei)=Element
  Zeiger(Frei)=Adr
  ' Zeiger setzen
  If Vorgaenger=Nil Then
    Anker=Frei
  Else
    Zeiger(Vorgaenger)=Frei
  Endif
Return
