Rem Potenzkurve: y=a*x^b
Dim X(100)
Dim Y(100)
Input "Bitte geben Sie die Anzahl der Datenpaare an: ",Anzahl
For I=1 To Anzahl
  Print At(5,5)
  Print "x";I;" = ";
  Input X(I)
  Print "y";I;" = ";
  Input Y(I)
  Sx=Sx+Log(X(I))
  Sy=Sy+Log(Y(I))
  Sxx=Sxx+Log(X(I))^2
  Syy=Syy+Log(Y(I))^2
  Syx=Syx+Log(X(I))*Log(Y(I))
Next I
D1=Anzahl*Sxx-Sx*Sx
D2=Sy*Sxx-Sx*Syx
D3=Anzahl*Syx-Sy*Sx
A=D2/D1
B=D3/D1
Rquad=(A*Sy+B*Syx-Sy*Sy/Anzahl)/(Syy-Sy*Sy/Anzahl)
Print "r^2  = ";Rquad
Print "f(x) = ";Exp(A);" * X^";B
Void Inp(2)


