' *****************************************************************
' *                Preprozessor fÅr GfA-BASIC                     *
' *****************************************************************
' *               Ω 1987  Hans Joachim Liesert                    *
' *****************************************************************
'
Dim Tex$(100),Ers$(100)  ! bei Bedarf Dimensionierungen Ñndern
'
' Filenamen fÅr Ersetzungstabelle abfragen
Repeat
  Fileselect "\*.ERS","",Filename$
Until Exist(Filename$)
'
' Ersetzungstabelle anlegen
Open "I",#1,Filename$
While (Not Eof(#1)) And (Z<100)
  Inc Z
  Line Input #1,Zeile$
  If Zeile$<>"" Then
    Po=Instr(Zeile$," ")
    Tex$(Z)=Left$(Zeile$,Po-1)
    Ers$(Z)=Right$(Zeile$,Len(Zeile$)-Po)
  Endif
Wend
Close #1
'
' Filenamen fÅr Programmfile abfragen
Repeat
  Fileselect "\*.ASC","",Filename$
Until Exist(Filename$)
'
' Filenamen fÅr Zielfile bestimmen
Zielname$=Left$(Filename$,Len(Filename$)-3)+"LST"
'
' Files erîffnen
Open "I",#1,Filename$
Open "O",#2,Zielname$
Po=0
'
' Konvertierung
While Not Eof(#1)
  ' Programmzeile lesen
  Line Input #1,Zeile$
  If Zeile$<>"" Then
    ' nur Zeilen mit Inhalt bearbeiten
    For I=1 To Z
      Repeat
        ' nÑchstes Vorkommen eines Musters suchen
        Po=Instr(Po,Zeile$,Tex$(I))
        If Po>0 Then
          ' Textmuster vorhanden -> ersetzen
          Links$=Left$(Zeile$,Po-1)
          Le=Len(Tex$(I))
          Rechts$=Right$(Zeile$,Len(Zeile$)-Po-Le+1)
          Zeile$=Links$+Ers$(I)+Rechts$
        Endif
      Until Po=0 ! bis dieses Muster vollstÑndig ersetzt
    Next I
    Print #2,Zeile$
  Endif
Wend
Close #1
Close #2


