' Shellsort
' das Feld wird In-Place sortiert
' Abst„nde A(i) und deren Anzahl R mssen vorher def. sein!
For K=R To 1 Step -1
  ' Schleife ber alle Abst„nde
  A=A(K)
  For J=A To N
    I=J-A
    Neues=Feld(J)
    Flag=False
    Repeat
      ' Teilfolgen sortieren
      If Neues>=Feld(I) Then
        ' endgltiger Platz gefunden
        Feld(I+A)=Neues
        Flag=True
      Else
        ' verschieben
        Hilfe=Feld(I+A)
        Feld(I+A)=Feld(I)
        Feld(I)=Hilfe
        I=I-A
      Endif
    Until (I<0) Or (Flag=True)
  Next J
Next K
