primal
Value of objective function:       2.3314e+06
COL00001                 0
COL00010            1365.6
COL00100            937.34
COL00002               158
COL00011                 0
COL00101                 0
COL00020            915.23
COL00110               800
COL00003               158
COL00012                 0
COL00102            312.23
COL00021                 0
COL00111            3544.2
COL00030            961.68
COL00120            550.89
COL00004                 0
COL00013              1600
COL00103            312.23
COL00022             187.6
COL00112                 0
COL00031            586.46
COL00121                 0
COL00040              1164
COL00130               800
COL00005               158
COL00014                 0
COL00104                 0
COL00023             187.6
COL00113                 0
COL00032                 0
COL00122             355.5
COL00041                 0
COL00131            4569.3
COL00050            835.19
COL00140                 0
COL00006               158
COL00015               158
COL00105            312.23
COL00024                 0
COL00033            848.11
COL00114                 0
COL00123             355.5
COL00042            210.32
COL00132                 0
COL00051            1133.8
COL00060              1200
COL00007                 0
COL00016               158
COL00106            312.23
COL00025             187.6
COL00115            312.23
COL00034                 0
COL00124                 0
COL00043            210.32
COL00133                 0
COL00052                 0
COL00061                 0
COL00070            893.97
COL00008            2504.4
COL00017             375.2
COL00107            3533.3
COL00026             187.6
COL00116            312.23
COL00035             187.6
COL00125             355.5
COL00044                 0
COL00053                 0
COL00134             355.5
COL00062            241.02
COL00071            1856.9
COL00080            1178.1
COL00009              1430
COL00018              14.7
COL00108            2566.7
COL00027            2210.9
COL00117            710.99
COL00036             187.6
COL00126             355.5
COL00045            210.32
COL00135                 0
COL00054                 0
COL00063            241.02
COL00072                 0
COL00081                 0
COL00090               800
COL00019              2400
COL00109                 0
COL00028            2566.7
COL00118            171.66
COL00037            420.64
COL00127            3533.3
COL00046            210.32
COL00136             355.5
COL00055            210.32
COL00064                 0
COL00073                 0
COL00082            273.88
COL00091            2636.7
COL00029            312.67
COL00119            710.99
COL00038                 0
COL00128            2566.7
COL00047            3176.6
COL00137            809.92
COL00056            210.32
COL00065            241.02
COL00074                 0
COL00083            273.88
COL00092                 0
COL00039              2400
COL00129                 0
COL00048            2566.7
COL00138                 0
COL00057            482.05
COL00066            241.02
COL00075            241.02
COL00084                 0
COL00093                 0
COL00049            321.57
COL00139                 0
COL00058            112.85
COL00067            3439.4
COL00076            241.02
COL00085            273.88
COL00094                 0
COL00059            2365.2
COL00068            2566.7
COL00077            547.75
COL00086            273.88
COL00095            273.88
COL00069                 0
COL00078            206.56
COL00087            3533.3
COL00096            273.88
COL00079            1883.2
COL00088            2566.7
COL00097            624.45
COL00089                 0
COL00098            236.08
COL00099            1335.4
