'
' DÇmo automatique (Pour quitter: taper une touche)
' GFA-BASIC            DMOTOUCH.GFA
'
' Tant qu'aucune touche n'est enfoncÇe...
'
WHILE BIOS(1,2)=0
  affichage("DEMONSTRATION. touche = FIN...          ")
  PAUSE 2
WEND
'
' L'appui touche qui a interrompu le programme doit àtre
' annulÇ "officiellement" (effacÇ du tampon clavier)
' --> Bconin
'
VOID BIOS(2,2)
'
END
'
'
PROCEDURE affichage(a$)
  '
  ' affichage par la fonction BIOS Bconout
  '
  FOR i%=1 TO LEN(a$)
    VOID BIOS(3,2,ASC(MID$(a$,i%,1)))
  NEXT i%
  '
  ' (PRINT fonctionnerait Çgalement mais nous voulons
  ' nous entraåner aux fonctions BIOS...)
  '
RETURN
