' *** LEFT.LST ***                                     2nd GFA-Manual, page 7-3
FUNCTION left$(lowercase!,txt$,search$)
  '
  ' *** Return part of txt$ in front of search$
  ' *** Returns complete string txt$ if search$ not found in txt$
  ' *** If lowercase!=TRUE Function distinguishes between upper and lower case
  '
  LOCAL p
  IF NOT lowercase!
    p=INSTR(UPPER$(txt$),UPPER$(search$))
  ELSE
    p=INSTR(txt$,search$)
  ENDIF
  IF p=0
    RETURN txt$
  ELSE
    RETURN LEFT$(txt$,PRED(p))
  ENDIF
ENDFUNC
' *****
'
