LET tree1&=0 !RSC_TREE      !  \
LET tree2&=1 !RSC_TREE      !   \
LET lec&=2 !Obj in #1       !    \
LET crea&=3 !Obj in #1      !     \
LET quit&=5 !Obj in #1      !      \
LET okca&=4 !Obj in #1      !       \
LET fleg&=1 !Obj in #0      !        \
LET fled&=2 !Obj in #0      !         |
LET nom&=3 !Obj in #0       !         |
LET prenom&=4 !Obj in #0    !         ==>Noms des Arbres et Objets ressources
LET adres&=5 !Obj in #0     !         |  de votre environnement.
LET cp&=6 !Obj in #0        !         |  Ces donn‚es sont offertes par
LET tel&=7 !Obj in #0       !        /   l'‚diteur de ressources.
LET sport&=9 !Obj in #0     !       /
LET cine&=10 !Obj in #0     !      /
LET livre&=11 !Obj in #0    !     /
LET infor&=12 !Obj in #0    !    /
LET enr&=14 !Obj in #0      !   /
LET supp&=13 !Obj in #0     !  /
LET ca&=7 !Obj in #1        ! /
LET ndefi&=15 !Obj in #0    !/
