' *** MESS_KEY.LST ***                               2nd GFA-Manual, page 20-26
> PROCEDURE message_any_key
  '
  ' *** Wait until user presses any key or mouse-button
  ' *** Message for user appears on bottom line of TOS-screen
  '
  ' *** Standard:  x.max&  y.max&  char.height&  line.max&  col.max&
  '
  '
  LOCAL message.scrn$,text$
  {ADD(XBIOS(14,1),6)}=0                              ! clear keyboard
  WHILE MOUSEK                                        ! mouse released?
  WEND
  GET 0,y.max-char.height,x.max,y.max,message.scrn$   ! save screen-part
  LOCATE 1,line.max
  PRINT CHR$(27);"K";                                 ! erase bottom line
  text$=" Press any key or mouse-button... "
  PRINT SPACE$((col.max-LEN(text$))/2)+CHR$(27)+"p"+text$+CHR$(27)+"q";
  REPEAT
  UNTIL LEN(INKEY$) OR MOUSEK                         ! wait...
  PUT 0,y.max-char.height,message.scrn$,3             ! restore screen
RETURN
' *********
'
