' *** SPRITE.LST ***                                 2nd GFA-Manual, page 20-30
> PROCEDURE sprite_init_1(VAR sprite1$)
  '
  ' *** Create a sprite as string sprite1$
  ' *** Use Procedure Sprite_init_2 for second sprite, etc.
  '
  ' *** Standard:  setcolor&()
  '
  RESTORE pattern.sprite1
  @sprite_creation(sprite1$)
  '
  pattern.sprite1:
  ' *** x,y,mode(0=normal;-1=XOR),mask-colour,sprite-colour (VDI colour-indices)
  DATA 0,0,0,0,1
  ' *** mask-pattern (1=pixel on, 0=pixel off)
  DATA 0000111111110000
  DATA 0001111111111000
  DATA 0011111111111100
  DATA 0111111111111110
  DATA 0111111111111110
  DATA 0111111111111110
  DATA 0111111111111110
  DATA 1111111111111111
  DATA 1111111111111111
  DATA 1111111111111111
  DATA 0111111111111110
  DATA 0111111111111110
  DATA 0111111111111110
  DATA 0011111111111100
  DATA 0001111111111000
  DATA 0000111111110000
  ' *** sprite-pattern
  DATA 0000000000000000
  DATA 0000111111110000
  DATA 0001111111111000
  DATA 0011111111111100
  DATA 0010000000000100
  DATA 0010011001100100
  DATA 0010000100000100
  DATA 0110001000000110
  DATA 0110010000000110
  DATA 0110011110000110
  DATA 0010000000000100
  DATA 0010100000010100
  DATA 0010011111100100
  DATA 0001000000001000
  DATA 0000111111110000
  DATA 0000000000000000
RETURN
' ***
> PROCEDURE sprite_creation(VAR s$)
  '
  ' *** Construct sprite-string from data in DATA-lines
  '
  ' *** Standard:  setcolor&()
  '
  LOCAL x,y,mode,msk.color,sprite.color,n,msk$,sprite$
  s$=STRING$(74,0)                              ! 37 words
  READ x,y,mode,msk.color,sprite.color
  MID$(s$,1,2)=MKI$(x)                          ! word 0
  MID$(s$,3,2)=MKI$(y)                          ! word 1
  MID$(s$,5,2)=MKI$(mode)                       ! word 2
  MID$(s$,7,2)=MKI$(setcolor(msk.color))        ! word 3
  MID$(s$,9,2)=MKI$(setcolor(sprite.color))     ! word 4
  FOR n=1 TO 16                                 ! word 5-35 (16 odd words)
    READ msk$
    MID$(s$,7+n*4,2)=MKI$(VAL("&X"+msk$))
  NEXT n
  FOR n=1 TO 16                                 ! word 6-36 (16 even words)
    READ sprite$
    MID$(s$,9+n*4,2)=MKI$(VAL("&X"+sprite$))
  NEXT n
RETURN
' *********
'
