 'GEMDEMO 1
 'Demonstrations-Programm fÅr Window- & MenÅzeilen-Verwaltung
 'mittels GEMSEL wurde die Library um nicht benîtigte GEM-Prozeduren gekÅrzt
 '
 CLEAR 75000
 DIM Window_Handle(10),Wind_Name_Adr(10),Wind_Info_Adr(10),X(10),Y(10),W(10),H(10),Message(10),Wind_Open(10),Wind_Handle(10)
 Scr2=( MEMORY(32256)+255) AND $FFFF00:Bitblt_Speicher= MEMORY(6+32000)
 True=(0=0):False= NOT True:Resourcedefs
 Appl_Init:Rsrc_Load("GEMDEMO.RSC",X)
 IF X<>1 THEN
    FORM_ALERT (1,"[3][Ich konnte die Datei|     'GEMDEMO.RSC'|nicht finden.][ Abbruch ]")
    Appl_Exit: END
 ENDIF
 Rsrc_Gaddr(0,Menu,Menu_Adr):Menu_Bar(Menu_Adr):Graf_Mouse(0)
 Wind_Get(0,4,X0,Y0,W0,H0)
 LINE STYLE =1: MODE =3:V_Hide_C
 SCREEN 2,Scr2:W=W0-1:H=Y0+H0-1: PRINT "f";: REM Cursor aus
 FOR X=0 TO W
    DRAW X,0 TO W-X,H
 NEXT X
 FOR Y=0 TO H
    DRAW W,Y TO 0,H-Y
 NEXT Y
 SCREEN 0:V_Show_C(0)
 FOR Nr=1 TO 4
    Wind_Create($FFF,X0,Y0,W0,H0,Window):Window_Handle(Nr)=Window
    Wind_Name_Adr(Nr)= MEMORY(66)
    Wind_Info_Adr(Nr)= MEMORY(66)
    Wind_Set(Window,2," Window Nr"+ STR$(Nr)+" ",Wind_Name_Adr(Nr))
    Wind_Set(Window,3," Das Handle dieses Windows ist"+ STR$(Window)+" ",Wind_Info_Adr(Nr))
 NEXT Nr
 X(1)=X0:Y(1)=Y0:W(1)=W0/2:H(1)=H0/2
 X(2)=X0+W0/2:Y(2)=Y0:W(2)=W0/2:H(2)=H0/2
 X(3)=X0:Y(3)=Y0+H0/2:W(3)=W0/2:H(3)=H0/2
 X(4)=X0+W0/2:Y(4)=Y0+H0/2:W(4)=W0/2:H(4)=H0/2
 Wind_Set(Window_Handle(3),9,1000)
 REPEAT
    Evnt_Mesag(X$)
    FOR I=0 TO 7:Message(I)= CVI( MID$(X$,I*2+1,2)): NEXT
    IF Message(0)=Mn_Selected THEN
       IF Message(4)=Message THEN
          FORM_ALERT (1,"[1][Dies ist ein Beispielprogramm|fÅr GEM unter OMIKRON-BASIC][ OK ]")
          Menu_Tnormal(Desk,1)
       ENDIF
       IF Message(4)=Quit THEN
          Graf_Mouse(2)
          FOR Nr=1 TO 4
             IF Wind_Open(Nr) THEN
                Wind_Close(Wind_Handle(Nr))
             ENDIF
             Wind_Delete(Wind_Handle(Nr))
          NEXT Nr
          Menu_Tnormal(File,1)
          Appl_Exit
          END
       ENDIF
       IF Message(4)=Openw THEN
          Nr=1
          WHILE Wind_Open(Nr):Nr=Nr+1 WEND
          IF Nr>4 THEN
             FORM_ALERT (1,"[3][Zu viele Windows][ Abbruch ]")
          ELSE
             Window=Window_Handle(Nr):X=X(Nr):Y=Y(Nr):W=W(Nr):H=H(Nr)
             Form_Dial(1,X,Y,W,H)
             Wind_Open(Window,X(Nr),Y(Nr),W(Nr),H(Nr)):Wind_Open(Nr)=True
          ENDIF
          Menu_Tnormal(Twindow,1)
       ENDIF
    ENDIF
    IF Message(0)=Wm_Topped THEN
       Nr=1:Window=Message(3)
       WHILE Nr<5 AND Window_Handle(Nr)<>Window:Nr=Nr+1 WEND
       IF Nr<5 THEN
          IF Wind_Open(Nr) THEN
             Wind_Set(Window)
          ENDIF
       ENDIF
    ENDIF
    IF Message(0)=Wm_Arrowed THEN
       Nr=1:Window=Message(3)
       WHILE Nr<5 AND Window_Handle(Nr)<>Window:Nr=Nr+1 WEND
       IF Nr<5 THEN
          IF Wind_Open(Nr) THEN
             M=Message(4)
             Wind_Get(Window,4,X,Y,W,H)
             IF M AND 4 THEN
                Slider=8:Seite=W: REM horizontal
             ELSE
                Slider=9:Seite=H: REM vertikal
             ENDIF
             IF M AND 2 THEN
                Schritt=1: REM einzelschritt
             ELSE
                Schritt=Seite: REM seite hoch/runter/rechts/links
             ENDIF
             IF M AND 1 THEN
                REM Schritt=+Schritt 'nach unten oder rechts
             ELSE
                Schritt=-Schritt: REM nach oben oder links
             ENDIF
             Wind_Get(Window,Slider,Alt)
             Neu= MAX( MIN(Alt+Schritt,1000),1)
             Wind_Set(Window,Slider,Neu)
             Wind_Get(Window,5,X,Y,W,H)
             Form_Dial(0,X,Y,W,H):Form_Dial(3,X,Y,W,H): REM redraw erzwingen
          ENDIF
       ENDIF
    ENDIF
    IF Message(0)=Wm_Hslid THEN
       Nr=1:Window=Message(3)
       WHILE Nr<5 AND Window_Handle(Nr)<>Window:Nr=Nr+1 WEND
       IF Nr<5 THEN
          IF Wind_Open(Nr) THEN
             Wind_Set(Window,8,Message(4))
             Wind_Get(Window,5,X,Y,W,H)
             Form_Dial(0,X,Y,W,H):Form_Dial(3,X,Y,W,H): REM redraw erzwingen
          ENDIF
       ENDIF
    ENDIF
    IF Message(0)=Wm_Vslid THEN
       Nr=1:Window=Message(3)
       WHILE Nr<5 AND Window_Handle(Nr)<>Window:Nr=Nr+1 WEND
       IF Nr<5 THEN
          IF Wind_Open(Nr) THEN
             Wind_Set(Window,9,Message(4))
             Wind_Get(Window,5,X,Y,W,H)
             Form_Dial(0,X,Y,W,H):Form_Dial(3,X,Y,W,H): REM redraw erzwingen
          ENDIF
       ENDIF
    ENDIF
    IF Message(0)=Wm_Sized OR Message(0)=Wm_Moved THEN
       Nr=1:Window=Message(3)
       WHILE Nr<5 AND Window_Handle(Nr)<>Window:Nr=Nr+1 WEND
       IF Nr<5 THEN
          IF Wind_Open(Nr) THEN
             X=Message(4):Y=Message(5):W=Message(6):H=Message(7)
             Wind_Set(Window,X,Y,W,H)
             IF Message(0)=Wm_Sized THEN
                Form_Dial(0,X,Y,W,H):Form_Dial(3,X,Y,W,H): REM redraw erzwingen
             ENDIF
          ENDIF
       ENDIF
    ENDIF
    IF Message(0)=Wm_Closed THEN
       Nr=1:Window=Message(3)
       WHILE Nr<5 AND Window_Handle(Nr)<>Window:Nr=Nr+1 WEND
       IF Nr<5 THEN
          IF Wind_Open(Nr) THEN
             Wind_Get(Window,5,X,Y,W,H)
             X(Nr)=X:Y(Nr)=Y:W(Nr)=W:H(Nr)=H
             Wind_Close(Window):Wind_Open(Nr)=False
             Form_Dial(2,X,Y,W,H)
          ENDIF
       ENDIF
    ENDIF
    IF Message(0)=Wm_Fulled THEN
       Nr=1:Window=Message(3)
       WHILE Nr<5 AND Window_Handle(Nr)<>Window:Nr=Nr+1 WEND
       IF Nr<5 THEN
          IF Wind_Open(Nr) THEN
             Wind_Get(Window,5,X,Y,W,H)
             IF W=W0 AND H=H0 THEN
                Wind_Get(Window,6,X,Y,W,H):Wind_Set(Window,X,Y,W,H)
                Form_Dial(0,X,Y,W,H):Form_Dial(3,X,Y,W,H): REM redraw erzwingen
             ELSE
                Wind_Set(Window,X0,Y0,W0,H0)
             ENDIF
          ENDIF
       ENDIF
    ENDIF
    IF Message(0)=Wm_Redraw THEN
       Nr=1:Window=Message(3)
       WHILE Nr<5 AND Window_Handle(Nr)<>Window:Nr=Nr+1 WEND
       IF Nr<5 THEN
          IF Wind_Open(Nr) THEN
             Wind_Update(1):Graf_Mouse(256)
             Wind_Get(Window,4,Fx,Fy,Fw,Fh)
             Wind_Get(Window,11,X,Y,W,H)
             WHILE W>0 AND H>0
                Schnitt(X,Y,W,H,Message(4),Message(5),Message(6),Message(7))
                IF W>0 AND H>0 THEN Redraw(Nr,Fx,Fy,Fw,Fh,X,Y,W,H)
                Wind_Get(Window,12,X,Y,W,H)
             WEND
             Graf_Mouse(257):Wind_Update(0)
          ENDIF
       ENDIF
    ENDIF
 UNTIL 0
 DEF PROC Schnitt(R X,R Y,R W,R H,Xs,Ys,Ws,Hs)
    X2=X+W:Y2=Y+H:X2s=Xs+Ws:Y2s=Ys+Hs
    X= MAX(X,Xs):Y= MAX(Y,Ys):X2= MIN(X2,X2s):Y2= MIN(Y2,Y2s)
    W=X2-X:H=Y2-Y: RETURN
 DEF PROC Redraw(Nr,Fx,Fy,Fw,Fh,X,Y,W,H): CLIP X,Y,W,H
    ON Nr GOTO Redraw_1,Redraw_2,Redraw_3,Redraw_4
-Redraw_1
    FILL STYLE =2,Nr: FILL COLOR =1: MODE =1
    PBOX X,Y,W,H
    LINE COLOR =1: LINE STYLE =1
    DRAW X,Y TO X+W-1,Y+H-1: DRAW X,Y+H-1 TO X+W-1,Y
    RETURN
-Redraw_2
    FILL STYLE =0,1: FILL COLOR =1: MODE =1
    PBOX X-1,Y-1,W+2,H+2
    Wind_Get(Window_Handle(Nr),8,X)
    Wind_Get(Window_Handle(Nr),9,Y)
    TEXT HEIGHT =13: TEXT STYLE =16: TEXT COLOR =1
    TEXT Fx+X,Fy+Y+14, TIME$
    RETURN
-Redraw_3
    FILL STYLE =0,1: FILL COLOR =1: MODE =1
    PBOX X-1,Y-1,W+2,H+2
    FILL STYLE =2,19
    Wind_Get(Window_Handle(Nr),8,X)
    Wind_Get(Window_Handle(Nr),9,Y)
    PELLIPSE Fx+Fw/2,Fy+Fh/2,Fw/2,Fh/2,X*3.6,Y*3.6
    RETURN
-Redraw_4
    FILL STYLE =0,1: FILL COLOR =1: MODE =1
    PBOX X-1,Y-1,W+2,H+2
    Wind_Get(Window_Handle(Nr),8,Fw)
    Wind_Get(Window_Handle(Nr),9,Fh)
    IF W>W0-X+Fx-Fw THEN W=W0-X+Fx-Fw
    IF H>H0-Y+Fy-Fh THEN H=H0-Y+Fy-Fh
    IF W<1 OR H<1 THEN RETURN
    Scrold= LPEEK($44E): IPL 7: REM keine unterbrechungen bitte
    LPOKE $44E,Scr2: REM logische Bildschirmadresse umstellen
    BITBLT X-Fx+Fw,Y-Fy+Fh,W,H TO Bitblt_Speicher
    LPOKE $44E,Scrold: IPL 3: REM Bildschirmadresse zurÅck
    BITBLT Bitblt_Speicher TO X,Y,W,H
    RETURN
 DEF PROC Resourcedefs
 Menu=0
 Desk=3
 File=4
 Twindow=5
 Message=8
 Quit=17
 Openw=19
 RETURN
