 ' IS_DEMO legt 2 Dateien an: ADRESSEN.DAT (Stammdatei) und ADRESSEN.I01 (Index)
 '
 DIM Buffer$(10)
 DIM Eingabe$(10)
 DIM Is_Fnr(10)
 DIM Titel$(10)
 DIM Is_Nam$(10)
 DIM Is_Anz(10)
 DIM Is_Rcl(10)
 DIM Is_Next(10)
 DIM Is_Free(10)
 DIM Is_Size(10)
 DIM Is_Len(10,10)
 DIM Is_Pos(10,10)
 DIM Is_Typ(10,10)
 DIM Is_Last(10)
 DIM Is_Lasti(10)
 MODE "D"
 Is_Entry(0,1,0,30,1)' Name als (einziges) Suchkriterium
 '
 Is_Open(0,"adressen",120,1,1)
 KEY 10=""' Taste [F10] belegen, damit sp„tere Reaktion m”glich
 Letzter_Such$= CHR$(255)
 REPEAT
    Eingabe
    IF Scan_Code=1 THEN EXIT ' bei [ESC]
    IF Scan_Code=$62 THEN
       IF Letzter_Such$=Eingabe$(1) THEN
          LSET Buffer$(1)=Eingabe$(1)
          Is_Search(0,0,Rec_Nr)
       ELSE
          Letzter_Such$=Eingabe$(1)
          LSET Buffer$(1)=Eingabe$(1)
          Is_Search(0,1,Rec_Nr)
       ENDIF
       IF Rec_Nr THEN
          GET Is_Fnr(0),Rec_Nr
          FOR I=1 TO 4
             A$=Buffer$(I)
             WHILE RIGHT$(A$,5)="     ":A$= LEFT$(A$, LEN(A$)-5): WEND
             WHILE RIGHT$(A$,1)=" ":A$= LEFT$(A$, LEN(A$)-1): WEND
             Eingabe$(I)=A$
          NEXT
          Letzter_Such$=Eingabe$(1)
       ELSE
          PRINT CHR$(7);
       ENDIF
    ELSE
       Letzter_Such$= CHR$(255)
       FOR I=1 TO 4: LSET Buffer$(I)=Eingabe$(I): NEXT
       Is_Insert(0)
       FOR I=1 TO 4:Eingabe$(I)="": NEXT
    ENDIF
 UNTIL End_Of_Universe
-Ende
 Is_Close(0)
 END
 DEF PROC Eingabe
    LOCAL I
    CLS ' Bildschirm l”schen
    PRINT "Suchen nach Name mit [HELP], Abspeichern mit [F10], Ende mit [ESC]"
    RESTORE Titel: FOR I=1 TO 4: READ Titel$(I): PRINT @(5+I*2,1);Titel$(I);Eingabe$(I): NEXT
    I=1: REPEAT
       INPUT @(5+I*2,1)+Titel$(I);Eingabe$(I) USING "a0%UsbsDss"+ CHR$($48)+"s"+ CHR$($50),Taste,30
       Scan_Code=Taste SHR 16 AND $FF
       IF Scan_Code=$44 THEN EXIT ' Abspeichern bei [F10]
       IF Scan_Code=$62 THEN EXIT 'bei [HELP]
       IF Scan_Code=1 THEN EXIT ' bei [ESC]
       IF Scan_Code=$48 THEN
          IF I>1 THEN I=I-1
       ELSE
          IF I<4 THEN I=I+1
       ENDIF
    UNTIL End_Of_Universe
 RETURN
-Titel
 DATA "Name       : "
 DATA "Straže     : "
 DATA "PLZ, Ort   : "
 DATA "Bemerkungen: "
 DEF PROC Type
    OPEN "i",1,"adressen.dat"
    REPEAT
       PRINT INPUT$(1,1);
    UNTIL EOF(1)
 RETURN
