.
.LISTING 2
.EXEMPLE D'UTILISATION DES ROUTINES
.DE SPRITES MASQUêS EN GFA-BASIC
.par Jedi of Sector One from The Heavy Killers
.
.N'oubliez pas de charger l'INLINE !
INLINE courbe%,1440
debut_courbe%=courbe%
fin_courbe%=courbe%+1440
pointeur%=debut_courbe%
.
.Image NÇochrome Ö charger
.
OPEN "i",#1,"gen4thk.neo"
SEEK #1,4
pal$=INPUT$(32,#1)
SEEK #1,128
jefond$=INPUT$(32000,#1)
CLOSE #1
VSYNC
FOR a%=0 TO 15
  SETCOLOR a%,0
NEXT a%
SPUT jefond$
CLR jefond$
~XBIOS(6,L:V:pal$)
CLR pal$
OUT 4,&H12
HIDEM
VSYNC
origine%=XBIOS(2)
memoire%=FRE(0)
.
.[ MERGEZ ICI LES RESERVATIONS ]
.
ON BREAK GOSUB bye
.
.Nos deux Çcrans
.
ecran1%=XBIOS(2)
nouveau%=MALLOC(32256)
ecran2%=AND(ADD(nouveau%,255),&HFFFFFF00)
BMOVE ecran1%,ecran2%,32000
.
.Pour la routine 'magique'
old%=ecran2%
old2%=ecran1%
.
.Boucle principale
.
DO
  .
  .Synchronisation sur deux Çcrans
  .
  SWAP ecran1%,ecran2%
  ~XBIOS(5,L:ecran1%,L:ecran2%,-1)
  VSYNC
  jedi%=old%
  .
  .Permuter alternativement les
  .deux buffers de sauvegarde
  .
  IF ecran1%=origine%
    sav%=sav1%
  ELSE
    sav%=sav2%
  ENDIF
  .
  .[ MERGEZ ICI LA ROUTINE DE...
  . ...RESTAURATION DU FOND ]
  .
  jedi%=ADD(ecran1%,CARD{pointeur%})
  deca%=CARD{ADD(pointeur%,2)}
  .
  .Affichage du sprite (dÇcalage=deca% ; adresse=jedi%)
  .
  sauve_fond
  ON deca% GOSUB sprite0,sprite1,sprite2,sprite3,sprite4,sprite5,sprite6,sprite7,sprite8,sprite9,sprite10,sprite11,sprite12,sprite13,sprite14,sprite15
  old%=old2%
  old2%=jedi%
  .
  .Positions suivantes
  .
  ADD pointeur%,4
  IF pointeur%=fin_courbe%
    pointeur%=debut_courbe%
  ENDIF
LOOP UNTIL INP?(2)
bye
.
.[ MERGEZ ICI LA ROUTINE D'AFFICHAGE ]
.
.
.[ MERGEZ ICI LA ROUTINE DE...
. ...SAUVEGARDE DU FOND ]
.
PROCEDURE bye
  ~MFREE(nouveau%)
  ~MFREE(sav1%)
  ~MFREE(sav2%)
  RESERVE memoire%
  ~XBIOS(5,L:origine%,L:origine%,0)
  VSYNC
  OUT 4,8
  EDIT
RETURN
