'               ROUTINE DE CRYPTAGE et DECRYPTAGE DE TEXTE ASCII
'
'       par DAVID DUCASSOU, 8/2/91
'
'
t$="UN TEXTE QUI EST CRYPTE RESSEMBLE A CELA..."
'
a$=@crypter$(t$,3)
PRINT a$
'
b$=@decrypter$(a$,3)
PRINT b$
'
'
> FUNCTION decrypter$(chaine_a_decrypter$,clef%)
'
LOCAL pointeur%,l%,total$
'
FOR pointeur%=1 TO LEN(chaine_a_decrypter$)
  '
  l%=ASC(MID$(chaine_a_decrypter$,pointeur%,1))
  SUB l%,clef%
  total$=total$+CHR$(l%)
  '
NEXT pointeur%
'
RETURN total$
'
'
ENDFUNC
'
> FUNCTION crypter$(chaine_a_crypter$,clef%)
'
LOCAL pointeur%,l%,total$
'
FOR pointeur%=1 TO LEN(chaine_a_crypter$)
'
l%=ASC(MID$(chaine_a_crypter$,pointeur%,1))
ADD l%,clef%
total$=total$+CHR$(l%)
'
NEXT pointeur%
'
RETURN total$
'
ENDFUNC
