

_IOEOF           #define symbol
                 XLG2GCC.C:   48

__NULL           #define symbol
                 XLG2GCC.C:   23,  29

__builtin_strlen extern near function returning "size_t"
                 XLG2GCC.C:   41,  50

_flag            unsigned int in struct (no tag)
                 XLG2GCC.C:   48

argc             formal int
                 XLG2GCC.C:   7,  13,  18

argv             formal pointer to pointer to char
                 XLG2GCC.C:   7,  20,  21,  23

buf              auto array [200] of char
                 XLG2GCC.C:   9,  20,  21,  29,  36,  38,  41(2),  43,  45,  46,  47,  50,  51

BUFSIZE          #define symbol
                 XLG2GCC.C:   5,  9,  36,  47

comment          auto pointer to char
                 XLG2GCC.C:   9,  38,  40

exit             extern near function returning void
                 XLG2GCC.C:   15,  26,  33

fclose           extern near function returning int
                 XLG2GCC.C:   32,  53,  54

feof             #define symbol (1 argument)
                 XLG2GCC.C:   48

fgets            extern near function returning pointer to char
                 XLG2GCC.C:   36,  47

fopen            extern near function returning pointer to "FILE"
                 XLG2GCC.C:   23,  29

fputs            extern near function returning int
                 XLG2GCC.C:   45,  51

FILE             typedef struct (no tag) (size 25 bytes)
                 XLG2GCC.C:   10

i                auto int
                 XLG2GCC.C:   11,  18(3),  20,  21,  23

 V5.52 (Cross Reference)        27-Feb-96 01:53:20                         Page 1


      SYMBOL        ATTRIBUTES AND CROSS REFERENCE 


infile           auto pointer to "FILE"
                 XLG2GCC.C:   10,  23,  32,  36,  47,  48,  54

main             extern (defined) function returning void
                 XLG2GCC.C:   7

n                auto int
                 XLG2GCC.C:   11

NULL             #define symbol
                 XLG2GCC.C:   23,  29

outfile          auto pointer to "FILE"
                 XLG2GCC.C:   10,  29,  45,  51,  53

printf           extern near function returning int
                 XLG2GCC.C:   14,  21,  25,  31

sprintf          extern near function returning int
                 XLG2GCC.C:   20

strcat           extern near function returning pointer to char
                 XLG2GCC.C:   43

strlen           #define symbol
                 XLG2GCC.C:   41,  50

strstr           extern near function returning pointer to char
                 XLG2GCC.C:   38

tmp              auto pointer to char
                 XLG2GCC.C:   9,  41(3),  42
