Dim Palette(15),Pal2(15)
'
Gosub Save_palette
'
Main:
'
Gosub Check_rez
Gosub Choose_pic
Hidem
Gosub Load_colour
Gosub Install_colour
Gosub Show_pic
'
G$=""
Repeat
  G$=Inkey$
Until G$<>""
'
Cls
'
Gosub Restore_palette
'
If Upper$(G$)="Q"
  End
Endif
'
Showm
Goto Main
'
'
Procedure Check_rez
  '
  Rez=Xbios(4)
  If Rez<>0
    Alrt$="NEOLOAD only works in|Low Resolution."
    Alert 3,Alrt$,1,"Exit",B
    End
  Endif
  '
Return
'
Procedure Choose_pic
  '
  ' This procedure was incuded to allow you to select a NEOCHROME format
  ' file using the standard GEM file selector. If you wish to load
  ' a predetermined picture file, omit this procedure and define Filename$
  ' as the name of the desired program before calling Procedure Load_Colour.
  '
  Disk$="*.NEO"
  Fileselect Disk$,"",Filename$
  If Filename$=""
    End
  Endif
  '
Return
'
Procedure Load_colour
  '
  Open "I",#1,Filename$
  Temp$=Input$(38,#1)
  Colour$=Mid$(Temp$,7,32)
  Close #1
  '
  Palnum=0
  Count=0
  Repeat
    Hibyte=Asc(Mid$(Colour$,Count,1))
    Inc Count
    Lobyte=Asc(Mid$(Colour$,Count,1))
    Inc Count
    Pal2(Palnum)=(Hibyte*256)+Lobyte
    Inc Palnum
  Until Palnum=15
  '
Return
'
Procedure Install_colour
  '
  Void Xbios(6,L:Varptr(Colour$))
  '
Return
'
Procedure Show_pic
  '
  Physbase=Xbios(2)
  Bload Filename$,Physbase-128
  '
Return
'
' Save Original Color Palette
'
Procedure Save_palette
  '
  For I=0 To 15
    Palette(I)=Xbios(7,W:I,W:-1)
  Next I
  '
Return
'
Procedure Restore_palette
  '
  For I=0 To 15
    Setcolor I,Palette(I)
  Next I
  '
Return
