Dim X%(200),Y%(200),X1%(200),Y1%(200)
Setcolor 0,0,0,0
Setcolor 15,7,7,7
Cls
Get 1,1,40,40,A$
Xc=155
Yc=90
Yr=150
Xr=80
For I=0 To 2*Pi Step Pi/100
  X%(C%)=Int(Sin(I)*Yr+Xc)
  Y%(C%)=Int(Cos(I)*Xr+Yc)
  Inc C%
Next I
C%=0
Xc=135
Yc=85
Yr=125
Xr=70
For I=2*Pi To 0 Step -Pi/100
  X1%(C%)=Int(Sin(I)*Yr+Xc)
  Y1%(C%)=Int(Cos(I)*Xr+Yc)
  Inc C%
Next I
C%=1
Deffill 14,2,8
Pcircle 160,100,10
Deffill 2
Do
  Put X%(C%-1)-11,Y%(C%-1)-10,A$
  Pcircle X%(C%),Y%(C%),5
  Put X1%(C%-1)-11,Y1%(C%-1)-10,A$
  Pcircle X1%(C%),Y1%(C%),5
  Inc C%
  If C%>200
    C%=1
  Endif
Loop
Setcolor 0,7,7,7
