' Adressen von GFA-Prozeduren ermitteln - 27.2.92 by Stefan Muench
' Parameter-šbergabe - 10.06.92 by Gregi Duchalski
'
' von Gregor Duchalski, Baueracker 15a, 4690 Herne 1
' eMail an GREGOR DUCHALSKI @ DO im MausNet
'
' last change 26.06.92
' ------------------------------------------------------------------------------
' Mit diesen Routinen k”nnen Sie die Adressen von GFA-Prozeduren ermitteln.
' Funktioniert nur in compilierten Programmen. Der Prozedur-Aufruf muž am
' Anfang des Programms stehen.
'
test1(10,10,200,10)
'
help.adr%=@find_firstaddress
test1adr%=@find_nextaddress(help.adr%)
'
' Hier folgt der Aufruf der Prozedur 'test1' ber den 'C:'-Befehl. Die Parameter
' werden hier in der umgekehrten Reihenfolge bergeben!
~C:test1adr%(100,200,100,10)
'
~INP(2)
'
> PROCEDURE test1(x&,y&,w&,h&)
  '
  IF test1!
    LINE x&,y&,w&,h&
  ENDIF
  '
  test!=TRUE
  '
RETURN
'
> FUNCTION find_firstaddress
$F%
'
' Sucht die 1. Adresse, ab der die Prozeduren aufgerufen werden.
'
' hier befinden wir uns sicher im Programm:
a%=BASEPAGE
'
' gesucht wird der 1. JSR xxxxxxxx (4E B9); Schrittweite Word
WHILE WORD{a%}<>&H4EB9
  ADD a%,2
WEND
'
' jetzt den n„chsten JSR suchen
REPEAT
  ADD a%,2
UNTIL WORD{a%}=&H4EB9
'
RETURN a%
ENDFUNC
> FUNCTION find_nextaddress(VAR a%)
'
' Findet den n„chsten Prozeduraufruf
'
' zurueck geben wir die Zieladresse des (alten) JSR:
b%={ADD(a%,2)}
'
' a% soll auf den n„chsten JSR zeigen:
REPEAT
ADD a%,2
UNTIL WORD{a%}=&H4EB9
'
' Zieladresse des alten JSR
RETURN b%
ENDFUNC
