DIM zeit(2),stern(2),tt(2),st(2)
CLR bonus
sp=1
starwaerts
> PROCEDURE starwaerts
  ERASE s_zeile(),s_spalte()
  DIM s_zeile(250),s_spalte(250)
  starwaerts2
RETURN
> PROCEDURE starwaerts2
  z$=CHR$(219)
  CLR t,stern
  bw=1
  zeile=5
  spalte=INT(RND(1)*60)+3
  IF bonus=0
    @vorspann
  ENDIF
  t=TIMER
  stars
  PRINT AT(spalte,zeile);CHR$(27);"b1";z$;CHR$(27);"b3"
  spiel
RETURN
> PROCEDURE spiel
  CLR a
  a=STICK(1)
  DELAY 0.025
  zeil=zeile
  spalt=spalte
  SELECT a
  CASE 2
    INC zeile
    GOTO spalte
  CASE 1
    DEC zeile
    GOTO spalte
  CASE 8
    INC spalte
    GOTO spalte
  CASE 4
    DEC spalte
    GOTO spalte
  ENDSELECT
  spiel
spalte:
  IF zeile<5
    zeile=5
  ENDIF
  IF zeile>21
    zeile=21
  ENDIF
  IF spalte>64
    spalte=64
  ENDIF
  IF spalte<3
    spalte=3
  ENDIF
  FOR i=1 TO 250
    IF spalte=s_spalte(i) AND zeile=s_zeile(i)
      INC stern(sp)
      s_spalte(i)=500
      s_zeile(i)=500
    ENDIF
  NEXT i
  IF (TIMER-t)/200>=20 AND bonus=1
    ende2
  ENDIF
  PRINT AT(spalt,zeil);" "
  PRINT AT(spalte,zeile);CHR$(27);"b1";z$;CHR$(27);"b3"
  IF bonus=0
    IF spalte=bspalte AND zeile=bzeile OR spalte=bspalte+1 AND zeile=bzeile
      ende
    ENDIF
  ENDIF
  spiel
RETURN
> PROCEDURE ende
  zeit(sp)=(TIMER-t)/200
  PRINT AT(20,10);"Geschafft!!"
  PRINT AT(7,11);"Die Rebellion ist gerettet!!!"
  PRINT AT(14,13);" Sterne:";stern(sp);"   "
  PRINT AT(13,14);"ZEIT:";zeit(sp)
  st(sp)=stern(sp)
  tt(sp)=zeit(sp)
  DELAY 4
  IF stern(sp)<6 AND INT(zeit(sp))<11
    bonusspiel
  ENDIF
  IF sp=1
    INC sp
    starwaerts
  ELSE
    st_auswertung
  ENDIF
  ALERT 1,"Nochmal?",1,"Ja|Nein",m
  IF m=1
    RUN
  ENDIF
  END
RETURN
> PROCEDURE vorspann
  CLS
  PRINT "  Jetzt setzt uns das Imperium lauter Sterne vor unsere"
  PRINT "  Basis! Wie k”nnen wir blož so schnell wie m”glich,zu"
  PRINT "  unserem Rebellenplaneten zurckfinden? So schnell wie"
  PRINT "  m”glich und OHNE mit den Sternen zu kollidieren!"
  PRINT "  Wenn wir das nicht schaffen, kommen wir zu"
  PRINT "  sp„t zum Essen und unsere Rebellion geht an einem"
  PRINT "  CHR$(43) zu grunde..."
  PRINT
  PRINT "  T   d     ** * **   STAR - Wars"
  PRINT " a   r       ** **    geschrieben"
  PRINT "  s -      *******   von"
  PRINT " t   c       ** **    Matthias"
  PRINT "  e   ken   **   **   Jaap"
  a$=INPUT$(1)
RETURN
> PROCEDURE stars
  CLS
  FOR i=1 TO 250
    @star
    PRINT AT(ss,sz);CHR$(43)
    s_zeile(i)=sz
    s_spalte(i)=ss
  NEXT i
  PRINT AT(2,23);"Star Wars :Joystick in Port 2"
  PRINT AT(2,4);CHR$(179)
  FOR i=3 TO 65
    PRINT AT(i,4);CHR$(179)
    PRINT AT(i,22);CHR$(179)
  NEXT i
  PRINT AT(65,4);CHR$(179)
  FOR i=4 TO 22
    PRINT AT(i,4);CHR$(179)
    PRINT AT(65,i);CHR$(179)
    PRINT AT(2,i);CHR$(179)
  NEXT i
  PRINT AT(2,22);CHR$(179)
  PRINT AT(65,22);CHR$(179)
  bzeile=21
  bspalte=INT(RND(1)*60)+2
  PRINT CHR$(27);"b2";AT(bspalte,21);CHR$(42);CHR$(42);CHR$(42)
RETURN
> PROCEDURE star
  sz=INT(RND(1)*18)+4
  ss=INT(RND(1)*60)+4
RETURN
> PROCEDURE bonusspiel
  CLS
  PRINT AT(2,5);"Bonusspiel (20 Sek.)vernichte alle Sterne!!!"
  stern(sp)=0
  DELAY 2
  bonus=1
  starwaerts
RETURN
> PROCEDURE ende2
  PRINT AT(2,15);"Bonusspiel zuende!!"
  PRINT AT(2,17);"Bonus:";stern(sp)
  DELAY 3
  IF sp=1
    INC sp
    starwaerts
  ELSE
    st_auswertung
  ENDIF
RETURN
> PROCEDURE st_auswertung
  CLS
  PRINT AT(2,4);"SPIELER 1"
  PRINT AT(2,5);"Zeit:";tt(1)
  PRINT AT(2,6);"Sterne:";st(1)
  PRINT AT(2,7);"Bonus:";stern(1)
  PRINT AT(2,9);"Spieler 2"
  PRINT AT(2,10);"Zeit:";tt(2)
  PRINT AT(2,11);"Sterne:";st(2)
  PRINT AT(2,12);"Bonus:";stern(2)
  END
RETURN
