DIM sp1(25,80),sp2(25,80)
up$=CHR$(0)+CHR$(75)
a=14
b=15
c=18
d=30
sp1(a,b)=1
sp2(c,d)=2
PRINT AT(b,a);"A"
PRINT AT(d,c);"B"
GOTO star
star:
a$=INPUT$(1)
SELECT UPPER$(a$)
CASE "I"
  DEC a
  PRINT AT(b,a);"A"
CASE "M"
  INC a
  PRINT AT(b,a);"A"
CASE "K"
  INC b
  PRINT AT(b,a);"A"
CASE "J"
  DEC b
  PRINT AT(b,a);"A"
CASE "R"
  DEC c
  PRINT AT(d,c);"B"
CASE "C"
  INC c
  PRINT AT(d,c);"B"
CASE "F"
  INC d
  PRINT AT(d,c);"B"
CASE "D"
  DEC d
  PRINT AT(d,c);"B"
ENDSELECT
sp1(a,b)=1
IF sp2(a,b)=2
  PRINT "PLAYER 2 WINS!"
  a$=INPUT$(1)
  END
ENDIF
REM SPIELER 2
sp2(c,d)=2
IF sp1(c,d)=1
  PRINT "PLAYER 1 WINS!"
  a$=INPUT$(1)
  END
ENDIF
GOTO star
