' *** KEY.LST ***                                     2nd GFA-Manual, page 8-13
FUNCTION key$(lowercase!,list$)
  '
  ' *** Returns key (through INKEY$) if it occurs in list$
  ' *** If lowercase!=TRUE the Function distinguishes between lower/upper case
  '
  LOCAL key$
  DO
    IF lowercase!
      key$=INKEY$
    ELSE
      key$=UPPER$(INKEY$)
    ENDIF
    EXIT IF INSTR(list$,key$)           ! correct key
    IF LEN(key$)
      OUT 2,7                           ! illegal key (not in list$)
      {ADD(XBIOS(14,1),6)}=0            ! clear keyboard-buffer
    ENDIF
  LOOP
  RETURN key$
ENDFUNC
' *****
'
