' *** KEY_WAIT.LST ***                                2nd GFA-Manual, page 8-11
> PROCEDURE key_wait_repeat(wait,repeat,VAR old.wait,old.repeat)
  '
  ' *** Change key-wait and key-repeat time (0-255)
  ' *** value/50 = seconds, e.g. repeat&=25 means a repeat-time of 0.5 second
  ' *** Use -1 if you don't want to change the current value
  ' *** The average user won't like it if you change his default values
  ' *** Do restore the old values before exiting the program!
  ' *** Use Procedure Key_repeat to switch key-repeat off
  '
  LOCAL key%
  key%=XBIOS(35,-1,-1)
  old.repeat=BYTE{V:key%+3}     ! old key-repeat value
  old.wait=BYTE{V:key%+2}       ! old key-wait value
  IF wait=-1
    wait=old.wait               ! XBIOS 35 won't change key-repeat if wait&=-1
  ENDIF
  ~XBIOS(35,wait,repeat)        ! new values for key-wait and key-repeat
RETURN
' *********
'
