GOSUB gfa_poppal__
opalette$=lib_rv__$
GOSUB gfa_pload__("\EXAMPLES\STUFF\DEMO.PI1",XBIOS(2),0)
GOSUB gfa_poppal__
npalette$=lib_rv__$
luminosite|=0                        ! facteur de luminosit‚ d'abord sur 0
REPEAT
  ~XBIOS(6,L:V:npalette$)            ! d‚terminer la palette des couleurs
  ALERT 2,"|transformer en gris‚s? | ",1," OUI ",button|
  '
  GOSUB gfa_l_greys__(V:npalette$,luminosite|)
  '
  IF luminosite|=6                   ! facteur de luminosit‚ pour le
    luminosite|=0                    ! prochain parcours de la boucle
  ELSE
    INC luminosite|
  ENDIF
  ALERT 2,"| Continuer? |",1," OUI | NON ",button|
UNTIL button|=2
~XBIOS(6,L:V:opalette$)
