' ------------
' |G.D.A v0.1|
' ------------
' (C) 1989 RIX
'
a=&H78000
CLS
SETCOLOR 0,&H777
SETCOLOR 15,&H0
OPEN "O",#2,"DONNEES.S"
FOR font=65 TO 90
  LOCATE 1,1
  PRINT CHR$(font)
  PRINT
  PRINT #2,CHR$(font);":"
  FOR lg=0 TO 7
    PRINT #2," dc.b ";
    FOR ad=0 TO 7 STEP 2
      pk=DPEEK(a+ad+lg*160)
      hpk$=HEX$(pk)
      z=4-LEN(hpk$)
      PRINT #2,"$";
      IF z<>0
        FOR zz=1 TO z
          PRINT #2,"0";
        NEXT zz
      ENDIF
      PRINT #2,hpk$;
      IF ad<6
        PRINT #2,",";
      ENDIF
    NEXT ad
    PRINT
  NEXT lg
NEXT font
CLOSE #2
VOID INP(2)
END
