' CONCOURS GFA (moy. resolution)
'
RESERVE 150000
DIM image%(32255/4)
b%=(VARPTR(image%(0))+255) AND &HFFFF00
a%=XBIOS(3)
SGET f$
FOR i=0 TO 640 STEP 10
  FOR j=0 TO 200 STEP 10
    PLOT i,j
  NEXT j
NEXT i
FOR n=0 TO 20
  SWAP a%,b%
  VOID XBIOS(5,L:a%,L:b%,-1)
  VSYNC
  SPUT f$
  BOX 60+n,50+n,580-n,180-n
  DRAW 60+n,50+n TO 140+n,30+n TO 500-n,30+n TO 580-n,50+n
  y1=60
  y2=100
  FOR i=1 TO 2
    FOR j=100 TO 520 STEP 160
      BOX j+n,y1+n,(j+120)-n,y2-n/3
    NEXT j
    ADD y1,60
    ADD y2,60
  NEXT i
  BOX 260+n,140+n/3,380-n,180-n
  LINE 320,120+n,320,180-n
NEXT n
VOID INP(2)
