'
' DEMO V0.01
' ==========
'
DIM image%(32255/4),c$(36)
b%=(VARPTR(image%(0))+255) AND &HFFFF00
a%=XBIOS(3)
BLOAD "a:\neochrom.v10\cara_rx1.neo",XBIOS(3)-128
FOR n%=1 TO 18
  x%=16*(n%-1)
  GET x%,0,13+x%,25,c$(n%)
NEXT n%
FOR n%=19 TO 36
  x%=16*(n%-19)
  GET x%,26,13+x%,51,c$(n%)
NEXT n%
CLS
n%=2
SGET f$
DO
  SWAP a%,b%
  VOID XBIOS(5,L:a%,L:b%,-1)
  VSYNC
  SPUT f$
  INC x
  IF x>16
    CLR x
    INC n%
  ENDIF
  PUT 319-x,120,c$(n%)
  GET 1,80,319,150,a$
  PUT 0,80,a$
  SGET f$
LOOP
