a=&H78000
DO
  CLR ad
  joy=PEEK(&HFFFC02)
  ON joy GOSUB haut,bas,rien,gauche,rien,rien,rien,droite
LOOP
PROCEDURE aff
  RESTORE sprite
  REPEAT
    READ a$
    b=VAL(a$)
    IF b=-1
      ADD ad,152
    ELSE
      IF b<>-2
        DPOKE a+ad+ad2,b
        ADD ad,2
      ENDIF
    ENDIF
  UNTIL b=-2
RETURN
PROCEDURE haut
  SUB ad2,160
RETURN
PROCEDURE bas
  ADD ad2,160
RETURN
PROCEDURE gauche
  SUB ad2,8
RETURN
PROCEDURE droite
  ADD ad2,8
RETURN
PROCEDURE rien
RETURN
sprite:
DATA $0,$0,$0,$0,-1
DATA $0,$0,$7000,$0,-1
DATA $1c00,$0,$3c00,$0,-1
DATA $1f00,$0,$7f00,$0,-1
DATA $30e0,$700,$ffe0,$0,-1
DATA $38f4,$0,$fff4,$a,-1
DATA $0,$0,$3fe0,$0,-1
DATA $0,$0,$1f00,$0,-1
DATA $3c00,$3c00,$3c00,$00,-2
DATA $0,$0,$0,$0
END
