' Einlesen von 2 Bildern in den Speicher. Das erste Bild wird sofort gezeigt.
' Nach Mausklick scrollt Bild 1 vom Bildschirm und Bild 2 erscheint.
' Ideal fÅr Titelbilder eigener Programme.
' FöR DEGAS-BILDER IST DER ENTSPRECHENDE ZUSATZ EINZUGEBEN.
Open "I",#1,"\Bild_1.pic"       ! Einlesen des 1. Bildes
Seek #1,34                      ! Gilt nur fÅr DEGAS-Bilder
A$=Input$(32000,#1)             ! Bild wird als String Åbernommen
Close #1
Open "I",#1,"\Bild_2.pic"       ! Einlesen des 2. Bildes
Seek #1,34                      ! Gilt nur fÅr DEGAS-Bilder
B$=Input$(32000,#1)             ! Bild wird als String Åbernommen
Close #1
Sput A$                         ! 1. Bild wird gezeigt
Repeat
Until Mousek
For Aa%=0 To 32000 Step 400                  ! Nach Mausklick scrollt
  Bmove Varptr(A$),Xbios(2)-Aa%,32000        ! Bild 1 aus dem Bild und
  Bmove Varptr(B$),Xbios(2)-Aa%+32000,32000  ! Bild 2 erscheint dafÅr
Next Aa%                                     !
Repeat
Until Mousek
Edit
