<DOKU>

FUNCTION str_repl$(str$,find$,repl$)    ! In str$ find$ durch repl$ ersetzen
  ' 26-10-94
  LOCAL stelle&         !
  LOCAL links$          !
  LOCAL rechts$         !
  '
  IF str$<>""                                   !
    REPEAT                                      !
      stelle&=INSTR(str$,find$)                 !
      IF stelle&                                !
        links$=LEFT$(str$,stelle&-1)            !
        rechts$=RIGHT$(str$,LEN(str$)-(stelle&+LEN(find$)-1))  !
        str$=links$+repl$+rechts$               !
      ENDIF                                     !
    UNTIL stelle&=0                             !
  ENDIF                                         !
  '
  RETURN str$                                   !
ENDFUNC
