RESERVE 1000
adr%=MALLOC(480*4)
d_adr%=adr%
angle=180
y=0
FOR angle=angle TO (angle+90-3) STEP 3
  x=ROUND(128*SIN(angle*PI/180)+128)
  offset=(x DIV 16)*8
  dec=(x-(offset*2))*4
  DPOKE adr%,offset
  DPOKE adr%+2,dec
  adr%=adr%+4
  aff
NEXT angle
FOR angle=angle TO (angle+180-3) STEP 3
  x=ROUND(32*SIN(angle*PI/180)+32)
  offset=(x DIV 16)*8
  dec=(x-(offset*2))*4
  DPOKE adr%,offset
  DPOKE adr%+2,dec
  adr%=adr%+4
  aff
NEXT angle
FOR angle=angle TO (angle+180-3) STEP 3
  x=ROUND(16*SIN(angle*PI/180)+48)
  offset=(x DIV 16)*8
  dec=(x-(offset*2))*4
  DPOKE adr%,offset
  DPOKE adr%+2,dec
  adr%=adr%+4
  aff
NEXT angle
FOR angle=angle TO (angle+180-3) STEP 3
  x=ROUND(72*SIN(angle*PI/180)+104)
  offset=(x DIV 16)*8
  dec=(x-(offset*2))*4
  DPOKE adr%,offset
  DPOKE adr%+2,dec
  adr%=adr%+4
  aff
NEXT angle
FOR angle=angle TO (angle+180-3) STEP 3
  x=ROUND(32*SIN(angle*PI/180)+144)
  offset=(x DIV 16)*8
  dec=(x-(offset*2))*4
  DPOKE adr%,offset
  DPOKE adr%+2,dec
  adr%=adr%+4
  aff
NEXT angle
FOR angle=angle TO (angle+180-3) STEP 3
  x=ROUND(72*SIN(angle*PI/180)+184)
  offset=(x DIV 16)*8
  dec=(x-(offset*2))*4
  DPOKE adr%,offset
  DPOKE adr%+2,dec
  adr%=adr%+4
  aff
NEXT angle
FOR angle=angle TO (angle+90-3) STEP 3
  x=ROUND(128*SIN(angle*PI/180)+128)
  offset=(x DIV 16)*8
  dec=(x-(offset*2))*4
  DPOKE adr%,offset
  DPOKE adr%+2,dec
  adr%=adr%+4
  aff
NEXT angle
BSAVE "crb_x2.bin",d_adr%,adr%-d_adr%
x%=MFREE(adr%)
END
PROCEDURE aff
  PSET x,y,15
  INC y
  IF y=200
    y=0
  ENDIF
RETURN
