  ' You Can Initialize This Menu with   @Init.ex2.menu
  '                               and   On Menu Gosub Call.ex2.menu
  ' !!! Call it with                    On Menu
  '
Procedure Init.ex2.menu
  Local a$,a%
  Menu Kill
  Resto.ex2.re:
  Restore Resto.ex2.re
  '
  Erase Med.ex2$()
  Dim med.ex2$(37)
  Data  Desk ,  About EXAMPLE ,----------------,ACC1,ACC2,ACC3,ACC4,ACC5,ACC6,""
  Data  Format ,  Page,--------------------,  WP,  ASCII,--------------------,  Margins
  Data --------------------,  Centered,  Justified,""
  Data  Set ,  Load CharSet,  Save CharSet,--------------------,  Modify CharSet
  Data ""
  Data  Status ,  Disk,  Memory            ,""
  Data  Menu 1 ,  Ok!  ,""
  Data  Quit ,  See You Soon!  ,""
  Data "",***
  '
  '
  a%=0
  Do
    Read a$
    Exit if a$="***"
    med.ex2$(a%)=a$
    Inc a%
  Loop
  '
'  
Menu Med.ex2$()
  Menu 14,1
  Menu 19,1
  '
Return
'
Procedure Call.ex2.menu
  Local a%
  Menu Off
  a%=Menu(0)
  On a%-0 Gosub P.ex2.Desk_.About_EX,Empty.p,Empty.p,Empty.p,Empty.p,Empty.p,Empty.p
  On a%-7 Gosub Empty.p
  On a%-10 Gosub P.ex2.Format_.Page,Empty.p,P.ex2.Format_.WP,P.ex2.Format_.ASCII
  On a%-14 Gosub Empty.p,P.ex2.Format_.Margins,Empty.p,P.ex2.Format_.Centered,P.ex2.Format_.Justifie
  On a%-21 Gosub P.ex2.Set_.Load_Cha,P.ex2.Set_.Save_Cha,Empty.p,P.ex2.Set_.Modify_C
  On a%-27 Gosub P.ex2.Status_.Disk,P.ex2.Status_.Memory__
  On a%-31 Gosub P.ex2.Menu_1_.Ok___
  On a%-34 Gosub P.ex2.Quit_.See_You_
Return
Procedure Empty.p
  'Dummy Procedure
Return
'   NOW THE CALLED PROCEDURES
'
Procedure P.ex2.Desk_.About_EX
  Print at(1,3);"P.ex2.Desk_.About_EX"
Return
Procedure P.ex2.Format_.Page
  Print at(1,3);"P.ex2.Format_.Page"
Return
Procedure P.ex2.Format_.WP
  Print at(1,3);"P.ex2.Format_.WP"
Return
Procedure P.ex2.Format_.ASCII
  Print at(1,3);"P.ex2.Format_.ASCII"
Return
Procedure P.ex2.Format_.Margins
  Print at(1,3);"P.ex2.Format_.Margins"
Return
Procedure P.ex2.Format_.Centered
  Print at(1,3);"P.ex2.Format_.Centered"
Return
Procedure P.ex2.Format_.Justifie
  Print at(1,3);"P.ex2.Format_.Justifie"
Return
Procedure P.ex2.Set_.Load_Cha
  Print at(1,3);"P.ex2.Set_.Load_Cha"
Return
Procedure P.ex2.Set_.Save_Cha
  Print at(1,3);"P.ex2.Set_.Save_Cha"
Return
Procedure P.ex2.Set_.Modify_C
  Print at(1,3);"P.ex2.Set_.Modify_C"
Return
Procedure P.ex2.Status_.Disk
  Print at(1,3);"P.ex2.Status_.Disk"
Return
Procedure P.ex2.Status_.Memory__
  Print at(1,3);"P.ex2.Status_.Memory__"
Return
Procedure P.ex2.Menu_1_.Ok___
  Print at(1,3);"P.ex2.Menu_1_.Ok___"
Return
Procedure P.ex2.Quit_.See_You_
  Print at(1,3);"P.ex2.Quit_.See_You_"
Return
