Gosub Read
' flytta bildminnet
A=Xbios(5,L:300000,L:300000,0)
A=Xbios(2)
Bload "gombolf.neo",350000
Q=0.03
Vsync
Setcolor 4,0,0,0
Deftext 4,16,0,8
T=0
Repeat
  T=T+1
  E=Int(Sin(B)*100)+40
  Bmove 350000+128,A+(E*160),32000
  B=B+Q
  If E>60 Then
    B=9.3
    Put 10,10,Tex$(T)
  Endif
Until Inkey$=" "
Goto Space
Procedure Read
  T=0
  Do
    T=T+1
    Read Tjafs$
    Exit If Tjafs$="###"
    Text 1,21,Tjafs$
    Get 0,15,120,23,Tex$(T)
    Cls
  Loop
Return
Data Sebbe, Testar, om   , Detta, funkar
