' *** LOADSHOW.LST ***                               2nd GFA-Manual, page 20-25
> PROCEDURE degas_load_show(degas$,VAR loaded!)
  '
  ' *** Put Degas-picture (regular or compressed) directly on physical screen
  ' *** Palette of Degas-picture is used (save current palette first!)
  ' *** Channel #90 is used for loading
  ' *** Variabele loaded!=TRUE if successful
  ' *** UNPAC.INL (60 bytes) must be in INLINE-line unpac%
  ' *** UNRAV.INL (40 bytes) must be in INLINE-line unrav%
  ' *** These two assembly-routines unpack a compressed picture
  ' *** A garbage collection is forced
  '
  ' *** Standard:  high.res!  med.res!  low.res!  physbase%
  ' *** Global  :  unpac%  unrav%  [INLINE-addresses of assembly routines]
  ' *** Procedure:  Program_exit
  '
  LOCAL r$,pal$,pal%
  LOCAL temp$,p%,temp2$,b%,i%,k%,p%,q%,scr%,m$,k
  '
  LET loaded!=FALSE
  r$=UPPER$(RIGHT$(degas$,3))
  '
  IF (high.res! AND r$="PI3") OR (med.res! AND r$="PI2") OR (low.res! AND r$="PI1")
    IF EXIST(degas$)
      ' *** regular (uncompressed) Degas-picture
      pal$=SPACE$(32)
      pal%=V:pal$
      OPEN "I",#90,degas$
      SEEK #90,2
      BGET #90,pal%,32                          ! load palette
      ~XBIOS(6,L:pal%)                          ! change current palette
      SEEK #90,34
      BGET #90,physbase%,32000                  ! put picture on physical screen
      CLOSE #90
      LET loaded!=TRUE                          ! success
    ENDIF
  ENDIF
  '
  IF (high.res! AND r$="PC3") OR (med.res! AND r$="PC2") OR (low.res! AND r$="PC1")
    IF EXIST(degas$)
      ' *** compressed Degas-picture
      temp$=SPACE$(32760)
      p%=V:temp$
      BLOAD degas$,p%
      pal$=SPACE$(32)
      pal%=V:pal$
      scherm%=physbase%                       ! put directly on physical screen
      temp2$=SPACE$(40)
      b%=V:temp2$
      p%=p%+2
      FOR i%=0 TO 15                          ! change current palette
        SETCOLOR i%,DPEEK(p%)
        ADD p%,2
      NEXT i%
      IF high.res! AND r$="PC3"
        FOR k%=1 TO 400
          scr%=scherm%
          p%=C:unpac%(L:p%,L:b%,80)
          q%=C:unrav%(L:b%,L:scr%,80,2)
          ADD scherm%,80
        NEXT k%
        LET loaded!=TRUE
      ELSE IF med.res! AND r$="PC2"
        FOR k%=1 TO 200
          scr%=scherm%
          FOR c%=1 TO 2
            p%=C:unpac%(L:p%,L:b%,80)
            q%=C:unrav%(L:b%,L:scr%,80,4)
            ADD scr%,2
          NEXT c%
          ADD scherm%,160
        NEXT k%
        LET loaded!=TRUE
      ELSE IF low.res! AND r$="PC1"
        FOR k%=1 TO 200
          scr%=scherm%
          FOR c%=1 TO 4
            p%=C:unpac%(L:p%,L:b%,40)
            q%=C:unrav%(L:b%,L:scr%,40,8)
            ADD scr%,2
          NEXT c%
          ADD scherm%,160
        NEXT k%
        LET loaded!=TRUE
      ENDIF
    ENDIF
  ENDIF
  '
  IF NOT loaded!
    m$="   *** Error ***|File "+RIGHT$(degas$,LEN(degas$)-RINSTR(degas$,"\"))
    m$=m$+" was|not loaded by the |Procedure Degas_load_show"
    ALERT 3,m$,1,"Continue|Quit",k
    IF k=2
      @program_exit
    ENDIF
  ELSE
    CLR pal$,temp$,temp2$
    ~FRE(0)                     ! garbage collection
  ENDIF
  '
RETURN
' *********
'
