#define FIRST_PRN_ID 21
#define LAST_PRN_ID  30
#define PRN_NAME_LEN 26

void get_speedo_printers( int ScreenVHandle, int dev_names[] )
{
  int   exists,i,handle=0,
        work_in[128],
        work_out[57]={0};
  char  name[32];

  /* Alle Treiber abklappern  */

  for(i = FIRST_PRN_ID; i <= LAST_PRN_ID; i++)
  {
    work_in[0] = i;
    work_in[1] = 1;
    work_in[2] = 1;
    work_in[3] = 1;
    work_in[4] = 1;
    work_in[5] = 1;
    work_in[6] = 1;
    work_in[7] = 1;
    work_in[8] = 1;
    work_in[9] = 1;
    work_in[10] = 2;
    handle = ScreenVHandle;

    /* Versuche den Treiber anzusprechen  */
    v_opnwk(work_in,&handle,work_out);
    if(handle > 0)
    {
      /* Treiber meldet sich, also den Namen und die  */
      /* VerfÅgbarkeit abfragen                       */
      vqt_devinfo(handle,i,&exists,name);

      switch(exists)
      {
        case 1: /* AusgabegerÑt ist ansprechbar */
                strncpy(dev_names[i],name,PRN_NAME_LEN);
                if(dev_names[i][0] == '\0')
                  strcpy(dev_names[i],"(keine Speedo-Device)");
                break;

        case 0: /* AusgabegerÑt ist nicht ansprechbar */
            strncpy(dev_names[i],"n.a.");
            break;

        case -1: /* Fehler aufgetreten */
            strncpy(dev_names[i],"Systemfehler");
            break;
      
      }
      v_clswk(handle);
    }
    else
      strncpy(dev_names[i],"");
  }
}

