' GFA-Demo fr die neuen OverScan XBIOS-Funktionen
'
' K.Isakovic, 12.3.90
'
IF XBIOS(4200)==4200
  PRINT "Es ist kein OverScan installiert"
  EDIT
ENDIF
PRINT "OverScan Version ";
PRINT XBIOS(4200) DIV 256;".";XBIOS(4200) MOD 256;
PRINT " installiert !"
PRINT
PRINT "PhysbaseEmulator   : ";XBIOS(4202,-1)
PRINT "Setscreen disabled : ";XBIOS(4203,-1)
PRINT "VB BorderTest      : ";XBIOS(4204,-1)
PRINT "Pointer            : $";HEX$(XBIOS(4205))
PRINT "AktMode            : ";XBIOS(4206,-1)
@print_oscantab
@print_patches
@change_mode
EDIT
'
PROCEDURE print_oscantab
  '
  ' Die Funktion XBIOS(4201,res) liefert einen Zeiger auf eine Tabelle,
  ' aus der man die Overscan Daten entnehmen kann.
  '
  DIM m_name$(10)
  m_name$(0)="Act "
  m_name$(1)="Low "
  m_name$(2)="Mid "
  m_name$(3)="High"
  PRINT
  PRINT " Mode   Width Heigh  Bpl   Size  VidOff  LogOff"
  PRINT "-------------------------------------------------"
  FOR i=-1 TO 2
    p%=XBIOS(4201,i)
    PRINT USING " ## ",i;
    PRINT m_name$(i+1);
    PRINT USING " ### x ###   ### ",DPEEK(p%),DPEEK(p%+2),DPEEK(p%+4);
    PRINT USING "######  ######  ###### ",LPEEK(p%+6),LPEEK(p%+10),LPEEK(p%+14)
  NEXT i
RETURN
PROCEDURE print_patches
  '
  ' Die Funktion XBIOS(4205,res) liefert einen Zeiger in den Patchbereich von,
  ' Overscan. Man kann dort die Offsets abfragen oder ver„ndern.
  '
  IF XBIOS(4200)>=&H300
    DIM p_name$(10)
    p%=XBIOS(4205)
  ENDIF
RETURN
PROCEDURE change_mode
  '
  ' Die Funktion XBIOS(4206,mode) schaltet nicht nur die Hardware um, sondern
  ' patcht auch das AES..LINE_A, der Rechner befindet sich dann vollst„ndig im
  ' Normal- oder Overscan-Modus.
  '
  ' -1 Abfrage
  '  0 Normal
  '  1 Overscan
  '
  IF XBIOS(4200)>=&H300
    mode=XBIOS(4206,-1)
    PRINT
    REPEAT
      INPUT "Overscan On=1 Off=0 Quit=Return->";a$
      IF a$<>""
        VOID XBIOS(4206,VAL(a$))
      ENDIF
    UNTIL a$=""
    VOID XBIOS(4206,mode)
  ELSE
    PRINT "No AutoSwitch-Overscan"
  ENDIF
RETURN
