Motorola DSP56000 Assembler  Version 4.1.1   95-07-13  23:24:38  essai.ASM
  Page 1



1                                  OPT     NOW
2      
3         00FFE0         PBC       equ     $ffe0                             ;Po
rt B Control register
4         00FFE1         PCC       equ     $ffe1                             ;Po
rt C Control register
5         00FFE2         PBDDR     equ     $ffe2                             ;Po
rt B Data Direction Register
6         00FFE3         PCDDR     equ     $ffe3                             ;Po
rt C Data Direction Register
7         00FFE4         PBD       equ     $ffe4                             ;Po
rt B Data register
8         00FFE5         PCD       equ     $ffe5                             ;Po
rt C Data register
9         00FFE8         HCR       equ     $ffe8                             ;Ho
st Control Register
10        00FFE9         HSR       equ     $ffe9                             ;Ho
st Status Register
11        00FFEB         HRX       equ     $ffeb                             ;Ho
st Receive Register
12        00FFEB         HTX       equ     $ffeb                             ;Ho
st Transmit Register
13        00FFEC         CRA       equ     $ffec                             ;SS
I Control Register A
14        00FFED         CRB       equ     $ffed                             ;SS
I Control Register B
15        00FFEE         SSISR     equ     $ffee                             ;SS
I Status Register
16        00FFEE         SSITSR    equ     $ffee                             ;SS
I Time Slot Register
17        00FFEF         RX        equ     $ffef                             ;SS
I Serial Receive data/shift register
18        00FFEF         TX        equ     $ffef                             ;SS
I Serial Transmit data/shift register
19        00FFF0         SCR       equ     $fff0                             ;SC
I Control Register
20        00FFF1         SSR       equ     $fff1                             ;SC
I Status Register
21        00FFF2         SCCR      equ     $fff2                             ;SC
I Clock Control Register
22        00FFF3         STXA      equ     $fff3                             ;SC
I Transmit data Address Register
23        00FFF4         SRX       equ     $fff4                             ;SC
I Receive data register (4-5-6)
24        00FFF4         STX       equ     $fff4                             ;SC
I Transmit data register (4-5-6)
25        00FFFE         BCR       equ     $fffe                             ;Po
rt A Bus Control Register
26        00FFFF         IPR       equ     $ffff                             ;In
terrupt Priority Register
27     
28                       size_buffer
29        000800                   equ     $800
30     
31                       rhost     MACRO   dest
32   m                             jclr    #0,x:<<HSR,*
33   m                             movep   x:<<HRX,dest
34   m                             ENDM
35                       whost     MACRO   source
36   m                             jclr    #1,x:<<HSR,*
37   m                             movep   source,x:<<HTX
Motorola DSP56000 Assembler  Version 4.1.1   95-07-13  23:24:38  essai.ASM
  Page 2



38   m                             ENDM
39     
40     
41        P:0000                   org     p:0
42        P:0000 0AF080            jmp     start
                 000040
43     
44        P:0040                   org     p:$40
45                       ;--------------------------------------------
46                       start
47                                 rhost   x0
50        P:0043 45F400            move              #>1,x1
                 000001
51        P:0045 200013            clr     a
52        P:0046 06C400            do      x0,loop
                 00004B
53                                 whost   a
56        P:004B 200060            add     x1,a
57                       loop
58        P:004C 000000            nop
59        P:004D 0C0040            jmp     start

0    Errors
0    Warnings
