' ---------------------------------
' MOTELSOFT TROPIC ARBEITSPROGRAMME
' ROUTINE >  HARALD BREITMAIER 1990
' ---------------------------------
pix(1,1,20,20)
~INP(2)
'
PROCEDURE pix(nu&,farb|,zx&,zy&)
  dsatz&=3
  rlang%=8790
  flang%=34
  IF nu&>dsatz&
    STOP
    EDIT
  ENDIF
  total%=rlang%+flang%
  CLOSE #1
  OPEN "R",#1,"A:\PIXIE\PIXIEDEM.RAD",total%
  FIELD #1,flang% AS rfarb$,rlang% AS rbild$
  GET #1,nu&
  CLOSE #1
  CLS
  ~XBIOS(6,L:V:rfarb$)  !farbpalette installieren
  PUT zx&,zy&,rbild$
RETURN
