' ***********************************************************************
'                          Anleitung zum Programm          Datum 24.09.89
'                               Boot - Texter
'                                 Version 1
' ***********************************************************************
'             geschrieben wurde dieses Programm 1989 von
' ***********************************************************************
'         Siegfried HÅbner, Obere Vorstadt 21, 8812 Windsbach
' ***********************************************************************
'
' Dieses Programm wurde als ACC Programm geschrieben, und sollte daher,
' wenn es sich in einen Ordner befindet, aus diesen herauskopiert werden.
'
' Dieses Programm wird dann bei einem Reset automatisch eingeladen,
' und kann dann von fast jedem Programm benÅtzt werden.
'
' Siehe BOOT - Texter Eintrag in der Info Leiste des Desktops.
'
' Dieses Programm wurde komplett in GFA Basic V2.0 geschrieben.
' Listing des Programms auf Anfrage erhÑltlich.
'
' Dieses Programm wurde auf einen sw Monitor geschrieben. Sollte
' Nachfrage nach einer Farbversion bestehen, kann ich dieses Programm
' gerne auch auf Farbbetrieb umschreiben.
'
' ------------------- Sinn und Zweck dieses Programmes. -----------------
'
' Dieses Programm kann Bootsektoviren aufspÅren und vernichten.
' Es kann aber nicht unterscheiden, zwischen Virus und ausfÅhrbares
' Bootsektorprogramm.
'
' Es kann auch ein Text mit der maximalen LÑnge von 255 Zeichen in den
' Bootsektor eingegeben werden. Um zb. Seine Disketten Kenntlich zu machen,
' oder um einen Text eingzugeben, den nicht jeder Laie lesen soll. oder
' zur Eingabe eines Copyrightvermerkes, der bei einer Fillecopy nicht
' mitkopiert wird. usw.
'
' Vor den Aufruf eines Dieser Funktionen, sollte dringend eine Sicherungs-
' kopie der zu untersuchenden Diskette angelegt werden.
'
' Testen Sie bitte dann die Sicherungskopie auf LauffÑhigkeit. Sollte die
' Sicherungskopie ihrer Diskette mit geÑnderten Bottsektor funktionieren.
' so ist alles gut.
'
' Sollte das Programm der Sicherungskopie mit geÑnderten Text aber
' nicht Funktionieren. So ist leider ein Beschreiben des Bootsektors
' nicht empfehlenswert. Da dann mit hîchster Wahrscheinlichkeit ein
' Bootsektorprogramm im Bootsektor steht, das nicht geÑndert werden darf,
' da ansonsten Ihr Programm nicht mehr funktioniert.
'
' öbrigens sollten Sie immer den Schreibschutz an Ihren Disketten ein-
' stellen, dann ist eine Verbreitung von Bootsektorvieren, so gut wie
' ausgeschlossen.
'
' Bei Beschreiben eines anderen Boottextes, oder lîschen des Bootsektors
' aber bitte Schreibschutz entfernen, da sonst nichts am Bootsektor geÑndert
' werden kann.
'
' Steht im ersten Sektor die Zahl Hex Zahl 60 , so ist ein Virus oder ein
' ausfÅhrbares Brogramm im Bootsektor. Auf Wunsch lÑût sich dann der Boot-
' sektor lîschen.
'
'
' Annmerkung: Jeder der dieses Programm benÅtzt, oder es gebrauchen kann,
'             der sollte mir fairerweise ein kleines Anerkennungshonorar
'             von ca 5 - 10 DM  zukommen lassen.
'             Sollte diese Bitte zu wenig Beachtung finden, werden keine
'             weiteren Public Domain Programme mehr von mir erscheinen.
'
' Dieses Programm ist Public Domain
'
' Auch wÅrde mich Interesieren, wieviele PD Programme dieses PD Programmes
' von mir im Umlauf sind.
'
' Anwender hergehîrt: Bei Fragen zu meinen Programm bitte immer mit angeben,
'                     um welches PD Programm von mir es sich handelt.
'                     Welchen Computer Ihr benÅtzt.
'                     Auûerdem, von welchen PD Anbieter ihr mein PD Programm
'                     herhabt. Damit ich feststellen kann, welche PD Anbieter
'                     unerlaubt meine PD Programme kopieren.
'
'
' Viel Spaû mit diesem Programm wÅnscht euch
'
'                                             Siegfried HÅbner
