' ---------------------------------
' Desc: Amiga BOING for GFA BASIC
' Auth: Derek J. Evans 2023
' ---------------------------------
DEFLIST 0
DEFINT "a-z"
'
IF XBIOS(4) THEN
  ~FORM_ALERT(1,"[1][|Low Resolution Required ][OK]")
  END
ENDIF
'
SPOKE &H484,BCLR(PEEK(&H484),0)
HIDEM
CLS
CLIP 0,0,320,200
'
SETCOLOR 0,&H555  ! Background
SETCOLOR 1,&H700  ! Red
SETCOLOR 2,&H777  ! White
SETCOLOR 4,&H303  ! Shadowed Lines
SETCOLOR 8,&H333  ! Shadow
SETCOLOR 12,&H606 ! Grid Lines
SETCOLOR 13,&H700 ! XOR Red
SETCOLOR 14,&H777 ! XOR White
SETCOLOR 15,&H0   ! Text color (Black)
'
sphere_init
'
frame_max=9
DIM frames$(frame_max)
'
FOR frame=0 TO frame_max
  CLS
  TEXT 0,8,"Rendering Images. Please wait ..."
  TEXT 0,24,"["+STRING$(frame,CHR$(8))+STRING$(frame_max-frame," ")+"]"
  DEFFILL 9
  PELLIPSE 165,105,30,32
  sphere_draw(frame*2)
  GET 130,64,200,140,frames$(frame)
NEXT frame
'
CLS
COLOR 12
x1=16
x2=-20
FOR i=16 TO 320-16 STEP 16
  LINE x1,0,x1,176
  LINE x1,176,x2,200
  ADD x1,16
  ADD x2,20
NEXT i
FOR i=0 TO 180 STEP 16
  LINE 16,i,320-16,i
NEXT i
LINE 4,185,318,185
LINE 0,199,319,199
'
x=SWAP(100)
y=SWAP(5)
xx=SWAP(1)
yy=SWAP(0)
frame=0
'
x&=-200
y&=-200
f&=0
'
DO
  WHILE PEEK(&HFF8207)<230
  WEND
  PUT x&,y&,frames$(f&),6
  x&=WORD(SWAP(x))
  y&=WORD(SWAP(y))
  f&=frame
  PUT x&,y&,frames$(f&),6
  IF x&<4 OR x&>250
    xx=-xx
    ADD x,xx
  ENDIF
  IF y&>110
    yy=-yy
    ADD y,yy
    SOUND 1,0,#3000,0
    SOUND 2,0,#3500,0
    SOUND 3,0,#4000,0
    WAVE 7,7,9,15000,0
  ENDIF
  ADD yy,3000
  ADD x,xx
  ADD y,yy
  frame=SHR(x&,1) MOD (frame_max+1)
LOOP
'
PROCEDURE sphere_init
  LOCAL i
  DIM sin#(360),cos#(360),x(4),y(4)
  FOR i=0 TO 360
    sin#(i)=SIN(RAD(i))
    cos#(i)=COS(RAD(i))
  NEXT i
RETURN
'
PROCEDURE sphere_point(a,y#,px,py)
  LOCAL w#,x#,z#,xx#,yy#
  w#=SQR(10000-y#*y#)
  x#=sin#(a)*w#
  z#=cos#(a)*w#+200
  xx#=x#*cos#(25)-y#*sin#(25)
  yy#=x#*sin#(25)+y#*cos#(25)
  {px}=xx#*50/z#+160
  {py}=yy#*60/z#+100
RETURN
'
PROCEDURE sphere_draw(spin)
  LOCAL y,a,count
  FOR y=-90 TO 80 STEP 20
    FOR a=90 TO 220 STEP 10
      sphere_point(a-5+spin,y-10,V:x(0),V:y(0))
      sphere_point(a+5+spin,y-10,V:x(1),V:y(1))
      sphere_point(a+5+spin,y+10,V:x(2),V:y(2))
      sphere_point(a-5+spin,y+10,V:x(3),V:y(3))
      DEFFILL 2+(count AND 1)
      IF x(0)>=x(1)
        POLYFILL 4,x(),y()
      ENDIF
      INC count
    NEXT a
    INC count
  NEXT y
RETURN
'
END
