' Autor                 :  Beat Vontobel
' Name                  :  tastaturklick(tk_ein!)
' Form                  :  Procedure
' Datum/Version         :  22.01.91 / 0.1a
' Systemkonfigurationen :  alle
'
' Zweck         :  Schaltet den Tastaturklick ein oder aus.
'
' Parameter     :  tk_ein!    true=eingeschaltet / false=ausgeschaltet
' RÅckgabewert  :  keiner
'
' Bemerkungen   :  keine
'
'
PROCEDURE tastaturklick(tk_ein!)
  IF tk_ein!
    SPOKE 1156,PEEK(1156) OR 1
  ELSE
    SPOKE 1156,-2 AND PEEK(1156)
  ENDIF
RETURN
