' fichier finescr1.lst
'
' exemple de d‚filement de l'‚cran
'
FOR xo=0 TO 639 STEP 30 ! pour cr‚er l'image test
  FOR xu=220+xo/60 TO 420 STEP 10
    LINE xo,0,xu,399
  NEXT xu
NEXT xo
'
DO ! boucle sans fin:
  PRINT CHR$(7); ! signal sonore
  GOSUB scrollup ! et scrolling
LOOP
'
' cette routine concerne directement la m‚moire de rafraŒchissement
' de l'‚cran
'
PROCEDURE scrollup
  LOCAL cnt%,physbase%
  physbase%=XBIOS(2) ! adresse de d‚but de la m‚moire rafraŒchissement ‚cran
  FOR cnt%=1 TO 8000-20 ! d‚calage des 399 lignes
    LPOKE physbase%,LPEEK(physbase%+80) ! tout d‚caler de 80 octets vers le haut
    ADD physbase%,4 ! et continuer … d‚placer le pointeur
  NEXT cnt%
RETURN
