' *** TEXT_EXT.LST ***                               2nd GFA-Manual, page 20-31
> PROCEDURE text_extent(text$,VAR width,height)
  '
  ' *** Return width and height of TEXT-box for text$
  '
  LOCAL x1,y1,x2,y2,x3,y3,x4,y4,angle
  ~VQT_EXTENT(text$)
  x1=PTSOUT(0)
  y1=PTSOUT(1)
  x2=PTSOUT(2)
  y2=PTSOUT(3)
  x3=PTSOUT(4)
  y3=PTSOUT(5)
  x4=PTSOUT(6)
  y4=PTSOUT(7)
  CONTRL(1)=0
  CONTRL(2)=2
  CONTRL(3)=0
  CONTRL(4)=6
  VDISYS 38
  angle=DPEEK(INTOUT+4)
  IF angle=0
    width=x2
    height=y3
  ELSE IF angle=900
    width=x1
    height=y2
  ELSE IF angle=1800
    width=x1
    height=y2
  ELSE IF angle=2700
    width=x3
    height=x4                      ! bug in GEM (?) : y1,x4 and y4 wrong
  ENDIF                            !                 (x4 and y4 swapped)
RETURN
' *********
'
