' ------------------------------------
'               BALL
'
'          ball data maker
' ------------------------------------
'
'     a nintendo LCD game simulator
'            for atari ST
'
'           florent coste
'             mars 2002
'
'        (c) atari.games 2002
'      http://atari.games.free.fr
'
' ------------------------------------
'
ecran%=XBIOS(2)
'
BLOAD "PARA/PARA.PI1",ecran%-34
BSAVE "PARA/GAME.PAL",ecran%-32,32
BSAVE "PARA/GAME.DAT",ecran%,32000
'
BLOAD "PARA/PARAS.PI1",ecran%-34
BSAVE "PARA/GAME2.DAT",ecran%,16000
'
BLOAD "PARA/A_G.PI1",ecran%-34
BSAVE "PARA/A_G.PAL",ecran%-32,32
BSAVE "PARA/A_G.DAT",ecran%,14080
'
