' ZeST Alternative Interface
' Copyright 1991, David Becker
' Compuserve 73030,3562 / GEnie mail to D.Becker8
' ------------------------------------------------------
' ZeST Disk Formatter
' Color Conversion of ZeST Routines
' Gary Dooms  Delphi mail to GDOOMS
'
' ------------------------------------------------------
GOSUB get_palette
GOSUB init
GOSUB draw_screen
GOSUB monitor_mouse
'
' ------------------ Get Default Color Palette ----------------
'
PROCEDURE get_palette
  DIM s_colr%(15,2)
  FOR i%=0 TO 15
    DPOKE CONTRL,26
    DPOKE CONTRL+2,0
    DPOKE CONTRL+6,2
    DPOKE INTIN,i%
    DPOKE INTIN+2,0
    VDISYS
    s_colr%(i%,0)=DPEEK(INTOUT+2)
    s_colr%(i%,1)=DPEEK(INTOUT+4)
    s_colr%(i%,2)=DPEEK(INTOUT+6)
  NEXT i%
RETURN
'
' ------------------ Restore Original Color Palette ----------------
'
PROCEDURE restore_palette
  FOR i%=0 TO 15
    DPOKE CONTRL,14
    DPOKE CONTRL+2,0
    DPOKE CONTRL+6,4
    DPOKE INTIN,i%
    DPOKE INTIN+2,s_colr%(i%,0)
    DPOKE INTIN+4,s_colr%(i%,1)
    DPOKE INTIN+6,s_colr%(i%,2)
    VDISYS
  NEXT i%
RETURN
'
' **************** ZeST Medium Res Routines *********************
PROCEDURE init
  rez=XBIOS(4)
  IF rez<>1 THEN
    ALERT 3,"| Medium Res only! ",1,"OK",ok%
    END
  ENDIF
  SETCOLOR 0,6,6,6   ! lightest gray
  SETCOLOR 1,5,5,5   ! light gray
  SETCOLOR 2,7,7,7   ! white
  SETCOLOR 3,0,0,0   ! darker gray
  '
  drive$="A"
  side$="1"
  track$="80"
  sector$=" 9"
  track=1
  sector=1
  vdrive=0
  vside=1
  @init_col
  '
  DEFFILL 2,2,8
  PBOX 0,0,639,200   ! set background light gray
RETURN
'
PROCEDURE zest_button(upper_x%,upper_y%,lower_x%,lower_y%)
  DEFLINE 1,1
  DEFFILL 0,2,8
  PBOX upper_x%,upper_y%,lower_x%,lower_y%
  DEFFILL 2,2,8
  PBOX upper_x%+1,upper_y%+1,lower_x%,lower_y%
  LINE upper_x%+1,lower_y%,lower_x%,lower_y%
  LINE lower_x%,upper_y%+1,lower_x%+1,lower_y%
  LINE lower_x%+1,upper_y%,lower_x%,lower_y%
RETURN
PROCEDURE zest_button_press(upper_x%,upper_y%,lower_x%,lower_y%)
  DEFLINE 1,1
  GET upper_x%-1,upper_y%-1,lower_x%+1,lower_y%+1,button$
  GET upper_x%+1,upper_y%+1,lower_x%-2,lower_y%-2,shift_button$
  PUT upper_x%+2,upper_y%+2,shift_button$
  LINE upper_x%,upper_y%,lower_x%,upper_y%
  LINE upper_x%,upper_y%,upper_x%,lower_y%
  COLOR 0
  LINE upper_x%+1,lower_y%,lower_x%,lower_y%
  LINE upper_x%,lower_y%+1,lower_x%,lower_y%+1
  LINE lower_x%,upper_y%+1,lower_x%,lower_y%
  LINE lower_x%+1,upper_y%,lower_x%+1,lower_y%+1
  COLOR 1
  DO
    SHOWM
  LOOP UNTIL MOUSEK=0
  PAUSE 3
  PUT upper_x%-1,upper_y%-1,button$
RETURN
PROCEDURE zest_info_box(upper_x%,upper_y%,lower_x%,lower_y%)
  DEFLINE 1,1
  DEFFILL 2,2,8
  PBOX upper_x%,upper_y%,lower_x%,lower_y%
  LINE upper_x%,upper_y%,lower_x%,upper_y%
  LINE upper_x%,upper_y%,upper_x%,lower_y%
  LINE upper_x%+1,upper_y%,upper_x%+1,lower_y%
  COLOR 0
  LINE upper_x%+1,lower_y%,lower_x%,lower_y%
  LINE lower_x%,upper_y%+1,lower_x%,lower_y%
  LINE lower_x%+1,upper_y%,lower_x%+1,lower_y%
  COLOR 1
RETURN
PROCEDURE zest_text_box(upper_x%,upper_y%,lower_x%,lower_y%)
  DEFLINE 1,1
  DEFFILL 1,2,8
  PBOX upper_x%,upper_y%,lower_x%,lower_y%
  LINE upper_x%,upper_y%,lower_x%,upper_y%
  LINE upper_x%,upper_y%+1,lower_x%,upper_y%+1
  LINE upper_x%,upper_y%,upper_x%,lower_y%
  LINE upper_x%+1,upper_y%,upper_x%+1,lower_y%
  COLOR 0
  LINE upper_x%+1,lower_y%,lower_x%,lower_y%
  LINE lower_x%,upper_y%+1,lower_x%,lower_y%
  LINE lower_x%+1,upper_y%,lower_x%+1,lower_y%
  COLOR 1
  DEFFILL 3,2,8
  PBOX upper_x%+2,upper_y%+1,lower_x%-1,lower_y%-1
RETURN
PROCEDURE zest_horiz_line(upper_x%,upper_y%,lower_x%,lower_y%)
  DEFLINE 1,1
  LINE upper_x%,upper_y%,lower_x%,lower_y%
  COLOR 0
  LINE upper_x%,upper_y%+1,lower_x%,lower_y%+1
  COLOR 1
RETURN
PROCEDURE zest_vert_line(upper_x%,upper_y%,lower_x%,lower_y%)
  DEFLINE 1,2
  LINE upper_x%,upper_y%,lower_x%,lower_y%
  DEFLINE 1,2
  COLOR 0
  LINE upper_x%+2,upper_y%,lower_x%+2,lower_y%
  COLOR 1
RETURN
PROCEDURE zest_line_box(upper_x%,upper_y%,lower_x%,lower_y%)
  DEFLINE 1,1
  COLOR 0
  BOX upper_x%,upper_y%,lower_x%,lower_y%
  COLOR 1
  LINE upper_x%-1,upper_y%,upper_x%-1,lower_y%
  LINE upper_x%+2,lower_y%-1,lower_x%-2,lower_y%-1
  LINE lower_x%-1,upper_y%+2,lower_x%-1,lower_y%-2
  LINE upper_x%-1,upper_y%-1,lower_x%,upper_y%-1
RETURN
PROCEDURE zest_window(upper_x%,upper_y%,lower_x%,lower_y%)
  ' title bar
  GOSUB zest_button(upper_x%,upper_y%,lower_x%,upper_y%+11)
  ' window area
  GOSUB zest_button(upper_x%,upper_y%+12,lower_x%,lower_y%)
  ' close button
  GOSUB zest_button(upper_x%+5,upper_y%+2,upper_x%+18,upper_y%+8)
RETURN
PROCEDURE draw_screen
  ' -------------------------------------------------------------->
  GOSUB zest_button(149,40,479,167)
  GOSUB zest_button(162,78,467,161)
  GOSUB zest_button(393,108,458,130)
  GOSUB zest_button(393,131,458,154)
  GOSUB zest_button(172,108,200,119)
  GOSUB zest_button(172,120,200,131)
  GOSUB zest_button(172,132,200,143)
  GOSUB zest_button(172,144,200,155)
  GOSUB zest_text_box(202,108,230,119)
  GOSUB zest_text_box(202,120,230,131)
  GOSUB zest_text_box(202,132,230,143)
  GOSUB zest_text_box(202,144,230,155)
  GOSUB zest_button(232,108,260,119)
  GOSUB zest_button(232,120,260,131)
  GOSUB zest_button(232,132,260,143)
  GOSUB zest_button(232,144,260,155)
  GOSUB zest_info_box(276,108,377,119)
  GOSUB zest_info_box(276,120,377,131)
  GOSUB zest_info_box(276,132,377,143)
  GOSUB zest_info_box(276,144,377,155)
  GOSUB zest_button(162,46,468,73)
  GOSUB zest_button(173,84,457,102)
  GOSUB zest_text_box(195,86,434,99)
  ' -------------------------------------------------------------->
  ' Place text throughout the interface...
  DEFTEXT 1,1,0,13
  GRAPHMODE 4
  TEXT 170,65," ZeST "
  GRAPHMODE 2
  DEFTEXT 1,0,0,13
  TEXT 268,65,"Disk Formatter"
  DEFTEXT 1,0,0,6
  TEXT 303,140,"Tracks"
  TEXT 299,152,"Sectors"
  TEXT 307,116,"Drive"
  TEXT 307,128,"Sides"
  TEXT 403,122,"FORMAT"
  TEXT 410,146,"QUIT"
  GRAPHMODE 3
  TEXT 182,116,"<"
  TEXT 244,116,">"
  TEXT 182,128,"<"
  TEXT 244,128,">"
  TEXT 182,140,"<"
  TEXT 244,140,">"
  TEXT 182,152,"<"
  TEXT 244,152,">"
  GRAPHMODE 2
  TEXT 213,116,drive$
  TEXT 213,128,side$
  TEXT 209,140,track$
  TEXT 209,152,sector$
  TEXT 209,96,"     Format Parameters"
  GRAPHMODE 0
  ' -------------------------------------------------------------->
RETURN
PROCEDURE monitor_mouse
  DEFMOUSE 0
  DO
    SHOWM
    mx%=MOUSEX
    my%=MOUSEY
    IF MOUSEK=2
      @info1
      @info2
      @info3
    ENDIF
    IF mx%>393 AND mx%<458 AND my%>108 AND my%<130 AND MOUSEK=1 THEN
      GOSUB zest_button_press(393,108,458,130)
      ' Here is where code goes for button number 1
      IF vdrive=0
        dev%=0
        @alert
      ENDIF
      IF vdrive=1
        dev%=1
        @alert
      ENDIF
    ENDIF
    IF mx%>393 AND mx%<458 AND my%>131 AND my%<154 AND MOUSEK=1 THEN
      GOSUB zest_button_press(393,131,458,154)
      ' Here is where code goes for button number 2
      CLS
      GOSUB restore_palette
      END
    ENDIF
    IF mx%>172 AND mx%<200 AND my%>108 AND my%<119 AND MOUSEK=1 THEN
      GOSUB zest_button_press(172,108,200,119)
      ' Here is where code goes for button number 3
      drive$="A"
      vdrive=0
      GOSUB zest_text_box(202,108,230,119)
      GRAPHMODE 2
      TEXT 213,116,drive$
    ENDIF
    IF mx%>172 AND mx%<200 AND my%>120 AND my%<131 AND MOUSEK=1 THEN
      GOSUB zest_button_press(172,120,200,131)
      ' Here is where code goes for button number 4
      side$="1"
      GOSUB zest_text_box(202,120,230,131)
      GRAPHMODE 2
      TEXT 213,128,side$
      maxside%=1
    ENDIF
    IF mx%>172 AND mx%<200 AND my%>132 AND my%<143 AND MOUSEK=1 THEN
      GOSUB zest_button_press(172,132,200,143)
      ' Here is where code goes for button number 5
      track=track-1
      IF track<1
        track=1
      ENDIF
      IF track=1
        track$="80"
        maxtrack%=80
      ENDIF
      IF track=2
        track$="81"
        maxtrack%=81
      ENDIF
      IF track=3
        track$="82"
        maxtrack%=82
      ENDIF
      GOSUB zest_text_box(202,132,230,143)
      GRAPHMODE 2
      TEXT 209,140,track$
    ENDIF
    IF mx%>172 AND mx%<200 AND my%>144 AND my%<155 AND MOUSEK=1 THEN
      GOSUB zest_button_press(172,144,200,155)
      ' Here is where code goes for button number 6
      sector=sector-1
      IF sector<1
        sector=1
      ENDIF
      IF sector=1
        sector$=" 9"
        maxsector%=9
      ENDIF
      IF sector=2
        sector$="10"
        maxsector%=10
      ENDIF
      IF sector=3
        sector$="11"
        maxsector%=11
      ENDIF
      GOSUB zest_text_box(202,144,230,155)
      GRAPHMODE 2
      TEXT 209,152,sector$
    ENDIF
    IF mx%>232 AND mx%<260 AND my%>108 AND my%<119 AND MOUSEK=1 THEN
      GOSUB zest_button_press(232,108,260,119)
      ' Here is where code goes for button number 7
      drive$="B"
      vdrive=1
      GOSUB zest_text_box(202,108,230,119)
      GRAPHMODE 2
      TEXT 213,116,drive$
    ENDIF
    IF mx%>232 AND mx%<260 AND my%>120 AND my%<131 AND MOUSEK=1 THEN
      GOSUB zest_button_press(232,120,260,131)
      ' Here is where code goes for button number 8
      side$="2"
      GOSUB zest_text_box(202,120,230,131)
      GRAPHMODE 2
      TEXT 213,128,side$
      maxside%=2
    ENDIF
    IF mx%>232 AND mx%<260 AND my%>132 AND my%<143 AND MOUSEK=1 THEN
      GOSUB zest_button_press(232,132,260,143)
      ' Here is where code goes for button number 9
      track=track+1
      IF track>3
        track=3
      ENDIF
      IF track=1
        track$="80"
        maxtrack%=80
      ENDIF
      IF track=2
        track$="81"
        maxtrack%=81
      ENDIF
      IF track=3
        track$="82"
        maxtrack%=82
      ENDIF
      GOSUB zest_text_box(202,132,230,143)
      GRAPHMODE 2
      TEXT 209,140,track$
    ENDIF
    IF mx%>232 AND mx%<260 AND my%>144 AND my%<155 AND MOUSEK=1 THEN
      GOSUB zest_button_press(232,144,260,155)
      ' Here is where code goes for button number 10
      sector=sector+1
      IF sector>3
        sector=3
      ENDIF
      IF sector=1
        sector$=" 9"
        maxsector%=9
      ENDIF
      IF sector=2
        sector$="10"
        maxsector%=10
      ENDIF
      IF sector=3
        sector$="11"
        maxsector%=11
      ENDIF
      GOSUB zest_text_box(202,144,230,155)
      GRAPHMODE 2
      TEXT 209,152,sector$
    ENDIF
  LOOP
RETURN
PROCEDURE init_col
  maxtrack%=80
  maxsector%=9
  maxside%=1
  interleave%=1
  secdir%=7
  secfat%=5
  cntfat%=2
  spc%=2
  dev%=0
  media%=249
  media$="T"
  a$=SPACE$(10000)
  buffer%=VARPTR(a$)
  format!=FALSE
RETURN
PROCEDURE format
  HIDEM
  DEFFILL 2,2,2
  graph=195
  FOR i%=0 TO maxside%-1
    error%=XBIOS(10,L:buffer%,L:0,dev%,maxsector%,0,i%,interleave%,L:&H87654321,0)
    IF error%
      fside$=STR$(j%)
      ftrack$=STR$(i%)
      ferror$=STR$(error%)
      GOSUB zest_text_box(195,86,434,99)
      GRAPHMODE 2
      TEXT 209,96,"ERROR"
      TEXT 250,96,ferror$
      TEXT 297,96,"Side"
      TEXT 337,96,fside$
      TEXT 353,96,"Track"
      TEXT 400,96,ftrack$
      PAUSE 100
    ENDIF
  NEXT i%
  FOR i%=1 TO maxtrack%-1
    graph=graph+2
    IF i%>79
      GOTO bypass3
    ENDIF
    PBOX 196,87,graph+i%,98
  bypass3:
    HIDEM
    FOR j%=0 TO maxside%-1
      error%=XBIOS(10,L:buffer%,L:0,dev%,maxsector%,i%,j%,interleave%,L:&H87654321,&HE5E5)
      IF error%
        fside$=STR$(j%)
        ftrack$=STR$(i%)
        ferror$=STR$(error%)
        GOSUB zest_text_box(195,86,434,99)
        GRAPHMODE 2
        TEXT 209,96,"ERROR"
        TEXT 250,96,ferror$
        TEXT 297,96,"Side"
        TEXT 337,96,fside$
        TEXT 353,96,"Track"
        TEXT 400,96,ftrack$
        PAUSE 100
      ENDIF
      '
      IF GEMDOS(6,&HFF) OR MOUSEK
        REPEAT
        UNTIL MOUSEK=0
        @alert2
        DEFFILL 2,2,2
      ENDIF
    NEXT j%
  NEXT i%
  type%=0
  IF maxtrack%>70
    ADD type%,2
  ENDIF
  IF maxside%=2
    ADD type%,1
  ENDIF
  VOID XBIOS(18,L:buffer%,L:0,type%,0)
  lang%=maxtrack%*maxsector%*maxside%
  POKE buffer%+13,spc%
  POKE buffer%+16,cntfat%
  POKE buffer%+17,(secdir%*16) AND &HFF
  POKE buffer%+18,(secdir%*16)/256
  POKE buffer%+19,(lang%) AND &HFF
  POKE buffer%+20,(lang%)/256
  POKE buffer%+21,media%
  POKE buffer%+22,(secfat%) AND &HFF
  POKE buffer%+23,(secfat%)/256
  POKE buffer%+24,(maxsector%) AND &HFF
  POKE buffer%+25,(maxsector%)/256
  VOID XBIOS(9,L:buffer%,L:0,dev%,1,0,0,1)
  b$=CHR$(media%)+CHR$(255)+CHR$(255)+STRING$(509,0)
  FOR i%=0 TO cntfat%-1
    VOID BIOS(4,3,L:VARPTR(b$),1,i%*secfat%+1,dev% AND 1)
  NEXT i%
  ffree$=STR$(DFREE(vdrive+1))
  GOSUB zest_text_box(195,86,434,99)
  GRAPHMODE 2
  TEXT 214,96,"Disk Has"
  TEXT 285,96,ffree$
  TEXT 339,96,"Bytes Free"
  SHOWM
RETURN
' ------------------------------------------------------
PROCEDURE alert
  ' This saves the previous screen image in a string variable
  SGET putback$
  ' -------------------------------------------------------------->
  GOSUB zest_button(162,46,468,73)
  GOSUB zest_info_box(170,50,460,70)
  GOSUB zest_text_box(179,54,318,66)
  GOSUB zest_button(334,54,388,66)
  GOSUB zest_button(390,54,445,66)
  ' -------------------------------------------------------------->
  ' Place text throughout the interface...
  DEFTEXT 1,0,0,6
  GRAPHMODE 2
  TEXT 221,63,"FORMAT?"
  TEXT 350,63,"YES"
  TEXT 411,63,"NO"
  GRAPHMODE 0
  ' -------------------------------------------------------------->
  DO
    SHOWM
    mx%=MOUSEX
    my%=MOUSEY
    IF mx%>334 AND mx%<388 AND my%>54 AND my%<66 AND MOUSEK=1 THEN
      GOSUB zest_button_press(334,54,388,66)
      ' Here is where code goes for button number 1
      SPUT putback$
      GOSUB zest_text_box(195,86,434,99)
      @format
      GOTO bypass
    ENDIF
    IF mx%>390 AND mx%<445 AND my%>54 AND my%<66 AND MOUSEK=1 THEN
      GOSUB zest_button_press(390,54,445,66)
      ' Here is where code goes for button number 2
      SPUT putback$
      GOTO bypass
    ENDIF
  LOOP
bypass:
RETURN
PROCEDURE alert2
  ' This saves the previous screen image in a string variable
  SGET putback$
  ' -------------------------------------------------------------->
  GOSUB zest_button(162,46,468,73)
  GOSUB zest_info_box(170,50,460,70)
  GOSUB zest_text_box(179,54,318,66)
  GOSUB zest_button(334,54,388,66)
  GOSUB zest_button(390,54,445,66)
  ' -------------------------------------------------------------->
  ' Place text throughout the interface...
  DEFTEXT 1,0,0,6
  GRAPHMODE 2
  TEXT 200,63,"ABORT FORMAT?"
  TEXT 350,63,"YES"
  TEXT 411,63,"NO"
  GRAPHMODE 0
  ' -------------------------------------------------------------->
  DO
    SHOWM
    mx%=MOUSEX
    my%=MOUSEY
    IF mx%>334 AND mx%<388 AND my%>54 AND my%<66 AND MOUSEK=1 THEN
      GOSUB zest_button_press(334,54,388,66)
      ' Here is where code goes for button number 1
      SPUT putback$
      GOSUB zest_text_box(195,86,434,99)
      j%=maxside%
      i%=maxtrack%
      GRAPHMODE 2
      TEXT 209,96,"     Format Parameters"
      @monitor_mouse
    ENDIF
    IF mx%>390 AND mx%<445 AND my%>54 AND my%<66 AND MOUSEK=1 THEN
      GOSUB zest_button_press(390,54,445,66)
      ' Here is where code goes for button number 2
      SPUT putback$
      GOTO bypass2
    ENDIF
  LOOP
bypass2:
RETURN
PROCEDURE info1
  ' This saves the previous screen image in a string variable
  SGET putback$
  ' -------------------------------------------------------------->
  GOSUB zest_button(162,46,468,73)
  GOSUB zest_info_box(170,50,460,70)
  ' -------------------------------------------------------------->
  ' Place text throughout the interface...
  DEFTEXT 1,0,0,6
  GRAPHMODE 2
  TEXT 201,63,"Programmed in GFA Basic 3.5e"
  GRAPHMODE 0
  ' -------------------------------------------------------------->
  PAUSE 100
RETURN
PROCEDURE info2
  ' This saves the previous screen image in a string variable
  ' -------------------------------------------------------------->
  GOSUB zest_button(162,46,468,73)
  GOSUB zest_info_box(170,50,460,70)
  ' -------------------------------------------------------------->
  ' Place text throughout the interface...
  DEFTEXT 1,0,0,6
  GRAPHMODE 2
  TEXT 220,63,"Using the ZeST Interface"
  GRAPHMODE 0
  ' -------------------------------------------------------------->
  PAUSE 100
RETURN
PROCEDURE info3
  ' This saves the previous screen image in a string variable
  ' -------------------------------------------------------------->
  GOSUB zest_button(162,46,468,73)
  GOSUB zest_info_box(170,50,460,70)
  ' -------------------------------------------------------------->
  ' Place text throughout the interface...
  DEFTEXT 1,0,0,6
  GRAPHMODE 2
  TEXT 193,63,"Gary Dooms  Delphi Mail GDOOMS"
  GRAPHMODE 0
  ' -------------------------------------------------------------->
  PAUSE 200
  SPUT putback$
RETURN
