' Encode through adding the ASCII-Value
' by Georg Scheibler, 4920 Lemgo
' (c) 1992 MAXON Computer GmbH
a$="this is a test"
TEXT 0,13,a$
s1%=45
@crypt(s1%,a$,*b$)
TEXT 0,30,b$
@decrypt(s1%,b$,*c$)
TEXT 0,50,c$
PROCEDURE crypt(o1%,s$,d%)
  LOCAL d$
  l%=LEN(s$)
  d$=s$ !with this not too much string garbage originates
  o_1%=0
  FOR i%=1 TO l%
    o_0%=ASC(MID$(s$,i%,1))
    o_1%=(o_1%+o1%+o_0%) AND &HFF
    MID$(d$,i%,1)=CHR$(o_1%)
  NEXT i%
  *d%=d$
RETURN
PROCEDURE decrypt(o1%,s$,d%)
  LOCAL d$
  l%=LEN(s$)
  d$=s$ !not too much string garbage originates with this
  h1%=0
  FOR i%=1 TO l%
    o_1%=ASC(MID$(s$,i%,1))
    o_0%=(o_1%-h1%-o1%) AND &HFF
    MID$(d$,i%,1)=CHR$(o_0%)
    h1%=o_1%
  NEXT i%
  *d%=d$
RETURN
