$m25600
deskacc&=({ADD(BASEPAGE,36)}=0)
compiled!=BYTE{BASEPAGE+256}<>96
IF NOT compiled!
  RESERVE 1024*25                             ! switch for compil! 25.6k
ENDIF
ap_id&=APPL_INIT()
IF ap_id&=-1
  PRINT "Error while loading freegem, exit."
  ~APPL_EXIT()
  END
ENDIF
' PRINT "ap_id= ";ap_id&;" deskacc= ";deskacc&
me_id&=@menu_register(ap_id&,"  Free GEM")
@init
IF deskacc&
  PRINT "ran as acc"
  DO
    ~EVNT_MESAG(0)
    IF MENU(5)=me_id& AND MENU(1)=40
      ALERT 1,"ok opened",1,"OK",ok|
      '      @init2
      '     @evnt_multi_loop
      '    ~WIND_CLOSE(handle&)
    ENDIF
  LOOP
ELSE
  PRINT "ran as prog"
  @init2
  REPEAT
    @evnt_multi_loop
  UNTIL exit
  ~WIND_GET(handle&,5,dummyx&,dummyy&,dummyw&,dummyh&)
  ~WIND_CLOSE(handle&)
  ~FORM_DIAL(fmd_shrink&,((dummyx&+dummyw&)/2),((dummyy&+dummyh&)/2),0,0,dummyx&,dummyy&,dummyw&,dummyh&)
  ~WIND_DELETE(handle&)
  ~RSRC_FREE()
  ~APPL_EXIT()
  IF NOT compiled!
    RESERVE                                    ! switch for compil
  ENDIF
  EDIT
ENDIF
'
> PROCEDURE credit
  IF VAL(@aes$)<410 AND magx&=-1
    ~FORM_ALERT(1,CHAR{alert3%})
  ENDIF
  ~FORM_ALERT(1,CHAR{alert1%})
RETURN
> PROCEDURE update
  stram%=@mxalloc(-1,0)
  ttram%=@mxalloc(-1,1)
  leftram%=stram%+ttram%
  IF oldram%<>leftram%
    percent&=INT(100-(leftram%*100)/fullram%)
    FOR ev&=0 TO 9
      @redraw_obj(tree%,l1&+ev&,normal&)
    NEXT ev&
    IF percent&>5
      maxev&=0
      IF percent&>15
        maxev&=1
        IF percent&>25
          maxev&=2
          IF percent&>35
            maxev&=3
            IF percent&>45
              maxev&=4
              IF percent&>55
                maxev&=5
                IF percent&>65
                  maxev&=6
                  IF percent&>75
                    maxev&=7
                    IF percent&>85
                      maxev&=8
                      IF percent&>95
                        maxev&=9
                      ENDIF
                    ENDIF
                  ENDIF
                ENDIF
              ENDIF
            ENDIF
          ENDIF
        ENDIF
      ENDIF
    ENDIF
    FOR ev&=0 TO maxev&
      @redraw_obj(tree%,l1&+ev&,selected&)
      oldram%=leftram%
    NEXT ev&
    @redraw_text(str&,stram%)
    IF ttram%>0
      @redraw_text(ttr&,ttram%)
    ENDIF
    @redraw_text(pcentage&,percent&)
  ENDIF
RETURN
> PROCEDURE evnt_multi_loop                                         ! main loop
  ' LOCAL mx&,my&,mb&,ks&,key&,mc&
  mc&=2
  DO
    event&=EVNT_MULTI(mu_mesag&+mu_keybd&+mu_button&+mu_timer&,256+2,3,0,0,0,0,0,0,0,0,0,0,0,0,300,mx&,my&,mb&,ks&,key&,mc&)
    IF event& AND mu_mesag&
      @analize_mesag
    ENDIF
    IF event& AND mu_button&                     ! if mouse clicked
      my_ob&=OBJC_FIND(tree%,main&,2,mx&,my&)
      IF mb&=right_button&
        IF my_ob&=credit&
          ~EVNT_BUTTON(1,1,0)
          ~OBJC_CHANGE(tree%,credit&,0,OB_X(tree%,credit&),OB_Y(tree%,credit&),OB_W(tree%,credit&),OB_H(tree%,credit&),selected&,no_draw&)
          @win_redraw_objc(handle&,tree%,credit&)
          @credit
          ~OBJC_CHANGE(tree%,credit&,0,OB_X(tree%,credit&),OB_Y(tree%,credit&),OB_W(tree%,credit&),OB_H(tree%,credit&),normal&,no_draw&)
          @win_redraw_objc(handle&,tree%,credit&)
        ENDIF
      ENDIF
      IF mb&=left_button&
        IF my_ob&=credit&
          ~EVNT_BUTTON(1,1,0)
          ~WIND_GET(handle&,5,dumx&,dumy&,dumw&,dumh&)
          IF abs_width&<>0
            ~WIND_SET(handle&,5,dumx&,dumy&,dumw&+abs_width&,dumh&)
            abs_width&=0
          ELSE
            abs_width&=OB_W(tree%,16)
            ~WIND_SET(handle&,5,dumx&,dumy&,dumw&-abs_width&,dumh&)
          ENDIF
        ENDIF
        IF my_ob&>=l1&-1 AND my_ob&<=l10&
          ~EVNT_BUTTON(1,1,0)
          IF without&=0
            without&=1
            ~WIND_GET(handle&,4,dumx&,dumy&,d&,d&)
            ~WIND_CLOSE(handle&)
            handle&=handle3&
            IF handle&<1
              ~FORM_ALERT(1,CHAR{alert2%})
              exit=1
            ENDIF
            ~WIND_OPEN(handle&,dumx&-1,dumy&,tw&+1-abs_width&,th&+1)                  ! open the window previously created (line above)
          ELSE
            ~WIND_GET(handle&,5,dumx&,dumy&,d&,d&)
            ~WIND_CLOSE(handle&)
            IF magx&=-1 AND VAL(@aes$)>=410
              handle&=handle1&
            ELSE
              handle&=handle2&
            ENDIF
            IF handle&<1
              ~FORM_ALERT(1,CHAR{alert2%})
              exit=1
            ENDIF
            ~WIND_SET(handle&,2,CARD(SWAP(w%)),CARD(w%),0,0)
            ~WIND_OPEN(handle&,dumx&,dumy&-hwidget&,tw&+1-abs_width&,th&+hwidget&+1)                  ! open the window previously created (line above)
            without&=0
          ENDIF
        ENDIF
      ENDIF
    ENDIF
    IF event& AND mu_keybd&
      SELECT key&
      CASE key_return&,key_enter&,cntrl_q&
        IF full|=0
          IF without&=0
            ~WIND_GET(MENU(4),5,cx&,cy&,cw&,ch&)
          ELSE
            ~WIND_GET(MENU(4),4,cx&,cy&,cw&,ch&)
          ENDIF
        ENDIF
        exit=1
      CASE cntrl_i&
        @credit
      CASE cntrl_b&
        ALERT 1,"Many Thanks to |Lonny Pursell. ",1,"OK",ok|
      ENDSELECT
    ENDIF
    IF full|=0
      INC te&
      IF te&>9
        @update
        te&=0
      ENDIF
    ENDIF
  LOOP UNTIL exit=1
RETURN
> PROCEDURE analize_mesag            ! check the GEM messages sent by the aes
  SELECT MENU(1)
  CASE wm_redraw&
    @rsc_redraw(MENU(4),MENU(5),MENU(6),MENU(7),MENU(8))
  CASE wm_topped&
    @topit
  CASE wm_bottom&
    ~WIND_SET(MENU(4),wf_bottom&,MENU(5),MENU(6),MENU(7),MENU(8))
  CASE wm_moved&
    ~WIND_SET(MENU(4),5,MENU(5),MENU(6),MENU(7),MENU(8))
    @win_place_tree(MENU(4))
  CASE wm_closed&,ac_close&,41
    IF without&=0
      ~WIND_GET(MENU(4),5,cx&,cy&,cw&,ch&)
    ELSE
      ~WIND_GET(MENU(4),4,cx&,cy&,cw&,ch&)
    ENDIF
    IF MENU(4)=handle&
      exit=1
    ENDIF
  CASE wm_fulled&
    IF full|=0
      full|=1
      ~WIND_GET(MENU(4),5,tmpx&,tmpy&,tmpw&,tmph&)
      ~WIND_SET(MENU(4),5,tmpx&,tmpy&,tmpw&,0)
    ELSE
      full|=0
      ~WIND_GET(MENU(4),5,tmpx&,tmpy&,d&,d&)
      ~WIND_SET(MENU(4),5,tmpx&,tmpy&,tmpw&,tmph&)
    ENDIF
    @rsc_redraw(handle&,MENU(5),MENU(6),MENU(7),MENU(8))
  CASE ap_term&
    exit=1
  CASE 57
    PRINT "change resolution"
  CASE 22361
    @rsc_redraw(handle&,MENU(5),MENU(6),MENU(7),MENU(8))
  ENDSELECT
RETURN
' ---------------------
'
> PROCEDURE init                      ! startup code, initialize everything
  version$="1.8"
  first_open|=1
  obj&=0
  exit=0
  @rsc_define
  @include
  ~WIND_GET(desk&,wf_workxywh&,dsk_x&,dsk_y&,dsk_w&,dsk_h&)            ! get the coordinates   d for desktop
  ~WIND_CALC(0,close&,dsk_x&,dsk_y&,dsk_w&,dsk_h&,newx&,newy&,neww&,newh&)
  hwidget&=newh&-dsk_h&
  ' ~FORM_DIAL(3,0,0,0,0,dsk_x&,dsk_y&,dsk_w&,dsk_h&)    ! this one cls the screen when NOT compiled
  ~GRAF_MOUSE(arrow&,0)                                       ! reset mouse pointer
  IF NOT compiled!
    program_path$="g:\minta\freegem\"
  ELSE
    program_path$=CHR$(65+GEMDOS(25))+":"+DIR$(0)+"\"      ! get dynamical path ONCE compiled
  ENDIF
  success|=RSRC_LOAD(program_path$+"freegem.rsc")
  IF success|<>1                                         ! rsc loaded correctly?
    ALERT 1,"File freegem.rsc not found. ",1,"OK",ok|
    EDIT
  ENDIF
  ~RSRC_GADDR(r_tree&,0,tree%)
  ~RSRC_GADDR(r_string&,alert1&,alert1%)
  ~RSRC_GADDR(r_string&,alert2&,alert2%)
  ~RSRC_GADDR(r_string&,alert3&,alert3%)
  xres&=WORK_OUT(0)
  yres&=WORK_OUT(1)
  tx&=OB_X(tree%,0)
  ty&=OB_Y(tree%,0)
  tw&=OB_W(tree%,0)
  th&=OB_H(tree%,0)
  abs_width&=OB_W(tree%,16)
  title$="Free GEM V"+version$+CHR$(0)                          ! title of the window
  w%=V:title$
  magx&=@cookie_find("MagX")
  handle1&=WIND_CREATE(name&+move&+close&+fuller&,0,0,dsk_w&,dsk_h&)         ! creation of the window for our rsc &X0 because NO GEM widgets
  handle2&=WIND_CREATE(name&+move&+close&,0,0,dsk_w&,dsk_h&)         ! creation of the window for our rsc &X0 because NO GEM widgets
  handle3&=WIND_CREATE(0,0,0,dsk_w&,dsk_h&)         ! creation of the window for our rsc &X0 because NO GEM widgets
  IF magx&=-1 AND VAL(@aes$)>=410             ! cookie not found
    handle&=handle1&
  ELSE
    handle&=handle2&
  ENDIF
  IF handle&<1 OR handle3&<1
    ~FORM_ALERT(1,CHAR{alert2%})
    exit=1
  ENDIF
  IF LPEEK(&H5A8)=&H1357BD13
    full_ttram%=LPEEK(&H5A4)-(16384*1024)
  ENDIF
  IF full_ttram%<=0
    full_ttram%=0
    ~OBJC_DELETE(tree%,ttr&)
  ENDIF
  fullram%=LPEEK(&H42E)+full_ttram%
  ~WIND_SET(handle&,2,CARD(SWAP(w%)),CARD(w%),0,0)
RETURN
> PROCEDURE init2
  full|=0
  exit=0
  ~FORM_DIAL(fmd_grow&,(dsk_w&/2),(dsk_h&/2),0,0,(dsk_w&-tw&)/2,(dsk_h&-th&)/2,tw&+(neww&-dsk_w&),th&+(newh&-dsk_h&))
  IF without&=0
    IF first_open|=1
      ~WIND_OPEN(handle&,(dsk_w&-tw&)/2,(dsk_h&-th&)/2,tw&+(neww&-dsk_w&)-abs_width&,th&+(newh&-dsk_h&))                  ! open the window previously created (line above)
      first_open|=0
    ELSE
      er&=WIND_OPEN(handle&,cx&,cy&,cw&,ch&)                  ! open the window previously created (line above)
    ENDIF
  ELSE
    ~WIND_OPEN(handle&,dumx&,dumy&,tw&-abs_width&,th&)
  ENDIF
RETURN
> FUNCTION cookie_find(id$)
LOCAL c_ptr%,cname%,c_val%
c_ptr%=LPEEK(&H5A0)           ! start of list (cookie-jar)
IF OR(c_ptr%=0,ODD(c_ptr%))
  RETURN 0                    ! error: cookiejar does not exist
ELSE
  REPEAT
    cname%=LPEEK(c_ptr%)
    c_val%=LPEEK(c_ptr%+4)
    EXIT IF cname%=0          ! end of list
    ADD c_ptr%,8
  UNTIL MKL$(cname%)=id$      ! cookie found
  IF cname%
    RETURN c_val%             ! return its value
  ENDIF
  RETURN -1                   ! jar exists; cookie not fount
ENDIF
ENDFUNC
> FUNCTION menu_register(id&,t$)       ! menu_register() new version, not buggy like the gfa original
$F%
LOCAL sa%
INLINE sa%,32
CHAR{sa%}=MID$(t$,1,30)+CHR$(0)
GCONTRL(FALSE)=35
GINTIN(FALSE)=id&
GCONTRL(1)=1
GCONTRL(2)=1
GCONTRL(3)=1
GCONTRL(4)=FALSE
ADDRIN(FALSE)=sa%
GEMSYS
RETURN GINTOUT(FALSE)
ENDFUNC
> FUNCTION aes$
LOCAL a&,a$
a$=HEX$(DPEEK(LPEEK(GB+4)))
RETURN a$
ENDFUNC
> PROCEDURE redraw_text(object&,value%)
LOCAL lenght&
IF object&<>pcentage&
lenght&=8-LEN(STR$(value%))
IF lenght&<=0
lenght&=0
ENDIF
CHAR{{OB_SPEC(tree%,object&)}}=STR$(value%)+SPACE$(lenght&)
ELSE                           ! for pcentages
IF value%<9
p$=CHR$(32)+STR$(value%)+CHR$(32)+CHR$(32)+"%"
ELSE IF value%<100 AND value%>9
p$=CHR$(32)+STR$(value%)+CHR$(32)+"%"
ELSE IF value%>=100
p$="Error"
ENDIF
CHAR{{OB_SPEC(tree%,object&)}}=p$
ENDIF
@win_redraw_objc(handle&,tree%,object&)
RETURN
> FUNCTION exist(p$) !v0.02
$F%
LOCAL r!,e&,sdta%
INLINE dta%,64
p$=p$+CHR$(FALSE)
sdta%=GEMDOS(47) !get old dta
~GEMDOS(26,L:dta%) !set new dta
e&=GEMDOS(78,L:V:p$,W:FALSE)
~GEMDOS(26,L:sdta%) !reset old dta
IF e&=FALSE
r!=TRUE
ELSE
r!=FALSE
ENDIF
RETURN r!
ENDFUNC
> PROCEDURE rsc_define                    ! just setting the object names to numbers, easier to handle
REM Indice du ressource pour FREEGEM
'
LET info&=0 ! Formulaire/Dialogue
LET l1&=5 ! USERDEF dans l'arbre INFO
LET l2&=6 ! USERDEF dans l'arbre INFO
LET l3&=7 ! USERDEF dans l'arbre INFO
LET l4&=8 ! USERDEF dans l'arbre INFO
LET l5&=9 ! USERDEF dans l'arbre INFO
LET l6&=10 ! USERDEF dans l'arbre INFO
LET l7&=11 ! USERDEF dans l'arbre INFO
LET l8&=12 ! USERDEF dans l'arbre INFO
LET l9&=13 ! USERDEF dans l'arbre INFO
LET l10&=14 ! USERDEF dans l'arbre INFO
LET credit&=15 ! USERDEF dans l'arbre INFO
'
LET alert1&=0 ! Chaine d'alerte
'
LET alert2&=1 ! Chaine d'alerte
'
LET alert3&=2 ! Chaine d'alerte
LET ram&=17 ! IBOX dans l'arbre INFO
LET str&=18 ! FTEXT dans l'arbre INFO
LET ttr&=19 ! FTEXT dans l'arbre INFO
LET pcentage&=20 ! FTEXT dans l'arbre INFO
RETURN
> PROCEDURE include
@aes.h
' @vdi.h
' @bios.h
' @xbios.h
@gemdos.h
@system.h
' @xcontrol.h
RETURN
> PROCEDURE aes.h
LET aes_largefont&=0
LET aes_smallfont&=1
LET aes_system&=2
LET aes_language&=3
LET aes_environ1&=4
LET aes_environ2&=5
LET aes_environ3&=6
LET aes_osextensions&=7
LET aes_mouse&=8
LET aes_menu&=9
LET aes_shelwrite&=10
LET aes_window&=11
LET aes_message&=12
LET aes_object&=13
LET aes_form&=14
LET system_font&=0
LET outline_font&=1
LET aeslang_english&=0
LET aeslang_german&=1
LET aeslang_french&=2
LET aeslang_spanish&=4
LET aeslang_italian&=5
LET aeslang_swedish&=6
LET has_wftop&=&H1
LET has_wfnewdesk&=&H2
LET has_wfcolor&=&H4
LET has_wfdcolor&=&H8
LET has_wfowner&=&H10
LET has_wfbevent&=&H20
LET has_wfbottom&=&H40
LET has_wficonify&=&H80
LET has_wfuniconify&=&H100
LET has_iconifier&=&H1
LET has_bottomer&=&H2
LET has_shiftclick&=&H4
LET has_hotclosebox&=&H8
LET has_wmnewtop&=&H1
LET has_wmuntopped&=&H2
LET has_wmontop&=&H4
LET has_apterm&=&H8
LET has_reschange&=&H10
LET has_chexit&=&H20
LET has_wmbottom&=&H40
LET has_wmiconify&=&H80
LET has_wmuniconify&=&H100
LET has_wmalliconify&=&H200
LET apr_nowait&=-1
LET app_first&=0
LET app_next&=1
LET app_system&=0
LET app_application&=1
LET app_accessory&=2
LET appevnt_timer&=0
LET appevnt_button&=1
LET appevnt_mouse&=2
LET appevnt_keyboard&=3
LET left_button&=&H1
LET right_button&=&H2
LET middle_button&=&H4
LET edc_inquire&=0
LET edc_set&=1
LET mu_keybd&=&H1
LET mu_button&=&H2
LET mu_m1&=&H4
LET mu_m2&=&H8
LET mu_mesag&=&H10
LET mu_timer&=&H20
LET mn_selected&=10
LET wm_redraw&=20
LET wm_topped&=21
LET wm_closed&=22
LET wm_fulled&=23
LET wm_arrowed&=24
LET wm_hslid&=25
LET wm_vslid&=26
LET wm_sized&=27
LET wm_moved&=28
LET wm_untopped&=30
LET wm_ontop&=31
LET wm_bottom&=33
LET wm_iconify&=34
LET wm_uniconify&=35
LET wm_alliconify&=36
LET wm_toolbar&=37
LET ac_open&=40
LET ac_close&=41
LET ap_term&=50
LET ap_tfail&=51
LET ap_reschg&=57
LET shut_completed&=60
LET resch_failed&=61
LET ap_dragdrop&=63
LET sh_wdraw&=72
LET all_drives&=-1
LET ch_exit&=90
LET ct_update&=50
LET ct_move&=51
LET ct_newtop&=52
LET ct_key&=53
LET wa_uppage&=0
LET wa_dnpage&=1
LET wa_upline&=2
LET wa_dnline&=3
LET wa_lfpage&=4
LET wa_rtpage&=5
LET wa_lfline&=6
LET wa_rtline&=7
LET mo_enter&=0
LET mo_leave&=1
LET fmd_start&=0
LET fmd_grow&=1
LET fmd_shrink&=2
LET fmd_finish&=3
LET ferr_filenotfound&=2
LET ferr_pathnotfound&=3
LET ferr_nohandles&=4
LET ferr_accessdenied&=5
LET ferr_lowmem&=8
LET ferr_badenviron&=10
LET ferr_badformat&=11
LET ferr_baddrive&=15
LET ferr_deletedir&=16
LET ferr_nofile&=18
LET fsel_ok&=1
LET fsel_cancel&=0
LET arrow&=0
LET text_crsr&=1
LET busy_bee&=2
LET point_hand&=3
LET flat_hand&=4
LET thin_cross&=5
LET thick_cross&=6
LET outln_cross&=7
LET user_def&=255
LET m_off&=256
LET m_on&=257
LET m_save&=258
LET m_last&=259
LET m_restore&=260
LET m_force%=&H8000
LET vertical&=0
LET horizontal&=1
LET scroll_yes&=1
LET scroll_no&=0
LET scroll_listbox&=-1
LET me_inquire&=0
LET me_attach&=1
LET me_remove&=2
LET menu_remove&=0
LET menu_install&=1
LET menu_inquire&=-1
LET enable&=1
LET disable&=0
LET check&=1
LET uncheck&=0
LET highlight&=0
LET unhighlight&=1
LET mis_setalign&=1
LET mis_getalign&=0
LET reg_newname&=-1
LET mn_inquire&=0
LET mn_change&=1
LET root&=0
LET max_depth&=8
LET ip_hollow&=0
LET ip_1patt&=1
LET ip_2patt&=2
LET ip_3patt&=3
LET ip_4patt&=4
LET ip_5patt&=5
LET ip_6patt&=6
LET ip_solid&=7
LET gdos_prop&=0
LET gdos_mono&=1
LET gdos_bitm&=2
LET ibm&=3
LET small&=5
LET g_box&=20
LET g_text&=21
LET g_boxtext&=22
LET g_image&=23
LET g_progdef&=24
LET g_userdef&=24
LET g_ibox&=25
LET g_button&=26
LET g_boxchar&=27
LET g_string&=28
LET g_ftext&=29
LET g_fboxtext&=30
LET g_icon&=31
LET g_title&=32
LET g_cicon&=33
LET none&=&H0
LET selectable&=&H1
LET default&=&H2
LET exit&=&H4
LET editable&=&H8
LET rbutton&=&H10
LET lastob&=&H20
LET touchexit&=&H40
LET hidetree&=&H80
LET indirect&=&H100
LET fl3dind&=&H200
LET fl3dbak&=&H400
LET fl3dact&=&H600
LET submnu&=&H800
LET normal&=&H0
LET selected&=&H1
LET crossed&=&H2
LET checked&=&H4
LET disabled&=&H8
LET outlined&=&H10
LET shadowed&=&H20
LET special&=&H40
LET white&=0
LET black&=1
LET red&=2
LET green&=3
LET blue&=4
LET cyan&=5
LET yellow&=6
LET magenta&=7
LET lwhite&=8
LET lblack&=9
LET lred&=10
LET lgreen&=11
LET lblue&=12
LET lcyan&=13
LET lyellow&=14
LET lmagenta&=15
LET te_left&=0
LET te_right&=1
LET te_cntr&=2
LET no_draw&=0
LET redraw&=1
LET ed_start&=0
LET ed_init&=1
LET ed_char&=2
LET ed_end&=3
LET oo_last&=-1
LET oo_first&=0
LET sv_inquire&=0
LET sv_set&=1
LET lk3dind&=1
LET lk3dact&=2
LET indbutcol&=3
LET actbutcol&=4
LET backgrcol&=5
LET ad3dval&=6
LET ad3dvalue&=6
LET r_tree&=0
LET r_object&=1
LET r_tedinfo&=2
LET r_iconblk&=3
LET r_bitblk&=4
LET r_string&=5
LET r_imagedata&=6
LET r_obspec&=7
LET r_teptext&=8
LET r_teptmplt&=9
LET r_tepvalid&=10
LET r_ibpmask&=11
LET r_ibpdata&=12
LET r_ibptext&=13
LET r_bipdata&=14
LET r_frstr&=15
LET r_frimg&=16
LET shell_bufsiz&=-1
LET swm_launch&=0
LET swm_launchnow&=1
LET swm_launchacc&=3
LET swm_shutdown&=4
LET swm_rezchange&=5
LET swm_broadcast&=7
LET swm_environ&=8
LET swm_newmsg&=9
LET swm_aesmsg&=10
LET sw_psetlimit&=&H100
LET sw_prenice&=&H200
LET sw_defdir&=&H400
LET sw_environ&=&H800
LET cl_normal&=0
LET cl_argv&=1
LET sd_abort&=0
LET sd_partial&=1
LET sd_complete&=2
LET environ_size&=0
LET environ_change&=1
LET environ_copy&=2
LET nm_apterm&=&H1
LET name&=&H1
LET close&=&H2
LET closer&=&H2
LET full&=&H4
LET fuller&=&H4
LET move&=&H8
LET mover&=&H8
LET info&=&H10
LET size&=&H20
LET sizer&=&H20
LET uparrow&=&H40
LET dnarrow&=&H80
LET vslide&=&H100
LET lfarrow&=&H200
LET rtarrow&=&H400
LET hslide&=&H800
LET smaller&=&H4000
LET desk&=0
LET wf_kind&=1
LET wf_name&=2
LET wf_info&=3
LET wf_wxywh&=4
LET wf_workxywh&=4
LET wf_cxywh&=5
LET wf_currxywh&=5
LET wf_pxywh&=6
LET wf_prevxywh&=6
LET wf_fxywh&=7
LET wf_fullxywh&=7
LET wf_hslide&=8
LET wf_vslide&=9
LET wf_top&=10
LET wf_firstxywh&=11
LET wf_nextxywh&=12
LET wf_ignore&=13
LET wf_newdesk&=14
LET wf_hslsize&=15
LET wf_hslsiz&=15
LET wf_vslsize&=16
LET wf_vslsiz&=16
LET wf_screen&=17
LET wf_color&=18
LET wf_dcolor&=19
LET wf_owner&=20
LET wf_bevent&=24
LET wf_bottom&=25
LET wf_iconify&=26
LET wf_uniconify&=27
LET wf_toolbar&=30
LET wf_ftoolbar&=31
LET wf_ntoolbar&=32
LET w_box&=0
LET w_title&=1
LET w_closer&=2
LET w_name&=3
LET w_fuller&=4
LET w_info&=5
LET w_data&=6
LET w_work&=7
LET w_sizer&=8
LET w_vbar&=9
LET w_uparrow&=10
LET w_dnarrow&=11
LET w_vslide&=12
LET w_velev&=13
LET w_hbar&=14
LET w_lfarrow&=15
LET w_rtarrow&=16
LET w_hslide&=17
LET w_helev&=18
LET w_smaller&=19
LET b_untoppable&=&H1
LET end_update&=0
LET beg_update&=1
LET end_mctrl&=2
LET beg_mctrl&=3
LET no_block&=&H100
LET wc_border&=0
LET wc_work&=1
LET dd_ok&=0
LET dd_nak&=1
LET dd_ext&=2
LET dd_len&=3
LET dd_trash&=4
LET dd_printer&=5
LET dd_clipboard&=6
LET dd_timeout&=4000
LET dd_numexts&=8
LET dd_extsize&=32
LET nil&=-1
LET obnil&=-1
LET obroot&=0
LET obmaxlen&=81
LET obmaxdepth&=8
LET obnone&=&H0
LET obselectable&=&H1
LET obdefault&=&H2
LET obexit&=&H4
LET obeditable&=&H8
LET obradio&=&H10
LET oblastob&=&H20
LET obtouchexit&=&H40
LET obhidetree&=&H80
LET obindirect&=&H100
LET obfl3dind&=&H200
LET obfl3dbak&=&H400
LET obfl3dact&=&H600
LET obfl3dmask&=&H600
LET obfl3dnone&=&H0
LET obsubmenu&=&H800
LET obnormal&=&H0
LET obselected&=&H1
LET obcrossed&=&H2
LET obchecked&=&H4
LET obdisabled&=&H8
LET oboutlined&=&H10
LET obshadowed&=&H20
LET tegdosprop&=0
LET tegdosmono&=1
LET tegdosbitm&=2
LET tesystemfont&=3
LET tesmallfont&=5
LET modereplace&=1
LET modetransparent&=0
RETURN
> PROCEDURE vdi.h
LET bez_polyline&=&H0
LET bez_bezier&=&H1
LET bez_nodraw&=&H2
LET scaling_fractional&=0
LET scaling_integer&=1
LET image_left&=0
LET image_top&=0
LET image_center&=1
LET image_right&=2
LET image_bottom&=2
LET other_color&=-1
LET nojustify&=0
LET justify&=1
LET default_plotter&=11
LET default_printer&=21
LET metafile_driver&=31
LET memory_driver&=61
LET reset_mouse&=0
LET nest_mouse&=1
LET slm_ok&=&H0
LET slm_onery&=&H2
LET slm_notoner&=&H3
LET slm_nopaper&=&H5
LET color_requested&=0
LET color_actual&=1
LET vq_base&=0
LET vq_extended&=1
LET gdos_none&=&HFFFFFFFE
LET gdos_fsm%=&H5F46534D
LET gdos_fnt%=&H5F464E54
LET locator&=0
LET valuator&=1
LET choice&=2
LET string&=3
LET request_mode&=1
LET sample_mode&=2
LET cache_char&=0
LET cache_misc&=1
LET dev_missing&=0
LET dev_installed&=1
LET outline_font&=1
LET bitmap_font&=0
LET vdi_device&=0
LET vdi_standard&=1
LET all_white&=0
LET s_and_d&=1
LET s_and_notd&=2
LET s_only&=3
LET nots_and_d&=4
LET d_only&=5
LET s_xor_d&=6
LET s_or_d&=7
LET not_sord&=8
LET not_sxord&=9
LET not_d&=10
LET s_or_notd&=11
LET not_s&=12
LET nots_or_d&=13
LET not_sandd&=14
LET all_black&=15
LET clip_on&=1
LET clip_off&=0
LET fis_hollow&=0
LET fis_solid&=1
LET fis_pattern&=2
LET fis_hatch&=3
LET fis_user&=4
LET dots&=3
LET grid&=6
LET bricks&=9
LET weave&=16
LET solid&=1
LET ldashed&=2
LET longdash&=2
LET dotted&=3
LET dot&=3
LET dashdot&=4
LET dashed&=5
LET dash&=5
LET dashdotdot&=6
LET dash2dot&=6
LET userline&=7
LET square&=0
LET arrowed&=1
LET round&=2
LET mrkr_dot&=1
LET mrkr_plus&=2
LET mrkr_asterisk&=3
LET mrkr_box&=4
LET mrkr_cross&=5
LET mrkr_diamond&=6
LET thickened&=&H1
LET light&=&H2
LET skewed&=&H4
LET underlined&=&H8
LET outline&=&H10
LET shadow&=&H20
LET md_replace&=1
LET md_trans&=2
LET md_xor&=3
LET md_erase&=4
LET perimeter_on&=1
LET perimeter_off&=0
LET map_atari&=1
LET map_bitstream&=0
LET app_error&=0
LET screen_error&=1
LET pair_off&=0
LET pair_on&=1
LET tracking_none&=0
LET tracking_normal&=1
LET tracking_tight&=2
LET tracking_verytight&=3
LET scratch_both&=0
LET scratch_bitmap&=1
LET scratch_none&=2
RETURN
> PROCEDURE bios.h
LET error&=-1
LET edrvnr&=-2
LET euncmd&=-3
LET e_crc&=-4
LET ebadrq&=-5
LET e_seek&=-6
LET emedia&=-7
LET esecnf&=-8
LET epaper&=-9
LET ewritf&=-10
LET ereadf&=-11
LET ewrpro&=-13
LET e_chng&=-14
LET eundev&=-15
LET ebadsf&=-16
LET eother&=-17
LET gem_magic%=&H87654321
LET usa&=0
LET germany&=1
LET france&=2
LET uk&=3
LET spain&=4
LET italy&=5
LET sweden&=6
LET fswitzerland&=7
LET gswitzerland&=8
LET turkey&=9
LET finland&=10
LET norway&=11
LET denmark&=12
LET saudiarabia&=13
LET holland&=14
LET czechoslovakia&=15
LET hungary&=16
LET all_countries&=127
LET last_cookie&=0
LET cpu_cookie%=CVL("_CPU")
LET video_cookie%=CVL("_VDO")
LET fpu_cookie%=CVL("_FPU")
LET floppy_cookie%=CVL("_FDC")
LET sound_cookie%=CVL("_SND")
LET machine_cookie%=CVL("_MCH")
LET switch_cookie%=CVL("_SWI")
LET fastram_cookie%=CVL("_FRB")
LET flock_cookie%=CVL("_FLK")
LET network_cookie%=CVL("_NET")
LET datetime_cookie%=CVL("_IDT")
LET keyboard_cookie%=CVL("_AKP")
LET gdos_cookie%=CVL("FSMC")
LET mint_cookie%=CVL("MiNT")
LET cpu_68000&=&H0
LET cpu_68010&=&HA
LET cpu_68020&=&H14
LET cpu_68030&=&H1E
LET cpu_68040&=&H28
LET video_st&=&H0
LET video_ste%=&H10000
LET video_tt%=&H20000
LET video_falcon%=&H30000
LET fpu_none&=0
LET fpu_sfp&=1
LET fpu_6888x&=2
LET fpu_6888xwsfp&=3
LET fpu_68881&=4
LET fpu_68881wsfp&=5
LET fpu_68882&=6
LET fpu_68882wsfp&=7
LET fpu_68040&=8
LET fpu_68040wsfp&=9
LET floppy_atari%=&H415443
LET floppy_dsdd&=0
LET floppy_dshd&=1
LET floppy_dsed&=2
LET sound_psg&=&H1
LET sound_dmastereo&=&H2
LET sound_dmarecord&=&H4
LET sound_xbios&=&H4
LET sound_codec&=&H8
LET sound_dsp&=&H10
LET machine_st&=&H0
LET machine_ste%=&H10000
LET machine_stbook%=&H10008
LET machine_megaste%=&H1000F
LET machine_tt%=&H20000
LET machine_falcon%=&H30000
LET date_mmddyy&=0
LET date_ddmmyy&=1
LET date_yymmdd&=2
LET date_yyddmm&=3
LET time_12hour&=0
LET time_24hour&=1
LET dev_printer&=0
LET dev_prn&=0
LET dev_modem&=1
LET dev_aux&=1
LET dev_con&=2
LET dev_console&=2
LET dev_midi&=3
LET dev_ikbd&=4
LET dev_raw&=5
LET dev_ttmodem1&=6
LET dev_ttmodem2&=7
LET dev_ttserial1&=8
LET dev_ttserial2&=9
LET dev_falconmodem&=7
LET dev_falconlan&=8
LET k_rshift&=&H1
LET k_lshift&=&H2
LET k_ctrl&=&H4
LET k_alt&=&H8
LET k_capslock&=&H10
LET k_clrhome&=&H20
LET k_insert&=&H40
LET med_nochange&=0
LET med_unknown&=1
LET med_change&=2
LET rw_read&=&H0
LET rw_write&=&H1
LET rw_usemediach&=&H0
LET rw_ignoremediach&=&H2
LET rw_retries&=&H0
LET rw_noretries&=&H4
LET rw_translate&=&H0
LET rw_notranslate&=&H8
LET vec_buserror&=&H2
LET vec_addresserror&=&H3
LET vec_illegalinstruction&=&H4
LET vec_dividebyzero&=&H5
LET vec_chkinstruction&=&H6
LET vec_trapxinstruction&=&H7
LET vec_privilegeviolation&=&H8
LET vec_traceexception&=&H9
LET vec_linea&=&HA
LET vec_linef&=&HB
LET vec_protocolviolation&=&HD
LET vec_formaterror&=&HE
LET vec_unintializedinterrupt&=&HF
LET vec_spuriousinterrupt&=&H18
LET vec_av1&=&H19
LET vec_av2&=&H1A
LET vec_av3&=&H1B
LET vec_av4&=&H1C
LET vec_av5&=&H1D
LET vec_av6&=&H1E
LET vec_av7&=&H1F
LET vec_trap0&=&H20
LET vec_trap1&=&H21
LET vec_gemdos&=&H21
LET vec_trap2&=&H22
LET vec_gem&=&H22
LET vec_trap3&=&H23
LET vec_trap4&=&H24
LET vec_trap5&=&H25
LET vec_trap6&=&H26
LET vec_trap7&=&H27
LET vec_trap8&=&H28
LET vec_trap9&=&H29
LET vec_trap10&=&H2A
LET vec_trap11&=&H2B
LET vec_trap12&=&H2C
LET vec_trap13&=&H2D
LET vec_bios&=&H2D
LET vec_trap14&=&H2E
LET vec_xbios&=&H2E
LET vec_trap15&=&H2F
LET vec_fpbsuc&=&H30
LET vec_fpinexactresult&=&H31
LET vec_fpdividebyzero&=&H32
LET vec_fpunderflow&=&H33
LET vec_fpoperanderror&=&H34
LET vec_fpoverflow&=&H35
LET vec_fpsignalingnan&=&H36
LET vec_mmuconfigerror&=&H37
LET vec_mmuillegalop&=&H38
LET vec_mmuaccessviolation&=&H39
LET vec_stmfp0&=&H40
LET vec_stmfp1&=&H41
LET vec_stmfp2&=&H42
LET vec_stmfp3&=&H43
LET vec_stmfptimerd&=&H44
LET vec_stmfptimerc&=&H45
LET vec_stmfp4&=&H46
LET vec_stmfp5&=&H47
LET vec_stmfptimerb&=&H48
LET vec_stmfptransmiterror&=&H49
LET vec_stmfptransmitbuffer&=&H4A
LET vec_stmfprecieveerror&=&H4B
LET vec_stmfprecievebuffer&=&H4C
LET vec_stmfptimera&=&H4D
LET vec_stmfp6&=&H4E
LET vec_stmfp7&=&H4F
LET vec_ttmfp0&=&H50
LET vec_ttmfp1&=&H51
LET vec_ttmfp2&=&H52
LET vec_ttmfp3&=&H53
LET vec_ttmfptimerd&=&H54
LET vec_ttmfptimerc&=&H55
LET vec_ttmfp4&=&H56
LET vec_ttmfp5&=&H57
LET vec_ttmfptimerb&=&H58
LET vec_ttmfptransmiterror&=&H59
LET vec_ttmfptransmitbuffer&=&H5A
LET vec_ttmfprecieveerror&=&H5B
LET vec_ttmfprecievebuffer&=&H5C
LET vec_ttmfptimera&=&H5D
LET vec_ttmfp6&=&H5E
LET vec_ttmfp7&=&H5F
LET vec_sccbtransmitbuffer&=&H60
LET vec_sccbexternalstatus&=&H62
LET vec_sccbreceivechar&=&H64
LET vec_sccbreceivecondition&=&H66
LET vec_sccatransmitbuffer&=&H68
LET vec_sccaexternalstatus&=&H6A
LET vec_sccareceivechar&=&H6C
LET vec_sccareceivecondition&=&H6E
LET vec_timer&=&H100
LET vec_criticalerror&=&H101
LET vec_terminate&=&H102
RETURN
> PROCEDURE xbios.h
LET bmap_check&=0
LET bmap_inquire&=-1
LET bmap_maptab&=-2
LET blit_soft&=&H0
LET blit_hard&=&H1
LET blit_inquire&=-1
LET play_enable&=&H1
LET play_repeat&=&H2
LET record_enable&=&H4
LET record_repeat&=&H8
LET curs_hide&=0
LET curs_show&=1
LET curs_blink&=2
LET curs_noblink&=3
LET curs_setrate&=4
LET curs_getrate&=5
LET db_nullstring%=&HF000
LET db_command%=&HF100
LET adc&=3
LET extinp&=2
LET dspxmit&=1
LET dmaplay&=0
LET dac&=&H8
LET extout&=&H4
LET dsprecv&=&H2
LET dmarec&=&H1
LET clk_25m&=0
LET clk_ext&=1
LET clk_32m&=2
LET no_shake&=1
LET handshake&=0
LET clk_compat&=0
LET clk50k&=1
LET clk33k&=2
LET clk25k&=3
LET clk20k&=4
LET clk16k&=5
LET clk12k&=7
LET clk10k&=9
LET clk8k&=11
LET act_clk50k%=49170
LET act_clk33k%=33880
LET act_clk25k&=24585
LET act_clk20k&=20770
LET act_clk16k&=16490
LET act_clk12k&=12292
LET act_clk10k&=9834
LET act_clk8k&=8195
LET ds_inquire&=-1
LET hf_clear&=0
LET hf_set&=1
LET hf_inquire&=-1
LET icr_rxdf&=&H1
LET icr_txde&=&H2
LET icr_trdy&=&H4
LET icr_hf2&=&H8
LET icr_hf3&=&H10
LET icr_dma&=&H40
LET icr_hreq&=&H80
LET block_long&=0
LET block_word&=1
LET block_ubyte&=2
LET rts_off&=&H1
LET rtr_off&=&H2
LET dspsend_nothing&=&H0
LET dspsend_zero%=&HFF000000
LET dsp_enable&=1
LET dsp_tristate&=0
LET es_smear%=&H8000
LET es_gray&=&H1000
LET es_mode&=&H700
LET tt_low&=&H700
LET tt_high&=&H600
LET tt_med&=&H300
LET st_high&=&H200
LET st_med&=&H100
LET st_low&=&H0
LET es_bank&=&HF
LET bank_0&=&H0
LET bank_1&=&H1
LET bank_2&=&H2
LET bank_3&=&H3
LET bank_4&=&H4
LET bank_5&=&H5
LET bank_6&=&H6
LET bank_7&=&H7
LET bank_8&=&H8
LET bank_9&=&H9
LET bank_10&=&HA
LET bank_11&=&HB
LET bank_12&=&HC
LET bank_13&=&HD
LET bank_14&=&HE
LET bank_15&=&HF
LET esg_inquire&=-1
LET esg_color&=0
LET esg_gray&=1
LET esm_normal&=0
LET esm_smear&=1
LET esm_inquire&=-1
LET flop_drivea&=0
LET flop_driveb&=1
LET flop_side0&=0
LET flop_side1&=1
LET flop_noskew&=1
LET flop_skew&=-1
LET flop_magic%=&H87654321
LET flop_virgin%=&HE5E5
LET frate_inquire&=-1
LET frate_seek6&=0
LET frate_seek12&=1
LET frate_seek2&=2
LET frate_seek3&=3
LET psg_apitchlow&=0
LET psg_apitchhigh&=1
LET psg_bpitchlow&=2
LET psg_bpitchhigh&=3
LET psg_cpitchlow&=4
LET psg_cpitchhigh&=5
LET psg_whitenoisepitch&=6
LET psg_mode&=7
LET psg_avolume&=8
LET psg_bvolume&=9
LET psg_cvolume&=10
LET psg_freqlow&=11
LET psg_freqhigh&=12
LET psg_envelope&=13
LET psg_porta&=14
LET psg_portb&=15
LET psg_set&=&H80
LET psg_enablea&=&H1
LET psg_enableb&=&H2
LET psg_enablec&=&H4
LET psg_noisea&=&H8
LET psg_noiseb&=&H10
LET psg_noisec&=&H20
LET psg_portainput&=&H0
LET psg_portaoutput&=&H40
LET psg_portbinput&=&H0
LET psg_portboutput&=&H80
LET gpio_inquire&=0
LET gpio_read&=1
LET gpio_write&=2
LET gpio_pin1output&=&H0
LET gpio_pin1input&=&H1
LET gpio_pin2output&=&H0
LET gpio_pin2input&=&H2
LET gpio_pin3output&=&H0
LET gpio_pin3input&=&H4
LET im_disable&=1
LET im_relative&=2
LET im_absolute&=3
LET im_keycode&=4
LET io_serial&=0
LET io_keyboard&=1
LET io_midi&=2
LET kb_inquire&=-1
LET sndnotlocked&=-128
LET sndlocked&=-129
LET mfp_parallel&=0
LET mfp_dcd&=1
LET mfp_cts&=2
LET mfp_bitblt&=3
LET mfp_timerd&=4
LET mfp_baudrate&=4
LET mfp_timerc&=5
LET mfp_200hz&=5
LET mfp_ikbd&=6
LET mfp_disk&=7
LET mfp_timerb&=8
LET mfp_hblank&=8
LET mfp_transmiterror&=9
LET mfp_transmitbufferempty&=10
LET mfp_receiveerror&=11
LET mfp_receivebufferfull&=12
LET mfp_timera&=13
LET mfp_dmasound&=13
LET mfp_ringindicator&=14
LET mfp_monodetect&=15
LET nvm_read&=0
LET nvm_write&=1
LET nvm_reset&=2
LET gi_floppyside&=&H1
LET gi_floppya&=&H2
LET gi_floppyb&=&H4
LET gi_rts&=&H8
LET gi_dtr&=&H10
LET gi_strobe&=&H20
LET gi_gpo&=&H40
LET gi_reserved&=&H80
LET serial_nochange&=-1
LET serial_random%=&H1000000
LET disk_nochange&=-1
LET disk_sssd&=0
LET disk_dssd&=1
LET disk_ssdd&=2
LET disk_dsdd&=3
LET disk_dshd&=4
LET disk_dsed&=5
LET execute_nochange&=-1
LET execute_no&=0
LET execute_yes&=1
LET baud_19200&=0
LET baud_9600&=1
LET baud_4800&=2
LET baud_3600&=3
LET baud_2400&=4
LET baud_2000&=5
LET baud_1800&=6
LET baud_1200&=7
LET baud_600&=8
LET baud_300&=9
LET baud_200&=10
LET baud_150&=11
LET baud_134&=12
LET baud_110&=13
LET baud_75&=14
LET baud_50&=15
LET rs_lastbaud&=-2
LET rs_inquire&=-1
LET flow_none&=0
LET flow_soft&=1
LET flow_hard&=2
LET flow_both&=3
LET rs_oddparity&=&H2
LET rs_evenparity&=&H0
LET rs_parityenable&=&H4
LET rs_paritydisable&=&H0
LET rs_8bits&=&H0
LET rs_7bits&=&H20
LET rs_6bits&=&H40
LET rs_5bits&=&H60
LET rs_clk16&=&H80
LET rs_recvenable&=&H1
LET rs_recvdisable&=&H0
LET rs_syncstrip&=&H2
LET rs_matchbusy&=&H4
LET rs_brkdetect&=&H8
LET rs_frameerr&=&H10
LET rs_parityerr&=&H20
LET rs_overrunerr&=&H40
LET rs_buffull&=&H80
LET play&=0
LET record&=1
LET col_inquire&=-1
LET int_timera&=0
LET int_i7&=1
LET int_disable&=0
LET int_play&=1
LET int_record&=2
LET int_both&=3
LET mode_stereo8&=0
LET mode_stereo16&=1
LET mode_mono8&=2
LET prt_inquire&=-1
LET prt_dotmatrix&=&H0
LET prt_daisy&=&H1
LET prt_mono&=&H0
LET prt_color&=&H2
LET prt_atari&=&H0
LET prt_epson&=&H4
LET prt_draft&=&H0
LET prt_final&=&H8
LET prt_parallel&=&H0
LET prt_serial&=&H10
LET prt_continuous&=&H0
LET prt_singlesheet&=&H20
LET scr_nochange&=-1
LET snd_reset&=1
LET snd_clipleft&=&H8
LET snd_clipright&=&H10
LET snd_error&=&HF
LET snd_ok&=0
LET snd_badcontrol&=1
LET snd_badsync&=2
LET snd_badclock&=3
LET inquire&=-1
LET ltatten&=0
LET rtatten&=1
LET ltgain&=2
LET rtgain&=3
LET adderin&=4
LET adcinput&=5
LET setprescale&=6
LET addr_adc&=&H1
LET addr_matrix&=&H2
LET left_mic&=&H0
LET left_psg&=&H1
LET right_mic&=&H0
LET right_psg&=&H1
LET cclk_50k&=3
LET cclk_25k&=2
LET cclk_12k&=1
LET cclk_6k&=0
LET mon_mono&=0
LET mon_color&=1
LET mon_vga&=2
LET mon_tv&=3
LET overlay_on&=1
LET overlay_off&=0
LET bps1&=&H0
LET bps2&=&H1
LET bps4&=&H2
LET bps8&=&H3
LET bps16&=&H4
LET bps32&=&H5
LET col80&=&H8
LET col40&=&H0
LET vga&=&H10
LET tv&=&H0
LET pal&=&H20
LET ntsc&=&H0
LET overscan&=&H40
LET stmodes&=&H80
LET vertflag&=&H100
LET vm_inquire&=-1
LET scr_modecode&=3
LET vclk_external&=&H1
LET vclk_extvsync&=&H2
LET vclk_exthsync&=&H4
LET xb_timera&=0
LET xb_timerb&=1
LET xb_timerc&=2
LET xb_timerd&=3
RETURN
> PROCEDURE gemdos.h
LET e_ok&=0
LET einvfn&=-32
LET efilnf&=-33
LET epthnf&=-34
LET enhndl&=-35
LET eaccdn&=-36
LET eihndl&=-37
LET ensmem&=-39
LET eimba&=-40
LET edrive&=-46
LET exdev&=-48
LET elocked&=-58
LET enslock&=-59
LET erange&=-64
LET eintrn&=-65
LET eplfmt&=-66
LET enoexec&=-66
LET egsbf&=-67
LET enametoolong&=-64
LET eloop&=-80
LET emount&=-200
LET signull&=0
LET sighup&=1
LET sigint&=2
LET sigquit&=3
LET sigill&=4
LET sigtrap&=5
LET sigabrt&=6
LET sigpriv&=7
LET sigfpe&=8
LET sigkill&=9
LET sigbus&=10
LET sigsegv&=11
LET sigsys&=12
LET sigpipe&=13
LET sigalrm&=14
LET sigterm&=15
LET sigurg&=16
LET sigstop&=17
LET sigtstp&=18
LET sigcont&=19
LET sigchld&=20
LET sigttin&=21
LET sigttou&=22
LET sigio&=23
LET sigxcpu&=24
LET sigxfsz&=25
LET sigvtalrm&=26
LET sigprof&=27
LET sigwinch&=28
LET sigusr1&=29
LET sigusr2&=30
LET pf_fastload&=&H1
LET pf_ttramload&=&H2
LET pf_ttrammem&=&H4
LET pf_private&=&H0
LET pf_global&=&H10
LET pf_supervisor&=&H20
LET pf_readable&=&H30
LET gsh_conin&=0
LET gsh_conout&=1
LET gsh_aux&=2
LET gsh_prn&=3
LET gsh_bioscon&=-1
LET gsh_biosaux&=-2
LET gsh_biosprn&=-3
LET gsh_biosmidiin&=-4
LET gsh_biosmidiout&=-5
LET mint_eof%=&HFF1A
LET dev_ready&=-1
LET dev_busy&=0
LET default_drive&=0
LET drv_lock&=1
LET drv_unlock&=0
LET mode_normal&=0
LET mode_compat&=1
LET fa_readonly&=&H1
LET fa_hidden&=&H2
LET fa_system&=&H4
LET fa_volume&=&H8
LET fa_dir&=&H10
LET fa_archive&=&H20
LET fa_run&=&H0
LET fa_ready&=&H1
LET fa_tsr&=&H2
LET fa_waiting&=&H20
LET fa_iowait&=&H21
LET fa_exited&=&H22
LET fa_stopped&=&H24
LET fa_unidirectional&=&H1
LET fa_nokill&=&H2
LET fa_tty&=&H4
LET tty_cooked&=&H1
LET tty_echo&=&H2
LET flk_lock&=0
LET flk_unlock&=1
LET s_read&=&H0
LET s_write&=&H1
LET s_readwrite&=&H2
LET s_compat&=&H0
LET s_denyreadwrite&=&H10
LET s_denywrite&=&H20
LET s_denyread&=&H30
LET s_denynone&=&H40
LET s_noinherit&=&H80
LET seek_set&=0
LET seek_cur&=1
LET seek_end&=2
LET mx_stram&=&H0
LET mx_ttram&=&H1
LET mx_prefstram&=&H2
LET mx_prefttram&=&H3
LET mx_header&=&H8
LET mx_private&=&H18
LET mx_global&=&H28
LET mx_supervisor&=&H38
LET mx_readable&=&H48
LET domain_tos&=0
LET domain_mint&=1
LET pe_loadgo&=0
LET pe_load&=3
LET pe_go&=4
LET pe_basepage&=5
LET pe_gothenfree&=6
LET pe_cloadgo&=100
LET pe_cgo&=104
LET pe_noshare&=106
LET pe_replace&=200
LET msg_read&=0
LET msg_write&=1
LET msg_readwrite&=2
LET msg_nowait%=&H8000
LET pru_kerneltime&=0
LET pru_processtime&=1
LET pru_childkerneltime&=2
LET pru_childprocesstime&=3
LET pru_memory&=4
LET sem_create&=0
LET sem_destroy&=1
LET sem_lock&=2
LET sem_unlock&=3
LET lim_maxtime&=1
LET lim_maxmem&=2
LET lim_maxmalloc&=3
LET sa_nocldstop&=1
LET term_ok&=0
LET term_error&=1
LET term_badparams&=2
LET term_crash&=-1
LET term_ctrlc&=-32
LET pw_noblock&=&H1
LET pw_stopped&=&H2
LET pwp_allchildren&=-1
LET pwp_samegroup&=0
LET sys_maxinq&=-1
LET sys_maxregions&=0
LET sys_maxcommand&=1
LET sys_maxfiles&=2
LET sys_maxids&=3
LET sys_maxprocs&=4
LET unlimited%=&H7FFFFFFF
LET name_max&=32
LET path_max&=128
LET tos_search&=&H1
LET s_ifmt%=&X1111000000000000
LET s_ifchr&=&X10000000000000
LET s_ifdir&=&X100000000000000
LET s_ifreg%=&X1000000000000000
LET s_ififo%=&X1010000000000000
LET s_imem%=&X1100000000000000
LET s_iflnk%=&X1110000000000000
LET s_isuid&=&X100000000000
LET s_isgid&=&X10000000000
LET s_isvtx&=&X1000000000
LET s_irusr&=&X100000000
LET s_iwusr&=&X10000000
LET s_ixusr&=&X1000000
LET s_irgrp&=&X100000
LET s_iwgrp&=&X10000
LET s_ixgrp&=&X1000
LET s_iroth&=&X100
LET s_iwoth&=&X10
LET s_ixoth&=&X1
LET default_dirmode&=&X111111111
LET default_mode&=&X110110110
LET f_rdlck&=&H0
LET f_wrlck&=&H1
LET f_unlck&=3
LET fs_knoparse&=&H1
LET fs_casesensitive&=&H2
LET fs_noxbit&=&H4
LET fs_longpath&=&H8
LET o_rwmode&=&H3
LET o_rdonly&=&H0
LET o_wronly&=&H1
LET o_rdwr&=&H2
LET o_exec&=&H3
LET o_append&=&H8
LET o_shmode&=&H70
LET o_compat&=&H0
LET o_denyrw&=&H10
LET o_denyw&=&H20
LET o_denyr&=&H30
LET o_denynone&=&H40
LET o_noinherit&=&H80
LET o_ndelay&=&H100
LET o_creat&=&H200
LET o_trunc&=&H400
LET o_excl&=&H800
LET o_user&=&HFFF
LET o_global&=&H1000
LET o_tty&=&H2000
LET o_head&=&H4000
LET o_lock%=&H8000
LET dp_iopen&=0
LET dp_maxlinks&=1
LET dp_pathmax&=2
LET dp_namemax&=3
LET dp_atomic&=4
LET dp_trunc&=5
LET dp_case&=6
LET dp_maxreq&=6
LET dp_notrunc&=0
LET dp_autotrunc&=1
LET dp_dostrunc&=2
LET dp_casesens&=0
LET dp_caseconv&=1
LET dp_caseinsens&=2
LET minteof%=&HFF1A
LET raw&=0
LET cooked&=&H1
LET noecho&=0
LET echo&=&H2
LET escseq&=&H4
LET f_dupfd&=0
LET f_getfd&=1
LET f_setfd&=2
LET f_getfl&=3
LET f_setfl&=4
LET f_getlk&=5
LET f_setlk&=6
LET f_setlkw&=7
LET fd_cloexec&=1
LET t_crmod&=&H1
LET t_cbreak&=&H2
LET t_echo&=&H4
LET t_raw&=&H10
LET t_tos&=&H80
LET t_tostop&=&H100
LET t_xkey&=&H200
LET ts_esc&=&HFF
LET ts_cooked%=&H8000
LET dev_install%=&HDE02
LET dev_newbios%=&HDE01
LET dev_newtty%=&HDE00
LET fs_install%=&HF001
LET fs_mount%=&HF002
LET fs_unmount%=&HF003
LET fs_uninstall%=&HF004
LET osname&=0
LET osxname&=1
LET osversion&=2
LET tosheader&=3
LET os_build_date&=4
LET os_build_time&=5
LET compile_type&=6
LET features&=7
LET getcookie&=8
LET setcookie&=9
LET get_lval&=10
LET get_wval&=11
LET get_bval&=12
LET set_lval&=13
LET set_wval&=14
LET set_bval&=15
LET sys_slevel&=16
LET run_level&=17
LET tslice&=18
LET feat_mp&=1
LET feat_vm&=2
LET gcjarsize&=0
RETURN
> PROCEDURE system.h
LET key_backspace&=&HE08
LET key_delete&=&H537F
LET shift_delete&=&H532E
LET key_enter&=&H720D
LET key_escape&=&H11B
LET key_home&=&H4700
LET shift_home&=&H4737
LET cntrl_home&=&H7700
LET key_insert&=&H5200
LET shift_insert&=&H5230
LET key_return&=&H1C0D
LET cntrl_return&=&H1C0A
LET key_tab&=&HF09
LET key_undo&=&H6100
LET key_help&=&H6200
LET key_larrow&=&H4B00
LET key_rarrow&=&H4D00
LET key_uarrow&=&H4800
LET key_darrow&=&H5000
LET shift_larrow&=&H4B34
LET cntrl_larrow&=&H7300
LET shift_rarrow&=&H4D36
LET cntrl_rarrow&=&H7400
LET shift_uarrow&=&H4838
LET shift_darrow&=&H5032
LET key_ampersand&=&H826
LET key_asterisk&=&H92A
LET key_at&=&H340
LET key_caret&=&H75E
LET key_colon&=&H273A
LET key_comma&=&H332C
LET key_dollar&=&H524
LET key_equals&=&HD3D
LET alt_equals%=&H8300
LET key_exclamation&=&H221
LET key_minus&=&HC2D
LET alt_minus%=&H8200
LET cntrl_minus&=&HC1F
LET key_percent&=&H625
LET key_period&=&H342E
LET key_plus&=&HD2B
LET key_pounds&=&H423
LET key_question&=&H353F
LET key_quotation&=&H2822
LET key_semicolon&=&H273B
LET key_space&=&H3920
LET key_tilde&=&H297E
LET key_uline&=&HC5F
LET key_vline&=&H2B7C
LET key_l_angle&=&H333C
LET key_r_angle&=&H343E
LET key_l_bracket&=&H1A7B
LET key_r_bracket&=&H1B7D
LET key_l_paren&=&HA28
LET key_r_paren&=&HB29
LET key_slash&=&H352F
LET key_backslash&=&H2B5C
LET cntrl_backslash&=&H2B1C
LET key_l_square&=&H1A5B
LET cntrl_l_square&=&H1A1B
LET key_r_square&=&H1B5D
LET cntrl_r_square&=&H1B1D
LET key_0&=&HB30
LET key_1&=&H231
LET key_2&=&H332
LET key_3&=&H433
LET key_4&=&H534
LET key_5&=&H635
LET key_6&=&H736
LET key_7&=&H837
LET key_8&=&H938
LET key_9&=&HA39
LET keypad_minus&=&H4A2B
LET keypad_plus&=&H4E2B
LET key_a&=&H1E41
LET key_b&=&H3042
LET key_c&=&H2E43
LET key_d&=&H2044
LET key_e&=&H1245
LET key_f&=&H2146
LET key_g&=&H2247
LET key_h&=&H2348
LET key_i&=&H1749
LET key_j&=&H244A
LET key_k&=&H254B
LET key_l&=&H264C
LET key_m&=&H324D
LET key_n&=&H314E
LET key_o&=&H184F
LET key_p&=&H1950
LET key_q&=&H1051
LET key_r&=&H1352
LET key_s&=&H1F53
LET key_t&=&H1454
LET key_u&=&H1655
LET key_v&=&H2F56
LET key_w&=&H1157
LET key_x&=&H2D58
LET key_y&=&H1559
LET key_z&=&H2C5A
LET key_a.&=&H1E61
LET key_b.&=&H3062
LET key_c.&=&H2E63
LET key_d.&=&H2064
LET key_e.&=&H1265
LET key_f.&=&H2166
LET key_g.&=&H2267
LET key_h.&=&H2368
LET key_i.&=&H1769
LET key_j.&=&H246A
LET key_k.&=&H256B
LET key_l.&=&H266C
LET key_m.&=&H326D
LET key_n.&=&H316E
LET key_o.&=&H186F
LET key_p.&=&H1970
LET key_q.&=&H1071
LET key_r.&=&H1372
LET key_s.&=&H1F73
LET key_t.&=&H1474
LET key_u.&=&H1675
LET key_v.&=&H2F76
LET key_w.&=&H1177
LET key_x.&=&H2D78
LET key_y.&=&H1579
LET key_z.&=&H2C7A
LET cntrl_2&=&H300
LET cntrl_6&=&H71E
LET cntrl_a&=&H1E01
LET cntrl_b&=&H3002
LET cntrl_c&=&H2E03
LET cntrl_d&=&H2004
LET cntrl_e&=&H1205
LET cntrl_f&=&H2106
LET cntrl_g&=&H2207
LET cntrl_h&=&H2308
LET cntrl_i&=&H1709
LET cntrl_j&=&H240A
LET cntrl_k&=&H250B
LET cntrl_l&=&H260C
LET cntrl_m&=&H320D
LET cntrl_n&=&H310E
LET cntrl_o&=&H180F
LET cntrl_p&=&H1910
LET cntrl_q&=&H1011
LET cntrl_r&=&H1312
LET cntrl_s&=&H1F13
LET cntrl_t&=&H1414
LET cntrl_u&=&H1615
LET cntrl_v&=&H2F16
LET cntrl_w&=&H1117
LET cntrl_x&=&H2D18
LET cntrl_y&=&H1519
LET cntrl_z&=&H2C1A
LET alt_0%=&H8100
LET alt_1&=&H7800
LET alt_2&=&H7900
LET alt_3&=&H7A00
LET alt_4&=&H7B00
LET alt_5&=&H7C00
LET alt_6&=&H7D00
LET alt_7&=&H7E00
LET alt_8&=&H7F00
LET alt_9%=&H8000
LET alt_a&=&H1E00
LET alt_b&=&H3000
LET alt_c&=&H2E00
LET alt_d&=&H2000
LET alt_e&=&H1200
LET alt_f&=&H2100
LET alt_g&=&H2200
LET alt_h&=&H2300
LET alt_i&=&H1700
LET alt_j&=&H2400
LET alt_k&=&H2500
LET alt_l&=&H2600
LET alt_m&=&H3200
LET alt_n&=&H3100
LET alt_o&=&H1800
LET alt_p&=&H1900
LET alt_q&=&H1000
LET alt_r&=&H1300
LET alt_s&=&H1F00
LET alt_t&=&H1400
LET alt_u&=&H1600
LET alt_v&=&H2F00
LET alt_w&=&H1100
LET alt_x&=&H2D00
LET alt_y&=&H1500
LET alt_z&=&H2C00
LET fkey_1&=&H3B00
LET fkey_2&=&H3C00
LET fkey_3&=&H3D00
LET fkey_4&=&H3E00
LET fkey_5&=&H3F00
LET fkey_6&=&H4000
LET fkey_7&=&H4100
LET fkey_8&=&H4200
LET fkey_9&=&H4300
LET fkey_10&=&H4400
LET shift_f1&=&H5400
LET shift_f2&=&H5500
LET shift_f3&=&H5600
LET shift_f4&=&H5700
LET shift_f5&=&H5800
LET shift_f6&=&H5900
LET shift_f7&=&H5A00
LET shift_f8&=&H5B00
LET shift_f9&=&H5C00
LET shift_f10&=&H5D00
LET proc_lives_magic%=&H12345678
LET memvalid_magic%=&H752019F3
LET resvalid_magic%=&H31415926
LET memval2_magic%=&H237698AA
RETURN
> PROCEDURE xcontrol.h
LET save_defaults&=0
LET mem_err&=1
LET file_err&=2
LET file_not_found&=3
LET mfsave&=1
LET mfrestore&=0
LET cpxmagic&=100
LET cpx_resident&=4
LET cpx_bootinit&=2
LET cpx_setonly&=1
RETURN
> PROCEDURE rsc_redraw(hand&,x&,y&,w&,h&)    ! main GEM redraw routine
LOCAL rx&,ry&,rw&,rh&,top_handle&,d&,index&
~WIND_UPDATE(beg_update&)
~WIND_GET(0,wf_top&,top_handle&,d&,d&,d&)
~WIND_GET(hand&,wf_firstxywh&,rx&,ry&,rw&,rh&)
@win_place_tree(hand&)
WHILE rw& OR rh&
IF RC_INTERSECT(x&,y&,w&,h&,rx&,ry&,rw&,rh&)
~OBJC_DRAW(tree%,0,2,rx&,ry&,rw&,rh&)
ENDIF
~WIND_GET(hand&,wf_nextxywh&,rx&,ry&,rw&,rh&)
WEND
~WIND_UPDATE(end_update&)
RETURN
> PROCEDURE win_place_tree(hand&)
LOCAL x&,y&,d&
IF without&=1
~WIND_GET(hand&,5,x&,y&,d&,d&)
OB_X(tree%,0)=x&+2
OB_Y(tree%,0)=y&+2
ELSE
~WIND_GET(hand&,4,x&,y&,d&,d&)
OB_X(tree%,0)=x&+1
OB_Y(tree%,0)=y&+1
ENDIF
RETURN
> PROCEDURE topit
~WIND_SET(MENU(4),wf_top&,ap_id&,FALSE,FALSE,FALSE)
RETURN
' Coded by lp for UNIC
> FUNCTION mxalloc(s%,m&) !v0.02
$F%
' mode&  0=only stram/1=only
LOCAL a%
IF GEMDOS(48)=>&H1900 !new m
a%=GEMDOS(68,L:s%,W:m&)
ELSE !old malloc?
a%=GEMDOS(72,L:s%)
ENDIF
RETURN a%
ENDFUNC
> PROCEDURE win_redraw_objc(wh&,ta%,ob&)
' wh&  handle of window object is in
' ta%  tree address of form object is in
' ob&  object number we wish to redraw clipped
LOCAL x&,y& !define some temps
~OBJC_OFFSET(ta%,ob&,x&,y&) !get screen x,y of our object
' -2,+4 below is required because objc_offset() does't include object borders
' thus we increase the box location by 2 pixels in all for directions
@rsc_redraw(wh&,x&-2,y&-2,OB_W(ta%,ob&)+4,OB_H(ta%,ob&)+4) !draw it clipped!
RETURN
> PROCEDURE redraw_obj(ta%,ob&,state&)
' ta%= tree, ob& is object to redraw, state& is what status should the object been drawn
~OBJC_CHANGE(ta%,ob&,0,OB_X(ta%,ob&),OB_Y(ta%,ob&),OB_W(ta%,ob&),OB_H(ta%,ob&),state&,no_draw&)
@win_redraw_objc(handle&,ta%,ob&)
RETURN
