>PROCEDURE initialize_rsc_variable
'
~RSRC_GADDR(0,0,form_main_menu_adr%)
form_main_menu%=0
fm_program_info%=9
fm_save_config%=18
fm_save_config_as%=19
fm_quit%=21
fm_set_path%=23
fm_auto_arc_name%=25
fm_create_folder%=27
fm_quiet_mode%=29
fm_use_mint_tos%=31
fm_use_geneva_tos%=32
fm_auto_save_config%=33
fm_dummy_mode%=34
fm_expert_mode%=35
fm_english%=36
fm_french%=37
fm_open_main_box_window%=39
fm_default_compress%=41
fm_default_extract%=42
fm_default_arc%=43
fm_default_lzh%=44
fm_default_to_zip%=45
fm_default_zoo%=46
'
~RSRC_GADDR(0,1,form_program_info_adr%)
form_program_info%=1
fi_line_1%=2
fi_line_2%=3
fi_line_3%=4
fi_line_4%=5
fi_line_5%=6
fi_line_6%=7
fi_line_7%=8
'
~RSRC_GADDR(0,2,form_main_box_adr%)
form_main_box%=2
mb_text%=3
mb_copyright%=4
mb_compress%=5
mb_extract%=6
'
~RSRC_GADDR(0,3,form_path_box_adr%)
form_path_box%=3
pb_arc_path_button%=1
pb_arc_path%=2
pb_arc_source_button%=3
pb_arc_source%=4
pb_files_dest_button%=5
pb_files_dest%=6
pb_geneva_path_button%=7
pb_geneva_path%=8
pb_mint_path_button%=9
pb_mint_path%=10
pb_arc_ttp%=11
pb_lzh_ttp%=12
pb_zip_ttp%=13
pb_zoo_ttp%=14
pb_ok_button%=15
'
~RSRC_GADDR(0,4,form_help_window_adr%)
form_help_window%=4
fh_l_1%=1
fh_l_2%=2
fh_l_3%=3
fh_l_4%=4
fh_l_5%=5
fh_l_6%=6
fh_l_7%=7
fh_l_8%=8
fh_l_9%=9
fh_l_10%=10
'
~RSRC_GADDR(0,5,form_arc_path_adr%)
form_arc_path%=5
fa_path%=1
fa_ok_button%=2
'
~RSRC_GADDR(0,6,form_process_this_adr%)
form_process_this%=6
fp_l_1%=1
fp_l_2%=2
fp_l_3%=3
fp_l_4%=4
fp_c_1%=5
fp_c_2%=6
fp_c_3%=7
fp_c_4%=8
fp_ok_button%=9
fp_cancel_button%=10
'
RETURN
