'                                        Buffer pour le 2Šme ‚cran
INLINE bufadr%,32300
'
GOSUB gfa_poppal__
palette$=lib_rv__$
pblock$=""                             ! ‚crire le string des paramŠtres d'image
RESTORE parameterblock
READ path$
WHILE path$<>"FIN"
  pblock$=pblock$+path$+SPACE$(67-LEN(path$))
  READ speed&,typ|,pmode|,x1&,y1&,x2&,y2&,x3&,y3&
  pblock$=pblock$+MKI$(speed&)         ! dur‚e de l'affichage
  pblock$=pblock$+CHR$(typ|)           ! type d'image
  pblock$=pblock$+CHR$(pmode|)         ! mode PUT pour les extraits d'image
  pblock$=pblock$+MKI$(x1&)+MKI$(y1&)  ! coin sup. gauche de l'extrait
  pblock$=pblock$+MKI$(x2&)+MKI$(y2&)  ! coin inf. droit
  pblock$=pblock$+MKI$(x3&)+MKI$(y3&)  ! position de l'affichage
  READ path$
WEND
'
ALERT 1," Pour sortir de | la d‚monstration | appuyez sur 'a'  ",1,"START",button|
'
GOSUB gfa_pshow__(XBIOS(2),bufadr%,pblock$,ASC("a"),TRUE,0)
'
~XBIOS(6,L:V:palette$)
'
parameterblock:
DATA \EXAMPLES\STUFF\DEMO.PIC,150,2,3,000,000,639,399,000,000
DATA \EXAMPLES\STUFF\DEMO.PIC,100,2,3,160,100,479,299,160,100
DATA \EXAMPLES\STUFF\DEMO.PIC,200,2,3,160,100,479,299,000,000
DATA \EXAMPLES\STUFF\DEMO.PIC,150,2,3,160,100,479,299,320,000
DATA \EXAMPLES\STUFF\DEMO.PIC,100,2,3,160,100,479,299,320,200
DATA \EXAMPLES\STUFF\DEMO.PIC,050,2,3,160,100,479,299,000,200
DATA \EXAMPLES\STUFF\DEMO.PIC,000,2,3,000,000,639,071,000,164
DATA FIN
