
' installons un buffer de 32000 octets pour
' une image Degas (sans sa palette de couleurs)
INLINE imageadr%,32000
'
GOSUB gfa_poppal__
palette$=lib_rv__$
GOSUB gfa_pload__("\EXAMPLES\STUFF\DEMO.PIC",imageadr%,2)
REPEAT
  ALERT 2," | Scrolling | commencer?",1," OUI ",button|
  CLS
  '
  GOSUB gfa_vscrol__(0,0,20,201,1,imageadr%,200,1)
  '
  ALERT 1," | Dans l'autre | direction?",1," OUI ",button|
  '
  GOSUB gfa_vscrol__(0,0,20,201,0,imageadr%+16000,200,1)
  '
  ALERT 2," | Recommencer? | ",1," OUI |NON ",button|
UNTIL button|=2
~XBIOS(6,L:V:palette$)

