' ZU BILD >A:\KLICKY\DEMO.PI1
DIM klick&(6,3)
'
kmaus
'
PROCEDURE kmaus
  LOCAL i%,ii%,wo&,was&
  '
  RESTORE m1
  READ klick&
  FOR i%=1 TO klick&
    FOR ii%=0 TO 3
      READ was&
      klick&(i%,ii%)=was&
    NEXT ii%
  NEXT i%
  '
  kmaus:
  REPEAT
    SHOWM
    MOUSE x%,y%,k%
    IF x%<>altx% OR y%<>alty%
      altx%=x%
      alty%=y%
      CLR wo&
      FOR i%=1 TO klick&
        IF (x%>=klick&(i%,0) AND x%<=klick&(i%,2)) AND (y%>=klick&(i%,1) AND y%<=klick&(i%,3))
          wo&=i%
        ENDIF
        EXIT IF wo&>0
      NEXT i%
      IF wo&>0 AND wo&<>altwo&
        PRINT AT(1,23);wo&'
        altwo&=wo&
      ENDIF
      IF wo&=0 AND altwo&<>0
        PRINT AT(1,23)'''
        CLR altwo&
      ENDIF
    ENDIF
  UNTIL k%=1
  IF wo&=0
    GOTO kmaus
  ENDIF
  wahl&=wo&
RETURN
PROCEDURE m_dat
  m1:  !ANZAHL
  DATA 6
  DATA 9,64,97,105
  DATA 227,29,278,81
  DATA 87,115,188,139
  DATA 31,158,106,179
  DATA 110,158,185,179
  DATA 189,158,264,179
RETURN
