' fichier: memecran.lst
'
' premiers travaux sur la m‚moire de rafraŒchissement de l'‚cran
'
'
' ce petit truc fonctionne dans quasiment toutes les variantes du Basic
'
false=(1=0)
true=(0=0)
CLS
'
' demander l'adresse de base de la m‚moire
'
basimage%=XBIOS(2)
'
'
terminate%=FALSE
REPEAT
  PRINT AT(2,2);
  INPUT "Ligne (0-399)  ",ligne%
  INPUT "Colonne (0-79) ",colonne%
  IF ligne%>0 AND colonne%>0 AND ligne%<400 AND colonne%<80
    '
    ' calcul des positions d'affichage … l'‚cran
    '
    adresse1%=basimage%+ligne%*80+colonne%
    adresse2%=adresse1%+80
    adresse3%=adresse2%+80
    '
    ' description des positions d'affichage … l'‚cran des octets
    ' ainsi que des mots et mots longs lorsque l'adresse est paire
    '
    POKE adresse1%,-1
    IF (adresse1% AND 1)=0
      DPOKE adresse2%,-1
      LPOKE adresse3%,-1
    ENDIF
  ELSE
    terminate%=TRUE
  ENDIF
UNTIL terminate%

