' STRUCTUR.LST
' ------------
' pour avoir une vue d'ensemble sur les branchements et sous-programmes
'
FILESELECT "\*.LST","",select$
CLS
'
DIM ligne$(2000)
t=TIMER
OPEN "I",#1,select$
'
ligne$(0)="Programme principal"
ligne%=1
'
WHILE NOT (EOF(#1))
  LINE INPUT #1,a$
  kl%=INSTR(a$,"@")
  go%=INSTR(UPPER$(a$),"GOSUB")
  pr%=INSTR(UPPER$(a$),"PROCEDURE")
  '
  IF kl%>0
    flag%=0
    FOR m%=1 TO kl%-1
      IF MID$(a$,m%,1)<>" "
        flag!=-1
      ENDIF
    NEXT m%
    IF flag!=0
      ligne$(ligne%)="  "+MID$(a$,kl%+1)
      @longueurligne
    ENDIF
  ENDIF
  IF go%>0
    s$=MID$(a$,go%+6)
    REPEAT
      z%=INSTR(s$,",")
      IF z%>0
        gauche$=LEFT$(s$,z%-1)
        s$=MID$(s$,z%+1)
        ligne$(ligne%)="  "+gauche$
        @longueurligne
      ELSE
        ligne$(ligne%)="  "+s$
        @longueurligne
      ENDIF
    UNTIL z%=0
  ENDIF
  IF pr%>0
    ligne$(ligne%)=" "
    INC ligne%
    ligne$(ligne%)=MID$(a$,pr%)
    @longueurligne
  ENDIF
WEND
CLOSE #1
'
tt$=STR$((TIMER-t)/200)
ALERT 2,"|"+STR$((TIMER-t)/200)+" secondes,|en tout "+STR$(ligne%-1)+" lignes.",1,"Imprimer|Afficher",question%
'
IF question%=1
  FOR m%=0 TO ligne%-1
    LPRINT "     ";ligne$(m%)
  NEXT m%
ELSE
  FOR m%=0 TO ligne%-1
    PRINT ligne$(m%)
    IF CRSLIN>23
      VOID INP(2)
      CLS
    ENDIF
  NEXT m%
  VOID INP(2)
ENDIF
'
PROCEDURE longueurligne
  IF LEN(ligne$(ligne%))>72
    ligne$(ligne%+1)="    "+MID$(ligne$(ligne%),73)
    ligne$(ligne%)=LEFT$(ligne$(ligne%),72)
    INC ligne%
    IF LEN(ligne$(ligne%))>72
      ligne$(ligne%+1)="    "+MID$(ligne$(ligne%),73)
      ligne$(ligne%)=LEFT$(ligne$(ligne%),72)
      INC ligne%
    ENDIF
  ENDIF
  INC ligne%
RETURN
~INP(2)
